[0.278s] DEBUG:colcon:Command line arguments: ['/usr/bin/colcon', 'build', '--packages-select', 'om_aiv_msg', 'om_aiv_util', 'om_aiv_navigation']
[0.278s] DEBUG:colcon:Parsed command line arguments: Namespace(ament_cmake_args=None, base_paths=['.'], build_base='build', catkin_cmake_args=None, catkin_skip_building_tests=False, cmake_args=None, cmake_clean_cache=False, cmake_clean_first=False, cmake_force_configure=False, cmake_target=None, cmake_target_skip_unavailable=False, continue_on_error=False, event_handlers=None, executor='parallel', ignore_user_meta=False, install_base='install', log_base=None, log_level=None, main=<bound method BuildVerb.main of <colcon_core.verb.build.BuildVerb object at 0x7fb35d6ed520>>, merge_install=False, metas=['./colcon.meta'], packages_above=None, packages_above_and_dependencies=None, packages_above_depth=None, packages_end=None, packages_ignore=None, packages_ignore_regex=None, packages_select=['om_aiv_msg', 'om_aiv_util', 'om_aiv_navigation'], packages_select_build_failed=False, packages_select_by_dep=None, packages_select_regex=None, packages_select_test_failures=False, packages_skip=None, packages_skip_build_finished=False, packages_skip_by_dep=None, packages_skip_regex=None, packages_skip_test_passed=False, packages_skip_up_to=None, packages_start=None, packages_up_to=None, packages_up_to_regex=None, parallel_workers=8, paths=None, symlink_install=False, test_result_base=None, verb_extension=<colcon_core.verb.build.BuildVerb object at 0x7fb35d6ed520>, verb_name='build', verb_parser=<colcon_defaults.argument_parser.defaults.DefaultArgumentsDecorator object at 0x7fb35d6eda60>)
[0.286s] Level 1:colcon.colcon_core.package_discovery:discover_packages(colcon_meta) check parameters
[0.286s] Level 1:colcon.colcon_core.package_discovery:discover_packages(recursive) check parameters
[0.286s] Level 1:colcon.colcon_core.package_discovery:discover_packages(ignore) check parameters
[0.286s] Level 1:colcon.colcon_core.package_discovery:discover_packages(path) check parameters
[0.286s] Level 1:colcon.colcon_core.package_discovery:discover_packages(colcon_meta) discover
[0.286s] Level 1:colcon.colcon_core.package_discovery:discover_packages(recursive) discover
[0.287s] INFO:colcon.colcon_core.package_discovery:Crawling recursively for packages in '/home/omron/Omron_LD'
[0.287s] Level 1:colcon.colcon_core.package_identification:_identify(.) by extensions ['ignore', 'ignore_ament_install']
[0.287s] Level 1:colcon.colcon_core.package_identification:_identify(.) by extension 'ignore'
[0.287s] Level 1:colcon.colcon_core.package_identification:_identify(.) by extension 'ignore_ament_install'
[0.287s] Level 1:colcon.colcon_core.package_identification:_identify(.) by extensions ['colcon_pkg']
[0.287s] Level 1:colcon.colcon_core.package_identification:_identify(.) by extension 'colcon_pkg'
[0.287s] Level 1:colcon.colcon_core.package_identification:_identify(.) by extensions ['colcon_meta']
[0.287s] Level 1:colcon.colcon_core.package_identification:_identify(.) by extension 'colcon_meta'
[0.287s] Level 1:colcon.colcon_core.package_identification:_identify(.) by extensions ['ros']
[0.287s] Level 1:colcon.colcon_core.package_identification:_identify(.) by extension 'ros'
[0.304s] Level 1:colcon.colcon_core.package_identification:_identify(.) by extensions ['cmake', 'python']
[0.304s] Level 1:colcon.colcon_core.package_identification:_identify(.) by extension 'cmake'
[0.304s] Level 1:colcon.colcon_core.package_identification:_identify(.) by extension 'python'
[0.304s] Level 1:colcon.colcon_core.package_identification:_identify(.) by extensions ['python_setup_py']
[0.304s] Level 1:colcon.colcon_core.package_identification:_identify(.) by extension 'python_setup_py'
[0.304s] Level 1:colcon.colcon_core.package_identification:_identify(build) by extensions ['ignore', 'ignore_ament_install']
[0.304s] Level 1:colcon.colcon_core.package_identification:_identify(build) by extension 'ignore'
[0.304s] Level 1:colcon.colcon_core.package_identification:_identify(build) ignored
[0.305s] Level 1:colcon.colcon_core.package_identification:_identify(docs) by extensions ['ignore', 'ignore_ament_install']
[0.305s] Level 1:colcon.colcon_core.package_identification:_identify(docs) by extension 'ignore'
[0.305s] Level 1:colcon.colcon_core.package_identification:_identify(docs) by extension 'ignore_ament_install'
[0.305s] Level 1:colcon.colcon_core.package_identification:_identify(docs) by extensions ['colcon_pkg']
[0.305s] Level 1:colcon.colcon_core.package_identification:_identify(docs) by extension 'colcon_pkg'
[0.305s] Level 1:colcon.colcon_core.package_identification:_identify(docs) by extensions ['colcon_meta']
[0.305s] Level 1:colcon.colcon_core.package_identification:_identify(docs) by extension 'colcon_meta'
[0.305s] Level 1:colcon.colcon_core.package_identification:_identify(docs) by extensions ['ros']
[0.306s] Level 1:colcon.colcon_core.package_identification:_identify(docs) by extension 'ros'
[0.306s] Level 1:colcon.colcon_core.package_identification:_identify(docs) by extensions ['cmake', 'python']
[0.306s] Level 1:colcon.colcon_core.package_identification:_identify(docs) by extension 'cmake'
[0.306s] Level 1:colcon.colcon_core.package_identification:_identify(docs) by extension 'python'
[0.306s] Level 1:colcon.colcon_core.package_identification:_identify(docs) by extensions ['python_setup_py']
[0.306s] Level 1:colcon.colcon_core.package_identification:_identify(docs) by extension 'python_setup_py'
[0.306s] Level 1:colcon.colcon_core.package_identification:_identify(docs/dg-images) by extensions ['ignore', 'ignore_ament_install']
[0.306s] Level 1:colcon.colcon_core.package_identification:_identify(docs/dg-images) by extension 'ignore'
[0.306s] Level 1:colcon.colcon_core.package_identification:_identify(docs/dg-images) by extension 'ignore_ament_install'
[0.306s] Level 1:colcon.colcon_core.package_identification:_identify(docs/dg-images) by extensions ['colcon_pkg']
[0.306s] Level 1:colcon.colcon_core.package_identification:_identify(docs/dg-images) by extension 'colcon_pkg'
[0.306s] Level 1:colcon.colcon_core.package_identification:_identify(docs/dg-images) by extensions ['colcon_meta']
[0.306s] Level 1:colcon.colcon_core.package_identification:_identify(docs/dg-images) by extension 'colcon_meta'
[0.307s] Level 1:colcon.colcon_core.package_identification:_identify(docs/dg-images) by extensions ['ros']
[0.307s] Level 1:colcon.colcon_core.package_identification:_identify(docs/dg-images) by extension 'ros'
[0.307s] Level 1:colcon.colcon_core.package_identification:_identify(docs/dg-images) by extensions ['cmake', 'python']
[0.307s] Level 1:colcon.colcon_core.package_identification:_identify(docs/dg-images) by extension 'cmake'
[0.307s] Level 1:colcon.colcon_core.package_identification:_identify(docs/dg-images) by extension 'python'
[0.307s] Level 1:colcon.colcon_core.package_identification:_identify(docs/dg-images) by extensions ['python_setup_py']
[0.307s] Level 1:colcon.colcon_core.package_identification:_identify(docs/dg-images) by extension 'python_setup_py'
[0.307s] Level 1:colcon.colcon_core.package_identification:_identify(install) by extensions ['ignore', 'ignore_ament_install']
[0.307s] Level 1:colcon.colcon_core.package_identification:_identify(install) by extension 'ignore'
[0.308s] Level 1:colcon.colcon_core.package_identification:_identify(install) ignored
[0.308s] Level 1:colcon.colcon_core.package_identification:_identify(log) by extensions ['ignore', 'ignore_ament_install']
[0.308s] Level 1:colcon.colcon_core.package_identification:_identify(log) by extension 'ignore'
[0.308s] Level 1:colcon.colcon_core.package_identification:_identify(log) ignored
[0.308s] Level 1:colcon.colcon_core.package_identification:_identify(src) by extensions ['ignore', 'ignore_ament_install']
[0.309s] Level 1:colcon.colcon_core.package_identification:_identify(src) by extension 'ignore'
[0.309s] Level 1:colcon.colcon_core.package_identification:_identify(src) by extension 'ignore_ament_install'
[0.309s] Level 1:colcon.colcon_core.package_identification:_identify(src) by extensions ['colcon_pkg']
[0.309s] Level 1:colcon.colcon_core.package_identification:_identify(src) by extension 'colcon_pkg'
[0.309s] Level 1:colcon.colcon_core.package_identification:_identify(src) by extensions ['colcon_meta']
[0.309s] Level 1:colcon.colcon_core.package_identification:_identify(src) by extension 'colcon_meta'
[0.309s] Level 1:colcon.colcon_core.package_identification:_identify(src) by extensions ['ros']
[0.309s] Level 1:colcon.colcon_core.package_identification:_identify(src) by extension 'ros'
[0.309s] Level 1:colcon.colcon_core.package_identification:_identify(src) by extensions ['cmake', 'python']
[0.309s] Level 1:colcon.colcon_core.package_identification:_identify(src) by extension 'cmake'
[0.309s] Level 1:colcon.colcon_core.package_identification:_identify(src) by extension 'python'
[0.310s] Level 1:colcon.colcon_core.package_identification:_identify(src) by extensions ['python_setup_py']
[0.310s] Level 1:colcon.colcon_core.package_identification:_identify(src) by extension 'python_setup_py'
[0.310s] Level 1:colcon.colcon_core.package_identification:_identify(src/ld_visualisation) by extensions ['ignore', 'ignore_ament_install']
[0.310s] Level 1:colcon.colcon_core.package_identification:_identify(src/ld_visualisation) by extension 'ignore'
[0.310s] Level 1:colcon.colcon_core.package_identification:_identify(src/ld_visualisation) by extension 'ignore_ament_install'
[0.310s] Level 1:colcon.colcon_core.package_identification:_identify(src/ld_visualisation) by extensions ['colcon_pkg']
[0.310s] Level 1:colcon.colcon_core.package_identification:_identify(src/ld_visualisation) by extension 'colcon_pkg'
[0.310s] Level 1:colcon.colcon_core.package_identification:_identify(src/ld_visualisation) by extensions ['colcon_meta']
[0.310s] Level 1:colcon.colcon_core.package_identification:_identify(src/ld_visualisation) by extension 'colcon_meta'
[0.310s] Level 1:colcon.colcon_core.package_identification:_identify(src/ld_visualisation) by extensions ['ros']
[0.310s] Level 1:colcon.colcon_core.package_identification:_identify(src/ld_visualisation) by extension 'ros'
[0.313s] DEBUG:colcon.colcon_core.package_identification:Package 'src/ld_visualisation' with type 'ros.ament_python' and name 'ld_visualisation'
[0.313s] Level 1:colcon.colcon_core.package_identification:_identify(src/om_aiv_msg) by extensions ['ignore', 'ignore_ament_install']
[0.313s] Level 1:colcon.colcon_core.package_identification:_identify(src/om_aiv_msg) by extension 'ignore'
[0.313s] Level 1:colcon.colcon_core.package_identification:_identify(src/om_aiv_msg) by extension 'ignore_ament_install'
[0.313s] Level 1:colcon.colcon_core.package_identification:_identify(src/om_aiv_msg) by extensions ['colcon_pkg']
[0.313s] Level 1:colcon.colcon_core.package_identification:_identify(src/om_aiv_msg) by extension 'colcon_pkg'
[0.313s] Level 1:colcon.colcon_core.package_identification:_identify(src/om_aiv_msg) by extensions ['colcon_meta']
[0.313s] Level 1:colcon.colcon_core.package_identification:_identify(src/om_aiv_msg) by extension 'colcon_meta'
[0.314s] Level 1:colcon.colcon_core.package_identification:_identify(src/om_aiv_msg) by extensions ['ros']
[0.314s] Level 1:colcon.colcon_core.package_identification:_identify(src/om_aiv_msg) by extension 'ros'
[0.315s] DEBUG:colcon.colcon_core.package_identification:Package 'src/om_aiv_msg' with type 'ros.ament_cmake' and name 'om_aiv_msg'
[0.315s] Level 1:colcon.colcon_core.package_identification:_identify(src/om_aiv_navigation) by extensions ['ignore', 'ignore_ament_install']
[0.316s] Level 1:colcon.colcon_core.package_identification:_identify(src/om_aiv_navigation) by extension 'ignore'
[0.316s] Level 1:colcon.colcon_core.package_identification:_identify(src/om_aiv_navigation) by extension 'ignore_ament_install'
[0.316s] Level 1:colcon.colcon_core.package_identification:_identify(src/om_aiv_navigation) by extensions ['colcon_pkg']
[0.316s] Level 1:colcon.colcon_core.package_identification:_identify(src/om_aiv_navigation) by extension 'colcon_pkg'
[0.316s] Level 1:colcon.colcon_core.package_identification:_identify(src/om_aiv_navigation) by extensions ['colcon_meta']
[0.316s] Level 1:colcon.colcon_core.package_identification:_identify(src/om_aiv_navigation) by extension 'colcon_meta'
[0.316s] Level 1:colcon.colcon_core.package_identification:_identify(src/om_aiv_navigation) by extensions ['ros']
[0.316s] Level 1:colcon.colcon_core.package_identification:_identify(src/om_aiv_navigation) by extension 'ros'
[0.317s] DEBUG:colcon.colcon_core.package_identification:Package 'src/om_aiv_navigation' with type 'ros.ament_python' and name 'om_aiv_navigation'
[0.317s] Level 1:colcon.colcon_core.package_identification:_identify(src/om_aiv_util) by extensions ['ignore', 'ignore_ament_install']
[0.317s] Level 1:colcon.colcon_core.package_identification:_identify(src/om_aiv_util) by extension 'ignore'
[0.317s] Level 1:colcon.colcon_core.package_identification:_identify(src/om_aiv_util) by extension 'ignore_ament_install'
[0.317s] Level 1:colcon.colcon_core.package_identification:_identify(src/om_aiv_util) by extensions ['colcon_pkg']
[0.318s] Level 1:colcon.colcon_core.package_identification:_identify(src/om_aiv_util) by extension 'colcon_pkg'
[0.318s] Level 1:colcon.colcon_core.package_identification:_identify(src/om_aiv_util) by extensions ['colcon_meta']
[0.318s] Level 1:colcon.colcon_core.package_identification:_identify(src/om_aiv_util) by extension 'colcon_meta'
[0.318s] Level 1:colcon.colcon_core.package_identification:_identify(src/om_aiv_util) by extensions ['ros']
[0.318s] Level 1:colcon.colcon_core.package_identification:_identify(src/om_aiv_util) by extension 'ros'
[0.319s] DEBUG:colcon.colcon_core.package_identification:Package 'src/om_aiv_util' with type 'ros.ament_python' and name 'om_aiv_util'
[0.319s] Level 1:colcon.colcon_core.package_identification:_identify(src/temp) by extensions ['ignore', 'ignore_ament_install']
[0.319s] Level 1:colcon.colcon_core.package_identification:_identify(src/temp) by extension 'ignore'
[0.319s] Level 1:colcon.colcon_core.package_identification:_identify(src/temp) by extension 'ignore_ament_install'
[0.319s] Level 1:colcon.colcon_core.package_identification:_identify(src/temp) by extensions ['colcon_pkg']
[0.320s] Level 1:colcon.colcon_core.package_identification:_identify(src/temp) by extension 'colcon_pkg'
[0.320s] Level 1:colcon.colcon_core.package_identification:_identify(src/temp) by extensions ['colcon_meta']
[0.320s] Level 1:colcon.colcon_core.package_identification:_identify(src/temp) by extension 'colcon_meta'
[0.320s] Level 1:colcon.colcon_core.package_identification:_identify(src/temp) by extensions ['ros']
[0.320s] Level 1:colcon.colcon_core.package_identification:_identify(src/temp) by extension 'ros'
[0.320s] Level 1:colcon.colcon_core.package_identification:_identify(src/temp) by extensions ['cmake', 'python']
[0.320s] Level 1:colcon.colcon_core.package_identification:_identify(src/temp) by extension 'cmake'
[0.320s] Level 1:colcon.colcon_core.package_identification:_identify(src/temp) by extension 'python'
[0.320s] Level 1:colcon.colcon_core.package_identification:_identify(src/temp) by extensions ['python_setup_py']
[0.320s] Level 1:colcon.colcon_core.package_identification:_identify(src/temp) by extension 'python_setup_py'
[0.320s] Level 1:colcon.colcon_core.package_discovery:discover_packages(recursive) using defaults
[0.320s] Level 1:colcon.colcon_core.package_discovery:discover_packages(ignore) discover
[0.321s] Level 1:colcon.colcon_core.package_discovery:discover_packages(ignore) using defaults
[0.321s] Level 1:colcon.colcon_core.package_discovery:discover_packages(path) discover
[0.321s] Level 1:colcon.colcon_core.package_discovery:discover_packages(path) using defaults
[0.337s] INFO:colcon.colcon_core.package_selection:Skipping not selected package 'ld_visualisation' in 'src/ld_visualisation'
[0.340s] Level 5:colcon.colcon_core.verb:set package 'om_aiv_msg' build argument 'cmake_args' from command line to 'None'
[0.340s] Level 5:colcon.colcon_core.verb:set package 'om_aiv_msg' build argument 'cmake_target' from command line to 'None'
[0.340s] Level 5:colcon.colcon_core.verb:set package 'om_aiv_msg' build argument 'cmake_target_skip_unavailable' from command line to 'False'
[0.340s] Level 5:colcon.colcon_core.verb:set package 'om_aiv_msg' build argument 'cmake_clean_cache' from command line to 'False'
[0.340s] Level 5:colcon.colcon_core.verb:set package 'om_aiv_msg' build argument 'cmake_clean_first' from command line to 'False'
[0.340s] Level 5:colcon.colcon_core.verb:set package 'om_aiv_msg' build argument 'cmake_force_configure' from command line to 'False'
[0.340s] Level 5:colcon.colcon_core.verb:set package 'om_aiv_msg' build argument 'ament_cmake_args' from command line to 'None'
[0.340s] Level 5:colcon.colcon_core.verb:set package 'om_aiv_msg' build argument 'catkin_cmake_args' from command line to 'None'
[0.340s] Level 5:colcon.colcon_core.verb:set package 'om_aiv_msg' build argument 'catkin_skip_building_tests' from command line to 'False'
[0.340s] DEBUG:colcon.colcon_core.verb:Building package 'om_aiv_msg' with the following arguments: {'ament_cmake_args': None, 'build_base': '/home/omron/Omron_LD/build/om_aiv_msg', 'catkin_cmake_args': None, 'catkin_skip_building_tests': False, 'cmake_args': None, 'cmake_clean_cache': False, 'cmake_clean_first': False, 'cmake_force_configure': False, 'cmake_target': None, 'cmake_target_skip_unavailable': False, 'install_base': '/home/omron/Omron_LD/install/om_aiv_msg', 'merge_install': False, 'path': '/home/omron/Omron_LD/src/om_aiv_msg', 'symlink_install': False, 'test_result_base': None}
[0.343s] Level 5:colcon.colcon_core.verb:set package 'om_aiv_navigation' build argument 'cmake_args' from command line to 'None'
[0.343s] Level 5:colcon.colcon_core.verb:set package 'om_aiv_navigation' build argument 'cmake_target' from command line to 'None'
[0.343s] Level 5:colcon.colcon_core.verb:set package 'om_aiv_navigation' build argument 'cmake_target_skip_unavailable' from command line to 'False'
[0.343s] Level 5:colcon.colcon_core.verb:set package 'om_aiv_navigation' build argument 'cmake_clean_cache' from command line to 'False'
[0.343s] Level 5:colcon.colcon_core.verb:set package 'om_aiv_navigation' build argument 'cmake_clean_first' from command line to 'False'
[0.343s] Level 5:colcon.colcon_core.verb:set package 'om_aiv_navigation' build argument 'cmake_force_configure' from command line to 'False'
[0.343s] Level 5:colcon.colcon_core.verb:set package 'om_aiv_navigation' build argument 'ament_cmake_args' from command line to 'None'
[0.343s] Level 5:colcon.colcon_core.verb:set package 'om_aiv_navigation' build argument 'catkin_cmake_args' from command line to 'None'
[0.343s] Level 5:colcon.colcon_core.verb:set package 'om_aiv_navigation' build argument 'catkin_skip_building_tests' from command line to 'False'
[0.343s] DEBUG:colcon.colcon_core.verb:Building package 'om_aiv_navigation' with the following arguments: {'ament_cmake_args': None, 'build_base': '/home/omron/Omron_LD/build/om_aiv_navigation', 'catkin_cmake_args': None, 'catkin_skip_building_tests': False, 'cmake_args': None, 'cmake_clean_cache': False, 'cmake_clean_first': False, 'cmake_force_configure': False, 'cmake_target': None, 'cmake_target_skip_unavailable': False, 'install_base': '/home/omron/Omron_LD/install/om_aiv_navigation', 'merge_install': False, 'path': '/home/omron/Omron_LD/src/om_aiv_navigation', 'symlink_install': False, 'test_result_base': None}
[0.346s] Level 5:colcon.colcon_core.verb:set package 'om_aiv_util' build argument 'cmake_args' from command line to 'None'
[0.346s] Level 5:colcon.colcon_core.verb:set package 'om_aiv_util' build argument 'cmake_target' from command line to 'None'
[0.346s] Level 5:colcon.colcon_core.verb:set package 'om_aiv_util' build argument 'cmake_target_skip_unavailable' from command line to 'False'
[0.346s] Level 5:colcon.colcon_core.verb:set package 'om_aiv_util' build argument 'cmake_clean_cache' from command line to 'False'
[0.346s] Level 5:colcon.colcon_core.verb:set package 'om_aiv_util' build argument 'cmake_clean_first' from command line to 'False'
[0.346s] Level 5:colcon.colcon_core.verb:set package 'om_aiv_util' build argument 'cmake_force_configure' from command line to 'False'
[0.346s] Level 5:colcon.colcon_core.verb:set package 'om_aiv_util' build argument 'ament_cmake_args' from command line to 'None'
[0.346s] Level 5:colcon.colcon_core.verb:set package 'om_aiv_util' build argument 'catkin_cmake_args' from command line to 'None'
[0.346s] Level 5:colcon.colcon_core.verb:set package 'om_aiv_util' build argument 'catkin_skip_building_tests' from command line to 'False'
[0.346s] DEBUG:colcon.colcon_core.verb:Building package 'om_aiv_util' with the following arguments: {'ament_cmake_args': None, 'build_base': '/home/omron/Omron_LD/build/om_aiv_util', 'catkin_cmake_args': None, 'catkin_skip_building_tests': False, 'cmake_args': None, 'cmake_clean_cache': False, 'cmake_clean_first': False, 'cmake_force_configure': False, 'cmake_target': None, 'cmake_target_skip_unavailable': False, 'install_base': '/home/omron/Omron_LD/install/om_aiv_util', 'merge_install': False, 'path': '/home/omron/Omron_LD/src/om_aiv_util', 'symlink_install': False, 'test_result_base': None}
[0.347s] INFO:colcon.colcon_core.executor:Executing jobs using 'parallel' executor
[0.349s] DEBUG:colcon.colcon_parallel_executor.executor.parallel:run_until_complete
[0.349s] INFO:colcon.colcon_ros.task.ament_cmake.build:Building ROS package in '/home/omron/Omron_LD/src/om_aiv_msg' with build type 'ament_cmake'
[0.350s] INFO:colcon.colcon_cmake.task.cmake.build:Building CMake package in '/home/omron/Omron_LD/src/om_aiv_msg'
[0.355s] INFO:colcon.colcon_core.plugin_system:Skipping extension 'colcon_core.shell.bat': Not used on non-Windows systems
[0.355s] INFO:colcon.colcon_core.shell:Skip shell extension 'powershell' for command environment: Not usable outside of PowerShell
[0.356s] DEBUG:colcon.colcon_core.shell:Skip shell extension 'dsv' for command environment
[0.360s] DEBUG:colcon.colcon_core.shell:Ignoring prefix path '/opt/ros/foxy'
[0.363s] INFO:colcon.colcon_ros.task.ament_python.build:Building ROS package in '/home/omron/Omron_LD/src/om_aiv_navigation' with build type 'ament_python'
[0.364s] Level 1:colcon.colcon_core.shell:create_environment_hook('om_aiv_navigation', 'ament_prefix_path')
[0.365s] INFO:colcon.colcon_core.shell:Creating environment hook '/home/omron/Omron_LD/install/om_aiv_navigation/share/om_aiv_navigation/hook/ament_prefix_path.ps1'
[0.366s] INFO:colcon.colcon_core.shell:Creating environment descriptor '/home/omron/Omron_LD/install/om_aiv_navigation/share/om_aiv_navigation/hook/ament_prefix_path.dsv'
[0.367s] INFO:colcon.colcon_core.shell:Creating environment hook '/home/omron/Omron_LD/install/om_aiv_navigation/share/om_aiv_navigation/hook/ament_prefix_path.sh'
[0.368s] INFO:colcon.colcon_core.shell:Skip shell extension 'powershell' for command environment: Not usable outside of PowerShell
[0.368s] DEBUG:colcon.colcon_core.shell:Skip shell extension 'dsv' for command environment
[0.370s] DEBUG:colcon.colcon_core.shell:Ignoring prefix path '/opt/ros/foxy'
[0.378s] DEBUG:colcon.colcon_core.event_handler.log_command:Invoking command in '/home/omron/Omron_LD/build/om_aiv_msg': CMAKE_PREFIX_PATH=${CMAKE_PREFIX_PATH}:/home/omron/Omron_LD/install/om_aiv_util:/home/omron/Omron_LD/install/om_aiv_navigation:/opt/ros/foxy /usr/bin/cmake --build /home/omron/Omron_LD/build/om_aiv_msg -- -j8 -l8
[0.634s] INFO:colcon.colcon_core.task.python.build:Building Python package in '/home/omron/Omron_LD/src/om_aiv_navigation'
[0.635s] INFO:colcon.colcon_core.shell:Skip shell extension 'powershell' for command environment: Not usable outside of PowerShell
[0.635s] DEBUG:colcon.colcon_core.shell:Skip shell extension 'dsv' for command environment
[0.636s] DEBUG:colcon.colcon_core.shell:Ignoring prefix path '/opt/ros/foxy'
[0.641s] DEBUG:colcon.colcon_core.event_handler.log_command:Invoked command in '/home/omron/Omron_LD/build/om_aiv_msg' returned '0': CMAKE_PREFIX_PATH=${CMAKE_PREFIX_PATH}:/home/omron/Omron_LD/install/om_aiv_util:/home/omron/Omron_LD/install/om_aiv_navigation:/opt/ros/foxy /usr/bin/cmake --build /home/omron/Omron_LD/build/om_aiv_msg -- -j8 -l8
[0.648s] DEBUG:colcon.colcon_core.event_handler.log_command:Invoking command in '/home/omron/Omron_LD/src/om_aiv_navigation': PYTHONPATH=/home/omron/Omron_LD/install/om_aiv_navigation/lib/python3.8/site-packages:${PYTHONPATH} /usr/bin/python3 setup.py egg_info --egg-base ../../build/om_aiv_navigation build --build-base /home/omron/Omron_LD/build/om_aiv_navigation/build install --prefix /home/omron/Omron_LD/install/om_aiv_navigation --record /home/omron/Omron_LD/build/om_aiv_navigation/install.log --single-version-externally-managed
[0.753s] DEBUG:colcon.colcon_core.event_handler.log_command:Invoking command in '/home/omron/Omron_LD/build/om_aiv_msg': CMAKE_PREFIX_PATH=${CMAKE_PREFIX_PATH}:/home/omron/Omron_LD/install/om_aiv_util:/home/omron/Omron_LD/install/om_aiv_navigation:/opt/ros/foxy /usr/bin/cmake --install /home/omron/Omron_LD/build/om_aiv_msg
[0.817s] Level 1:colcon.colcon_core.environment:create_environment_scripts_only(om_aiv_msg)
[0.818s] DEBUG:colcon.colcon_core.event_handler.log_command:Invoked command in '/home/omron/Omron_LD/build/om_aiv_msg' returned '0': CMAKE_PREFIX_PATH=${CMAKE_PREFIX_PATH}:/home/omron/Omron_LD/install/om_aiv_util:/home/omron/Omron_LD/install/om_aiv_navigation:/opt/ros/foxy /usr/bin/cmake --install /home/omron/Omron_LD/build/om_aiv_msg
[0.822s] Level 1:colcon.colcon_core.environment:checking '/home/omron/Omron_LD/install/om_aiv_msg' for CMake module files
[0.822s] Level 1:colcon.colcon_core.environment:checking '/home/omron/Omron_LD/install/om_aiv_msg' for CMake config files
[0.823s] Level 1:colcon.colcon_core.shell:create_environment_hook('om_aiv_msg', 'cmake_prefix_path')
[0.823s] INFO:colcon.colcon_core.shell:Creating environment hook '/home/omron/Omron_LD/install/om_aiv_msg/share/om_aiv_msg/hook/cmake_prefix_path.ps1'
[0.824s] INFO:colcon.colcon_core.shell:Creating environment descriptor '/home/omron/Omron_LD/install/om_aiv_msg/share/om_aiv_msg/hook/cmake_prefix_path.dsv'
[0.824s] INFO:colcon.colcon_core.shell:Creating environment hook '/home/omron/Omron_LD/install/om_aiv_msg/share/om_aiv_msg/hook/cmake_prefix_path.sh'
[0.825s] Level 1:colcon.colcon_core.environment:checking '/home/omron/Omron_LD/install/om_aiv_msg/lib'
[0.825s] Level 1:colcon.colcon_core.shell:create_environment_hook('om_aiv_msg', 'ld_library_path_lib')
[0.825s] INFO:colcon.colcon_core.shell:Creating environment hook '/home/omron/Omron_LD/install/om_aiv_msg/share/om_aiv_msg/hook/ld_library_path_lib.ps1'
[0.826s] INFO:colcon.colcon_core.shell:Creating environment descriptor '/home/omron/Omron_LD/install/om_aiv_msg/share/om_aiv_msg/hook/ld_library_path_lib.dsv'
[0.826s] INFO:colcon.colcon_core.shell:Creating environment hook '/home/omron/Omron_LD/install/om_aiv_msg/share/om_aiv_msg/hook/ld_library_path_lib.sh'
[0.826s] Level 1:colcon.colcon_core.environment:checking '/home/omron/Omron_LD/install/om_aiv_msg/bin'
[0.826s] Level 1:colcon.colcon_core.environment:checking '/home/omron/Omron_LD/install/om_aiv_msg/lib/pkgconfig/om_aiv_msg.pc'
[0.826s] Level 1:colcon.colcon_core.environment:checking '/home/omron/Omron_LD/install/om_aiv_msg/lib/python3.8/site-packages'
[0.826s] Level 1:colcon.colcon_core.shell:create_environment_hook('om_aiv_msg', 'pythonpath')
[0.827s] INFO:colcon.colcon_core.shell:Creating environment hook '/home/omron/Omron_LD/install/om_aiv_msg/share/om_aiv_msg/hook/pythonpath.ps1'
[0.828s] INFO:colcon.colcon_core.shell:Creating environment descriptor '/home/omron/Omron_LD/install/om_aiv_msg/share/om_aiv_msg/hook/pythonpath.dsv'
[0.828s] INFO:colcon.colcon_core.shell:Creating environment hook '/home/omron/Omron_LD/install/om_aiv_msg/share/om_aiv_msg/hook/pythonpath.sh'
[0.829s] INFO:colcon.colcon_core.shell:Creating package script '/home/omron/Omron_LD/install/om_aiv_msg/share/om_aiv_msg/package.ps1'
[0.830s] INFO:colcon.colcon_core.shell:Creating package descriptor '/home/omron/Omron_LD/install/om_aiv_msg/share/om_aiv_msg/package.dsv'
[0.830s] INFO:colcon.colcon_core.shell:Creating package script '/home/omron/Omron_LD/install/om_aiv_msg/share/om_aiv_msg/package.sh'
[0.831s] INFO:colcon.colcon_core.shell:Creating package script '/home/omron/Omron_LD/install/om_aiv_msg/share/om_aiv_msg/package.bash'
[0.832s] INFO:colcon.colcon_core.shell:Creating package script '/home/omron/Omron_LD/install/om_aiv_msg/share/om_aiv_msg/package.zsh'
[0.833s] Level 1:colcon.colcon_core.environment:create_file_with_runtime_dependencies(/home/omron/Omron_LD/install/om_aiv_msg/share/colcon-core/packages/om_aiv_msg)
[0.926s] Level 1:colcon.colcon_core.environment:create_environment_scripts_only(om_aiv_msg)
[0.927s] Level 1:colcon.colcon_core.environment:checking '/home/omron/Omron_LD/install/om_aiv_msg' for CMake module files
[0.929s] Level 1:colcon.colcon_core.environment:checking '/home/omron/Omron_LD/install/om_aiv_msg' for CMake config files
[0.929s] Level 1:colcon.colcon_core.shell:create_environment_hook('om_aiv_msg', 'cmake_prefix_path')
[0.930s] INFO:colcon.colcon_core.shell:Creating environment hook '/home/omron/Omron_LD/install/om_aiv_msg/share/om_aiv_msg/hook/cmake_prefix_path.ps1'
[0.931s] INFO:colcon.colcon_core.shell:Creating environment descriptor '/home/omron/Omron_LD/install/om_aiv_msg/share/om_aiv_msg/hook/cmake_prefix_path.dsv'
[0.931s] INFO:colcon.colcon_core.shell:Creating environment hook '/home/omron/Omron_LD/install/om_aiv_msg/share/om_aiv_msg/hook/cmake_prefix_path.sh'
[0.932s] Level 1:colcon.colcon_core.environment:checking '/home/omron/Omron_LD/install/om_aiv_msg/lib'
[0.932s] Level 1:colcon.colcon_core.shell:create_environment_hook('om_aiv_msg', 'ld_library_path_lib')
[0.933s] INFO:colcon.colcon_core.shell:Creating environment hook '/home/omron/Omron_LD/install/om_aiv_msg/share/om_aiv_msg/hook/ld_library_path_lib.ps1'
[0.933s] INFO:colcon.colcon_core.shell:Creating environment descriptor '/home/omron/Omron_LD/install/om_aiv_msg/share/om_aiv_msg/hook/ld_library_path_lib.dsv'
[0.934s] INFO:colcon.colcon_core.shell:Creating environment hook '/home/omron/Omron_LD/install/om_aiv_msg/share/om_aiv_msg/hook/ld_library_path_lib.sh'
[0.935s] Level 1:colcon.colcon_core.environment:checking '/home/omron/Omron_LD/install/om_aiv_msg/bin'
[0.935s] Level 1:colcon.colcon_core.environment:checking '/home/omron/Omron_LD/install/om_aiv_msg/lib/pkgconfig/om_aiv_msg.pc'
[0.936s] Level 1:colcon.colcon_core.environment:checking '/home/omron/Omron_LD/install/om_aiv_msg/lib/python3.8/site-packages'
[0.936s] Level 1:colcon.colcon_core.shell:create_environment_hook('om_aiv_msg', 'pythonpath')
[0.936s] INFO:colcon.colcon_core.shell:Creating environment hook '/home/omron/Omron_LD/install/om_aiv_msg/share/om_aiv_msg/hook/pythonpath.ps1'
[0.937s] INFO:colcon.colcon_core.shell:Creating environment descriptor '/home/omron/Omron_LD/install/om_aiv_msg/share/om_aiv_msg/hook/pythonpath.dsv'
[0.938s] INFO:colcon.colcon_core.shell:Creating environment hook '/home/omron/Omron_LD/install/om_aiv_msg/share/om_aiv_msg/hook/pythonpath.sh'
[0.939s] INFO:colcon.colcon_core.shell:Creating package script '/home/omron/Omron_LD/install/om_aiv_msg/share/om_aiv_msg/package.ps1'
[0.940s] INFO:colcon.colcon_core.shell:Creating package descriptor '/home/omron/Omron_LD/install/om_aiv_msg/share/om_aiv_msg/package.dsv'
[0.941s] INFO:colcon.colcon_core.shell:Creating package script '/home/omron/Omron_LD/install/om_aiv_msg/share/om_aiv_msg/package.sh'
[0.941s] INFO:colcon.colcon_core.shell:Creating package script '/home/omron/Omron_LD/install/om_aiv_msg/share/om_aiv_msg/package.bash'
[0.942s] INFO:colcon.colcon_core.shell:Creating package script '/home/omron/Omron_LD/install/om_aiv_msg/share/om_aiv_msg/package.zsh'
[0.942s] Level 1:colcon.colcon_core.environment:create_file_with_runtime_dependencies(/home/omron/Omron_LD/install/om_aiv_msg/share/colcon-core/packages/om_aiv_msg)
[0.943s] INFO:colcon.colcon_ros.task.ament_python.build:Building ROS package in '/home/omron/Omron_LD/src/om_aiv_util' with build type 'ament_python'
[0.943s] Level 1:colcon.colcon_core.shell:create_environment_hook('om_aiv_util', 'ament_prefix_path')
[0.944s] INFO:colcon.colcon_core.shell:Creating environment hook '/home/omron/Omron_LD/install/om_aiv_util/share/om_aiv_util/hook/ament_prefix_path.ps1'
[0.945s] INFO:colcon.colcon_core.shell:Creating environment descriptor '/home/omron/Omron_LD/install/om_aiv_util/share/om_aiv_util/hook/ament_prefix_path.dsv'
[0.946s] INFO:colcon.colcon_core.shell:Creating environment hook '/home/omron/Omron_LD/install/om_aiv_util/share/om_aiv_util/hook/ament_prefix_path.sh'
[0.947s] INFO:colcon.colcon_core.shell:Skip shell extension 'powershell' for command environment: Not usable outside of PowerShell
[0.948s] DEBUG:colcon.colcon_core.shell:Skip shell extension 'dsv' for command environment
[0.950s] DEBUG:colcon.colcon_core.shell:Ignoring prefix path '/opt/ros/foxy'
[1.225s] INFO:colcon.colcon_core.task.python.build:Building Python package in '/home/omron/Omron_LD/src/om_aiv_util'
[1.226s] INFO:colcon.colcon_core.shell:Skip shell extension 'powershell' for command environment: Not usable outside of PowerShell
[1.226s] DEBUG:colcon.colcon_core.shell:Skip shell extension 'dsv' for command environment
[1.228s] DEBUG:colcon.colcon_core.shell:Ignoring prefix path '/opt/ros/foxy'
[1.234s] Level 1:colcon.colcon_core.environment:checking '/home/omron/Omron_LD/install/om_aiv_navigation' for CMake module files
[1.235s] DEBUG:colcon.colcon_core.event_handler.log_command:Invoked command in '/home/omron/Omron_LD/src/om_aiv_navigation' returned '0': PYTHONPATH=/home/omron/Omron_LD/install/om_aiv_navigation/lib/python3.8/site-packages:${PYTHONPATH} /usr/bin/python3 setup.py egg_info --egg-base ../../build/om_aiv_navigation build --build-base /home/omron/Omron_LD/build/om_aiv_navigation/build install --prefix /home/omron/Omron_LD/install/om_aiv_navigation --record /home/omron/Omron_LD/build/om_aiv_navigation/install.log --single-version-externally-managed
[1.236s] Level 1:colcon.colcon_core.environment:checking '/home/omron/Omron_LD/install/om_aiv_navigation' for CMake config files
[1.236s] Level 1:colcon.colcon_core.environment:checking '/home/omron/Omron_LD/install/om_aiv_navigation/lib'
[1.236s] Level 1:colcon.colcon_core.environment:checking '/home/omron/Omron_LD/install/om_aiv_navigation/bin'
[1.236s] Level 1:colcon.colcon_core.environment:checking '/home/omron/Omron_LD/install/om_aiv_navigation/lib/pkgconfig/om_aiv_navigation.pc'
[1.237s] Level 1:colcon.colcon_core.environment:checking '/home/omron/Omron_LD/install/om_aiv_navigation/lib/python3.8/site-packages'
[1.237s] Level 1:colcon.colcon_core.shell:create_environment_hook('om_aiv_navigation', 'pythonpath')
[1.237s] INFO:colcon.colcon_core.shell:Creating environment hook '/home/omron/Omron_LD/install/om_aiv_navigation/share/om_aiv_navigation/hook/pythonpath.ps1'
[1.238s] INFO:colcon.colcon_core.shell:Creating environment descriptor '/home/omron/Omron_LD/install/om_aiv_navigation/share/om_aiv_navigation/hook/pythonpath.dsv'
[1.238s] INFO:colcon.colcon_core.shell:Creating environment hook '/home/omron/Omron_LD/install/om_aiv_navigation/share/om_aiv_navigation/hook/pythonpath.sh'
[1.239s] Level 1:colcon.colcon_core.environment:create_environment_scripts_only(om_aiv_navigation)
[1.240s] INFO:colcon.colcon_core.shell:Creating package script '/home/omron/Omron_LD/install/om_aiv_navigation/share/om_aiv_navigation/package.ps1'
[1.240s] INFO:colcon.colcon_core.shell:Creating package descriptor '/home/omron/Omron_LD/install/om_aiv_navigation/share/om_aiv_navigation/package.dsv'
[1.241s] INFO:colcon.colcon_core.shell:Creating package script '/home/omron/Omron_LD/install/om_aiv_navigation/share/om_aiv_navigation/package.sh'
[1.242s] INFO:colcon.colcon_core.shell:Creating package script '/home/omron/Omron_LD/install/om_aiv_navigation/share/om_aiv_navigation/package.bash'
[1.242s] INFO:colcon.colcon_core.shell:Creating package script '/home/omron/Omron_LD/install/om_aiv_navigation/share/om_aiv_navigation/package.zsh'
[1.243s] Level 1:colcon.colcon_core.environment:create_file_with_runtime_dependencies(/home/omron/Omron_LD/install/om_aiv_navigation/share/colcon-core/packages/om_aiv_navigation)
[1.247s] DEBUG:colcon.colcon_core.event_handler.log_command:Invoking command in '/home/omron/Omron_LD/src/om_aiv_util': PYTHONPATH=/home/omron/Omron_LD/install/om_aiv_util/lib/python3.8/site-packages:/home/omron/Omron_LD/install/om_aiv_msg/lib/python3.8/site-packages:/home/omron/Omron_LD/install/om_aiv_util/lib/python3.8/site-packages:/home/omron/Omron_LD/install/om_aiv_navigation/lib/python3.8/site-packages:/opt/ros/foxy/lib/python3.8/site-packages /usr/bin/python3 setup.py egg_info --egg-base ../../build/om_aiv_util build --build-base /home/omron/Omron_LD/build/om_aiv_util/build install --prefix /home/omron/Omron_LD/install/om_aiv_util --record /home/omron/Omron_LD/build/om_aiv_util/install.log --single-version-externally-managed
[1.578s] Level 1:colcon.colcon_core.environment:checking '/home/omron/Omron_LD/install/om_aiv_util' for CMake module files
[1.579s] DEBUG:colcon.colcon_core.event_handler.log_command:Invoked command in '/home/omron/Omron_LD/src/om_aiv_util' returned '0': PYTHONPATH=/home/omron/Omron_LD/install/om_aiv_util/lib/python3.8/site-packages:/home/omron/Omron_LD/install/om_aiv_msg/lib/python3.8/site-packages:/home/omron/Omron_LD/install/om_aiv_util/lib/python3.8/site-packages:/home/omron/Omron_LD/install/om_aiv_navigation/lib/python3.8/site-packages:/opt/ros/foxy/lib/python3.8/site-packages /usr/bin/python3 setup.py egg_info --egg-base ../../build/om_aiv_util build --build-base /home/omron/Omron_LD/build/om_aiv_util/build install --prefix /home/omron/Omron_LD/install/om_aiv_util --record /home/omron/Omron_LD/build/om_aiv_util/install.log --single-version-externally-managed
[1.579s] Level 1:colcon.colcon_core.environment:checking '/home/omron/Omron_LD/install/om_aiv_util' for CMake config files
[1.580s] Level 1:colcon.colcon_core.environment:checking '/home/omron/Omron_LD/install/om_aiv_util/lib'
[1.580s] Level 1:colcon.colcon_core.environment:checking '/home/omron/Omron_LD/install/om_aiv_util/bin'
[1.580s] Level 1:colcon.colcon_core.environment:checking '/home/omron/Omron_LD/install/om_aiv_util/lib/pkgconfig/om_aiv_util.pc'
[1.580s] Level 1:colcon.colcon_core.environment:checking '/home/omron/Omron_LD/install/om_aiv_util/lib/python3.8/site-packages'
[1.580s] Level 1:colcon.colcon_core.shell:create_environment_hook('om_aiv_util', 'pythonpath')
[1.581s] INFO:colcon.colcon_core.shell:Creating environment hook '/home/omron/Omron_LD/install/om_aiv_util/share/om_aiv_util/hook/pythonpath.ps1'
[1.581s] INFO:colcon.colcon_core.shell:Creating environment descriptor '/home/omron/Omron_LD/install/om_aiv_util/share/om_aiv_util/hook/pythonpath.dsv'
[1.582s] INFO:colcon.colcon_core.shell:Creating environment hook '/home/omron/Omron_LD/install/om_aiv_util/share/om_aiv_util/hook/pythonpath.sh'
[1.582s] Level 1:colcon.colcon_core.environment:create_environment_scripts_only(om_aiv_util)
[1.583s] INFO:colcon.colcon_core.shell:Creating package script '/home/omron/Omron_LD/install/om_aiv_util/share/om_aiv_util/package.ps1'
[1.584s] INFO:colcon.colcon_core.shell:Creating package descriptor '/home/omron/Omron_LD/install/om_aiv_util/share/om_aiv_util/package.dsv'
[1.585s] INFO:colcon.colcon_core.shell:Creating package script '/home/omron/Omron_LD/install/om_aiv_util/share/om_aiv_util/package.sh'
[1.585s] INFO:colcon.colcon_core.shell:Creating package script '/home/omron/Omron_LD/install/om_aiv_util/share/om_aiv_util/package.bash'
[1.585s] INFO:colcon.colcon_core.shell:Creating package script '/home/omron/Omron_LD/install/om_aiv_util/share/om_aiv_util/package.zsh'
[1.586s] Level 1:colcon.colcon_core.environment:create_file_with_runtime_dependencies(/home/omron/Omron_LD/install/om_aiv_util/share/colcon-core/packages/om_aiv_util)
[1.586s] DEBUG:colcon.colcon_parallel_executor.executor.parallel:closing loop
[1.586s] DEBUG:colcon.colcon_parallel_executor.executor.parallel:loop closed
[1.586s] DEBUG:colcon.colcon_parallel_executor.executor.parallel:run_until_complete finished with '0'
[1.587s] DEBUG:colcon.colcon_core.event_reactor:joining thread
[1.595s] INFO:colcon.colcon_core.plugin_system:Skipping extension 'colcon_notification.desktop_notification.terminal_notifier': Not used on non-Darwin systems
[1.595s] INFO:colcon.colcon_core.plugin_system:Skipping extension 'colcon_notification.desktop_notification.win32': Not used on non-Windows systems
[1.595s] INFO:colcon.colcon_notification.desktop_notification:Sending desktop notification using 'notify2'
[1.613s] DEBUG:colcon.colcon_core.event_reactor:joined thread
[1.614s] INFO:colcon.colcon_core.shell:Creating prefix script '/home/omron/Omron_LD/install/local_setup.ps1'
[1.615s] INFO:colcon.colcon_core.shell:Creating prefix util module '/home/omron/Omron_LD/install/_local_setup_util_ps1.py'
[1.617s] INFO:colcon.colcon_core.shell:Creating prefix chain script '/home/omron/Omron_LD/install/setup.ps1'
[1.620s] INFO:colcon.colcon_core.shell:Creating prefix script '/home/omron/Omron_LD/install/local_setup.sh'
[1.620s] INFO:colcon.colcon_core.shell:Creating prefix util module '/home/omron/Omron_LD/install/_local_setup_util_sh.py'
[1.621s] INFO:colcon.colcon_core.shell:Creating prefix chain script '/home/omron/Omron_LD/install/setup.sh'
[1.623s] INFO:colcon.colcon_core.shell:Creating prefix script '/home/omron/Omron_LD/install/local_setup.bash'
[1.624s] INFO:colcon.colcon_core.shell:Creating prefix chain script '/home/omron/Omron_LD/install/setup.bash'
[1.627s] INFO:colcon.colcon_core.shell:Creating prefix script '/home/omron/Omron_LD/install/local_setup.zsh'
[1.628s] INFO:colcon.colcon_core.shell:Creating prefix chain script '/home/omron/Omron_LD/install/setup.zsh'
