[0.016s] Invoking command in '/home/omron/Omron_LD/build/ld_visualisation': CMAKE_PREFIX_PATH=/home/omron/Omron_LD/install/om_aiv_msg:/home/omron/Omron_LD/install/ld_visualisation:/home/omron/Omron_LD/install/om_aiv_util:/home/omron/Omron_LD/install/om_aiv_navigation:/home/omron/Omron_LD/install/ld_viz:/opt/ros/foxy PYTHONPATH=/home/omron/Omron_LD/install/om_aiv_msg/lib/python3.8/site-packages:/home/omron/Omron_LD/install/om_aiv_util/lib/python3.8/site-packages:/home/omron/Omron_LD/install/om_aiv_navigation/lib/python3.8/site-packages:/home/omron/Omron_LD/install/ld_viz/lib/python3.8/site-packages:/opt/ros/foxy/lib/python3.8/site-packages /usr/bin/cmake --build /home/omron/Omron_LD/build/ld_visualisation -- -j8 -l8
[0.064s] [35m[1mScanning dependencies of target goals_marker[0m
[0.084s] [ 66%] Built target data_points_marker
[0.084s] [ 66%] Built target joints_publisher
[0.103s] [ 83%] [32mBuilding CXX object CMakeFiles/goals_marker.dir/src/goals_marker.cpp.o[0m
[1.368s] [01m[K/home/omron/Omron_LD/src/ld_visualisation/src/goals_marker.cpp:[m[K In function ‘[01m[Kint main(int, char**)[m[K’:
[1.368s] [01m[K/home/omron/Omron_LD/src/ld_visualisation/src/goals_marker.cpp:169:42:[m[K [01;31m[Kerror: [m[Kinvalid initialization of reference of type ‘[01m[Kom_aiv_msg::srv::ArclApi&[m[K’ from expression of type ‘[01m[Kstd::shared_ptr<om_aiv_msg::srv::ArclApi_Request_<std::allocator<void> > >[m[K’
[1.368s]   169 | rd(arcl_api_client, [01;31m[Kgoals_info_req[m[K, goals, goals_text, one_goal, one_goal_text);
[1.368s]       |                     [01;31m[K^~~~~~~~~~~~~~[m[K
[1.368s] 
[1.368s] [01m[K/home/omron/Omron_LD/src/ld_visualisation/src/goals_marker.cpp:60:31:[m[K [01;36m[Knote: [m[Kin passing argument 2 of ‘[01m[Kvoid req_goals_coord(rclcpp::Client<om_aiv_msg::srv::ArclApi>::SharedPtr&, om_aiv_msg::srv::ArclApi&, visualization_msgs::msg::MarkerArray&, visualization_msgs::msg::MarkerArray&, visualization_msgs::msg::Marker, visualization_msgs::msg::Marker)[m[K’
[1.368s]    60 | [01;36m[Kiv_msg::srv::ArclApi& goals_info_req[m[K,
[1.369s]       | [01;36m[K~~~~~~~~~~~~~~~~~~~~~~^~~~~~~~~~~~~~[m[K
[1.369s] 
[1.379s] [01m[K/home/omron/Omron_LD/src/ld_visualisation/src/goals_marker.cpp:[m[K In function ‘[01m[Kvoid req_goals_coord(rclcpp::Client<om_aiv_msg::srv::ArclApi>::SharedPtr&, om_aiv_msg::srv::ArclApi&, visualization_msgs::msg::MarkerArray&, visualization_msgs::msg::MarkerArray&, visualization_msgs::msg::Marker, visualization_msgs::msg::Marker)[m[K’:
[1.379s] [01m[K/home/omron/Omron_LD/src/ld_visualisation/src/goals_marker.cpp:200:23:[m[K [01;31m[Kerror: [m[Kbase operand of ‘[01m[K->[m[K’ has non-pointer type ‘[01m[Kom_aiv_msg::srv::ArclApi[m[K’
[1.379s]   200 |       goals_info_req[01;31m[K->[m[Kcommand = cmd + goals_list[i];
[1.379s]       |                     [01;31m[K^~[m[K
[1.379s] 
[1.379s] [01m[K/home/omron/Omron_LD/src/ld_visualisation/src/goals_marker.cpp:203:73:[m[K [01;31m[Kerror: [m[Kno matching function for call to ‘[01m[Krclcpp::Client<om_aiv_msg::srv::ArclApi>::async_send_request(om_aiv_msg::srv::ArclApi&)[m[K’
[1.379s]   203 | quest(goals_info_req[01;31m[K)[m[K;
[1.380s]       |                     [01;31m[K^[m[K
[1.380s] 
[1.380s] In file included from [01m[K/opt/ros/foxy/include/rclcpp/callback_group.hpp:23[m[K,
[1.380s]                  from [01m[K/opt/ros/foxy/include/rclcpp/any_executable.hpp:20[m[K,
[1.380s]                  from [01m[K/opt/ros/foxy/include/rclcpp/memory_strategy.hpp:24[m[K,
[1.380s]                  from [01m[K/opt/ros/foxy/include/rclcpp/memory_strategies.hpp:18[m[K,
[1.380s]                  from [01m[K/opt/ros/foxy/include/rclcpp/executor_options.hpp:20[m[K,
[1.380s]                  from [01m[K/opt/ros/foxy/include/rclcpp/executor.hpp:33[m[K,
[1.380s]                  from [01m[K/opt/ros/foxy/include/rclcpp/executors/multi_threaded_executor.hpp:25[m[K,
[1.380s]                  from [01m[K/opt/ros/foxy/include/rclcpp/executors.hpp:21[m[K,
[1.380s]                  from [01m[K/opt/ros/foxy/include/rclcpp/rclcpp.hpp:146[m[K,
[1.380s]                  from [01m[K/home/omron/Omron_LD/src/ld_visualisation/src/goals_marker.cpp:1[m[K:
[1.380s] [01m[K/opt/ros/foxy/include/rclcpp/client.hpp:318:3:[m[K [01;36m[Knote: [m[Kcandidate: ‘[01m[Krclcpp::Client<ServiceT>::SharedFuture rclcpp::Client<ServiceT>::async_send_request(rclcpp::Client<ServiceT>::SharedRequest) [with ServiceT = om_aiv_msg::srv::ArclApi; rclcpp::Client<ServiceT>::SharedFuture = std::shared_future<std::shared_ptr<om_aiv_msg::srv::ArclApi_Response_<std::allocator<void> > > >; typename ServiceT::Response::SharedPtr = std::shared_ptr<om_aiv_msg::srv::ArclApi_Response_<std::allocator<void> > >; rclcpp::Client<ServiceT>::SharedRequest = std::shared_ptr<om_aiv_msg::srv::ArclApi_Request_<std::allocator<void> > >][m[K’
[1.380s]   318 |   [01;36m[Kasync_send_request[m[K(SharedRequest request)
[1.381s]       |   [01;36m[K^~~~~~~~~~~~~~~~~~[m[K
[1.381s] [01m[K/opt/ros/foxy/include/rclcpp/client.hpp:318:36:[m[K [01;36m[Knote: [m[K  no known conversion for argument 1 from ‘[01m[Kom_aiv_msg::srv::ArclApi[m[K’ to ‘[01m[Krclcpp::Client<om_aiv_msg::srv::ArclApi>::SharedRequest[m[K’ {aka ‘[01m[Kstd::shared_ptr<om_aiv_msg::srv::ArclApi_Request_<std::allocator<void> > >[m[K’}
[1.381s]   318 | nc_send_request([01;36m[KSharedRequest request[m[K)
[1.381s]       |                 [01;36m[K~~~~~~~~~~~~~~^~~~~~~[m[K
[1.381s] 
[1.381s] [01m[K/opt/ros/foxy/include/rclcpp/client.hpp:333:3:[m[K [01;36m[Knote: [m[Kcandidate: ‘[01m[Ktemplate<class CallbackT, typename std::enable_if<rclcpp::function_traits::same_arguments<CallbackT, std::function<void(std::shared_future<std::shared_ptr<om_aiv_msg::srv::ArclApi_Response_<std::allocator<void> > > >)> >::value, void>::type* <anonymous> > rclcpp::Client<ServiceT>::SharedFuture rclcpp::Client<ServiceT>::async_send_request(rclcpp::Client<ServiceT>::SharedRequest, CallbackT&&) [with CallbackT = CallbackT; typename std::enable_if<rclcpp::function_traits::same_arguments<CallbackT, std::function<void(std::shared_future<typename ServiceT::Response::SharedPtr>)> >::value>::type* <anonymous> = <enumerator>; ServiceT = om_aiv_msg::srv::ArclApi][m[K’
[1.381s]   333 |   [01;36m[Kasync_send_request[m[K(SharedRequest request, CallbackT && cb)
[1.381s]       |   [01;36m[K^~~~~~~~~~~~~~~~~~[m[K
[1.381s] [01m[K/opt/ros/foxy/include/rclcpp/client.hpp:333:3:[m[K [01;36m[Knote: [m[K  template argument deduction/substitution failed:
[1.381s] [01m[K/home/omron/Omron_LD/src/ld_visualisation/src/goals_marker.cpp:203:73:[m[K [01;36m[Knote: [m[K  candidate expects 2 arguments, 1 provided
[1.381s]   203 | quest(goals_info_req[01;36m[K)[m[K;
[1.381s]       |                     [01;36m[K^[m[K
[1.381s] 
[1.381s] In file included from [01m[K/opt/ros/foxy/include/rclcpp/callback_group.hpp:23[m[K,
[1.382s]                  from [01m[K/opt/ros/foxy/include/rclcpp/any_executable.hpp:20[m[K,
[1.382s]                  from [01m[K/opt/ros/foxy/include/rclcpp/memory_strategy.hpp:24[m[K,
[1.382s]                  from [01m[K/opt/ros/foxy/include/rclcpp/memory_strategies.hpp:18[m[K,
[1.382s]                  from [01m[K/opt/ros/foxy/include/rclcpp/executor_options.hpp:20[m[K,
[1.382s]                  from [01m[K/opt/ros/foxy/include/rclcpp/executor.hpp:33[m[K,
[1.382s]                  from [01m[K/opt/ros/foxy/include/rclcpp/executors/multi_threaded_executor.hpp:25[m[K,
[1.382s]                  from [01m[K/opt/ros/foxy/include/rclcpp/executors.hpp:21[m[K,
[1.382s]                  from [01m[K/opt/ros/foxy/include/rclcpp/rclcpp.hpp:146[m[K,
[1.382s]                  from [01m[K/home/omron/Omron_LD/src/ld_visualisation/src/goals_marker.cpp:1[m[K:
[1.382s] [01m[K/opt/ros/foxy/include/rclcpp/client.hpp:359:3:[m[K [01;36m[Knote: [m[Kcandidate: ‘[01m[Ktemplate<class CallbackT, typename std::enable_if<rclcpp::function_traits::same_arguments<CallbackT, std::function<void(std::shared_future<std::pair<std::shared_ptr<om_aiv_msg::srv::ArclApi_Request_<std::allocator<void> > >, std::shared_ptr<om_aiv_msg::srv::ArclApi_Response_<std::allocator<void> > > > >)> >::value, void>::type* <anonymous> > rclcpp::Client<ServiceT>::SharedFutureWithRequest rclcpp::Client<ServiceT>::async_send_request(rclcpp::Client<ServiceT>::SharedRequest, CallbackT&&) [with CallbackT = CallbackT; typename std::enable_if<rclcpp::function_traits::same_arguments<CallbackT, std::function<void(std::shared_future<std::pair<typename ServiceT::Request::SharedPtr, typename ServiceT::Response::SharedPtr> >)> >::value>::type* <anonymous> = <enumerator>; ServiceT = om_aiv_msg::srv::ArclApi][m[K’
[1.382s]   359 |   [01;36m[Kasync_send_request[m[K(SharedRequest request, CallbackT && cb)
[1.382s]       |   [01;36m[K^~~~~~~~~~~~~~~~~~[m[K
[1.382s] [01m[K/opt/ros/foxy/include/rclcpp/client.hpp:359:3:[m[K [01;36m[Knote: [m[K  template argument deduction/substitution failed:
[1.382s] [01m[K/home/omron/Omron_LD/src/ld_visualisation/src/goals_marker.cpp:203:73:[m[K [01;36m[Knote: [m[K  candidate expects 2 arguments, 1 provided
[1.383s]   203 | quest(goals_info_req[01;36m[K)[m[K;
[1.383s]       |                     [01;36m[K^[m[K
[1.383s] 
[2.905s] make[2]: *** [CMakeFiles/goals_marker.dir/build.make:63: CMakeFiles/goals_marker.dir/src/goals_marker.cpp.o] Error 1
[2.905s] make[1]: *** [CMakeFiles/Makefile2:109: CMakeFiles/goals_marker.dir/all] Error 2
[2.905s] make: *** [Makefile:141: all] Error 2
[2.909s] Invoked command in '/home/omron/Omron_LD/build/ld_visualisation' returned '2': CMAKE_PREFIX_PATH=/home/omron/Omron_LD/install/om_aiv_msg:/home/omron/Omron_LD/install/ld_visualisation:/home/omron/Omron_LD/install/om_aiv_util:/home/omron/Omron_LD/install/om_aiv_navigation:/home/omron/Omron_LD/install/ld_viz:/opt/ros/foxy PYTHONPATH=/home/omron/Omron_LD/install/om_aiv_msg/lib/python3.8/site-packages:/home/omron/Omron_LD/install/om_aiv_util/lib/python3.8/site-packages:/home/omron/Omron_LD/install/om_aiv_navigation/lib/python3.8/site-packages:/home/omron/Omron_LD/install/ld_viz/lib/python3.8/site-packages:/opt/ros/foxy/lib/python3.8/site-packages /usr/bin/cmake --build /home/omron/Omron_LD/build/ld_visualisation -- -j8 -l8
