[0.464s] Invoking command in '/home/omron/Omron_LD/src/temp/ld_viz': PYTHONPATH=/home/omron/Omron_LD/install/ld_viz/lib/python3.8/site-packages:${PYTHONPATH} /usr/bin/python3 setup.py egg_info --egg-base ../../../build/ld_viz build --build-base /home/omron/Omron_LD/build/ld_viz/build install --prefix /home/omron/Omron_LD/install/ld_viz --record /home/omron/Omron_LD/build/ld_viz/install.log --single-version-externally-managed
[0.685s] running egg_info
[0.685s] writing ../../../build/ld_viz/ld_viz.egg-info/PKG-INFO
[0.686s] writing dependency_links to ../../../build/ld_viz/ld_viz.egg-info/dependency_links.txt
[0.686s] writing entry points to ../../../build/ld_viz/ld_viz.egg-info/entry_points.txt
[0.686s] writing requirements to ../../../build/ld_viz/ld_viz.egg-info/requires.txt
[0.686s] writing top-level names to ../../../build/ld_viz/ld_viz.egg-info/top_level.txt
[0.750s] reading manifest file '../../../build/ld_viz/ld_viz.egg-info/SOURCES.txt'
[0.752s] writing manifest file '../../../build/ld_viz/ld_viz.egg-info/SOURCES.txt'
[0.752s] running build
[0.753s] running build_py
[0.753s] running install
[0.754s] running install_lib
[0.756s] byte-compiling /home/omron/Omron_LD/install/ld_viz/lib/python3.8/site-packages/ld_viz/joints_publisher.py to joints_publisher.cpython-38.pyc
[0.758s]   File "/home/omron/Omron_LD/install/ld_viz/lib/python3.8/site-packages/ld_viz/joints_publisher.py", line 83
[0.758s]     pose_cb(const om_aiv_util::StatusConstPtr& pose_msg)
[0.758s]                   ^
[0.758s] SyntaxError: invalid syntax
[0.758s] 
[0.758s] running install_data
[0.759s] running install_egg_info
[0.760s] removing '/home/omron/Omron_LD/install/ld_viz/lib/python3.8/site-packages/ld_viz-0.0.0-py3.8.egg-info' (and everything under it)
[0.760s] Copying ../../../build/ld_viz/ld_viz.egg-info to /home/omron/Omron_LD/install/ld_viz/lib/python3.8/site-packages/ld_viz-0.0.0-py3.8.egg-info
[0.761s] running install_scripts
[0.779s] writing list of installed files to '/home/omron/Omron_LD/build/ld_viz/install.log'
[0.812s] Invoked command in '/home/omron/Omron_LD/src/temp/ld_viz' returned '0': PYTHONPATH=/home/omron/Omron_LD/install/ld_viz/lib/python3.8/site-packages:${PYTHONPATH} /usr/bin/python3 setup.py egg_info --egg-base ../../../build/ld_viz build --build-base /home/omron/Omron_LD/build/ld_viz/build install --prefix /home/omron/Omron_LD/install/ld_viz --record /home/omron/Omron_LD/build/ld_viz/install.log --single-version-externally-managed
