[0.287s] Invoking command in '/home/omron/Omron_LD/src/om_aiv_navigation': PYTHONPATH=/home/omron/Omron_LD/install/om_aiv_navigation/lib/python3.8/site-packages:${PYTHONPATH} /usr/bin/python3 setup.py egg_info --egg-base ../../build/om_aiv_navigation build --build-base /home/omron/Omron_LD/build/om_aiv_navigation/build install --prefix /home/omron/Omron_LD/install/om_aiv_navigation --record /home/omron/Omron_LD/build/om_aiv_navigation/install.log --single-version-externally-managed
[0.529s] running egg_info
[0.529s] writing ../../build/om_aiv_navigation/om_aiv_navigation.egg-info/PKG-INFO
[0.530s] writing dependency_links to ../../build/om_aiv_navigation/om_aiv_navigation.egg-info/dependency_links.txt
[0.530s] writing entry points to ../../build/om_aiv_navigation/om_aiv_navigation.egg-info/entry_points.txt
[0.530s] writing requirements to ../../build/om_aiv_navigation/om_aiv_navigation.egg-info/requires.txt
[0.531s] writing top-level names to ../../build/om_aiv_navigation/om_aiv_navigation.egg-info/top_level.txt
[0.612s] reading manifest file '../../build/om_aiv_navigation/om_aiv_navigation.egg-info/SOURCES.txt'
[0.612s] writing manifest file '../../build/om_aiv_navigation/om_aiv_navigation.egg-info/SOURCES.txt'
[0.612s] running build
[0.613s] running build_py
[0.613s] copying om_aiv_navigation/goto_goal_demo.py -> /home/omron/Omron_LD/build/om_aiv_navigation/build/lib/om_aiv_navigation
[0.615s] running install
[0.616s] running install_lib
[0.621s] creating /home/omron/Omron_LD/install/om_aiv_navigation/lib/python3.8/site-packages/om_aiv_navigation
[0.621s] copying /home/omron/Omron_LD/build/om_aiv_navigation/build/lib/om_aiv_navigation/goto_goal3_action.py -> /home/omron/Omron_LD/install/om_aiv_navigation/lib/python3.8/site-packages/om_aiv_navigation
[0.621s] copying /home/omron/Omron_LD/build/om_aiv_navigation/build/lib/om_aiv_navigation/__init__.py -> /home/omron/Omron_LD/install/om_aiv_navigation/lib/python3.8/site-packages/om_aiv_navigation
[0.621s] copying /home/omron/Omron_LD/build/om_aiv_navigation/build/lib/om_aiv_navigation/goto_goal.py -> /home/omron/Omron_LD/install/om_aiv_navigation/lib/python3.8/site-packages/om_aiv_navigation
[0.622s] copying /home/omron/Omron_LD/build/om_aiv_navigation/build/lib/om_aiv_navigation/goto_goal_demo.py -> /home/omron/Omron_LD/install/om_aiv_navigation/lib/python3.8/site-packages/om_aiv_navigation
[0.622s] copying /home/omron/Omron_LD/build/om_aiv_navigation/build/lib/om_aiv_navigation/goto_goal2_action.py -> /home/omron/Omron_LD/install/om_aiv_navigation/lib/python3.8/site-packages/om_aiv_navigation
[0.622s] copying /home/omron/Omron_LD/build/om_aiv_navigation/build/lib/om_aiv_navigation/action_server.py -> /home/omron/Omron_LD/install/om_aiv_navigation/lib/python3.8/site-packages/om_aiv_navigation
[0.623s] byte-compiling /home/omron/Omron_LD/install/om_aiv_navigation/lib/python3.8/site-packages/om_aiv_navigation/goto_goal3_action.py to goto_goal3_action.cpython-38.pyc
[0.625s] byte-compiling /home/omron/Omron_LD/install/om_aiv_navigation/lib/python3.8/site-packages/om_aiv_navigation/__init__.py to __init__.cpython-38.pyc
[0.625s] byte-compiling /home/omron/Omron_LD/install/om_aiv_navigation/lib/python3.8/site-packages/om_aiv_navigation/goto_goal.py to goto_goal.cpython-38.pyc
[0.626s] byte-compiling /home/omron/Omron_LD/install/om_aiv_navigation/lib/python3.8/site-packages/om_aiv_navigation/goto_goal_demo.py to goto_goal_demo.cpython-38.pyc
[0.626s] byte-compiling /home/omron/Omron_LD/install/om_aiv_navigation/lib/python3.8/site-packages/om_aiv_navigation/goto_goal2_action.py to goto_goal2_action.cpython-38.pyc
[0.626s] byte-compiling /home/omron/Omron_LD/install/om_aiv_navigation/lib/python3.8/site-packages/om_aiv_navigation/action_server.py to action_server.cpython-38.pyc
[0.627s] running install_data
[0.629s] creating /home/omron/Omron_LD/install/om_aiv_navigation/share/ament_index
[0.629s] creating /home/omron/Omron_LD/install/om_aiv_navigation/share/ament_index/resource_index
[0.629s] creating /home/omron/Omron_LD/install/om_aiv_navigation/share/ament_index/resource_index/packages
[0.629s] copying resource/om_aiv_navigation -> /home/omron/Omron_LD/install/om_aiv_navigation/share/ament_index/resource_index/packages
[0.629s] copying package.xml -> /home/omron/Omron_LD/install/om_aiv_navigation/share/om_aiv_navigation
[0.629s] running install_egg_info
[0.633s] Copying ../../build/om_aiv_navigation/om_aiv_navigation.egg-info to /home/omron/Omron_LD/install/om_aiv_navigation/lib/python3.8/site-packages/om_aiv_navigation-0.0.0-py3.8.egg-info
[0.635s] running install_scripts
[0.675s] Installing action_server script to /home/omron/Omron_LD/install/om_aiv_navigation/lib/om_aiv_navigation
[0.675s] Installing goto_goal script to /home/omron/Omron_LD/install/om_aiv_navigation/lib/om_aiv_navigation
[0.676s] Installing goto_goal_demo script to /home/omron/Omron_LD/install/om_aiv_navigation/lib/om_aiv_navigation
[0.676s] writing list of installed files to '/home/omron/Omron_LD/build/om_aiv_navigation/install.log'
[0.731s] Invoked command in '/home/omron/Omron_LD/src/om_aiv_navigation' returned '0': PYTHONPATH=/home/omron/Omron_LD/install/om_aiv_navigation/lib/python3.8/site-packages:${PYTHONPATH} /usr/bin/python3 setup.py egg_info --egg-base ../../build/om_aiv_navigation build --build-base /home/omron/Omron_LD/build/om_aiv_navigation/build install --prefix /home/omron/Omron_LD/install/om_aiv_navigation --record /home/omron/Omron_LD/build/om_aiv_navigation/install.log --single-version-externally-managed
