[0.025s] Invoking command in '/home/omron/Omron_LD/build/om_aiv_msg': CMAKE_PREFIX_PATH=${CMAKE_PREFIX_PATH}:/home/omron/Omron_LD/install/om_aiv_util:/home/omron/Omron_LD/install/om_aiv_navigation:/opt/ros/foxy /usr/bin/cmake --build /home/omron/Omron_LD/build/om_aiv_msg -- -j8 -l8
[0.059s] -- Found ament_cmake: 0.9.8 (/opt/ros/foxy/share/ament_cmake/cmake)
[0.081s] -- Using PYTHON_EXECUTABLE: /usr/bin/python3
[0.257s] -- Found actionlib_msgs: 2.0.4 (/opt/ros/foxy/share/actionlib_msgs/cmake)
[0.276s] -- Using all available rosidl_typesupport_c: rosidl_typesupport_fastrtps_c;rosidl_typesupport_introspection_c
[0.280s] -- Found rosidl_adapter: 1.2.1 (/opt/ros/foxy/share/rosidl_adapter/cmake)
[0.390s] -- Using all available rosidl_typesupport_cpp: rosidl_typesupport_fastrtps_cpp;rosidl_typesupport_introspection_cpp
[0.473s] -- Found rosidl_default_generators: 1.0.1 (/opt/ros/foxy/share/rosidl_default_generators/cmake)
[0.484s] CMake Error at /opt/ros/foxy/share/rosidl_cmake/cmake/rosidl_generate_interfaces.cmake:93 (message):
[0.484s]   rosidl_generate_interfaces() the passed file
[0.484s]   'actionlib_msgs/actionlib_msgs.msg' doesn't exist relative to the
[0.484s]   CMAKE_CURRENT_SOURCE_DIR '/home/omron/Omron_LD/src/om_aiv_msg'
[0.484s] Call Stack (most recent call first):
[0.484s]   CMakeLists.txt:23 (rosidl_generate_interfaces)
[0.484s] 
[0.484s] 
[0.485s] -- Configuring incomplete, errors occurred!
[0.485s] See also "/home/omron/Omron_LD/build/om_aiv_msg/CMakeFiles/CMakeOutput.log".
[0.490s] make: *** [Makefile:1708: cmake_check_build_system] Error 1
[0.493s] Invoked command in '/home/omron/Omron_LD/build/om_aiv_msg' returned '2': CMAKE_PREFIX_PATH=${CMAKE_PREFIX_PATH}:/home/omron/Omron_LD/install/om_aiv_util:/home/omron/Omron_LD/install/om_aiv_navigation:/opt/ros/foxy /usr/bin/cmake --build /home/omron/Omron_LD/build/om_aiv_msg -- -j8 -l8
