[0.286s] Invoking command in '/home/omron/Omron_LD/src/om_aiv_util': PYTHONPATH=/home/omron/Omron_LD/install/om_aiv_util/lib/python3.8/site-packages:${PYTHONPATH} /usr/bin/python3 setup.py egg_info --egg-base ../../build/om_aiv_util build --build-base /home/omron/Omron_LD/build/om_aiv_util/build install --prefix /home/omron/Omron_LD/install/om_aiv_util --record /home/omron/Omron_LD/build/om_aiv_util/install.log --single-version-externally-managed
[0.526s] running egg_info
[0.527s] writing ../../build/om_aiv_util/om_aiv_util.egg-info/PKG-INFO
[0.528s] writing dependency_links to ../../build/om_aiv_util/om_aiv_util.egg-info/dependency_links.txt
[0.528s] writing entry points to ../../build/om_aiv_util/om_aiv_util.egg-info/entry_points.txt
[0.528s] writing requirements to ../../build/om_aiv_util/om_aiv_util.egg-info/requires.txt
[0.528s] writing top-level names to ../../build/om_aiv_util/om_aiv_util.egg-info/top_level.txt
[0.573s] reading manifest file '../../build/om_aiv_util/om_aiv_util.egg-info/SOURCES.txt'
[0.575s] writing manifest file '../../build/om_aiv_util/om_aiv_util.egg-info/SOURCES.txt'
[0.575s] running build
[0.575s] running build_py
[0.575s] copying om_aiv_util/ld_states_publisher.py -> /home/omron/Omron_LD/build/om_aiv_util/build/lib/om_aiv_util
[0.576s] running install
[0.577s] running install_lib
[0.578s] copying /home/omron/Omron_LD/build/om_aiv_util/build/lib/om_aiv_util/ld_states_publisher.py -> /home/omron/Omron_LD/install/om_aiv_util/lib/python3.8/site-packages/om_aiv_util
[0.579s] byte-compiling /home/omron/Omron_LD/install/om_aiv_util/lib/python3.8/site-packages/om_aiv_util/ld_states_publisher.py to ld_states_publisher.cpython-38.pyc
[0.580s]   File "/home/omron/Omron_LD/install/om_aiv_util/lib/python3.8/site-packages/om_aiv_util/ld_states_publisher.py", line 110
[0.581s]     self.status_pub = self.create_publisher(Status, "ldarcl_status", 10)
[0.581s]     ^
[0.581s] SyntaxError: invalid syntax
[0.581s] 
[0.581s] running install_data
[0.581s] running install_egg_info
[0.583s] removing '/home/omron/Omron_LD/install/om_aiv_util/lib/python3.8/site-packages/om_aiv_util-0.0.0-py3.8.egg-info' (and everything under it)
[0.584s] Copying ../../build/om_aiv_util/om_aiv_util.egg-info to /home/omron/Omron_LD/install/om_aiv_util/lib/python3.8/site-packages/om_aiv_util-0.0.0-py3.8.egg-info
[0.585s] running install_scripts
[0.605s] Installing arcl_api_server script to /home/omron/Omron_LD/install/om_aiv_util/lib/om_aiv_util
[0.605s] Installing ld_states_publisher script to /home/omron/Omron_LD/install/om_aiv_util/lib/om_aiv_util
[0.606s] writing list of installed files to '/home/omron/Omron_LD/build/om_aiv_util/install.log'
[0.632s] Invoked command in '/home/omron/Omron_LD/src/om_aiv_util' returned '0': PYTHONPATH=/home/omron/Omron_LD/install/om_aiv_util/lib/python3.8/site-packages:${PYTHONPATH} /usr/bin/python3 setup.py egg_info --egg-base ../../build/om_aiv_util build --build-base /home/omron/Omron_LD/build/om_aiv_util/build install --prefix /home/omron/Omron_LD/install/om_aiv_util --record /home/omron/Omron_LD/build/om_aiv_util/install.log --single-version-externally-managed
