[0.285s] Invoking command in '/home/omron/Omron_LD/src/om_aiv_util': PYTHONPATH=/home/omron/Omron_LD/install/om_aiv_util/lib/python3.8/site-packages:${PYTHONPATH} /usr/bin/python3 setup.py egg_info --egg-base ../../build/om_aiv_util build --build-base /home/omron/Omron_LD/build/om_aiv_util/build install --prefix /home/omron/Omron_LD/install/om_aiv_util --record /home/omron/Omron_LD/build/om_aiv_util/install.log --single-version-externally-managed
[0.520s] running egg_info
[0.521s] writing ../../build/om_aiv_util/om_aiv_util.egg-info/PKG-INFO
[0.521s] writing dependency_links to ../../build/om_aiv_util/om_aiv_util.egg-info/dependency_links.txt
[0.522s] writing entry points to ../../build/om_aiv_util/om_aiv_util.egg-info/entry_points.txt
[0.522s] writing requirements to ../../build/om_aiv_util/om_aiv_util.egg-info/requires.txt
[0.522s] writing top-level names to ../../build/om_aiv_util/om_aiv_util.egg-info/top_level.txt
[0.560s] reading manifest file '../../build/om_aiv_util/om_aiv_util.egg-info/SOURCES.txt'
[0.561s] writing manifest file '../../build/om_aiv_util/om_aiv_util.egg-info/SOURCES.txt'
[0.561s] running build
[0.561s] running build_py
[0.561s] copying om_aiv_util/socket_driver.py -> /home/omron/Omron_LD/build/om_aiv_util/build/lib/om_aiv_util
[0.561s] copying om_aiv_util/arcl_api_server.py -> /home/omron/Omron_LD/build/om_aiv_util/build/lib/om_aiv_util
[0.562s] running install
[0.563s] running install_lib
[0.564s] copying /home/omron/Omron_LD/build/om_aiv_util/build/lib/om_aiv_util/socket_driver.py -> /home/omron/Omron_LD/install/om_aiv_util/lib/python3.8/site-packages/om_aiv_util
[0.564s] copying /home/omron/Omron_LD/build/om_aiv_util/build/lib/om_aiv_util/arcl_api_server.py -> /home/omron/Omron_LD/install/om_aiv_util/lib/python3.8/site-packages/om_aiv_util
[0.564s] byte-compiling /home/omron/Omron_LD/install/om_aiv_util/lib/python3.8/site-packages/om_aiv_util/socket_driver.py to socket_driver.cpython-38.pyc
[0.567s] byte-compiling /home/omron/Omron_LD/install/om_aiv_util/lib/python3.8/site-packages/om_aiv_util/arcl_api_server.py to arcl_api_server.cpython-38.pyc
[0.568s] running install_data
[0.568s] running install_egg_info
[0.570s] removing '/home/omron/Omron_LD/install/om_aiv_util/lib/python3.8/site-packages/om_aiv_util-0.0.0-py3.8.egg-info' (and everything under it)
[0.570s] Copying ../../build/om_aiv_util/om_aiv_util.egg-info to /home/omron/Omron_LD/install/om_aiv_util/lib/python3.8/site-packages/om_aiv_util-0.0.0-py3.8.egg-info
[0.571s] running install_scripts
[0.590s] Installing arcl_api_server script to /home/omron/Omron_LD/install/om_aiv_util/lib/om_aiv_util
[0.590s] Installing ld_states_publisher script to /home/omron/Omron_LD/install/om_aiv_util/lib/om_aiv_util
[0.591s] writing list of installed files to '/home/omron/Omron_LD/build/om_aiv_util/install.log'
[0.618s] Invoked command in '/home/omron/Omron_LD/src/om_aiv_util' returned '0': PYTHONPATH=/home/omron/Omron_LD/install/om_aiv_util/lib/python3.8/site-packages:${PYTHONPATH} /usr/bin/python3 setup.py egg_info --egg-base ../../build/om_aiv_util build --build-base /home/omron/Omron_LD/build/om_aiv_util/build install --prefix /home/omron/Omron_LD/install/om_aiv_util --record /home/omron/Omron_LD/build/om_aiv_util/install.log --single-version-externally-managed
