running egg_info
writing ../../build/om_aiv_util/om_aiv_util.egg-info/PKG-INFO
writing dependency_links to ../../build/om_aiv_util/om_aiv_util.egg-info/dependency_links.txt
writing entry points to ../../build/om_aiv_util/om_aiv_util.egg-info/entry_points.txt
writing requirements to ../../build/om_aiv_util/om_aiv_util.egg-info/requires.txt
writing top-level names to ../../build/om_aiv_util/om_aiv_util.egg-info/top_level.txt
reading manifest file '../../build/om_aiv_util/om_aiv_util.egg-info/SOURCES.txt'
writing manifest file '../../build/om_aiv_util/om_aiv_util.egg-info/SOURCES.txt'
running build
running build_py
running install
running install_lib
creating /home/omron/Omron_LD/install/om_aiv_util/lib/python3.8/site-packages/om_aiv_util
copying /home/omron/Omron_LD/build/om_aiv_util/build/lib/om_aiv_util/socket_taskmaster.py -> /home/omron/Omron_LD/install/om_aiv_util/lib/python3.8/site-packages/om_aiv_util
copying /home/omron/Omron_LD/build/om_aiv_util/build/lib/om_aiv_util/ld_states_publisher.py -> /home/omron/Omron_LD/install/om_aiv_util/lib/python3.8/site-packages/om_aiv_util
copying /home/omron/Omron_LD/build/om_aiv_util/build/lib/om_aiv_util/__init__.py -> /home/omron/Omron_LD/install/om_aiv_util/lib/python3.8/site-packages/om_aiv_util
copying /home/omron/Omron_LD/build/om_aiv_util/build/lib/om_aiv_util/socket_listener.py -> /home/omron/Omron_LD/install/om_aiv_util/lib/python3.8/site-packages/om_aiv_util
copying /home/omron/Omron_LD/build/om_aiv_util/build/lib/om_aiv_util/socket_driver.py -> /home/omron/Omron_LD/install/om_aiv_util/lib/python3.8/site-packages/om_aiv_util
copying /home/omron/Omron_LD/build/om_aiv_util/build/lib/om_aiv_util/socketconnection_class.py -> /home/omron/Omron_LD/install/om_aiv_util/lib/python3.8/site-packages/om_aiv_util
copying /home/omron/Omron_LD/build/om_aiv_util/build/lib/om_aiv_util/arcl_api_server.py -> /home/omron/Omron_LD/install/om_aiv_util/lib/python3.8/site-packages/om_aiv_util
byte-compiling /home/omron/Omron_LD/install/om_aiv_util/lib/python3.8/site-packages/om_aiv_util/socket_taskmaster.py to socket_taskmaster.cpython-38.pyc
byte-compiling /home/omron/Omron_LD/install/om_aiv_util/lib/python3.8/site-packages/om_aiv_util/ld_states_publisher.py to ld_states_publisher.cpython-38.pyc
byte-compiling /home/omron/Omron_LD/install/om_aiv_util/lib/python3.8/site-packages/om_aiv_util/__init__.py to __init__.cpython-38.pyc
byte-compiling /home/omron/Omron_LD/install/om_aiv_util/lib/python3.8/site-packages/om_aiv_util/socket_listener.py to socket_listener.cpython-38.pyc
byte-compiling /home/omron/Omron_LD/install/om_aiv_util/lib/python3.8/site-packages/om_aiv_util/socket_driver.py to socket_driver.cpython-38.pyc
byte-compiling /home/omron/Omron_LD/install/om_aiv_util/lib/python3.8/site-packages/om_aiv_util/socketconnection_class.py to socketconnection_class.cpython-38.pyc
byte-compiling /home/omron/Omron_LD/install/om_aiv_util/lib/python3.8/site-packages/om_aiv_util/arcl_api_server.py to arcl_api_server.cpython-38.pyc
running install_data
creating /home/omron/Omron_LD/install/om_aiv_util/share/ament_index
creating /home/omron/Omron_LD/install/om_aiv_util/share/ament_index/resource_index
creating /home/omron/Omron_LD/install/om_aiv_util/share/ament_index/resource_index/packages
copying resource/om_aiv_util -> /home/omron/Omron_LD/install/om_aiv_util/share/ament_index/resource_index/packages
copying package.xml -> /home/omron/Omron_LD/install/om_aiv_util/share/om_aiv_util
copying launch/1robot.launch.py -> /home/omron/Omron_LD/install/om_aiv_util/share/om_aiv_util
creating /home/omron/Omron_LD/install/om_aiv_util/share/om_aiv_util/config
copying config/main_param.yaml -> /home/omron/Omron_LD/install/om_aiv_util/share/om_aiv_util/config
running install_egg_info
Copying ../../build/om_aiv_util/om_aiv_util.egg-info to /home/omron/Omron_LD/install/om_aiv_util/lib/python3.8/site-packages/om_aiv_util-0.0.0-py3.8.egg-info
running install_scripts
Installing arcl_api_server script to /home/omron/Omron_LD/install/om_aiv_util/lib/om_aiv_util
Installing ld_states_publisher script to /home/omron/Omron_LD/install/om_aiv_util/lib/om_aiv_util
writing list of installed files to '/home/omron/Omron_LD/build/om_aiv_util/install.log'
