[0.371s] Invoking command in '/home/omron/Omron_LD/src/om_aiv_util': CMAKE_PREFIX_PATH=/home/omron/Omron_LD/install/om_aiv_msg:/home/omron/Omron_LD/install/ld_visualisation PYTHONPATH=/home/omron/Omron_LD/install/om_aiv_util/lib/python3.8/site-packages:/home/omron/Omron_LD/install/om_aiv_msg/lib/python3.8/site-packages:/home/omron/Omron_LD/install/om_aiv_util/lib/python3.8/site-packages:/home/omron/Omron_LD/install/om_aiv_navigation/lib/python3.8/site-packages:/opt/ros/foxy/lib/python3.8/site-packages /usr/bin/python3 setup.py egg_info --egg-base ../../build/om_aiv_util build --build-base /home/omron/Omron_LD/build/om_aiv_util/build install --prefix /home/omron/Omron_LD/install/om_aiv_util --record /home/omron/Omron_LD/build/om_aiv_util/install.log --single-version-externally-managed
[0.729s] running egg_info
[0.729s] writing ../../build/om_aiv_util/om_aiv_util.egg-info/PKG-INFO
[0.730s] writing dependency_links to ../../build/om_aiv_util/om_aiv_util.egg-info/dependency_links.txt
[0.730s] writing entry points to ../../build/om_aiv_util/om_aiv_util.egg-info/entry_points.txt
[0.730s] writing requirements to ../../build/om_aiv_util/om_aiv_util.egg-info/requires.txt
[0.730s] writing top-level names to ../../build/om_aiv_util/om_aiv_util.egg-info/top_level.txt
[0.769s] reading manifest file '../../build/om_aiv_util/om_aiv_util.egg-info/SOURCES.txt'
[0.771s] writing manifest file '../../build/om_aiv_util/om_aiv_util.egg-info/SOURCES.txt'
[0.771s] running build
[0.771s] running build_py
[0.772s] running install
[0.773s] running install_lib
[0.774s] creating /home/omron/Omron_LD/install/om_aiv_util/lib/python3.8/site-packages/om_aiv_util
[0.775s] copying /home/omron/Omron_LD/build/om_aiv_util/build/lib/om_aiv_util/socket_taskmaster.py -> /home/omron/Omron_LD/install/om_aiv_util/lib/python3.8/site-packages/om_aiv_util
[0.775s] copying /home/omron/Omron_LD/build/om_aiv_util/build/lib/om_aiv_util/ld_states_publisher.py -> /home/omron/Omron_LD/install/om_aiv_util/lib/python3.8/site-packages/om_aiv_util
[0.775s] copying /home/omron/Omron_LD/build/om_aiv_util/build/lib/om_aiv_util/__init__.py -> /home/omron/Omron_LD/install/om_aiv_util/lib/python3.8/site-packages/om_aiv_util
[0.775s] copying /home/omron/Omron_LD/build/om_aiv_util/build/lib/om_aiv_util/socket_listener.py -> /home/omron/Omron_LD/install/om_aiv_util/lib/python3.8/site-packages/om_aiv_util
[0.775s] copying /home/omron/Omron_LD/build/om_aiv_util/build/lib/om_aiv_util/socket_driver.py -> /home/omron/Omron_LD/install/om_aiv_util/lib/python3.8/site-packages/om_aiv_util
[0.776s] copying /home/omron/Omron_LD/build/om_aiv_util/build/lib/om_aiv_util/socketconnection_class.py -> /home/omron/Omron_LD/install/om_aiv_util/lib/python3.8/site-packages/om_aiv_util
[0.776s] copying /home/omron/Omron_LD/build/om_aiv_util/build/lib/om_aiv_util/arcl_api_server.py -> /home/omron/Omron_LD/install/om_aiv_util/lib/python3.8/site-packages/om_aiv_util
[0.776s] byte-compiling /home/omron/Omron_LD/install/om_aiv_util/lib/python3.8/site-packages/om_aiv_util/socket_taskmaster.py to socket_taskmaster.cpython-38.pyc
[0.779s] byte-compiling /home/omron/Omron_LD/install/om_aiv_util/lib/python3.8/site-packages/om_aiv_util/ld_states_publisher.py to ld_states_publisher.cpython-38.pyc
[0.781s] byte-compiling /home/omron/Omron_LD/install/om_aiv_util/lib/python3.8/site-packages/om_aiv_util/__init__.py to __init__.cpython-38.pyc
[0.781s] byte-compiling /home/omron/Omron_LD/install/om_aiv_util/lib/python3.8/site-packages/om_aiv_util/socket_listener.py to socket_listener.cpython-38.pyc
[0.783s] byte-compiling /home/omron/Omron_LD/install/om_aiv_util/lib/python3.8/site-packages/om_aiv_util/socket_driver.py to socket_driver.cpython-38.pyc
[0.785s] byte-compiling /home/omron/Omron_LD/install/om_aiv_util/lib/python3.8/site-packages/om_aiv_util/socketconnection_class.py to socketconnection_class.cpython-38.pyc
[0.786s] byte-compiling /home/omron/Omron_LD/install/om_aiv_util/lib/python3.8/site-packages/om_aiv_util/arcl_api_server.py to arcl_api_server.cpython-38.pyc
[0.787s] running install_data
[0.787s] creating /home/omron/Omron_LD/install/om_aiv_util/share/ament_index
[0.788s] creating /home/omron/Omron_LD/install/om_aiv_util/share/ament_index/resource_index
[0.788s] creating /home/omron/Omron_LD/install/om_aiv_util/share/ament_index/resource_index/packages
[0.788s] copying resource/om_aiv_util -> /home/omron/Omron_LD/install/om_aiv_util/share/ament_index/resource_index/packages
[0.788s] copying package.xml -> /home/omron/Omron_LD/install/om_aiv_util/share/om_aiv_util
[0.788s] copying launch/1robot.launch.py -> /home/omron/Omron_LD/install/om_aiv_util/share/om_aiv_util
[0.788s] creating /home/omron/Omron_LD/install/om_aiv_util/share/om_aiv_util/config
[0.788s] copying config/main_param.yaml -> /home/omron/Omron_LD/install/om_aiv_util/share/om_aiv_util/config
[0.790s] running install_egg_info
[0.790s] Copying ../../build/om_aiv_util/om_aiv_util.egg-info to /home/omron/Omron_LD/install/om_aiv_util/lib/python3.8/site-packages/om_aiv_util-0.0.0-py3.8.egg-info
[0.792s] running install_scripts
[0.819s] Installing arcl_api_server script to /home/omron/Omron_LD/install/om_aiv_util/lib/om_aiv_util
[0.819s] Installing ld_states_publisher script to /home/omron/Omron_LD/install/om_aiv_util/lib/om_aiv_util
[0.820s] writing list of installed files to '/home/omron/Omron_LD/build/om_aiv_util/install.log'
[0.849s] Invoked command in '/home/omron/Omron_LD/src/om_aiv_util' returned '0': CMAKE_PREFIX_PATH=/home/omron/Omron_LD/install/om_aiv_msg:/home/omron/Omron_LD/install/ld_visualisation PYTHONPATH=/home/omron/Omron_LD/install/om_aiv_util/lib/python3.8/site-packages:/home/omron/Omron_LD/install/om_aiv_msg/lib/python3.8/site-packages:/home/omron/Omron_LD/install/om_aiv_util/lib/python3.8/site-packages:/home/omron/Omron_LD/install/om_aiv_navigation/lib/python3.8/site-packages:/opt/ros/foxy/lib/python3.8/site-packages /usr/bin/python3 setup.py egg_info --egg-base ../../build/om_aiv_util build --build-base /home/omron/Omron_LD/build/om_aiv_util/build install --prefix /home/omron/Omron_LD/install/om_aiv_util --record /home/omron/Omron_LD/build/om_aiv_util/install.log --single-version-externally-managed
