[0.029s] Invoking command in '/home/omron/Omron_LD/build/om_aiv_msg': CMAKE_PREFIX_PATH=${CMAKE_PREFIX_PATH}:/home/omron/Omron_LD/install/om_aiv_util:/home/omron/Omron_LD/install/om_aiv_navigation:/opt/ros/foxy /usr/bin/cmake --build /home/omron/Omron_LD/build/om_aiv_msg -- -j8 -l8
[0.088s] [  1%] Built target om_aiv_msg__cpp
[0.088s] [ 12%] Built target om_aiv_msg__rosidl_generator_c
[0.120s] [ 23%] Built target om_aiv_msg__rosidl_typesupport_c
[0.122s] [ 34%] Built target om_aiv_msg__rosidl_typesupport_cpp
[0.123s] [ 46%] Built target om_aiv_msg__rosidl_typesupport_introspection_cpp
[0.130s] [ 57%] Built target om_aiv_msg__rosidl_typesupport_fastrtps_cpp
[0.138s] [ 68%] Built target om_aiv_msg__rosidl_typesupport_introspection_c
[0.162s] [ 79%] Built target om_aiv_msg__rosidl_typesupport_fastrtps_c
[0.182s] [ 79%] Built target om_aiv_msg
[0.205s] [ 80%] Built target om_aiv_msg__py
[0.238s] [ 90%] Built target om_aiv_msg__python
[0.267s] [ 96%] Built target om_aiv_msg__rosidl_typesupport_c__pyext
[0.267s] [ 96%] Built target om_aiv_msg__rosidl_typesupport_fastrtps_c__pyext
[0.268s] [100%] Built target om_aiv_msg__rosidl_typesupport_introspection_c__pyext
[0.294s] Invoked command in '/home/omron/Omron_LD/build/om_aiv_msg' returned '0': CMAKE_PREFIX_PATH=${CMAKE_PREFIX_PATH}:/home/omron/Omron_LD/install/om_aiv_util:/home/omron/Omron_LD/install/om_aiv_navigation:/opt/ros/foxy /usr/bin/cmake --build /home/omron/Omron_LD/build/om_aiv_msg -- -j8 -l8
[0.407s] Invoking command in '/home/omron/Omron_LD/build/om_aiv_msg': CMAKE_PREFIX_PATH=${CMAKE_PREFIX_PATH}:/home/omron/Omron_LD/install/om_aiv_util:/home/omron/Omron_LD/install/om_aiv_navigation:/opt/ros/foxy /usr/bin/cmake --install /home/omron/Omron_LD/build/om_aiv_msg
[0.416s] -- Install configuration: ""
[0.417s] -- Up-to-date: /home/omron/Omron_LD/install/om_aiv_msg/share/ament_index/resource_index/rosidl_interfaces/om_aiv_msg
[0.417s] -- Up-to-date: /home/omron/Omron_LD/install/om_aiv_msg/include/om_aiv_msg
[0.417s] -- Up-to-date: /home/omron/Omron_LD/install/om_aiv_msg/include/om_aiv_msg/action
[0.417s] -- Up-to-date: /home/omron/Omron_LD/install/om_aiv_msg/include/om_aiv_msg/action/action.h
[0.417s] -- Up-to-date: /home/omron/Omron_LD/install/om_aiv_msg/include/om_aiv_msg/action/detail
[0.417s] -- Up-to-date: /home/omron/Omron_LD/install/om_aiv_msg/include/om_aiv_msg/action/detail/action__functions.c
[0.417s] -- Up-to-date: /home/omron/Omron_LD/install/om_aiv_msg/include/om_aiv_msg/action/detail/action__struct.h
[0.418s] -- Up-to-date: /home/omron/Omron_LD/install/om_aiv_msg/include/om_aiv_msg/action/detail/action__type_support.h
[0.418s] -- Up-to-date: /home/omron/Omron_LD/install/om_aiv_msg/include/om_aiv_msg/action/detail/action__functions.h
[0.418s] -- Up-to-date: /home/omron/Omron_LD/install/om_aiv_msg/include/om_aiv_msg/msg
[0.418s] -- Up-to-date: /home/omron/Omron_LD/install/om_aiv_msg/include/om_aiv_msg/msg/location.h
[0.418s] -- Up-to-date: /home/omron/Omron_LD/install/om_aiv_msg/include/om_aiv_msg/msg/detail
[0.418s] -- Up-to-date: /home/omron/Omron_LD/install/om_aiv_msg/include/om_aiv_msg/msg/detail/location__functions.c
[0.419s] -- Up-to-date: /home/omron/Omron_LD/install/om_aiv_msg/include/om_aiv_msg/msg/detail/status__struct.h
[0.419s] -- Up-to-date: /home/omron/Omron_LD/install/om_aiv_msg/include/om_aiv_msg/msg/detail/status__functions.c
[0.419s] -- Up-to-date: /home/omron/Omron_LD/install/om_aiv_msg/include/om_aiv_msg/msg/detail/status__functions.h
[0.419s] -- Up-to-date: /home/omron/Omron_LD/install/om_aiv_msg/include/om_aiv_msg/msg/detail/status__type_support.h
[0.419s] -- Up-to-date: /home/omron/Omron_LD/install/om_aiv_msg/include/om_aiv_msg/msg/detail/location__functions.h
[0.419s] -- Up-to-date: /home/omron/Omron_LD/install/om_aiv_msg/include/om_aiv_msg/msg/detail/location__struct.h
[0.420s] -- Up-to-date: /home/omron/Omron_LD/install/om_aiv_msg/include/om_aiv_msg/msg/detail/location__type_support.h
[0.420s] -- Up-to-date: /home/omron/Omron_LD/install/om_aiv_msg/include/om_aiv_msg/msg/rosidl_generator_c__visibility_control.h
[0.420s] -- Up-to-date: /home/omron/Omron_LD/install/om_aiv_msg/include/om_aiv_msg/msg/status.h
[0.420s] -- Up-to-date: /home/omron/Omron_LD/install/om_aiv_msg/include/om_aiv_msg/srv
[0.420s] -- Up-to-date: /home/omron/Omron_LD/install/om_aiv_msg/include/om_aiv_msg/srv/arcl_listen.h
[0.420s] -- Up-to-date: /home/omron/Omron_LD/install/om_aiv_msg/include/om_aiv_msg/srv/detail
[0.420s] -- Up-to-date: /home/omron/Omron_LD/install/om_aiv_msg/include/om_aiv_msg/srv/detail/arcl_api__type_support.h
[0.420s] -- Up-to-date: /home/omron/Omron_LD/install/om_aiv_msg/include/om_aiv_msg/srv/detail/arcl_api__struct.h
[0.420s] -- Up-to-date: /home/omron/Omron_LD/install/om_aiv_msg/include/om_aiv_msg/srv/detail/arcl_listen__type_support.h
[0.421s] -- Up-to-date: /home/omron/Omron_LD/install/om_aiv_msg/include/om_aiv_msg/srv/detail/arcl_api__functions.c
[0.421s] -- Up-to-date: /home/omron/Omron_LD/install/om_aiv_msg/include/om_aiv_msg/srv/detail/arcl_api__functions.h
[0.421s] -- Up-to-date: /home/omron/Omron_LD/install/om_aiv_msg/include/om_aiv_msg/srv/detail/arcl_listen__functions.c
[0.421s] -- Up-to-date: /home/omron/Omron_LD/install/om_aiv_msg/include/om_aiv_msg/srv/detail/arcl_listen__functions.h
[0.421s] -- Up-to-date: /home/omron/Omron_LD/install/om_aiv_msg/include/om_aiv_msg/srv/detail/arcl_listen__struct.h
[0.421s] -- Up-to-date: /home/omron/Omron_LD/install/om_aiv_msg/include/om_aiv_msg/srv/arcl_api.h
[0.421s] -- Up-to-date: /home/omron/Omron_LD/install/om_aiv_msg/share/om_aiv_msg/environment/library_path.sh
[0.421s] -- Up-to-date: /home/omron/Omron_LD/install/om_aiv_msg/share/om_aiv_msg/environment/library_path.dsv
[0.421s] -- Up-to-date: /home/omron/Omron_LD/install/om_aiv_msg/lib/libom_aiv_msg__rosidl_generator_c.so
[0.421s] -- Up-to-date: /home/omron/Omron_LD/install/om_aiv_msg/include/om_aiv_msg
[0.421s] -- Up-to-date: /home/omron/Omron_LD/install/om_aiv_msg/include/om_aiv_msg/action
[0.422s] -- Up-to-date: /home/omron/Omron_LD/install/om_aiv_msg/include/om_aiv_msg/action/detail
[0.422s] -- Up-to-date: /home/omron/Omron_LD/install/om_aiv_msg/include/om_aiv_msg/action/detail/action__rosidl_typesupport_fastrtps_c.h
[0.422s] -- Up-to-date: /home/omron/Omron_LD/install/om_aiv_msg/include/om_aiv_msg/msg
[0.422s] -- Up-to-date: /home/omron/Omron_LD/install/om_aiv_msg/include/om_aiv_msg/msg/rosidl_typesupport_fastrtps_c__visibility_control.h
[0.422s] -- Up-to-date: /home/omron/Omron_LD/install/om_aiv_msg/include/om_aiv_msg/msg/detail
[0.422s] -- Up-to-date: /home/omron/Omron_LD/install/om_aiv_msg/include/om_aiv_msg/msg/detail/status__rosidl_typesupport_fastrtps_c.h
[0.422s] -- Up-to-date: /home/omron/Omron_LD/install/om_aiv_msg/include/om_aiv_msg/msg/detail/location__rosidl_typesupport_fastrtps_c.h
[0.423s] -- Up-to-date: /home/omron/Omron_LD/install/om_aiv_msg/include/om_aiv_msg/srv
[0.423s] -- Up-to-date: /home/omron/Omron_LD/install/om_aiv_msg/include/om_aiv_msg/srv/detail
[0.423s] -- Up-to-date: /home/omron/Omron_LD/install/om_aiv_msg/include/om_aiv_msg/srv/detail/arcl_listen__rosidl_typesupport_fastrtps_c.h
[0.423s] -- Up-to-date: /home/omron/Omron_LD/install/om_aiv_msg/include/om_aiv_msg/srv/detail/arcl_api__rosidl_typesupport_fastrtps_c.h
[0.424s] -- Up-to-date: /home/omron/Omron_LD/install/om_aiv_msg/lib/libom_aiv_msg__rosidl_typesupport_fastrtps_c.so
[0.424s] -- Up-to-date: /home/omron/Omron_LD/install/om_aiv_msg/include/om_aiv_msg
[0.424s] -- Up-to-date: /home/omron/Omron_LD/install/om_aiv_msg/include/om_aiv_msg/action
[0.424s] -- Up-to-date: /home/omron/Omron_LD/install/om_aiv_msg/include/om_aiv_msg/action/detail
[0.424s] -- Up-to-date: /home/omron/Omron_LD/install/om_aiv_msg/include/om_aiv_msg/action/detail/dds_fastrtps
[0.424s] -- Up-to-date: /home/omron/Omron_LD/install/om_aiv_msg/include/om_aiv_msg/action/detail/action__rosidl_typesupport_fastrtps_cpp.hpp
[0.424s] -- Up-to-date: /home/omron/Omron_LD/install/om_aiv_msg/include/om_aiv_msg/msg
[0.424s] -- Up-to-date: /home/omron/Omron_LD/install/om_aiv_msg/include/om_aiv_msg/msg/rosidl_typesupport_fastrtps_cpp__visibility_control.h
[0.424s] -- Up-to-date: /home/omron/Omron_LD/install/om_aiv_msg/include/om_aiv_msg/msg/detail
[0.424s] -- Up-to-date: /home/omron/Omron_LD/install/om_aiv_msg/include/om_aiv_msg/msg/detail/dds_fastrtps
[0.425s] -- Up-to-date: /home/omron/Omron_LD/install/om_aiv_msg/include/om_aiv_msg/msg/detail/location__rosidl_typesupport_fastrtps_cpp.hpp
[0.425s] -- Up-to-date: /home/omron/Omron_LD/install/om_aiv_msg/include/om_aiv_msg/msg/detail/status__rosidl_typesupport_fastrtps_cpp.hpp
[0.425s] -- Up-to-date: /home/omron/Omron_LD/install/om_aiv_msg/include/om_aiv_msg/srv
[0.425s] -- Up-to-date: /home/omron/Omron_LD/install/om_aiv_msg/include/om_aiv_msg/srv/detail
[0.425s] -- Up-to-date: /home/omron/Omron_LD/install/om_aiv_msg/include/om_aiv_msg/srv/detail/dds_fastrtps
[0.425s] -- Up-to-date: /home/omron/Omron_LD/install/om_aiv_msg/include/om_aiv_msg/srv/detail/arcl_api__rosidl_typesupport_fastrtps_cpp.hpp
[0.425s] -- Up-to-date: /home/omron/Omron_LD/install/om_aiv_msg/include/om_aiv_msg/srv/detail/arcl_listen__rosidl_typesupport_fastrtps_cpp.hpp
[0.425s] -- Up-to-date: /home/omron/Omron_LD/install/om_aiv_msg/lib/libom_aiv_msg__rosidl_typesupport_fastrtps_cpp.so
[0.425s] -- Up-to-date: /home/omron/Omron_LD/install/om_aiv_msg/include/om_aiv_msg
[0.425s] -- Up-to-date: /home/omron/Omron_LD/install/om_aiv_msg/include/om_aiv_msg/action
[0.425s] -- Up-to-date: /home/omron/Omron_LD/install/om_aiv_msg/include/om_aiv_msg/action/detail
[0.425s] -- Up-to-date: /home/omron/Omron_LD/install/om_aiv_msg/include/om_aiv_msg/action/detail/action__rosidl_typesupport_introspection_c.h
[0.425s] -- Up-to-date: /home/omron/Omron_LD/install/om_aiv_msg/include/om_aiv_msg/action/detail/action__type_support.c
[0.425s] -- Up-to-date: /home/omron/Omron_LD/install/om_aiv_msg/include/om_aiv_msg/msg
[0.425s] -- Up-to-date: /home/omron/Omron_LD/install/om_aiv_msg/include/om_aiv_msg/msg/rosidl_typesupport_introspection_c__visibility_control.h
[0.426s] -- Up-to-date: /home/omron/Omron_LD/install/om_aiv_msg/include/om_aiv_msg/msg/detail
[0.426s] -- Up-to-date: /home/omron/Omron_LD/install/om_aiv_msg/include/om_aiv_msg/msg/detail/location__type_support.c
[0.426s] -- Up-to-date: /home/omron/Omron_LD/install/om_aiv_msg/include/om_aiv_msg/msg/detail/location__rosidl_typesupport_introspection_c.h
[0.426s] -- Up-to-date: /home/omron/Omron_LD/install/om_aiv_msg/include/om_aiv_msg/msg/detail/status__type_support.c
[0.426s] -- Up-to-date: /home/omron/Omron_LD/install/om_aiv_msg/include/om_aiv_msg/msg/detail/status__rosidl_typesupport_introspection_c.h
[0.426s] -- Up-to-date: /home/omron/Omron_LD/install/om_aiv_msg/include/om_aiv_msg/srv
[0.426s] -- Up-to-date: /home/omron/Omron_LD/install/om_aiv_msg/include/om_aiv_msg/srv/detail
[0.426s] -- Up-to-date: /home/omron/Omron_LD/install/om_aiv_msg/include/om_aiv_msg/srv/detail/arcl_listen__type_support.c
[0.426s] -- Up-to-date: /home/omron/Omron_LD/install/om_aiv_msg/include/om_aiv_msg/srv/detail/arcl_listen__rosidl_typesupport_introspection_c.h
[0.426s] -- Up-to-date: /home/omron/Omron_LD/install/om_aiv_msg/include/om_aiv_msg/srv/detail/arcl_api__rosidl_typesupport_introspection_c.h
[0.426s] -- Up-to-date: /home/omron/Omron_LD/install/om_aiv_msg/include/om_aiv_msg/srv/detail/arcl_api__type_support.c
[0.426s] -- Up-to-date: /home/omron/Omron_LD/install/om_aiv_msg/lib/libom_aiv_msg__rosidl_typesupport_introspection_c.so
[0.426s] -- Up-to-date: /home/omron/Omron_LD/install/om_aiv_msg/lib/libom_aiv_msg__rosidl_typesupport_c.so
[0.426s] -- Up-to-date: /home/omron/Omron_LD/install/om_aiv_msg/include/om_aiv_msg
[0.426s] -- Up-to-date: /home/omron/Omron_LD/install/om_aiv_msg/include/om_aiv_msg/action
[0.427s] -- Up-to-date: /home/omron/Omron_LD/install/om_aiv_msg/include/om_aiv_msg/action/action.hpp
[0.427s] -- Up-to-date: /home/omron/Omron_LD/install/om_aiv_msg/include/om_aiv_msg/action/detail
[0.427s] -- Up-to-date: /home/omron/Omron_LD/install/om_aiv_msg/include/om_aiv_msg/action/detail/action__builder.hpp
[0.427s] -- Up-to-date: /home/omron/Omron_LD/install/om_aiv_msg/include/om_aiv_msg/action/detail/action__traits.hpp
[0.427s] -- Up-to-date: /home/omron/Omron_LD/install/om_aiv_msg/include/om_aiv_msg/action/detail/action__struct.hpp
[0.427s] -- Up-to-date: /home/omron/Omron_LD/install/om_aiv_msg/include/om_aiv_msg/msg
[0.427s] -- Up-to-date: /home/omron/Omron_LD/install/om_aiv_msg/include/om_aiv_msg/msg/status.hpp
[0.427s] -- Up-to-date: /home/omron/Omron_LD/install/om_aiv_msg/include/om_aiv_msg/msg/location.hpp
[0.427s] -- Up-to-date: /home/omron/Omron_LD/install/om_aiv_msg/include/om_aiv_msg/msg/detail
[0.427s] -- Up-to-date: /home/omron/Omron_LD/install/om_aiv_msg/include/om_aiv_msg/msg/detail/location__traits.hpp
[0.427s] -- Up-to-date: /home/omron/Omron_LD/install/om_aiv_msg/include/om_aiv_msg/msg/detail/status__struct.hpp
[0.427s] -- Up-to-date: /home/omron/Omron_LD/install/om_aiv_msg/include/om_aiv_msg/msg/detail/location__builder.hpp
[0.427s] -- Up-to-date: /home/omron/Omron_LD/install/om_aiv_msg/include/om_aiv_msg/msg/detail/status__traits.hpp
[0.427s] -- Up-to-date: /home/omron/Omron_LD/install/om_aiv_msg/include/om_aiv_msg/msg/detail/status__builder.hpp
[0.427s] -- Up-to-date: /home/omron/Omron_LD/install/om_aiv_msg/include/om_aiv_msg/msg/detail/location__struct.hpp
[0.427s] -- Up-to-date: /home/omron/Omron_LD/install/om_aiv_msg/include/om_aiv_msg/srv
[0.427s] -- Up-to-date: /home/omron/Omron_LD/install/om_aiv_msg/include/om_aiv_msg/srv/arcl_listen.hpp
[0.428s] -- Up-to-date: /home/omron/Omron_LD/install/om_aiv_msg/include/om_aiv_msg/srv/detail
[0.428s] -- Up-to-date: /home/omron/Omron_LD/install/om_aiv_msg/include/om_aiv_msg/srv/detail/arcl_api__builder.hpp
[0.428s] -- Up-to-date: /home/omron/Omron_LD/install/om_aiv_msg/include/om_aiv_msg/srv/detail/arcl_listen__builder.hpp
[0.428s] -- Up-to-date: /home/omron/Omron_LD/install/om_aiv_msg/include/om_aiv_msg/srv/detail/arcl_listen__struct.hpp
[0.428s] -- Up-to-date: /home/omron/Omron_LD/install/om_aiv_msg/include/om_aiv_msg/srv/detail/arcl_listen__traits.hpp
[0.428s] -- Up-to-date: /home/omron/Omron_LD/install/om_aiv_msg/include/om_aiv_msg/srv/detail/arcl_api__traits.hpp
[0.428s] -- Up-to-date: /home/omron/Omron_LD/install/om_aiv_msg/include/om_aiv_msg/srv/detail/arcl_api__struct.hpp
[0.428s] -- Up-to-date: /home/omron/Omron_LD/install/om_aiv_msg/include/om_aiv_msg/srv/arcl_api.hpp
[0.428s] -- Up-to-date: /home/omron/Omron_LD/install/om_aiv_msg/include/om_aiv_msg
[0.428s] -- Up-to-date: /home/omron/Omron_LD/install/om_aiv_msg/include/om_aiv_msg/action
[0.428s] -- Up-to-date: /home/omron/Omron_LD/install/om_aiv_msg/include/om_aiv_msg/action/detail
[0.428s] -- Up-to-date: /home/omron/Omron_LD/install/om_aiv_msg/include/om_aiv_msg/action/detail/action__rosidl_typesupport_introspection_cpp.hpp
[0.428s] -- Up-to-date: /home/omron/Omron_LD/install/om_aiv_msg/include/om_aiv_msg/action/detail/action__type_support.cpp
[0.428s] -- Up-to-date: /home/omron/Omron_LD/install/om_aiv_msg/include/om_aiv_msg/msg
[0.428s] -- Up-to-date: /home/omron/Omron_LD/install/om_aiv_msg/include/om_aiv_msg/msg/detail
[0.428s] -- Up-to-date: /home/omron/Omron_LD/install/om_aiv_msg/include/om_aiv_msg/msg/detail/status__rosidl_typesupport_introspection_cpp.hpp
[0.429s] -- Up-to-date: /home/omron/Omron_LD/install/om_aiv_msg/include/om_aiv_msg/msg/detail/location__type_support.cpp
[0.429s] -- Up-to-date: /home/omron/Omron_LD/install/om_aiv_msg/include/om_aiv_msg/msg/detail/status__type_support.cpp
[0.429s] -- Up-to-date: /home/omron/Omron_LD/install/om_aiv_msg/include/om_aiv_msg/msg/detail/location__rosidl_typesupport_introspection_cpp.hpp
[0.429s] -- Up-to-date: /home/omron/Omron_LD/install/om_aiv_msg/include/om_aiv_msg/srv
[0.429s] -- Up-to-date: /home/omron/Omron_LD/install/om_aiv_msg/include/om_aiv_msg/srv/detail
[0.429s] -- Up-to-date: /home/omron/Omron_LD/install/om_aiv_msg/include/om_aiv_msg/srv/detail/arcl_listen__type_support.cpp
[0.429s] -- Up-to-date: /home/omron/Omron_LD/install/om_aiv_msg/include/om_aiv_msg/srv/detail/arcl_api__type_support.cpp
[0.429s] -- Up-to-date: /home/omron/Omron_LD/install/om_aiv_msg/include/om_aiv_msg/srv/detail/arcl_api__rosidl_typesupport_introspection_cpp.hpp
[0.429s] -- Up-to-date: /home/omron/Omron_LD/install/om_aiv_msg/include/om_aiv_msg/srv/detail/arcl_listen__rosidl_typesupport_introspection_cpp.hpp
[0.429s] -- Up-to-date: /home/omron/Omron_LD/install/om_aiv_msg/lib/libom_aiv_msg__rosidl_typesupport_introspection_cpp.so
[0.429s] -- Up-to-date: /home/omron/Omron_LD/install/om_aiv_msg/lib/libom_aiv_msg__rosidl_typesupport_cpp.so
[0.429s] -- Up-to-date: /home/omron/Omron_LD/install/om_aiv_msg/share/om_aiv_msg/environment/pythonpath.sh
[0.429s] -- Up-to-date: /home/omron/Omron_LD/install/om_aiv_msg/share/om_aiv_msg/environment/pythonpath.dsv
[0.429s] -- Up-to-date: /home/omron/Omron_LD/install/om_aiv_msg/lib/python3.8/site-packages/om_aiv_msg/__init__.py
[0.459s] -- Up-to-date: /home/omron/Omron_LD/install/om_aiv_msg/lib/python3.8/site-packages/om_aiv_msg/msg
[0.459s] -- Up-to-date: /home/omron/Omron_LD/install/om_aiv_msg/lib/python3.8/site-packages/om_aiv_msg/msg/_location.py
[0.459s] -- Up-to-date: /home/omron/Omron_LD/install/om_aiv_msg/lib/python3.8/site-packages/om_aiv_msg/msg/_status_s.c
[0.460s] -- Up-to-date: /home/omron/Omron_LD/install/om_aiv_msg/lib/python3.8/site-packages/om_aiv_msg/msg/_status.py
[0.460s] -- Up-to-date: /home/omron/Omron_LD/install/om_aiv_msg/lib/python3.8/site-packages/om_aiv_msg/msg/__init__.py
[0.460s] -- Up-to-date: /home/omron/Omron_LD/install/om_aiv_msg/lib/python3.8/site-packages/om_aiv_msg/msg/_location_s.c
[0.460s] -- Up-to-date: /home/omron/Omron_LD/install/om_aiv_msg/lib/python3.8/site-packages/om_aiv_msg/srv
[0.460s] -- Up-to-date: /home/omron/Omron_LD/install/om_aiv_msg/lib/python3.8/site-packages/om_aiv_msg/srv/_arcl_api_s.c
[0.460s] -- Up-to-date: /home/omron/Omron_LD/install/om_aiv_msg/lib/python3.8/site-packages/om_aiv_msg/srv/_arcl_listen.py
[0.461s] -- Up-to-date: /home/omron/Omron_LD/install/om_aiv_msg/lib/python3.8/site-packages/om_aiv_msg/srv/__init__.py
[0.461s] -- Up-to-date: /home/omron/Omron_LD/install/om_aiv_msg/lib/python3.8/site-packages/om_aiv_msg/srv/_arcl_api.py
[0.461s] -- Up-to-date: /home/omron/Omron_LD/install/om_aiv_msg/lib/python3.8/site-packages/om_aiv_msg/srv/_arcl_listen_s.c
[0.461s] -- Up-to-date: /home/omron/Omron_LD/install/om_aiv_msg/lib/python3.8/site-packages/om_aiv_msg/action
[0.461s] -- Up-to-date: /home/omron/Omron_LD/install/om_aiv_msg/lib/python3.8/site-packages/om_aiv_msg/action/_action.py
[0.461s] -- Up-to-date: /home/omron/Omron_LD/install/om_aiv_msg/lib/python3.8/site-packages/om_aiv_msg/action/_action_s.c
[0.461s] -- Up-to-date: /home/omron/Omron_LD/install/om_aiv_msg/lib/python3.8/site-packages/om_aiv_msg/action/__init__.py
[0.462s] -- Up-to-date: /home/omron/Omron_LD/install/om_aiv_msg/lib/python3.8/site-packages/om_aiv_msg/om_aiv_msg_s__rosidl_typesupport_fastrtps_c.cpython-38-x86_64-linux-gnu.so
[0.462s] -- Up-to-date: /home/omron/Omron_LD/install/om_aiv_msg/lib/python3.8/site-packages/om_aiv_msg/om_aiv_msg_s__rosidl_typesupport_introspection_c.cpython-38-x86_64-linux-gnu.so
[0.462s] -- Up-to-date: /home/omron/Omron_LD/install/om_aiv_msg/lib/python3.8/site-packages/om_aiv_msg/om_aiv_msg_s__rosidl_typesupport_c.cpython-38-x86_64-linux-gnu.so
[0.462s] -- Up-to-date: /home/omron/Omron_LD/install/om_aiv_msg/lib/libom_aiv_msg__python.so
[0.463s] -- Up-to-date: /home/omron/Omron_LD/install/om_aiv_msg/share/om_aiv_msg/msg/Location.idl
[0.463s] -- Up-to-date: /home/omron/Omron_LD/install/om_aiv_msg/share/om_aiv_msg/msg/Status.idl
[0.463s] -- Up-to-date: /home/omron/Omron_LD/install/om_aiv_msg/share/om_aiv_msg/srv/ArclApi.idl
[0.463s] -- Up-to-date: /home/omron/Omron_LD/install/om_aiv_msg/share/om_aiv_msg/srv/ArclListen.idl
[0.463s] -- Up-to-date: /home/omron/Omron_LD/install/om_aiv_msg/share/om_aiv_msg/action/Action.idl
[0.464s] -- Up-to-date: /home/omron/Omron_LD/install/om_aiv_msg/share/om_aiv_msg/msg/Location.msg
[0.464s] -- Up-to-date: /home/omron/Omron_LD/install/om_aiv_msg/share/om_aiv_msg/msg/Status.msg
[0.464s] -- Up-to-date: /home/omron/Omron_LD/install/om_aiv_msg/share/om_aiv_msg/srv/ArclApi.srv
[0.464s] -- Up-to-date: /home/omron/Omron_LD/install/om_aiv_msg/share/om_aiv_msg/srv/ArclApi_Request.msg
[0.464s] -- Up-to-date: /home/omron/Omron_LD/install/om_aiv_msg/share/om_aiv_msg/srv/ArclApi_Response.msg
[0.464s] -- Up-to-date: /home/omron/Omron_LD/install/om_aiv_msg/share/om_aiv_msg/srv/ArclListen.srv
[0.464s] -- Up-to-date: /home/omron/Omron_LD/install/om_aiv_msg/share/om_aiv_msg/srv/ArclListen_Request.msg
[0.465s] -- Up-to-date: /home/omron/Omron_LD/install/om_aiv_msg/share/om_aiv_msg/srv/ArclListen_Response.msg
[0.465s] -- Up-to-date: /home/omron/Omron_LD/install/om_aiv_msg/share/om_aiv_msg/action/Action.action
[0.465s] -- Up-to-date: /home/omron/Omron_LD/install/om_aiv_msg/share/ament_index/resource_index/package_run_dependencies/om_aiv_msg
[0.465s] -- Up-to-date: /home/omron/Omron_LD/install/om_aiv_msg/share/ament_index/resource_index/parent_prefix_path/om_aiv_msg
[0.465s] -- Up-to-date: /home/omron/Omron_LD/install/om_aiv_msg/share/om_aiv_msg/environment/ament_prefix_path.sh
[0.465s] -- Up-to-date: /home/omron/Omron_LD/install/om_aiv_msg/share/om_aiv_msg/environment/ament_prefix_path.dsv
[0.465s] -- Up-to-date: /home/omron/Omron_LD/install/om_aiv_msg/share/om_aiv_msg/environment/path.sh
[0.466s] -- Up-to-date: /home/omron/Omron_LD/install/om_aiv_msg/share/om_aiv_msg/environment/path.dsv
[0.466s] -- Up-to-date: /home/omron/Omron_LD/install/om_aiv_msg/share/om_aiv_msg/local_setup.bash
[0.466s] -- Up-to-date: /home/omron/Omron_LD/install/om_aiv_msg/share/om_aiv_msg/local_setup.sh
[0.466s] -- Up-to-date: /home/omron/Omron_LD/install/om_aiv_msg/share/om_aiv_msg/local_setup.zsh
[0.467s] -- Up-to-date: /home/omron/Omron_LD/install/om_aiv_msg/share/om_aiv_msg/local_setup.dsv
[0.467s] -- Installing: /home/omron/Omron_LD/install/om_aiv_msg/share/om_aiv_msg/package.dsv
[0.467s] -- Up-to-date: /home/omron/Omron_LD/install/om_aiv_msg/share/ament_index/resource_index/packages/om_aiv_msg
[0.467s] -- Up-to-date: /home/omron/Omron_LD/install/om_aiv_msg/share/om_aiv_msg/cmake/om_aiv_msg__rosidl_generator_cExport.cmake
[0.467s] -- Up-to-date: /home/omron/Omron_LD/install/om_aiv_msg/share/om_aiv_msg/cmake/om_aiv_msg__rosidl_generator_cExport-noconfig.cmake
[0.467s] -- Up-to-date: /home/omron/Omron_LD/install/om_aiv_msg/share/om_aiv_msg/cmake/om_aiv_msg__rosidl_typesupport_introspection_cExport.cmake
[0.468s] -- Up-to-date: /home/omron/Omron_LD/install/om_aiv_msg/share/om_aiv_msg/cmake/om_aiv_msg__rosidl_typesupport_introspection_cExport-noconfig.cmake
[0.468s] -- Up-to-date: /home/omron/Omron_LD/install/om_aiv_msg/share/om_aiv_msg/cmake/om_aiv_msg__rosidl_typesupport_cExport.cmake
[0.468s] -- Up-to-date: /home/omron/Omron_LD/install/om_aiv_msg/share/om_aiv_msg/cmake/om_aiv_msg__rosidl_typesupport_cExport-noconfig.cmake
[0.468s] -- Up-to-date: /home/omron/Omron_LD/install/om_aiv_msg/share/om_aiv_msg/cmake/om_aiv_msg__rosidl_generator_cppExport.cmake
[0.468s] -- Up-to-date: /home/omron/Omron_LD/install/om_aiv_msg/share/om_aiv_msg/cmake/om_aiv_msg__rosidl_typesupport_introspection_cppExport.cmake
[0.470s] -- Up-to-date: /home/omron/Omron_LD/install/om_aiv_msg/share/om_aiv_msg/cmake/om_aiv_msg__rosidl_typesupport_introspection_cppExport-noconfig.cmake
[0.470s] -- Up-to-date: /home/omron/Omron_LD/install/om_aiv_msg/share/om_aiv_msg/cmake/om_aiv_msg__rosidl_typesupport_cppExport.cmake
[0.470s] -- Up-to-date: /home/omron/Omron_LD/install/om_aiv_msg/share/om_aiv_msg/cmake/om_aiv_msg__rosidl_typesupport_cppExport-noconfig.cmake
[0.470s] -- Up-to-date: /home/omron/Omron_LD/install/om_aiv_msg/share/om_aiv_msg/cmake/rosidl_cmake-extras.cmake
[0.471s] -- Up-to-date: /home/omron/Omron_LD/install/om_aiv_msg/share/om_aiv_msg/cmake/ament_cmake_export_dependencies-extras.cmake
[0.471s] -- Up-to-date: /home/omron/Omron_LD/install/om_aiv_msg/share/om_aiv_msg/cmake/ament_cmake_export_libraries-extras.cmake
[0.471s] -- Up-to-date: /home/omron/Omron_LD/install/om_aiv_msg/share/om_aiv_msg/cmake/ament_cmake_export_targets-extras.cmake
[0.471s] -- Up-to-date: /home/omron/Omron_LD/install/om_aiv_msg/share/om_aiv_msg/cmake/ament_cmake_export_include_directories-extras.cmake
[0.471s] -- Up-to-date: /home/omron/Omron_LD/install/om_aiv_msg/share/om_aiv_msg/cmake/rosidl_cmake_export_typesupport_libraries-extras.cmake
[0.472s] -- Up-to-date: /home/omron/Omron_LD/install/om_aiv_msg/share/om_aiv_msg/cmake/rosidl_cmake_export_typesupport_targets-extras.cmake
[0.472s] -- Up-to-date: /home/omron/Omron_LD/install/om_aiv_msg/share/om_aiv_msg/cmake/om_aiv_msgConfig.cmake
[0.472s] -- Up-to-date: /home/omron/Omron_LD/install/om_aiv_msg/share/om_aiv_msg/cmake/om_aiv_msgConfig-version.cmake
[0.472s] -- Up-to-date: /home/omron/Omron_LD/install/om_aiv_msg/share/om_aiv_msg/package.xml
[0.473s] Invoked command in '/home/omron/Omron_LD/build/om_aiv_msg' returned '0': CMAKE_PREFIX_PATH=${CMAKE_PREFIX_PATH}:/home/omron/Omron_LD/install/om_aiv_util:/home/omron/Omron_LD/install/om_aiv_navigation:/opt/ros/foxy /usr/bin/cmake --install /home/omron/Omron_LD/build/om_aiv_msg
