[0.269s] Invoking command in '/home/omron/Omron_LD/src/om_aiv_util': PYTHONPATH=/home/omron/Omron_LD/install/om_aiv_util/lib/python3.8/site-packages:/home/omron/Omron_LD/install/om_aiv_msg/lib/python3.8/site-packages:/home/omron/Omron_LD/install/om_aiv_util/lib/python3.8/site-packages:/home/omron/Omron_LD/install/om_aiv_navigation/lib/python3.8/site-packages:/opt/ros/foxy/lib/python3.8/site-packages /usr/bin/python3 setup.py egg_info --egg-base ../../build/om_aiv_util build --build-base /home/omron/Omron_LD/build/om_aiv_util/build install --prefix /home/omron/Omron_LD/install/om_aiv_util --record /home/omron/Omron_LD/build/om_aiv_util/install.log --single-version-externally-managed
[0.456s] running egg_info
[0.457s] creating ../../build/om_aiv_util/om_aiv_util.egg-info
[0.457s] writing ../../build/om_aiv_util/om_aiv_util.egg-info/PKG-INFO
[0.457s] writing dependency_links to ../../build/om_aiv_util/om_aiv_util.egg-info/dependency_links.txt
[0.457s] writing entry points to ../../build/om_aiv_util/om_aiv_util.egg-info/entry_points.txt
[0.457s] writing requirements to ../../build/om_aiv_util/om_aiv_util.egg-info/requires.txt
[0.457s] writing top-level names to ../../build/om_aiv_util/om_aiv_util.egg-info/top_level.txt
[0.458s] writing manifest file '../../build/om_aiv_util/om_aiv_util.egg-info/SOURCES.txt'
[0.487s] reading manifest file '../../build/om_aiv_util/om_aiv_util.egg-info/SOURCES.txt'
[0.488s] writing manifest file '../../build/om_aiv_util/om_aiv_util.egg-info/SOURCES.txt'
[0.488s] running build
[0.488s] running build_py
[0.488s] creating /home/omron/Omron_LD/build/om_aiv_util/build
[0.488s] creating /home/omron/Omron_LD/build/om_aiv_util/build/lib
[0.488s] creating /home/omron/Omron_LD/build/om_aiv_util/build/lib/om_aiv_util
[0.488s] copying om_aiv_util/socket_taskmaster.py -> /home/omron/Omron_LD/build/om_aiv_util/build/lib/om_aiv_util
[0.489s] copying om_aiv_util/ld_states_publisher.py -> /home/omron/Omron_LD/build/om_aiv_util/build/lib/om_aiv_util
[0.489s] copying om_aiv_util/__init__.py -> /home/omron/Omron_LD/build/om_aiv_util/build/lib/om_aiv_util
[0.489s] copying om_aiv_util/socket_listener.py -> /home/omron/Omron_LD/build/om_aiv_util/build/lib/om_aiv_util
[0.490s] copying om_aiv_util/socket_driver.py -> /home/omron/Omron_LD/build/om_aiv_util/build/lib/om_aiv_util
[0.490s] copying om_aiv_util/socketconnection_class.py -> /home/omron/Omron_LD/build/om_aiv_util/build/lib/om_aiv_util
[0.490s] copying om_aiv_util/arcl_api_server.py -> /home/omron/Omron_LD/build/om_aiv_util/build/lib/om_aiv_util
[0.491s] running install
[0.492s] running install_lib
[0.493s] creating /home/omron/Omron_LD/install/om_aiv_util/lib/python3.8/site-packages/om_aiv_util
[0.493s] copying /home/omron/Omron_LD/build/om_aiv_util/build/lib/om_aiv_util/socket_taskmaster.py -> /home/omron/Omron_LD/install/om_aiv_util/lib/python3.8/site-packages/om_aiv_util
[0.493s] copying /home/omron/Omron_LD/build/om_aiv_util/build/lib/om_aiv_util/ld_states_publisher.py -> /home/omron/Omron_LD/install/om_aiv_util/lib/python3.8/site-packages/om_aiv_util
[0.493s] copying /home/omron/Omron_LD/build/om_aiv_util/build/lib/om_aiv_util/__init__.py -> /home/omron/Omron_LD/install/om_aiv_util/lib/python3.8/site-packages/om_aiv_util
[0.493s] copying /home/omron/Omron_LD/build/om_aiv_util/build/lib/om_aiv_util/socket_listener.py -> /home/omron/Omron_LD/install/om_aiv_util/lib/python3.8/site-packages/om_aiv_util
[0.493s] copying /home/omron/Omron_LD/build/om_aiv_util/build/lib/om_aiv_util/socket_driver.py -> /home/omron/Omron_LD/install/om_aiv_util/lib/python3.8/site-packages/om_aiv_util
[0.493s] copying /home/omron/Omron_LD/build/om_aiv_util/build/lib/om_aiv_util/socketconnection_class.py -> /home/omron/Omron_LD/install/om_aiv_util/lib/python3.8/site-packages/om_aiv_util
[0.494s] copying /home/omron/Omron_LD/build/om_aiv_util/build/lib/om_aiv_util/arcl_api_server.py -> /home/omron/Omron_LD/install/om_aiv_util/lib/python3.8/site-packages/om_aiv_util
[0.494s] byte-compiling /home/omron/Omron_LD/install/om_aiv_util/lib/python3.8/site-packages/om_aiv_util/socket_taskmaster.py to socket_taskmaster.cpython-38.pyc
[0.496s] byte-compiling /home/omron/Omron_LD/install/om_aiv_util/lib/python3.8/site-packages/om_aiv_util/ld_states_publisher.py to ld_states_publisher.cpython-38.pyc
[0.497s] byte-compiling /home/omron/Omron_LD/install/om_aiv_util/lib/python3.8/site-packages/om_aiv_util/__init__.py to __init__.cpython-38.pyc
[0.497s] byte-compiling /home/omron/Omron_LD/install/om_aiv_util/lib/python3.8/site-packages/om_aiv_util/socket_listener.py to socket_listener.cpython-38.pyc
[0.498s] byte-compiling /home/omron/Omron_LD/install/om_aiv_util/lib/python3.8/site-packages/om_aiv_util/socket_driver.py to socket_driver.cpython-38.pyc
[0.499s] byte-compiling /home/omron/Omron_LD/install/om_aiv_util/lib/python3.8/site-packages/om_aiv_util/socketconnection_class.py to socketconnection_class.cpython-38.pyc
[0.500s] byte-compiling /home/omron/Omron_LD/install/om_aiv_util/lib/python3.8/site-packages/om_aiv_util/arcl_api_server.py to arcl_api_server.cpython-38.pyc
[0.500s] running install_data
[0.501s] creating /home/omron/Omron_LD/install/om_aiv_util/share/ament_index
[0.501s] creating /home/omron/Omron_LD/install/om_aiv_util/share/ament_index/resource_index
[0.501s] creating /home/omron/Omron_LD/install/om_aiv_util/share/ament_index/resource_index/packages
[0.501s] copying resource/om_aiv_util -> /home/omron/Omron_LD/install/om_aiv_util/share/ament_index/resource_index/packages
[0.502s] copying package.xml -> /home/omron/Omron_LD/install/om_aiv_util/share/om_aiv_util
[0.502s] copying launch/1robot.launch.py -> /home/omron/Omron_LD/install/om_aiv_util/share/om_aiv_util
[0.502s] creating /home/omron/Omron_LD/install/om_aiv_util/share/om_aiv_util/config
[0.502s] copying config/main_param.yaml -> /home/omron/Omron_LD/install/om_aiv_util/share/om_aiv_util/config
[0.502s] running install_egg_info
[0.504s] Copying ../../build/om_aiv_util/om_aiv_util.egg-info to /home/omron/Omron_LD/install/om_aiv_util/lib/python3.8/site-packages/om_aiv_util-0.0.0-py3.8.egg-info
[0.505s] running install_scripts
[0.521s] Installing arcl_api_server script to /home/omron/Omron_LD/install/om_aiv_util/lib/om_aiv_util
[0.521s] Installing ld_states_publisher script to /home/omron/Omron_LD/install/om_aiv_util/lib/om_aiv_util
[0.521s] writing list of installed files to '/home/omron/Omron_LD/build/om_aiv_util/install.log'
[0.546s] Invoked command in '/home/omron/Omron_LD/src/om_aiv_util' returned '0': PYTHONPATH=/home/omron/Omron_LD/install/om_aiv_util/lib/python3.8/site-packages:/home/omron/Omron_LD/install/om_aiv_msg/lib/python3.8/site-packages:/home/omron/Omron_LD/install/om_aiv_util/lib/python3.8/site-packages:/home/omron/Omron_LD/install/om_aiv_navigation/lib/python3.8/site-packages:/opt/ros/foxy/lib/python3.8/site-packages /usr/bin/python3 setup.py egg_info --egg-base ../../build/om_aiv_util build --build-base /home/omron/Omron_LD/build/om_aiv_util/build install --prefix /home/omron/Omron_LD/install/om_aiv_util --record /home/omron/Omron_LD/build/om_aiv_util/install.log --single-version-externally-managed
