[01m[K/home/omron/Omron_LD/src/ld_visualisation/src/goals_marker.cpp:58:13:[m[K [01;31m[Kerror: [m[Kvariable or field ‘[01m[Kreq_goals_coord[m[K’ declared void
   58 |     rclcpp::[01;31m[KServiceClient[m[K& arcl_api_client,
      |             [01;31m[K^~~~~~~~~~~~~[m[K
[01m[K/home/omron/Omron_LD/src/ld_visualisation/src/goals_marker.cpp:58:13:[m[K [01;31m[Kerror: [m[K‘[01m[KServiceClient[m[K’ is not a member of ‘[01m[Krclcpp[m[K’; did you mean ‘[01m[KServiceBase[m[K’?
   58 |     rclcpp::[01;31m[KServiceClient[m[K& arcl_api_client,
      |             [01;31m[K^~~~~~~~~~~~~[m[K
      |             [32m[KServiceBase[m[K
[01m[K/home/omron/Omron_LD/src/ld_visualisation/src/goals_marker.cpp:58:28:[m[K [01;31m[Kerror: [m[K‘[01m[Karcl_api_client[m[K’ was not declared in this scope
   58 |     rclcpp::ServiceClient& [01;31m[Karcl_api_client[m[K,
      |                            [01;31m[K^~~~~~~~~~~~~~~[m[K
[01m[K/home/omron/Omron_LD/src/ld_visualisation/src/goals_marker.cpp:59:5:[m[K [01;31m[Kerror: [m[K‘[01m[Kom_aiv_util[m[K’ has not been declared
   59 |     [01;31m[Kom_aiv_util[m[K::srv::ArclApi& goals_info_req,
      |     [01;31m[K^~~~~~~~~~~[m[K
[01m[K/home/omron/Omron_LD/src/ld_visualisation/src/goals_marker.cpp:59:32:[m[K [01;31m[Kerror: [m[K‘[01m[Kgoals_info_req[m[K’ was not declared in this scope
   59 |     om_aiv_util::srv::ArclApi& [01;31m[Kgoals_info_req[m[K,
      |                                [01;31m[K^~~~~~~~~~~~~~[m[K
[01m[K/home/omron/Omron_LD/src/ld_visualisation/src/goals_marker.cpp:60:41:[m[K [01;31m[Kerror: [m[Kexpected primary-expression before ‘[01m[K&[m[K’ token
   60 |     visualization_msgs::msg::MarkerArray[01;31m[K&[m[K goals,
      |                                         [01;31m[K^[m[K
[01m[K/home/omron/Omron_LD/src/ld_visualisation/src/goals_marker.cpp:60:43:[m[K [01;31m[Kerror: [m[K‘[01m[Kgoals[m[K’ was not declared in this scope; did you mean ‘[01m[Kgoals_id[m[K’?
   60 |     visualization_msgs::msg::MarkerArray& [01;31m[Kgoals[m[K,
      |                                           [01;31m[K^~~~~[m[K
      |                                           [32m[Kgoals_id[m[K
[01m[K/home/omron/Omron_LD/src/ld_visualisation/src/goals_marker.cpp:61:41:[m[K [01;31m[Kerror: [m[Kexpected primary-expression before ‘[01m[K&[m[K’ token
   61 |     visualization_msgs::msg::MarkerArray[01;31m[K&[m[K goals_text,
      |                                         [01;31m[K^[m[K
[01m[K/home/omron/Omron_LD/src/ld_visualisation/src/goals_marker.cpp:61:43:[m[K [01;31m[Kerror: [m[K‘[01m[Kgoals_text[m[K’ was not declared in this scope; did you mean ‘[01m[Kgoals_list[m[K’?
   61 |     visualization_msgs::msg::MarkerArray& [01;31m[Kgoals_text[m[K,
      |                                           [01;31m[K^~~~~~~~~~[m[K
      |                                           [32m[Kgoals_list[m[K
[01m[K/home/omron/Omron_LD/src/ld_visualisation/src/goals_marker.cpp:62:37:[m[K [01;31m[Kerror: [m[Kexpected primary-expression before ‘[01m[Kone_goal[m[K’
   62 |     visualization_msgs::msg::Marker [01;31m[Kone_goal[m[K,
      |                                     [01;31m[K^~~~~~~~[m[K
[01m[K/home/omron/Omron_LD/src/ld_visualisation/src/goals_marker.cpp:63:37:[m[K [01;31m[Kerror: [m[Kexpected primary-expression before ‘[01m[Kone_goal_text[m[K’
   63 |     visualization_msgs::msg::Marker [01;31m[Kone_goal_text[m[K);
      |                                     [01;31m[K^~~~~~~~~~~~~[m[K
[01m[K/home/omron/Omron_LD/src/ld_visualisation/src/goals_marker.cpp:64:46:[m[K [01;31m[Kerror: [m[Kfound ‘[01m[K:[m[K’ in nested-name-specifier, expected ‘[01m[K::[m[K’
   64 | void all_goals_cb(const std_msgs::msg::String[01;31m[K:[m[KSharedPtr msg);
      |                                              [01;31m[K^[m[K
      |                                              [32m[K::[m[K
[01m[K/home/omron/Omron_LD/src/ld_visualisation/src/goals_marker.cpp:[m[K In function ‘[01m[Kgeometry_msgs::msg::Quaternion createQuaternionMsgFromYaw(double)[m[K’:
[01m[K/home/omron/Omron_LD/src/ld_visualisation/src/goals_marker.cpp:69:5:[m[K [01;31m[Kerror: [m[K‘[01m[Ktf2[m[K’ has not been declared
   69 |     [01;31m[Ktf2[m[K::Quaternion tfq;
      |     [01;31m[K^~~[m[K
[01m[K/home/omron/Omron_LD/src/ld_visualisation/src/goals_marker.cpp:70:5:[m[K [01;31m[Kerror: [m[K‘[01m[Ktfq[m[K’ was not declared in this scope
   70 |     [01;31m[Ktfq[m[K.setRPY(0, 0, yaw);
      |     [01;31m[K^~~[m[K
[01m[K/home/omron/Omron_LD/src/ld_visualisation/src/goals_marker.cpp:[m[K In function ‘[01m[Kint main(int, char**)[m[K’:
[01m[K/home/omron/Omron_LD/src/ld_visualisation/src/goals_marker.cpp:123:70:[m[K [01;31m[Kerror: [m[K‘[01m[Kmsg[m[K’ is not a member of ‘[01m[Kvisualization_msgs::msg[m[K’
  123 |     auto publisher = node->create_publisher<visualization_msgs::msg::[01;31m[Kmsg[m[K::MarkerArray>(goals_vis_topic, 10);
      |                                                                      [01;31m[K^~~[m[K
[01m[K/home/omron/Omron_LD/src/ld_visualisation/src/goals_marker.cpp:123:70:[m[K [01;36m[Knote: [m[Ksuggested alternatives:
In file included from [01m[K/opt/ros/foxy/include/builtin_interfaces/msg/duration.hpp:7[m[K,
                 from [01m[K/opt/ros/foxy/include/rclcpp/duration.hpp:20[m[K,
                 from [01m[K/opt/ros/foxy/include/rclcpp/qos.hpp:20[m[K,
                 from [01m[K/opt/ros/foxy/include/rclcpp/node_interfaces/node_graph_interface.hpp:31[m[K,
                 from [01m[K/opt/ros/foxy/include/rclcpp/client.hpp:34[m[K,
                 from [01m[K/opt/ros/foxy/include/rclcpp/callback_group.hpp:23[m[K,
                 from [01m[K/opt/ros/foxy/include/rclcpp/any_executable.hpp:20[m[K,
                 from [01m[K/opt/ros/foxy/include/rclcpp/memory_strategy.hpp:24[m[K,
                 from [01m[K/opt/ros/foxy/include/rclcpp/memory_strategies.hpp:18[m[K,
                 from [01m[K/opt/ros/foxy/include/rclcpp/executor_options.hpp:20[m[K,
                 from [01m[K/opt/ros/foxy/include/rclcpp/executor.hpp:33[m[K,
                 from [01m[K/opt/ros/foxy/include/rclcpp/executors/multi_threaded_executor.hpp:25[m[K,
                 from [01m[K/opt/ros/foxy/include/rclcpp/executors.hpp:21[m[K,
                 from [01m[K/opt/ros/foxy/include/rclcpp/rclcpp.hpp:146[m[K,
                 from [01m[K/home/omron/Omron_LD/src/ld_visualisation/src/goals_marker.cpp:1[m[K:
[01m[K/opt/ros/foxy/include/builtin_interfaces/msg/detail/duration__struct.hpp:26:11:[m[K [01;36m[Knote: [m[K  ‘[01m[Kbuiltin_interfaces::msg[m[K’
   26 | namespace [01;36m[Kmsg[m[K
      |           [01;36m[K^~~[m[K
In file included from [01m[K/opt/ros/foxy/include/statistics_msgs/msg/detail/metrics_message__struct.hpp:22[m[K,
                 from [01m[K/opt/ros/foxy/include/statistics_msgs/msg/metrics_message.hpp:7[m[K,
                 from [01m[K/opt/ros/foxy/include/libstatistics_collector/collector/generate_statistics_message.hpp:21[m[K,
                 from [01m[K/opt/ros/foxy/include/rclcpp/topic_statistics/subscription_topic_statistics.hpp:23[m[K,
                 from [01m[K/opt/ros/foxy/include/rclcpp/subscription.hpp:50[m[K,
                 from [01m[K/opt/ros/foxy/include/rclcpp/any_executable.hpp:25[m[K,
                 from [01m[K/opt/ros/foxy/include/rclcpp/memory_strategy.hpp:24[m[K,
                 from [01m[K/opt/ros/foxy/include/rclcpp/memory_strategies.hpp:18[m[K,
                 from [01m[K/opt/ros/foxy/include/rclcpp/executor_options.hpp:20[m[K,
                 from [01m[K/opt/ros/foxy/include/rclcpp/executor.hpp:33[m[K,
                 from [01m[K/opt/ros/foxy/include/rclcpp/executors/multi_threaded_executor.hpp:25[m[K,
                 from [01m[K/opt/ros/foxy/include/rclcpp/executors.hpp:21[m[K,
                 from [01m[K/opt/ros/foxy/include/rclcpp/rclcpp.hpp:146[m[K,
                 from [01m[K/home/omron/Omron_LD/src/ld_visualisation/src/goals_marker.cpp:1[m[K:
[01m[K/opt/ros/foxy/include/statistics_msgs/msg/detail/statistic_data_point__struct.hpp:26:11:[m[K [01;36m[Knote: [m[K  ‘[01m[Kstatistics_msgs::msg[m[K’
   26 | namespace [01;36m[Kmsg[m[K
      |           [01;36m[K^~~[m[K
In file included from [01m[K/opt/ros/foxy/include/rcl_interfaces/msg/list_parameters_result.hpp:7[m[K,
                 from [01m[K/opt/ros/foxy/include/rclcpp/node.hpp:34[m[K,
                 from [01m[K/opt/ros/foxy/include/rclcpp/executors/single_threaded_executor.hpp:28[m[K,
                 from [01m[K/opt/ros/foxy/include/rclcpp/executors.hpp:22[m[K,
                 from [01m[K/opt/ros/foxy/include/rclcpp/rclcpp.hpp:146[m[K,
                 from [01m[K/home/omron/Omron_LD/src/ld_visualisation/src/goals_marker.cpp:1[m[K:
[01m[K/opt/ros/foxy/include/rcl_interfaces/msg/detail/list_parameters_result__struct.hpp:26:11:[m[K [01;36m[Knote: [m[K  ‘[01m[Krcl_interfaces::msg[m[K’
   26 | namespace [01;36m[Kmsg[m[K
      |           [01;36m[K^~~[m[K
In file included from [01m[K/opt/ros/foxy/include/visualization_msgs/msg/detail/marker__struct.hpp:19[m[K,
                 from [01m[K/opt/ros/foxy/include/visualization_msgs/msg/marker.hpp:7[m[K,
                 from [01m[K/home/omron/Omron_LD/src/ld_visualisation/src/goals_marker.cpp:2[m[K:
[01m[K/opt/ros/foxy/include/std_msgs/msg/detail/header__struct.hpp:30:11:[m[K [01;36m[Knote: [m[K  ‘[01m[Kstd_msgs::msg[m[K’
   30 | namespace [01;36m[Kmsg[m[K
      |           [01;36m[K^~~[m[K
In file included from [01m[K/opt/ros/foxy/include/geometry_msgs/msg/detail/pose__struct.hpp:19[m[K,
                 from [01m[K/opt/ros/foxy/include/visualization_msgs/msg/detail/marker__struct.hpp:21[m[K,
                 from [01m[K/opt/ros/foxy/include/visualization_msgs/msg/marker.hpp:7[m[K,
                 from [01m[K/home/omron/Omron_LD/src/ld_visualisation/src/goals_marker.cpp:2[m[K:
[01m[K/opt/ros/foxy/include/geometry_msgs/msg/detail/point__struct.hpp:26:11:[m[K [01;36m[Knote: [m[K  ‘[01m[Kgeometry_msgs::msg[m[K’
   26 | namespace [01;36m[Kmsg[m[K
      |           [01;36m[K^~~[m[K
In file included from [01m[K/opt/ros/foxy/include/visualization_msgs/msg/marker.hpp:7[m[K,
                 from [01m[K/home/omron/Omron_LD/src/ld_visualisation/src/goals_marker.cpp:2[m[K:
[01m[K/opt/ros/foxy/include/visualization_msgs/msg/detail/marker__struct.hpp:41:11:[m[K [01;36m[Knote: [m[K  ‘[01m[Kvisualization_msgs::msg[m[K’
   41 | namespace [01;36m[Kmsg[m[K
      |           [01;36m[K^~~[m[K
In file included from [01m[K/opt/ros/foxy/include/tf2_msgs/msg/tf_message.hpp:7[m[K,
                 from [01m[K/opt/ros/foxy/include/tf2_ros/transform_broadcaster.h:38[m[K,
                 from [01m[K/home/omron/Omron_LD/src/ld_visualisation/src/goals_marker.cpp:6[m[K:
[01m[K/opt/ros/foxy/include/tf2_msgs/msg/detail/tf_message__struct.hpp:30:11:[m[K [01;36m[Knote: [m[K  ‘[01m[Ktf2_msgs::msg[m[K’
   30 | namespace [01;36m[Kmsg[m[K
      |           [01;36m[K^~~[m[K
[01m[K/home/omron/Omron_LD/src/ld_visualisation/src/goals_marker.cpp:123:70:[m[K [01;31m[Kerror: [m[K‘[01m[Kmsg[m[K’ is not a member of ‘[01m[Kvisualization_msgs::msg[m[K’
  123 |     auto publisher = node->create_publisher<visualization_msgs::msg::[01;31m[Kmsg[m[K::MarkerArray>(goals_vis_topic, 10);
      |                                                                      [01;31m[K^~~[m[K
[01m[K/home/omron/Omron_LD/src/ld_visualisation/src/goals_marker.cpp:123:70:[m[K [01;36m[Knote: [m[Ksuggested alternatives:
In file included from [01m[K/opt/ros/foxy/include/builtin_interfaces/msg/duration.hpp:7[m[K,
                 from [01m[K/opt/ros/foxy/include/rclcpp/duration.hpp:20[m[K,
                 from [01m[K/opt/ros/foxy/include/rclcpp/qos.hpp:20[m[K,
                 from [01m[K/opt/ros/foxy/include/rclcpp/node_interfaces/node_graph_interface.hpp:31[m[K,
                 from [01m[K/opt/ros/foxy/include/rclcpp/client.hpp:34[m[K,
                 from [01m[K/opt/ros/foxy/include/rclcpp/callback_group.hpp:23[m[K,
                 from [01m[K/opt/ros/foxy/include/rclcpp/any_executable.hpp:20[m[K,
                 from [01m[K/opt/ros/foxy/include/rclcpp/memory_strategy.hpp:24[m[K,
                 from [01m[K/opt/ros/foxy/include/rclcpp/memory_strategies.hpp:18[m[K,
                 from [01m[K/opt/ros/foxy/include/rclcpp/executor_options.hpp:20[m[K,
                 from [01m[K/opt/ros/foxy/include/rclcpp/executor.hpp:33[m[K,
                 from [01m[K/opt/ros/foxy/include/rclcpp/executors/multi_threaded_executor.hpp:25[m[K,
                 from [01m[K/opt/ros/foxy/include/rclcpp/executors.hpp:21[m[K,
                 from [01m[K/opt/ros/foxy/include/rclcpp/rclcpp.hpp:146[m[K,
                 from [01m[K/home/omron/Omron_LD/src/ld_visualisation/src/goals_marker.cpp:1[m[K:
[01m[K/opt/ros/foxy/include/builtin_interfaces/msg/detail/duration__struct.hpp:26:11:[m[K [01;36m[Knote: [m[K  ‘[01m[Kbuiltin_interfaces::msg[m[K’
   26 | namespace [01;36m[Kmsg[m[K
      |           [01;36m[K^~~[m[K
In file included from [01m[K/opt/ros/foxy/include/statistics_msgs/msg/detail/metrics_message__struct.hpp:22[m[K,
                 from [01m[K/opt/ros/foxy/include/statistics_msgs/msg/metrics_message.hpp:7[m[K,
                 from [01m[K/opt/ros/foxy/include/libstatistics_collector/collector/generate_statistics_message.hpp:21[m[K,
                 from [01m[K/opt/ros/foxy/include/rclcpp/topic_statistics/subscription_topic_statistics.hpp:23[m[K,
                 from [01m[K/opt/ros/foxy/include/rclcpp/subscription.hpp:50[m[K,
                 from [01m[K/opt/ros/foxy/include/rclcpp/any_executable.hpp:25[m[K,
                 from [01m[K/opt/ros/foxy/include/rclcpp/memory_strategy.hpp:24[m[K,
                 from [01m[K/opt/ros/foxy/include/rclcpp/memory_strategies.hpp:18[m[K,
                 from [01m[K/opt/ros/foxy/include/rclcpp/executor_options.hpp:20[m[K,
                 from [01m[K/opt/ros/foxy/include/rclcpp/executor.hpp:33[m[K,
                 from [01m[K/opt/ros/foxy/include/rclcpp/executors/multi_threaded_executor.hpp:25[m[K,
                 from [01m[K/opt/ros/foxy/include/rclcpp/executors.hpp:21[m[K,
                 from [01m[K/opt/ros/foxy/include/rclcpp/rclcpp.hpp:146[m[K,
                 from [01m[K/home/omron/Omron_LD/src/ld_visualisation/src/goals_marker.cpp:1[m[K:
[01m[K/opt/ros/foxy/include/statistics_msgs/msg/detail/statistic_data_point__struct.hpp:26:11:[m[K [01;36m[Knote: [m[K  ‘[01m[Kstatistics_msgs::msg[m[K’
   26 | namespace [01;36m[Kmsg[m[K
      |           [01;36m[K^~~[m[K
In file included from [01m[K/opt/ros/foxy/include/rcl_interfaces/msg/list_parameters_result.hpp:7[m[K,
                 from [01m[K/opt/ros/foxy/include/rclcpp/node.hpp:34[m[K,
                 from [01m[K/opt/ros/foxy/include/rclcpp/executors/single_threaded_executor.hpp:28[m[K,
                 from [01m[K/opt/ros/foxy/include/rclcpp/executors.hpp:22[m[K,
                 from [01m[K/opt/ros/foxy/include/rclcpp/rclcpp.hpp:146[m[K,
                 from [01m[K/home/omron/Omron_LD/src/ld_visualisation/src/goals_marker.cpp:1[m[K:
[01m[K/opt/ros/foxy/include/rcl_interfaces/msg/detail/list_parameters_result__struct.hpp:26:11:[m[K [01;36m[Knote: [m[K  ‘[01m[Krcl_interfaces::msg[m[K’
   26 | namespace [01;36m[Kmsg[m[K
      |           [01;36m[K^~~[m[K
In file included from [01m[K/opt/ros/foxy/include/visualization_msgs/msg/detail/marker__struct.hpp:19[m[K,
                 from [01m[K/opt/ros/foxy/include/visualization_msgs/msg/marker.hpp:7[m[K,
                 from [01m[K/home/omron/Omron_LD/src/ld_visualisation/src/goals_marker.cpp:2[m[K:
[01m[K/opt/ros/foxy/include/std_msgs/msg/detail/header__struct.hpp:30:11:[m[K [01;36m[Knote: [m[K  ‘[01m[Kstd_msgs::msg[m[K’
   30 | namespace [01;36m[Kmsg[m[K
      |           [01;36m[K^~~[m[K
In file included from [01m[K/opt/ros/foxy/include/geometry_msgs/msg/detail/pose__struct.hpp:19[m[K,
                 from [01m[K/opt/ros/foxy/include/visualization_msgs/msg/detail/marker__struct.hpp:21[m[K,
                 from [01m[K/opt/ros/foxy/include/visualization_msgs/msg/marker.hpp:7[m[K,
                 from [01m[K/home/omron/Omron_LD/src/ld_visualisation/src/goals_marker.cpp:2[m[K:
[01m[K/opt/ros/foxy/include/geometry_msgs/msg/detail/point__struct.hpp:26:11:[m[K [01;36m[Knote: [m[K  ‘[01m[Kgeometry_msgs::msg[m[K’
   26 | namespace [01;36m[Kmsg[m[K
      |           [01;36m[K^~~[m[K
In file included from [01m[K/opt/ros/foxy/include/visualization_msgs/msg/marker.hpp:7[m[K,
                 from [01m[K/home/omron/Omron_LD/src/ld_visualisation/src/goals_marker.cpp:2[m[K:
[01m[K/opt/ros/foxy/include/visualization_msgs/msg/detail/marker__struct.hpp:41:11:[m[K [01;36m[Knote: [m[K  ‘[01m[Kvisualization_msgs::msg[m[K’
   41 | namespace [01;36m[Kmsg[m[K
      |           [01;36m[K^~~[m[K
In file included from [01m[K/opt/ros/foxy/include/tf2_msgs/msg/tf_message.hpp:7[m[K,
                 from [01m[K/opt/ros/foxy/include/tf2_ros/transform_broadcaster.h:38[m[K,
                 from [01m[K/home/omron/Omron_LD/src/ld_visualisation/src/goals_marker.cpp:6[m[K:
[01m[K/opt/ros/foxy/include/tf2_msgs/msg/detail/tf_message__struct.hpp:30:11:[m[K [01;36m[Knote: [m[K  ‘[01m[Ktf2_msgs::msg[m[K’
   30 | namespace [01;36m[Kmsg[m[K
      |           [01;36m[K^~~[m[K
[01m[K/home/omron/Omron_LD/src/ld_visualisation/src/goals_marker.cpp:123:28:[m[K [01;31m[Kerror: [m[Kparse error in template argument list
  123 |     auto publisher = node->[01;31m[Kcreate_publisher<visualization_msgs::msg::msg::MarkerArray>[m[K(goals_vis_topic, 10);
      |                            [01;31m[K^~~~~~~~~~~~~~~~~~~~~~~~~~~~~~~~~~~~~~~~~~~~~~~~~~~~~~~~~~~[m[K
[01m[K/home/omron/Omron_LD/src/ld_visualisation/src/goals_marker.cpp:123:107:[m[K [01;31m[Kerror: [m[Kno matching function for call to ‘[01m[Krclcpp::Node::create_publisher<<expression error> >(std::string&, int)[m[K’
  123 |     auto publisher = node->create_publisher<visualization_msgs::msg::msg::MarkerArray>(goals_vis_topic, 10[01;31m[K)[m[K;
      |                                                                                                           [01;31m[K^[m[K
In file included from [01m[K/opt/ros/foxy/include/rclcpp/executors/single_threaded_executor.hpp:28[m[K,
                 from [01m[K/opt/ros/foxy/include/rclcpp/executors.hpp:22[m[K,
                 from [01m[K/opt/ros/foxy/include/rclcpp/rclcpp.hpp:146[m[K,
                 from [01m[K/home/omron/Omron_LD/src/ld_visualisation/src/goals_marker.cpp:1[m[K:
[01m[K/opt/ros/foxy/include/rclcpp/node.hpp:184:3:[m[K [01;36m[Knote: [m[Kcandidate: ‘[01m[Ktemplate<class MessageT, class AllocatorT, class PublisherT> std::shared_ptr<PublisherT> rclcpp::Node::create_publisher(const string&, const rclcpp::QoS&, const rclcpp::PublisherOptionsWithAllocator<AllocatorT>&)[m[K’
  184 |   [01;36m[Kcreate_publisher[m[K(
      |   [01;36m[K^~~~~~~~~~~~~~~~[m[K
[01m[K/opt/ros/foxy/include/rclcpp/node.hpp:184:3:[m[K [01;36m[Knote: [m[K  template argument deduction/substitution failed:
[01m[K/home/omron/Omron_LD/src/ld_visualisation/src/goals_marker.cpp:123:107:[m[K [01;31m[Kerror: [m[Ktemplate argument 1 is invalid
  123 |     auto publisher = node->create_publisher<visualization_msgs::msg::msg::MarkerArray>(goals_vis_topic, 10[01;31m[K)[m[K;
      |                                                                                                           [01;31m[K^[m[K
[01m[K/home/omron/Omron_LD/src/ld_visualisation/src/goals_marker.cpp:160:5:[m[K [01;31m[Kerror: [m[K‘[01m[Kom_aiv_util[m[K’ has not been declared
  160 |     [01;31m[Kom_aiv_util[m[K::srv::ArclListen goals_list_req;
      |     [01;31m[K^~~~~~~~~~~[m[K
[01m[K/home/omron/Omron_LD/src/ld_visualisation/src/goals_marker.cpp:161:5:[m[K [01;31m[Kerror: [m[K‘[01m[Kom_aiv_util[m[K’ has not been declared
  161 |     [01;31m[Kom_aiv_util[m[K::srv::ArclApi goals_info_req;
      |     [01;31m[K^~~~~~~~~~~[m[K
[01m[K/home/omron/Omron_LD/src/ld_visualisation/src/goals_marker.cpp:162:5:[m[K [01;31m[Kerror: [m[K‘[01m[Kgoals_list_req[m[K’ was not declared in this scope; did you mean ‘[01m[Kgoals_list[m[K’?
  162 |     [01;31m[Kgoals_list_req[m[K.request.resp_header = GOAL_RESP_H;
      |     [01;31m[K^~~~~~~~~~~~~~[m[K
      |     [32m[Kgoals_list[m[K
[01m[K/home/omron/Omron_LD/src/ld_visualisation/src/goals_marker.cpp:163:5:[m[K [01;31m[Kerror: [m[K‘[01m[Kgoals_info_req[m[K’ was not declared in this scope
  163 |     [01;31m[Kgoals_info_req[m[K.request.line_identifier = GOALS_LIST_END;
      |     [01;31m[K^~~~~~~~~~~~~~[m[K
[01m[K/home/omron/Omron_LD/src/ld_visualisation/src/goals_marker.cpp:168:25:[m[K [01;31m[Kerror: [m[K‘[01m[Karcl_api_client[m[K’ was not declared in this scope
  168 |         req_goals_coord([01;31m[Karcl_api_client[m[K, goals_info_req, goals, goals_text, one_goal, one_goal_text);
      |                         [01;31m[K^~~~~~~~~~~~~~~[m[K
[01m[K/home/omron/Omron_LD/src/ld_visualisation/src/goals_marker.cpp:168:9:[m[K [01;31m[Kerror: [m[K‘[01m[Kreq_goals_coord[m[K’ was not declared in this scope
  168 |         [01;31m[Kreq_goals_coord[m[K(arcl_api_client, goals_info_req, goals, goals_text, one_goal, one_goal_text);
      |         [01;31m[K^~~~~~~~~~~~~~~[m[K
[01m[K/home/omron/Omron_LD/src/ld_visualisation/src/goals_marker.cpp:169:27:[m[K [01;35m[Kwarning: [m[Kcomparison of integer expressions of different signedness: ‘[01m[Kint[m[K’ and ‘[01m[Kstd::vector<visualization_msgs::msg::Marker_<std::allocator<void> >, std::allocator<visualization_msgs::msg::Marker_<std::allocator<void> > > >::size_type[m[K’ {aka ‘[01m[Klong unsigned int[m[K’} [[01;35m[K-Wsign-compare[m[K]
  169 |         for (int i = 0; [01;35m[Ki < goals.markers.size()[m[K; i++)
      |                         [01;35m[K~~^~~~~~~~~~~~~~~~~~~~~~[m[K
[01m[K/home/omron/Omron_LD/src/ld_visualisation/src/goals_marker.cpp:174:9:[m[K [01;31m[Kerror: [m[K‘[01m[Kgoals_pub[m[K’ was not declared in this scope; did you mean ‘[01m[Kgoals_id[m[K’?
  174 |         [01;31m[Kgoals_pub[m[K->publish(goals);
      |         [01;31m[K^~~~~~~~~[m[K
      |         [32m[Kgoals_id[m[K
[01m[K/home/omron/Omron_LD/src/ld_visualisation/src/goals_marker.cpp:[m[K At global scope:
[01m[K/home/omron/Omron_LD/src/ld_visualisation/src/goals_marker.cpp:185:13:[m[K [01;31m[Kerror: [m[Kvariable or field ‘[01m[Kreq_goals_coord[m[K’ declared void
  185 |     rclcpp::[01;31m[KServiceClient[m[K& arcl_api_client,
      |             [01;31m[K^~~~~~~~~~~~~[m[K
[01m[K/home/omron/Omron_LD/src/ld_visualisation/src/goals_marker.cpp:185:13:[m[K [01;31m[Kerror: [m[K‘[01m[KServiceClient[m[K’ is not a member of ‘[01m[Krclcpp[m[K’; did you mean ‘[01m[KServiceBase[m[K’?
  185 |     rclcpp::[01;31m[KServiceClient[m[K& arcl_api_client,
      |             [01;31m[K^~~~~~~~~~~~~[m[K
      |             [32m[KServiceBase[m[K
[01m[K/home/omron/Omron_LD/src/ld_visualisation/src/goals_marker.cpp:185:28:[m[K [01;31m[Kerror: [m[K‘[01m[Karcl_api_client[m[K’ was not declared in this scope
  185 |     rclcpp::ServiceClient& [01;31m[Karcl_api_client[m[K,
      |                            [01;31m[K^~~~~~~~~~~~~~~[m[K
[01m[K/home/omron/Omron_LD/src/ld_visualisation/src/goals_marker.cpp:186:5:[m[K [01;31m[Kerror: [m[K‘[01m[Kom_aiv_util[m[K’ has not been declared
  186 |     [01;31m[Kom_aiv_util[m[K::srv::ArclApi& goals_info_req,
      |     [01;31m[K^~~~~~~~~~~[m[K
[01m[K/home/omron/Omron_LD/src/ld_visualisation/src/goals_marker.cpp:186:32:[m[K [01;31m[Kerror: [m[K‘[01m[Kgoals_info_req[m[K’ was not declared in this scope
  186 |     om_aiv_util::srv::ArclApi& [01;31m[Kgoals_info_req[m[K,
      |                                [01;31m[K^~~~~~~~~~~~~~[m[K
[01m[K/home/omron/Omron_LD/src/ld_visualisation/src/goals_marker.cpp:187:41:[m[K [01;31m[Kerror: [m[Kexpected primary-expression before ‘[01m[K&[m[K’ token
  187 |     visualization_msgs::msg::MarkerArray[01;31m[K&[m[K goals,
      |                                         [01;31m[K^[m[K
[01m[K/home/omron/Omron_LD/src/ld_visualisation/src/goals_marker.cpp:187:43:[m[K [01;31m[Kerror: [m[K‘[01m[Kgoals[m[K’ was not declared in this scope; did you mean ‘[01m[Kgoals_id[m[K’?
  187 |     visualization_msgs::msg::MarkerArray& [01;31m[Kgoals[m[K,
      |                                           [01;31m[K^~~~~[m[K
      |                                           [32m[Kgoals_id[m[K
[01m[K/home/omron/Omron_LD/src/ld_visualisation/src/goals_marker.cpp:188:41:[m[K [01;31m[Kerror: [m[Kexpected primary-expression before ‘[01m[K&[m[K’ token
  188 |     visualization_msgs::msg::MarkerArray[01;31m[K&[m[K goals_text,
      |                                         [01;31m[K^[m[K
[01m[K/home/omron/Omron_LD/src/ld_visualisation/src/goals_marker.cpp:188:43:[m[K [01;31m[Kerror: [m[K‘[01m[Kgoals_text[m[K’ was not declared in this scope; did you mean ‘[01m[Kgoals_list[m[K’?
  188 |     visualization_msgs::msg::MarkerArray& [01;31m[Kgoals_text[m[K,
      |                                           [01;31m[K^~~~~~~~~~[m[K
      |                                           [32m[Kgoals_list[m[K
[01m[K/home/omron/Omron_LD/src/ld_visualisation/src/goals_marker.cpp:189:37:[m[K [01;31m[Kerror: [m[Kexpected primary-expression before ‘[01m[Kone_goal[m[K’
  189 |     visualization_msgs::msg::Marker [01;31m[Kone_goal[m[K,
      |                                     [01;31m[K^~~~~~~~[m[K
[01m[K/home/omron/Omron_LD/src/ld_visualisation/src/goals_marker.cpp:190:37:[m[K [01;31m[Kerror: [m[Kexpected primary-expression before ‘[01m[Kone_goal_text[m[K’
  190 |     visualization_msgs::msg::Marker [01;31m[Kone_goal_text[m[K)
      |                                     [01;31m[K^~~~~~~~~~~~~[m[K
make[2]: *** [CMakeFiles/goals_marker.dir/build.make:63: CMakeFiles/goals_marker.dir/src/goals_marker.cpp.o] Error 1
make[1]: *** [CMakeFiles/Makefile2:109: CMakeFiles/goals_marker.dir/all] Error 2
make: *** [Makefile:141: all] Error 2
