[ 33%] Built target joints_publisher
[ 66%] Built target data_points_marker
[100%] Built target goals_marker
-- Install configuration: ""
-- Installing: /home/omron/Omron_LD/install/ld_visualisation/lib/ld_visualisation/joints_publisher
-- Set runtime path of "/home/omron/Omron_LD/install/ld_visualisation/lib/ld_visualisation/joints_publisher" to ""
-- Installing: /home/omron/Omron_LD/install/ld_visualisation/lib/ld_visualisation/data_points_marker
-- Set runtime path of "/home/omron/Omron_LD/install/ld_visualisation/lib/ld_visualisation/data_points_marker" to ""
-- Installing: /home/omron/Omron_LD/install/ld_visualisation/lib/ld_visualisation/goals_marker
-- Set runtime path of "/home/omron/Omron_LD/install/ld_visualisation/lib/ld_visualisation/goals_marker" to ""
-- Installing: /home/omron/Omron_LD/install/ld_visualisation/share/ld_visualisation/launch
-- Installing: /home/omron/Omron_LD/install/ld_visualisation/share/ld_visualisation/launch/display.launch
-- Installing: /home/omron/Omron_LD/install/ld_visualisation/share/ld_visualisation/launch/display.launch.py
-- Installing: /home/omron/Omron_LD/install/ld_visualisation/share/ld_visualisation/config
-- Installing: /home/omron/Omron_LD/install/ld_visualisation/share/ld_visualisation/config/ld_rviz_config.rviz
-- Installing: /home/omron/Omron_LD/install/ld_visualisation/share/ld_visualisation/config/ld_rviz2.rviz
-- Installing: /home/omron/Omron_LD/install/ld_visualisation/share/ld_visualisation/map
-- Installing: /home/omron/Omron_LD/install/ld_visualisation/share/ld_visualisation/map/data.map
-- Installing: /home/omron/Omron_LD/install/ld_visualisation/share/ld_visualisation/meshes
-- Installing: /home/omron/Omron_LD/install/ld_visualisation/share/ld_visualisation/meshes/LD_Platform.STL
-- Installing: /home/omron/Omron_LD/install/ld_visualisation/share/ld_visualisation/param
-- Installing: /home/omron/Omron_LD/install/ld_visualisation/share/ld_visualisation/param/vis_param.yaml
-- Installing: /home/omron/Omron_LD/install/ld_visualisation/share/ld_visualisation/rviz
-- Installing: /home/omron/Omron_LD/install/ld_visualisation/share/ld_visualisation/rviz/urdf.rviz
-- Installing: /home/omron/Omron_LD/install/ld_visualisation/share/ld_visualisation/rviz/urdf.vcg
-- Installing: /home/omron/Omron_LD/install/ld_visualisation/share/ld_visualisation/urdf
-- Installing: /home/omron/Omron_LD/install/ld_visualisation/share/ld_visualisation/urdf/LD_Platform.urdf.xacro
-- Installing: /home/omron/Omron_LD/install/ld_visualisation/share/ld_visualisation/urdf/LD_Platform.urdf
-- Installing: /home/omron/Omron_LD/install/ld_visualisation/share/ament_index/resource_index/package_run_dependencies/ld_visualisation
-- Installing: /home/omron/Omron_LD/install/ld_visualisation/share/ament_index/resource_index/parent_prefix_path/ld_visualisation
-- Installing: /home/omron/Omron_LD/install/ld_visualisation/share/ld_visualisation/environment/ament_prefix_path.sh
-- Installing: /home/omron/Omron_LD/install/ld_visualisation/share/ld_visualisation/environment/ament_prefix_path.dsv
-- Installing: /home/omron/Omron_LD/install/ld_visualisation/share/ld_visualisation/environment/path.sh
-- Installing: /home/omron/Omron_LD/install/ld_visualisation/share/ld_visualisation/environment/path.dsv
-- Installing: /home/omron/Omron_LD/install/ld_visualisation/share/ld_visualisation/local_setup.bash
-- Installing: /home/omron/Omron_LD/install/ld_visualisation/share/ld_visualisation/local_setup.sh
-- Installing: /home/omron/Omron_LD/install/ld_visualisation/share/ld_visualisation/local_setup.zsh
-- Installing: /home/omron/Omron_LD/install/ld_visualisation/share/ld_visualisation/local_setup.dsv
-- Installing: /home/omron/Omron_LD/install/ld_visualisation/share/ld_visualisation/package.dsv
-- Installing: /home/omron/Omron_LD/install/ld_visualisation/share/ament_index/resource_index/packages/ld_visualisation
-- Installing: /home/omron/Omron_LD/install/ld_visualisation/share/ld_visualisation/cmake/ld_visualisationConfig.cmake
-- Installing: /home/omron/Omron_LD/install/ld_visualisation/share/ld_visualisation/cmake/ld_visualisationConfig-version.cmake
-- Installing: /home/omron/Omron_LD/install/ld_visualisation/share/ld_visualisation/package.xml
