[0.025s] Invoking command in '/home/omron/Omron_LD/build/om_aiv_msg': CMAKE_PREFIX_PATH=${CMAKE_PREFIX_PATH}:/home/omron/Omron_LD/install/om_aiv_util:/home/omron/Omron_LD/install/om_aiv_navigation:/opt/ros/foxy /usr/bin/cmake --build /home/omron/Omron_LD/build/om_aiv_msg -- -j8 -l8
[0.059s] -- Found ament_cmake: 0.9.8 (/opt/ros/foxy/share/ament_cmake/cmake)
[0.084s] -- Using PYTHON_EXECUTABLE: /usr/bin/python3
[0.260s] -- Found actionlib_msgs: 2.0.4 (/opt/ros/foxy/share/actionlib_msgs/cmake)
[0.279s] -- Using all available rosidl_typesupport_c: rosidl_typesupport_fastrtps_c;rosidl_typesupport_introspection_c
[0.282s] -- Found rosidl_adapter: 1.2.1 (/opt/ros/foxy/share/rosidl_adapter/cmake)
[0.392s] -- Using all available rosidl_typesupport_cpp: rosidl_typesupport_fastrtps_cpp;rosidl_typesupport_introspection_cpp
[0.482s] CMake Error at CMakeLists.txt:21 (find_package):
[0.482s]   By not providing "Findmessage_generation.cmake" in CMAKE_MODULE_PATH this
[0.482s]   project has asked CMake to find a package configuration file provided by
[0.482s]   "message_generation", but CMake did not find one.
[0.482s] 
[0.482s]   Could not find a package configuration file provided by
[0.482s]   "message_generation" with any of the following names:
[0.483s] 
[0.483s]     message_generationConfig.cmake
[0.483s]     message_generation-config.cmake
[0.483s] 
[0.483s]   Add the installation prefix of "message_generation" to CMAKE_PREFIX_PATH or
[0.483s]   set "message_generation_DIR" to a directory containing one of the above
[0.483s]   files.  If "message_generation" provides a separate development package or
[0.483s]   SDK, be sure it has been installed.
[0.484s] 
[0.484s] 
[0.484s] -- Configuring incomplete, errors occurred!
[0.484s] See also "/home/omron/Omron_LD/build/om_aiv_msg/CMakeFiles/CMakeOutput.log".
[0.489s] make: *** [Makefile:1708: cmake_check_build_system] Error 1
[0.491s] Invoked command in '/home/omron/Omron_LD/build/om_aiv_msg' returned '2': CMAKE_PREFIX_PATH=${CMAKE_PREFIX_PATH}:/home/omron/Omron_LD/install/om_aiv_util:/home/omron/Omron_LD/install/om_aiv_navigation:/opt/ros/foxy /usr/bin/cmake --build /home/omron/Omron_LD/build/om_aiv_msg -- -j8 -l8
