-- Found ament_cmake: 0.9.8 (/opt/ros/foxy/share/ament_cmake/cmake)
-- Found PythonInterp: /usr/bin/python3 (found suitable version "3.8.5", minimum required is "3") 
-- Using PYTHON_EXECUTABLE: /usr/bin/python3
-- Found action_msgs: 1.0.0 (/opt/ros/foxy/share/action_msgs/cmake)
-- Using all available rosidl_typesupport_c: rosidl_typesupport_fastrtps_c;rosidl_typesupport_introspection_c
-- Found rosidl_adapter: 1.2.1 (/opt/ros/foxy/share/rosidl_adapter/cmake)
-- Using all available rosidl_typesupport_cpp: rosidl_typesupport_fastrtps_cpp;rosidl_typesupport_introspection_cpp
-- Found rosidl_default_generators: 1.0.1 (/opt/ros/foxy/share/rosidl_default_generators/cmake)
-- Found PythonInterp: /usr/bin/python3 (found version "3.8.5") 
-- Found ament_cmake_ros: 0.9.1 (/opt/ros/foxy/share/ament_cmake_ros/cmake)
-- Using all available rosidl_typesupport_c: rosidl_typesupport_fastrtps_c;rosidl_typesupport_introspection_c
-- Using all available rosidl_typesupport_cpp: rosidl_typesupport_fastrtps_cpp;rosidl_typesupport_introspection_cpp
-- Found PythonInterp: /usr/bin/python3 (found suitable version "3.8.5", minimum required is "3.5") 
-- Found python_cmake_module: 0.8.1 (/opt/ros/foxy/share/python_cmake_module/cmake)
-- Using PYTHON_EXECUTABLE: /usr/bin/python3
-- Using PYTHON_INCLUDE_DIRS: /usr/include/python3.8
-- Using PYTHON_LIBRARIES: /usr/lib/x86_64-linux-gnu/libpython3.8.so
-- Found ament_lint_auto: 0.9.6 (/opt/ros/foxy/share/ament_lint_auto/cmake)
-- Added test 'copyright' to check source files copyright and LICENSE
-- Added test 'lint_cmake' to check CMake code style
-- Added test 'xmllint' to check XML markup files
-- Configuring done
-- Generating done
-- Build files have been written to: /home/omron/Omron_LD/build/om_aiv_msg
[  1%] [34m[1mGenerating C code for ROS interfaces[0m
[  3%] [34m[1mGenerating C++ code for ROS interfaces[0m
[35m[1mScanning dependencies of target om_aiv_msg__rosidl_generator_c[0m
[  4%] [32mBuilding C object CMakeFiles/om_aiv_msg__rosidl_generator_c.dir/rosidl_generator_c/om_aiv_msg/srv/detail/arcl_listen__functions.c.o[0m
[  6%] [32mBuilding C object CMakeFiles/om_aiv_msg__rosidl_generator_c.dir/rosidl_generator_c/om_aiv_msg/srv/detail/arcl_api__functions.c.o[0m
[ 11%] [32mBuilding C object CMakeFiles/om_aiv_msg__rosidl_generator_c.dir/rosidl_generator_c/om_aiv_msg/action/detail/action__functions.c.o[0m
[ 11%] [32mBuilding C object CMakeFiles/om_aiv_msg__rosidl_generator_c.dir/rosidl_generator_c/om_aiv_msg/msg/detail/location__functions.c.o[0m
[ 11%] [32mBuilding C object CMakeFiles/om_aiv_msg__rosidl_generator_c.dir/rosidl_generator_c/om_aiv_msg/msg/detail/status__functions.c.o[0m
[ 11%] Built target om_aiv_msg__cpp
[ 12%] [34m[1mGenerating C++ introspection for ROS interfaces[0m
[ 14%] [34m[1mGenerating C++ type support dispatch for ROS interfaces[0m
[ 15%] [34m[1mGenerating C++ type support for eProsima Fast-RTPS[0m
[ 17%] [32m[1mLinking C shared library libom_aiv_msg__rosidl_generator_c.so[0m
[ 17%] Built target om_aiv_msg__rosidl_generator_c
[ 19%] [34m[1mGenerating C introspection for ROS interfaces[0m
[ 20%] [34m[1mGenerating C type support dispatch for ROS interfaces[0m
[35m[1mScanning dependencies of target om_aiv_msg__rosidl_typesupport_cpp[0m
[ 22%] [32mBuilding CXX object CMakeFiles/om_aiv_msg__rosidl_typesupport_cpp.dir/rosidl_typesupport_cpp/om_aiv_msg/msg/status__type_support.cpp.o[0m
[35m[1mScanning dependencies of target om_aiv_msg__rosidl_typesupport_introspection_cpp[0m
[ 23%] [32mBuilding CXX object CMakeFiles/om_aiv_msg__rosidl_typesupport_cpp.dir/rosidl_typesupport_cpp/om_aiv_msg/srv/arcl_api__type_support.cpp.o[0m
[ 25%] [32mBuilding CXX object CMakeFiles/om_aiv_msg__rosidl_typesupport_cpp.dir/rosidl_typesupport_cpp/om_aiv_msg/msg/location__type_support.cpp.o[0m
[ 26%] [32mBuilding CXX object CMakeFiles/om_aiv_msg__rosidl_typesupport_cpp.dir/rosidl_typesupport_cpp/om_aiv_msg/srv/arcl_listen__type_support.cpp.o[0m
[ 28%] [32mBuilding CXX object CMakeFiles/om_aiv_msg__rosidl_typesupport_introspection_cpp.dir/rosidl_typesupport_introspection_cpp/om_aiv_msg/msg/detail/location__type_support.cpp.o[0m
[35m[1mScanning dependencies of target om_aiv_msg__rosidl_typesupport_fastrtps_cpp[0m
[ 30%] [32mBuilding CXX object CMakeFiles/om_aiv_msg__rosidl_typesupport_fastrtps_cpp.dir/rosidl_typesupport_fastrtps_cpp/om_aiv_msg/msg/detail/dds_fastrtps/location__type_support.cpp.o[0m
[35m[1mScanning dependencies of target om_aiv_msg__rosidl_typesupport_c[0m
[ 31%] [32mBuilding CXX object CMakeFiles/om_aiv_msg__rosidl_typesupport_c.dir/rosidl_typesupport_c/om_aiv_msg/msg/location__type_support.cpp.o[0m
[ 33%] [32mBuilding CXX object CMakeFiles/om_aiv_msg__rosidl_typesupport_c.dir/rosidl_typesupport_c/om_aiv_msg/msg/status__type_support.cpp.o[0m
[ 34%] [32mBuilding CXX object CMakeFiles/om_aiv_msg__rosidl_typesupport_introspection_cpp.dir/rosidl_typesupport_introspection_cpp/om_aiv_msg/msg/detail/status__type_support.cpp.o[0m
[ 36%] [32mBuilding CXX object CMakeFiles/om_aiv_msg__rosidl_typesupport_cpp.dir/rosidl_typesupport_cpp/om_aiv_msg/action/action__type_support.cpp.o[0m
[ 38%] [32mBuilding CXX object CMakeFiles/om_aiv_msg__rosidl_typesupport_fastrtps_cpp.dir/rosidl_typesupport_fastrtps_cpp/om_aiv_msg/msg/detail/dds_fastrtps/status__type_support.cpp.o[0m
[35m[1mScanning dependencies of target om_aiv_msg__rosidl_typesupport_introspection_c[0m
[ 39%] [32mBuilding CXX object CMakeFiles/om_aiv_msg__rosidl_typesupport_introspection_cpp.dir/rosidl_typesupport_introspection_cpp/om_aiv_msg/srv/detail/arcl_api__type_support.cpp.o[0m
[ 41%] [32mBuilding CXX object CMakeFiles/om_aiv_msg__rosidl_typesupport_c.dir/rosidl_typesupport_c/om_aiv_msg/srv/arcl_api__type_support.cpp.o[0m
[ 42%] [32mBuilding CXX object CMakeFiles/om_aiv_msg__rosidl_typesupport_fastrtps_cpp.dir/rosidl_typesupport_fastrtps_cpp/om_aiv_msg/srv/detail/dds_fastrtps/arcl_api__type_support.cpp.o[0m
[ 44%] [32mBuilding C object CMakeFiles/om_aiv_msg__rosidl_typesupport_introspection_c.dir/rosidl_typesupport_introspection_c/om_aiv_msg/msg/detail/location__type_support.c.o[0m
[ 46%] [32mBuilding CXX object CMakeFiles/om_aiv_msg__rosidl_typesupport_c.dir/rosidl_typesupport_c/om_aiv_msg/srv/arcl_listen__type_support.cpp.o[0m
[ 47%] [32mBuilding C object CMakeFiles/om_aiv_msg__rosidl_typesupport_introspection_c.dir/rosidl_typesupport_introspection_c/om_aiv_msg/msg/detail/status__type_support.c.o[0m
[ 49%] [32mBuilding CXX object CMakeFiles/om_aiv_msg__rosidl_typesupport_c.dir/rosidl_typesupport_c/om_aiv_msg/action/action__type_support.cpp.o[0m
[ 50%] [32mBuilding C object CMakeFiles/om_aiv_msg__rosidl_typesupport_introspection_c.dir/rosidl_typesupport_introspection_c/om_aiv_msg/srv/detail/arcl_api__type_support.c.o[0m
[ 52%] [32m[1mLinking CXX shared library libom_aiv_msg__rosidl_typesupport_c.so[0m
[ 53%] [32mBuilding CXX object CMakeFiles/om_aiv_msg__rosidl_typesupport_fastrtps_cpp.dir/rosidl_typesupport_fastrtps_cpp/om_aiv_msg/srv/detail/dds_fastrtps/arcl_listen__type_support.cpp.o[0m
[ 55%] [32mBuilding CXX object CMakeFiles/om_aiv_msg__rosidl_typesupport_introspection_cpp.dir/rosidl_typesupport_introspection_cpp/om_aiv_msg/srv/detail/arcl_listen__type_support.cpp.o[0m
[ 57%] [32mBuilding C object CMakeFiles/om_aiv_msg__rosidl_typesupport_introspection_c.dir/rosidl_typesupport_introspection_c/om_aiv_msg/srv/detail/arcl_listen__type_support.c.o[0m
[ 57%] Built target om_aiv_msg__rosidl_typesupport_c
[ 58%] [32mBuilding C object CMakeFiles/om_aiv_msg__rosidl_typesupport_introspection_c.dir/rosidl_typesupport_introspection_c/om_aiv_msg/action/detail/action__type_support.c.o[0m
[ 60%] [32mBuilding CXX object CMakeFiles/om_aiv_msg__rosidl_typesupport_introspection_cpp.dir/rosidl_typesupport_introspection_cpp/om_aiv_msg/action/detail/action__type_support.cpp.o[0m
[ 61%] [32mBuilding CXX object CMakeFiles/om_aiv_msg__rosidl_typesupport_fastrtps_cpp.dir/rosidl_typesupport_fastrtps_cpp/om_aiv_msg/action/detail/dds_fastrtps/action__type_support.cpp.o[0m
[ 63%] [32m[1mLinking C shared library libom_aiv_msg__rosidl_typesupport_introspection_c.so[0m
[ 65%] [32m[1mLinking CXX shared library libom_aiv_msg__rosidl_typesupport_cpp.so[0m
[ 65%] Built target om_aiv_msg__rosidl_typesupport_introspection_c
[ 65%] Built target om_aiv_msg__rosidl_typesupport_cpp
[ 66%] [32m[1mLinking CXX shared library libom_aiv_msg__rosidl_typesupport_introspection_cpp.so[0m
[ 66%] Built target om_aiv_msg__rosidl_typesupport_introspection_cpp
[ 68%] [32m[1mLinking CXX shared library libom_aiv_msg__rosidl_typesupport_fastrtps_cpp.so[0m
[ 68%] Built target om_aiv_msg__rosidl_typesupport_fastrtps_cpp
[ 69%] [34m[1mGenerating C type support for eProsima Fast-RTPS[0m
[35m[1mScanning dependencies of target om_aiv_msg__rosidl_typesupport_fastrtps_c[0m
[ 71%] [32mBuilding CXX object CMakeFiles/om_aiv_msg__rosidl_typesupport_fastrtps_c.dir/rosidl_typesupport_fastrtps_c/om_aiv_msg/msg/detail/location__type_support_c.cpp.o[0m
[ 73%] [32mBuilding CXX object CMakeFiles/om_aiv_msg__rosidl_typesupport_fastrtps_c.dir/rosidl_typesupport_fastrtps_c/om_aiv_msg/msg/detail/status__type_support_c.cpp.o[0m
[ 74%] [32mBuilding CXX object CMakeFiles/om_aiv_msg__rosidl_typesupport_fastrtps_c.dir/rosidl_typesupport_fastrtps_c/om_aiv_msg/action/detail/action__type_support_c.cpp.o[0m
[ 76%] [32mBuilding CXX object CMakeFiles/om_aiv_msg__rosidl_typesupport_fastrtps_c.dir/rosidl_typesupport_fastrtps_c/om_aiv_msg/srv/detail/arcl_listen__type_support_c.cpp.o[0m
[ 77%] [32mBuilding CXX object CMakeFiles/om_aiv_msg__rosidl_typesupport_fastrtps_c.dir/rosidl_typesupport_fastrtps_c/om_aiv_msg/srv/detail/arcl_api__type_support_c.cpp.o[0m
[ 79%] [32m[1mLinking CXX shared library libom_aiv_msg__rosidl_typesupport_fastrtps_c.so[0m
[ 79%] Built target om_aiv_msg__rosidl_typesupport_fastrtps_c
[ 79%] Built target om_aiv_msg
[ 80%] [34m[1mGenerating Python code for ROS interfaces[0m
[ 80%] Built target om_aiv_msg__py
[35m[1mScanning dependencies of target om_aiv_msg__python[0m
[ 82%] [32mBuilding C object CMakeFiles/om_aiv_msg__python.dir/rosidl_generator_py/om_aiv_msg/msg/_location_s.c.o[0m
[ 84%] [32mBuilding C object CMakeFiles/om_aiv_msg__python.dir/rosidl_generator_py/om_aiv_msg/srv/_arcl_api_s.c.o[0m
[ 85%] [32mBuilding C object CMakeFiles/om_aiv_msg__python.dir/rosidl_generator_py/om_aiv_msg/action/_action_s.c.o[0m
[ 87%] [32mBuilding C object CMakeFiles/om_aiv_msg__python.dir/rosidl_generator_py/om_aiv_msg/msg/_status_s.c.o[0m
[ 88%] [32mBuilding C object CMakeFiles/om_aiv_msg__python.dir/rosidl_generator_py/om_aiv_msg/srv/_arcl_listen_s.c.o[0m
[ 90%] [32m[1mLinking C shared library rosidl_generator_py/om_aiv_msg/libom_aiv_msg__python.so[0m
[ 90%] Built target om_aiv_msg__python
[35m[1mScanning dependencies of target om_aiv_msg__rosidl_typesupport_fastrtps_c__pyext[0m
[35m[1mScanning dependencies of target om_aiv_msg__rosidl_typesupport_c__pyext[0m
[35m[1mScanning dependencies of target om_aiv_msg__rosidl_typesupport_introspection_c__pyext[0m
[ 92%] [32mBuilding C object CMakeFiles/om_aiv_msg__rosidl_typesupport_fastrtps_c__pyext.dir/rosidl_generator_py/om_aiv_msg/_om_aiv_msg_s.ep.rosidl_typesupport_fastrtps_c.c.o[0m
[ 93%] [32mBuilding C object CMakeFiles/om_aiv_msg__rosidl_typesupport_c__pyext.dir/rosidl_generator_py/om_aiv_msg/_om_aiv_msg_s.ep.rosidl_typesupport_c.c.o[0m
[ 95%] [32mBuilding C object CMakeFiles/om_aiv_msg__rosidl_typesupport_introspection_c__pyext.dir/rosidl_generator_py/om_aiv_msg/_om_aiv_msg_s.ep.rosidl_typesupport_introspection_c.c.o[0m
[ 96%] [32m[1mLinking C shared library rosidl_generator_py/om_aiv_msg/om_aiv_msg_s__rosidl_typesupport_c.cpython-38-x86_64-linux-gnu.so[0m
[ 98%] [32m[1mLinking CXX shared library rosidl_generator_py/om_aiv_msg/om_aiv_msg_s__rosidl_typesupport_fastrtps_c.cpython-38-x86_64-linux-gnu.so[0m
[ 98%] Built target om_aiv_msg__rosidl_typesupport_c__pyext
[100%] [32m[1mLinking C shared library rosidl_generator_py/om_aiv_msg/om_aiv_msg_s__rosidl_typesupport_introspection_c.cpython-38-x86_64-linux-gnu.so[0m
[100%] Built target om_aiv_msg__rosidl_typesupport_introspection_c__pyext
[100%] Built target om_aiv_msg__rosidl_typesupport_fastrtps_c__pyext
-- Install configuration: ""
-- Up-to-date: /home/omron/Omron_LD/install/om_aiv_msg/share/ament_index/resource_index/rosidl_interfaces/om_aiv_msg
-- Up-to-date: /home/omron/Omron_LD/install/om_aiv_msg/include/om_aiv_msg
-- Up-to-date: /home/omron/Omron_LD/install/om_aiv_msg/include/om_aiv_msg/action
-- Installing: /home/omron/Omron_LD/install/om_aiv_msg/include/om_aiv_msg/action/action.h
-- Up-to-date: /home/omron/Omron_LD/install/om_aiv_msg/include/om_aiv_msg/action/detail
-- Installing: /home/omron/Omron_LD/install/om_aiv_msg/include/om_aiv_msg/action/detail/action__functions.c
-- Installing: /home/omron/Omron_LD/install/om_aiv_msg/include/om_aiv_msg/action/detail/action__struct.h
-- Installing: /home/omron/Omron_LD/install/om_aiv_msg/include/om_aiv_msg/action/detail/action__type_support.h
-- Installing: /home/omron/Omron_LD/install/om_aiv_msg/include/om_aiv_msg/action/detail/action__functions.h
-- Up-to-date: /home/omron/Omron_LD/install/om_aiv_msg/include/om_aiv_msg/msg
-- Installing: /home/omron/Omron_LD/install/om_aiv_msg/include/om_aiv_msg/msg/location.h
-- Up-to-date: /home/omron/Omron_LD/install/om_aiv_msg/include/om_aiv_msg/msg/detail
-- Installing: /home/omron/Omron_LD/install/om_aiv_msg/include/om_aiv_msg/msg/detail/location__functions.c
-- Installing: /home/omron/Omron_LD/install/om_aiv_msg/include/om_aiv_msg/msg/detail/status__struct.h
-- Installing: /home/omron/Omron_LD/install/om_aiv_msg/include/om_aiv_msg/msg/detail/status__functions.c
-- Installing: /home/omron/Omron_LD/install/om_aiv_msg/include/om_aiv_msg/msg/detail/status__functions.h
-- Installing: /home/omron/Omron_LD/install/om_aiv_msg/include/om_aiv_msg/msg/detail/status__type_support.h
-- Installing: /home/omron/Omron_LD/install/om_aiv_msg/include/om_aiv_msg/msg/detail/location__functions.h
-- Installing: /home/omron/Omron_LD/install/om_aiv_msg/include/om_aiv_msg/msg/detail/location__struct.h
-- Installing: /home/omron/Omron_LD/install/om_aiv_msg/include/om_aiv_msg/msg/detail/location__type_support.h
-- Up-to-date: /home/omron/Omron_LD/install/om_aiv_msg/include/om_aiv_msg/msg/rosidl_generator_c__visibility_control.h
-- Installing: /home/omron/Omron_LD/install/om_aiv_msg/include/om_aiv_msg/msg/status.h
-- Up-to-date: /home/omron/Omron_LD/install/om_aiv_msg/include/om_aiv_msg/srv
-- Installing: /home/omron/Omron_LD/install/om_aiv_msg/include/om_aiv_msg/srv/arcl_listen.h
-- Up-to-date: /home/omron/Omron_LD/install/om_aiv_msg/include/om_aiv_msg/srv/detail
-- Installing: /home/omron/Omron_LD/install/om_aiv_msg/include/om_aiv_msg/srv/detail/arcl_api__type_support.h
-- Installing: /home/omron/Omron_LD/install/om_aiv_msg/include/om_aiv_msg/srv/detail/arcl_api__struct.h
-- Installing: /home/omron/Omron_LD/install/om_aiv_msg/include/om_aiv_msg/srv/detail/arcl_listen__type_support.h
-- Installing: /home/omron/Omron_LD/install/om_aiv_msg/include/om_aiv_msg/srv/detail/arcl_api__functions.c
-- Installing: /home/omron/Omron_LD/install/om_aiv_msg/include/om_aiv_msg/srv/detail/arcl_api__functions.h
-- Installing: /home/omron/Omron_LD/install/om_aiv_msg/include/om_aiv_msg/srv/detail/arcl_listen__functions.c
-- Installing: /home/omron/Omron_LD/install/om_aiv_msg/include/om_aiv_msg/srv/detail/arcl_listen__functions.h
-- Installing: /home/omron/Omron_LD/install/om_aiv_msg/include/om_aiv_msg/srv/detail/arcl_listen__struct.h
-- Installing: /home/omron/Omron_LD/install/om_aiv_msg/include/om_aiv_msg/srv/arcl_api.h
-- Up-to-date: /home/omron/Omron_LD/install/om_aiv_msg/share/om_aiv_msg/environment/library_path.sh
-- Installing: /home/omron/Omron_LD/install/om_aiv_msg/share/om_aiv_msg/environment/library_path.dsv
-- Installing: /home/omron/Omron_LD/install/om_aiv_msg/lib/libom_aiv_msg__rosidl_generator_c.so
-- Set runtime path of "/home/omron/Omron_LD/install/om_aiv_msg/lib/libom_aiv_msg__rosidl_generator_c.so" to ""
-- Up-to-date: /home/omron/Omron_LD/install/om_aiv_msg/include/om_aiv_msg
-- Up-to-date: /home/omron/Omron_LD/install/om_aiv_msg/include/om_aiv_msg/action
-- Up-to-date: /home/omron/Omron_LD/install/om_aiv_msg/include/om_aiv_msg/action/detail
-- Installing: /home/omron/Omron_LD/install/om_aiv_msg/include/om_aiv_msg/action/detail/action__rosidl_typesupport_fastrtps_c.h
-- Up-to-date: /home/omron/Omron_LD/install/om_aiv_msg/include/om_aiv_msg/msg
-- Up-to-date: /home/omron/Omron_LD/install/om_aiv_msg/include/om_aiv_msg/msg/rosidl_typesupport_fastrtps_c__visibility_control.h
-- Up-to-date: /home/omron/Omron_LD/install/om_aiv_msg/include/om_aiv_msg/msg/detail
-- Installing: /home/omron/Omron_LD/install/om_aiv_msg/include/om_aiv_msg/msg/detail/status__rosidl_typesupport_fastrtps_c.h
-- Installing: /home/omron/Omron_LD/install/om_aiv_msg/include/om_aiv_msg/msg/detail/location__rosidl_typesupport_fastrtps_c.h
-- Up-to-date: /home/omron/Omron_LD/install/om_aiv_msg/include/om_aiv_msg/srv
-- Up-to-date: /home/omron/Omron_LD/install/om_aiv_msg/include/om_aiv_msg/srv/detail
-- Installing: /home/omron/Omron_LD/install/om_aiv_msg/include/om_aiv_msg/srv/detail/arcl_listen__rosidl_typesupport_fastrtps_c.h
-- Installing: /home/omron/Omron_LD/install/om_aiv_msg/include/om_aiv_msg/srv/detail/arcl_api__rosidl_typesupport_fastrtps_c.h
-- Installing: /home/omron/Omron_LD/install/om_aiv_msg/lib/libom_aiv_msg__rosidl_typesupport_fastrtps_c.so
-- Set runtime path of "/home/omron/Omron_LD/install/om_aiv_msg/lib/libom_aiv_msg__rosidl_typesupport_fastrtps_c.so" to ""
-- Up-to-date: /home/omron/Omron_LD/install/om_aiv_msg/include/om_aiv_msg
-- Up-to-date: /home/omron/Omron_LD/install/om_aiv_msg/include/om_aiv_msg/action
-- Up-to-date: /home/omron/Omron_LD/install/om_aiv_msg/include/om_aiv_msg/action/detail
-- Up-to-date: /home/omron/Omron_LD/install/om_aiv_msg/include/om_aiv_msg/action/detail/dds_fastrtps
-- Installing: /home/omron/Omron_LD/install/om_aiv_msg/include/om_aiv_msg/action/detail/action__rosidl_typesupport_fastrtps_cpp.hpp
-- Up-to-date: /home/omron/Omron_LD/install/om_aiv_msg/include/om_aiv_msg/msg
-- Up-to-date: /home/omron/Omron_LD/install/om_aiv_msg/include/om_aiv_msg/msg/rosidl_typesupport_fastrtps_cpp__visibility_control.h
-- Up-to-date: /home/omron/Omron_LD/install/om_aiv_msg/include/om_aiv_msg/msg/detail
-- Up-to-date: /home/omron/Omron_LD/install/om_aiv_msg/include/om_aiv_msg/msg/detail/dds_fastrtps
-- Installing: /home/omron/Omron_LD/install/om_aiv_msg/include/om_aiv_msg/msg/detail/location__rosidl_typesupport_fastrtps_cpp.hpp
-- Installing: /home/omron/Omron_LD/install/om_aiv_msg/include/om_aiv_msg/msg/detail/status__rosidl_typesupport_fastrtps_cpp.hpp
-- Up-to-date: /home/omron/Omron_LD/install/om_aiv_msg/include/om_aiv_msg/srv
-- Up-to-date: /home/omron/Omron_LD/install/om_aiv_msg/include/om_aiv_msg/srv/detail
-- Up-to-date: /home/omron/Omron_LD/install/om_aiv_msg/include/om_aiv_msg/srv/detail/dds_fastrtps
-- Installing: /home/omron/Omron_LD/install/om_aiv_msg/include/om_aiv_msg/srv/detail/arcl_api__rosidl_typesupport_fastrtps_cpp.hpp
-- Installing: /home/omron/Omron_LD/install/om_aiv_msg/include/om_aiv_msg/srv/detail/arcl_listen__rosidl_typesupport_fastrtps_cpp.hpp
-- Installing: /home/omron/Omron_LD/install/om_aiv_msg/lib/libom_aiv_msg__rosidl_typesupport_fastrtps_cpp.so
-- Set runtime path of "/home/omron/Omron_LD/install/om_aiv_msg/lib/libom_aiv_msg__rosidl_typesupport_fastrtps_cpp.so" to ""
-- Up-to-date: /home/omron/Omron_LD/install/om_aiv_msg/include/om_aiv_msg
-- Up-to-date: /home/omron/Omron_LD/install/om_aiv_msg/include/om_aiv_msg/action
-- Up-to-date: /home/omron/Omron_LD/install/om_aiv_msg/include/om_aiv_msg/action/detail
-- Installing: /home/omron/Omron_LD/install/om_aiv_msg/include/om_aiv_msg/action/detail/action__rosidl_typesupport_introspection_c.h
-- Installing: /home/omron/Omron_LD/install/om_aiv_msg/include/om_aiv_msg/action/detail/action__type_support.c
-- Up-to-date: /home/omron/Omron_LD/install/om_aiv_msg/include/om_aiv_msg/msg
-- Up-to-date: /home/omron/Omron_LD/install/om_aiv_msg/include/om_aiv_msg/msg/rosidl_typesupport_introspection_c__visibility_control.h
-- Up-to-date: /home/omron/Omron_LD/install/om_aiv_msg/include/om_aiv_msg/msg/detail
-- Installing: /home/omron/Omron_LD/install/om_aiv_msg/include/om_aiv_msg/msg/detail/location__type_support.c
-- Installing: /home/omron/Omron_LD/install/om_aiv_msg/include/om_aiv_msg/msg/detail/location__rosidl_typesupport_introspection_c.h
-- Installing: /home/omron/Omron_LD/install/om_aiv_msg/include/om_aiv_msg/msg/detail/status__type_support.c
-- Installing: /home/omron/Omron_LD/install/om_aiv_msg/include/om_aiv_msg/msg/detail/status__rosidl_typesupport_introspection_c.h
-- Up-to-date: /home/omron/Omron_LD/install/om_aiv_msg/include/om_aiv_msg/srv
-- Up-to-date: /home/omron/Omron_LD/install/om_aiv_msg/include/om_aiv_msg/srv/detail
-- Installing: /home/omron/Omron_LD/install/om_aiv_msg/include/om_aiv_msg/srv/detail/arcl_listen__type_support.c
-- Installing: /home/omron/Omron_LD/install/om_aiv_msg/include/om_aiv_msg/srv/detail/arcl_listen__rosidl_typesupport_introspection_c.h
-- Installing: /home/omron/Omron_LD/install/om_aiv_msg/include/om_aiv_msg/srv/detail/arcl_api__rosidl_typesupport_introspection_c.h
-- Installing: /home/omron/Omron_LD/install/om_aiv_msg/include/om_aiv_msg/srv/detail/arcl_api__type_support.c
-- Installing: /home/omron/Omron_LD/install/om_aiv_msg/lib/libom_aiv_msg__rosidl_typesupport_introspection_c.so
-- Set runtime path of "/home/omron/Omron_LD/install/om_aiv_msg/lib/libom_aiv_msg__rosidl_typesupport_introspection_c.so" to ""
-- Installing: /home/omron/Omron_LD/install/om_aiv_msg/lib/libom_aiv_msg__rosidl_typesupport_c.so
-- Set runtime path of "/home/omron/Omron_LD/install/om_aiv_msg/lib/libom_aiv_msg__rosidl_typesupport_c.so" to ""
-- Up-to-date: /home/omron/Omron_LD/install/om_aiv_msg/include/om_aiv_msg
-- Up-to-date: /home/omron/Omron_LD/install/om_aiv_msg/include/om_aiv_msg/action
-- Installing: /home/omron/Omron_LD/install/om_aiv_msg/include/om_aiv_msg/action/action.hpp
-- Up-to-date: /home/omron/Omron_LD/install/om_aiv_msg/include/om_aiv_msg/action/detail
-- Installing: /home/omron/Omron_LD/install/om_aiv_msg/include/om_aiv_msg/action/detail/action__builder.hpp
-- Installing: /home/omron/Omron_LD/install/om_aiv_msg/include/om_aiv_msg/action/detail/action__traits.hpp
-- Installing: /home/omron/Omron_LD/install/om_aiv_msg/include/om_aiv_msg/action/detail/action__struct.hpp
-- Up-to-date: /home/omron/Omron_LD/install/om_aiv_msg/include/om_aiv_msg/msg
-- Installing: /home/omron/Omron_LD/install/om_aiv_msg/include/om_aiv_msg/msg/status.hpp
-- Installing: /home/omron/Omron_LD/install/om_aiv_msg/include/om_aiv_msg/msg/location.hpp
-- Up-to-date: /home/omron/Omron_LD/install/om_aiv_msg/include/om_aiv_msg/msg/detail
-- Installing: /home/omron/Omron_LD/install/om_aiv_msg/include/om_aiv_msg/msg/detail/location__traits.hpp
-- Installing: /home/omron/Omron_LD/install/om_aiv_msg/include/om_aiv_msg/msg/detail/status__struct.hpp
-- Installing: /home/omron/Omron_LD/install/om_aiv_msg/include/om_aiv_msg/msg/detail/location__builder.hpp
-- Installing: /home/omron/Omron_LD/install/om_aiv_msg/include/om_aiv_msg/msg/detail/status__traits.hpp
-- Installing: /home/omron/Omron_LD/install/om_aiv_msg/include/om_aiv_msg/msg/detail/status__builder.hpp
-- Installing: /home/omron/Omron_LD/install/om_aiv_msg/include/om_aiv_msg/msg/detail/location__struct.hpp
-- Up-to-date: /home/omron/Omron_LD/install/om_aiv_msg/include/om_aiv_msg/srv
-- Installing: /home/omron/Omron_LD/install/om_aiv_msg/include/om_aiv_msg/srv/arcl_listen.hpp
-- Up-to-date: /home/omron/Omron_LD/install/om_aiv_msg/include/om_aiv_msg/srv/detail
-- Installing: /home/omron/Omron_LD/install/om_aiv_msg/include/om_aiv_msg/srv/detail/arcl_api__builder.hpp
-- Installing: /home/omron/Omron_LD/install/om_aiv_msg/include/om_aiv_msg/srv/detail/arcl_listen__builder.hpp
-- Installing: /home/omron/Omron_LD/install/om_aiv_msg/include/om_aiv_msg/srv/detail/arcl_listen__struct.hpp
-- Installing: /home/omron/Omron_LD/install/om_aiv_msg/include/om_aiv_msg/srv/detail/arcl_listen__traits.hpp
-- Installing: /home/omron/Omron_LD/install/om_aiv_msg/include/om_aiv_msg/srv/detail/arcl_api__traits.hpp
-- Installing: /home/omron/Omron_LD/install/om_aiv_msg/include/om_aiv_msg/srv/detail/arcl_api__struct.hpp
-- Installing: /home/omron/Omron_LD/install/om_aiv_msg/include/om_aiv_msg/srv/arcl_api.hpp
-- Up-to-date: /home/omron/Omron_LD/install/om_aiv_msg/include/om_aiv_msg
-- Up-to-date: /home/omron/Omron_LD/install/om_aiv_msg/include/om_aiv_msg/action
-- Up-to-date: /home/omron/Omron_LD/install/om_aiv_msg/include/om_aiv_msg/action/detail
-- Installing: /home/omron/Omron_LD/install/om_aiv_msg/include/om_aiv_msg/action/detail/action__rosidl_typesupport_introspection_cpp.hpp
-- Installing: /home/omron/Omron_LD/install/om_aiv_msg/include/om_aiv_msg/action/detail/action__type_support.cpp
-- Up-to-date: /home/omron/Omron_LD/install/om_aiv_msg/include/om_aiv_msg/msg
-- Up-to-date: /home/omron/Omron_LD/install/om_aiv_msg/include/om_aiv_msg/msg/detail
-- Installing: /home/omron/Omron_LD/install/om_aiv_msg/include/om_aiv_msg/msg/detail/status__rosidl_typesupport_introspection_cpp.hpp
-- Installing: /home/omron/Omron_LD/install/om_aiv_msg/include/om_aiv_msg/msg/detail/location__type_support.cpp
-- Installing: /home/omron/Omron_LD/install/om_aiv_msg/include/om_aiv_msg/msg/detail/status__type_support.cpp
-- Installing: /home/omron/Omron_LD/install/om_aiv_msg/include/om_aiv_msg/msg/detail/location__rosidl_typesupport_introspection_cpp.hpp
-- Up-to-date: /home/omron/Omron_LD/install/om_aiv_msg/include/om_aiv_msg/srv
-- Up-to-date: /home/omron/Omron_LD/install/om_aiv_msg/include/om_aiv_msg/srv/detail
-- Installing: /home/omron/Omron_LD/install/om_aiv_msg/include/om_aiv_msg/srv/detail/arcl_listen__type_support.cpp
-- Installing: /home/omron/Omron_LD/install/om_aiv_msg/include/om_aiv_msg/srv/detail/arcl_api__type_support.cpp
-- Installing: /home/omron/Omron_LD/install/om_aiv_msg/include/om_aiv_msg/srv/detail/arcl_api__rosidl_typesupport_introspection_cpp.hpp
-- Installing: /home/omron/Omron_LD/install/om_aiv_msg/include/om_aiv_msg/srv/detail/arcl_listen__rosidl_typesupport_introspection_cpp.hpp
-- Installing: /home/omron/Omron_LD/install/om_aiv_msg/lib/libom_aiv_msg__rosidl_typesupport_introspection_cpp.so
-- Set runtime path of "/home/omron/Omron_LD/install/om_aiv_msg/lib/libom_aiv_msg__rosidl_typesupport_introspection_cpp.so" to ""
-- Installing: /home/omron/Omron_LD/install/om_aiv_msg/lib/libom_aiv_msg__rosidl_typesupport_cpp.so
-- Set runtime path of "/home/omron/Omron_LD/install/om_aiv_msg/lib/libom_aiv_msg__rosidl_typesupport_cpp.so" to ""
-- Up-to-date: /home/omron/Omron_LD/install/om_aiv_msg/share/om_aiv_msg/environment/pythonpath.sh
-- Installing: /home/omron/Omron_LD/install/om_aiv_msg/share/om_aiv_msg/environment/pythonpath.dsv
-- Installing: /home/omron/Omron_LD/install/om_aiv_msg/lib/python3.8/site-packages/om_aiv_msg/__init__.py
Compiling '/home/omron/Omron_LD/install/om_aiv_msg/lib/python3.8/site-packages/om_aiv_msg/__init__.py'...
-- Up-to-date: /home/omron/Omron_LD/install/om_aiv_msg/lib/python3.8/site-packages/om_aiv_msg/msg
-- Installing: /home/omron/Omron_LD/install/om_aiv_msg/lib/python3.8/site-packages/om_aiv_msg/msg/_location.py
-- Installing: /home/omron/Omron_LD/install/om_aiv_msg/lib/python3.8/site-packages/om_aiv_msg/msg/_status_s.c
-- Installing: /home/omron/Omron_LD/install/om_aiv_msg/lib/python3.8/site-packages/om_aiv_msg/msg/_status.py
-- Installing: /home/omron/Omron_LD/install/om_aiv_msg/lib/python3.8/site-packages/om_aiv_msg/msg/__init__.py
-- Installing: /home/omron/Omron_LD/install/om_aiv_msg/lib/python3.8/site-packages/om_aiv_msg/msg/_location_s.c
-- Up-to-date: /home/omron/Omron_LD/install/om_aiv_msg/lib/python3.8/site-packages/om_aiv_msg/srv
-- Installing: /home/omron/Omron_LD/install/om_aiv_msg/lib/python3.8/site-packages/om_aiv_msg/srv/_arcl_api_s.c
-- Installing: /home/omron/Omron_LD/install/om_aiv_msg/lib/python3.8/site-packages/om_aiv_msg/srv/_arcl_listen.py
-- Installing: /home/omron/Omron_LD/install/om_aiv_msg/lib/python3.8/site-packages/om_aiv_msg/srv/__init__.py
-- Installing: /home/omron/Omron_LD/install/om_aiv_msg/lib/python3.8/site-packages/om_aiv_msg/srv/_arcl_api.py
-- Installing: /home/omron/Omron_LD/install/om_aiv_msg/lib/python3.8/site-packages/om_aiv_msg/srv/_arcl_listen_s.c
-- Up-to-date: /home/omron/Omron_LD/install/om_aiv_msg/lib/python3.8/site-packages/om_aiv_msg/action
-- Installing: /home/omron/Omron_LD/install/om_aiv_msg/lib/python3.8/site-packages/om_aiv_msg/action/_action.py
-- Installing: /home/omron/Omron_LD/install/om_aiv_msg/lib/python3.8/site-packages/om_aiv_msg/action/_action_s.c
-- Installing: /home/omron/Omron_LD/install/om_aiv_msg/lib/python3.8/site-packages/om_aiv_msg/action/__init__.py
-- Installing: /home/omron/Omron_LD/install/om_aiv_msg/lib/python3.8/site-packages/om_aiv_msg/om_aiv_msg_s__rosidl_typesupport_fastrtps_c.cpython-38-x86_64-linux-gnu.so
-- Set runtime path of "/home/omron/Omron_LD/install/om_aiv_msg/lib/python3.8/site-packages/om_aiv_msg/om_aiv_msg_s__rosidl_typesupport_fastrtps_c.cpython-38-x86_64-linux-gnu.so" to ""
-- Installing: /home/omron/Omron_LD/install/om_aiv_msg/lib/python3.8/site-packages/om_aiv_msg/om_aiv_msg_s__rosidl_typesupport_introspection_c.cpython-38-x86_64-linux-gnu.so
-- Set runtime path of "/home/omron/Omron_LD/install/om_aiv_msg/lib/python3.8/site-packages/om_aiv_msg/om_aiv_msg_s__rosidl_typesupport_introspection_c.cpython-38-x86_64-linux-gnu.so" to ""
-- Installing: /home/omron/Omron_LD/install/om_aiv_msg/lib/python3.8/site-packages/om_aiv_msg/om_aiv_msg_s__rosidl_typesupport_c.cpython-38-x86_64-linux-gnu.so
-- Set runtime path of "/home/omron/Omron_LD/install/om_aiv_msg/lib/python3.8/site-packages/om_aiv_msg/om_aiv_msg_s__rosidl_typesupport_c.cpython-38-x86_64-linux-gnu.so" to ""
-- Installing: /home/omron/Omron_LD/install/om_aiv_msg/lib/libom_aiv_msg__python.so
-- Set runtime path of "/home/omron/Omron_LD/install/om_aiv_msg/lib/libom_aiv_msg__python.so" to ""
-- Up-to-date: /home/omron/Omron_LD/install/om_aiv_msg/share/om_aiv_msg/msg/Location.idl
-- Up-to-date: /home/omron/Omron_LD/install/om_aiv_msg/share/om_aiv_msg/msg/Status.idl
-- Up-to-date: /home/omron/Omron_LD/install/om_aiv_msg/share/om_aiv_msg/srv/ArclApi.idl
-- Up-to-date: /home/omron/Omron_LD/install/om_aiv_msg/share/om_aiv_msg/srv/ArclListen.idl
-- Installing: /home/omron/Omron_LD/install/om_aiv_msg/share/om_aiv_msg/action/Action.idl
-- Up-to-date: /home/omron/Omron_LD/install/om_aiv_msg/share/om_aiv_msg/msg/Location.msg
-- Up-to-date: /home/omron/Omron_LD/install/om_aiv_msg/share/om_aiv_msg/msg/Status.msg
-- Up-to-date: /home/omron/Omron_LD/install/om_aiv_msg/share/om_aiv_msg/srv/ArclApi.srv
-- Up-to-date: /home/omron/Omron_LD/install/om_aiv_msg/share/om_aiv_msg/srv/ArclApi_Request.msg
-- Up-to-date: /home/omron/Omron_LD/install/om_aiv_msg/share/om_aiv_msg/srv/ArclApi_Response.msg
-- Up-to-date: /home/omron/Omron_LD/install/om_aiv_msg/share/om_aiv_msg/srv/ArclListen.srv
-- Up-to-date: /home/omron/Omron_LD/install/om_aiv_msg/share/om_aiv_msg/srv/ArclListen_Request.msg
-- Up-to-date: /home/omron/Omron_LD/install/om_aiv_msg/share/om_aiv_msg/srv/ArclListen_Response.msg
-- Installing: /home/omron/Omron_LD/install/om_aiv_msg/share/om_aiv_msg/action/Action.action
-- Up-to-date: /home/omron/Omron_LD/install/om_aiv_msg/share/ament_index/resource_index/package_run_dependencies/om_aiv_msg
-- Installing: /home/omron/Omron_LD/install/om_aiv_msg/share/ament_index/resource_index/parent_prefix_path/om_aiv_msg
-- Up-to-date: /home/omron/Omron_LD/install/om_aiv_msg/share/om_aiv_msg/environment/ament_prefix_path.sh
-- Installing: /home/omron/Omron_LD/install/om_aiv_msg/share/om_aiv_msg/environment/ament_prefix_path.dsv
-- Up-to-date: /home/omron/Omron_LD/install/om_aiv_msg/share/om_aiv_msg/environment/path.sh
-- Installing: /home/omron/Omron_LD/install/om_aiv_msg/share/om_aiv_msg/environment/path.dsv
-- Up-to-date: /home/omron/Omron_LD/install/om_aiv_msg/share/om_aiv_msg/local_setup.bash
-- Up-to-date: /home/omron/Omron_LD/install/om_aiv_msg/share/om_aiv_msg/local_setup.sh
-- Up-to-date: /home/omron/Omron_LD/install/om_aiv_msg/share/om_aiv_msg/local_setup.zsh
-- Installing: /home/omron/Omron_LD/install/om_aiv_msg/share/om_aiv_msg/local_setup.dsv
-- Installing: /home/omron/Omron_LD/install/om_aiv_msg/share/om_aiv_msg/package.dsv
-- Up-to-date: /home/omron/Omron_LD/install/om_aiv_msg/share/ament_index/resource_index/packages/om_aiv_msg
-- Up-to-date: /home/omron/Omron_LD/install/om_aiv_msg/share/om_aiv_msg/cmake/om_aiv_msg__rosidl_generator_cExport.cmake
-- Installing: /home/omron/Omron_LD/install/om_aiv_msg/share/om_aiv_msg/cmake/om_aiv_msg__rosidl_generator_cExport-noconfig.cmake
-- Up-to-date: /home/omron/Omron_LD/install/om_aiv_msg/share/om_aiv_msg/cmake/om_aiv_msg__rosidl_typesupport_introspection_cExport.cmake
-- Installing: /home/omron/Omron_LD/install/om_aiv_msg/share/om_aiv_msg/cmake/om_aiv_msg__rosidl_typesupport_introspection_cExport-noconfig.cmake
-- Up-to-date: /home/omron/Omron_LD/install/om_aiv_msg/share/om_aiv_msg/cmake/om_aiv_msg__rosidl_typesupport_cExport.cmake
-- Installing: /home/omron/Omron_LD/install/om_aiv_msg/share/om_aiv_msg/cmake/om_aiv_msg__rosidl_typesupport_cExport-noconfig.cmake
-- Up-to-date: /home/omron/Omron_LD/install/om_aiv_msg/share/om_aiv_msg/cmake/om_aiv_msg__rosidl_generator_cppExport.cmake
-- Up-to-date: /home/omron/Omron_LD/install/om_aiv_msg/share/om_aiv_msg/cmake/om_aiv_msg__rosidl_typesupport_introspection_cppExport.cmake
-- Installing: /home/omron/Omron_LD/install/om_aiv_msg/share/om_aiv_msg/cmake/om_aiv_msg__rosidl_typesupport_introspection_cppExport-noconfig.cmake
-- Up-to-date: /home/omron/Omron_LD/install/om_aiv_msg/share/om_aiv_msg/cmake/om_aiv_msg__rosidl_typesupport_cppExport.cmake
-- Installing: /home/omron/Omron_LD/install/om_aiv_msg/share/om_aiv_msg/cmake/om_aiv_msg__rosidl_typesupport_cppExport-noconfig.cmake
-- Up-to-date: /home/omron/Omron_LD/install/om_aiv_msg/share/om_aiv_msg/cmake/rosidl_cmake-extras.cmake
-- Up-to-date: /home/omron/Omron_LD/install/om_aiv_msg/share/om_aiv_msg/cmake/ament_cmake_export_dependencies-extras.cmake
-- Up-to-date: /home/omron/Omron_LD/install/om_aiv_msg/share/om_aiv_msg/cmake/ament_cmake_export_libraries-extras.cmake
-- Up-to-date: /home/omron/Omron_LD/install/om_aiv_msg/share/om_aiv_msg/cmake/ament_cmake_export_targets-extras.cmake
-- Up-to-date: /home/omron/Omron_LD/install/om_aiv_msg/share/om_aiv_msg/cmake/ament_cmake_export_include_directories-extras.cmake
-- Up-to-date: /home/omron/Omron_LD/install/om_aiv_msg/share/om_aiv_msg/cmake/rosidl_cmake_export_typesupport_libraries-extras.cmake
-- Up-to-date: /home/omron/Omron_LD/install/om_aiv_msg/share/om_aiv_msg/cmake/rosidl_cmake_export_typesupport_targets-extras.cmake
-- Up-to-date: /home/omron/Omron_LD/install/om_aiv_msg/share/om_aiv_msg/cmake/om_aiv_msgConfig.cmake
-- Up-to-date: /home/omron/Omron_LD/install/om_aiv_msg/share/om_aiv_msg/cmake/om_aiv_msgConfig-version.cmake
-- Up-to-date: /home/omron/Omron_LD/install/om_aiv_msg/share/om_aiv_msg/package.xml
