[0.277s] DEBUG:colcon:Command line arguments: ['/usr/bin/colcon', 'build']
[0.277s] DEBUG:colcon:Parsed command line arguments: Namespace(ament_cmake_args=None, base_paths=['.'], build_base='build', catkin_cmake_args=None, catkin_skip_building_tests=False, cmake_args=None, cmake_clean_cache=False, cmake_clean_first=False, cmake_force_configure=False, cmake_target=None, cmake_target_skip_unavailable=False, continue_on_error=False, event_handlers=None, executor='parallel', ignore_user_meta=False, install_base='install', log_base=None, log_level=None, main=<bound method BuildVerb.main of <colcon_core.verb.build.BuildVerb object at 0x7f0f5c5e8490>>, merge_install=False, metas=['./colcon.meta'], packages_above=None, packages_above_and_dependencies=None, packages_above_depth=None, packages_end=None, packages_ignore=None, packages_ignore_regex=None, packages_select=None, packages_select_build_failed=False, packages_select_by_dep=None, packages_select_regex=None, packages_select_test_failures=False, packages_skip=None, packages_skip_build_finished=False, packages_skip_by_dep=None, packages_skip_regex=None, packages_skip_test_passed=False, packages_skip_up_to=None, packages_start=None, packages_up_to=None, packages_up_to_regex=None, parallel_workers=8, paths=None, symlink_install=False, test_result_base=None, verb_extension=<colcon_core.verb.build.BuildVerb object at 0x7f0f5c5e8490>, verb_name='build', verb_parser=<colcon_defaults.argument_parser.defaults.DefaultArgumentsDecorator object at 0x7f0f5c5e89d0>)
[0.283s] Level 1:colcon.colcon_core.package_discovery:discover_packages(colcon_meta) check parameters
[0.283s] Level 1:colcon.colcon_core.package_discovery:discover_packages(recursive) check parameters
[0.283s] Level 1:colcon.colcon_core.package_discovery:discover_packages(ignore) check parameters
[0.283s] Level 1:colcon.colcon_core.package_discovery:discover_packages(path) check parameters
[0.283s] Level 1:colcon.colcon_core.package_discovery:discover_packages(colcon_meta) discover
[0.283s] Level 1:colcon.colcon_core.package_discovery:discover_packages(recursive) discover
[0.283s] INFO:colcon.colcon_core.package_discovery:Crawling recursively for packages in '/home/omron/Omron_LD'
[0.283s] Level 1:colcon.colcon_core.package_identification:_identify(.) by extensions ['ignore', 'ignore_ament_install']
[0.283s] Level 1:colcon.colcon_core.package_identification:_identify(.) by extension 'ignore'
[0.283s] Level 1:colcon.colcon_core.package_identification:_identify(.) by extension 'ignore_ament_install'
[0.283s] Level 1:colcon.colcon_core.package_identification:_identify(.) by extensions ['colcon_pkg']
[0.283s] Level 1:colcon.colcon_core.package_identification:_identify(.) by extension 'colcon_pkg'
[0.284s] Level 1:colcon.colcon_core.package_identification:_identify(.) by extensions ['colcon_meta']
[0.284s] Level 1:colcon.colcon_core.package_identification:_identify(.) by extension 'colcon_meta'
[0.284s] Level 1:colcon.colcon_core.package_identification:_identify(.) by extensions ['ros']
[0.284s] Level 1:colcon.colcon_core.package_identification:_identify(.) by extension 'ros'
[0.294s] Level 1:colcon.colcon_core.package_identification:_identify(.) by extensions ['cmake', 'python']
[0.294s] Level 1:colcon.colcon_core.package_identification:_identify(.) by extension 'cmake'
[0.294s] Level 1:colcon.colcon_core.package_identification:_identify(.) by extension 'python'
[0.295s] Level 1:colcon.colcon_core.package_identification:_identify(.) by extensions ['python_setup_py']
[0.295s] Level 1:colcon.colcon_core.package_identification:_identify(.) by extension 'python_setup_py'
[0.295s] Level 1:colcon.colcon_core.package_identification:_identify(build) by extensions ['ignore', 'ignore_ament_install']
[0.295s] Level 1:colcon.colcon_core.package_identification:_identify(build) by extension 'ignore'
[0.295s] Level 1:colcon.colcon_core.package_identification:_identify(build) ignored
[0.295s] Level 1:colcon.colcon_core.package_identification:_identify(docs) by extensions ['ignore', 'ignore_ament_install']
[0.295s] Level 1:colcon.colcon_core.package_identification:_identify(docs) by extension 'ignore'
[0.295s] Level 1:colcon.colcon_core.package_identification:_identify(docs) by extension 'ignore_ament_install'
[0.295s] Level 1:colcon.colcon_core.package_identification:_identify(docs) by extensions ['colcon_pkg']
[0.295s] Level 1:colcon.colcon_core.package_identification:_identify(docs) by extension 'colcon_pkg'
[0.295s] Level 1:colcon.colcon_core.package_identification:_identify(docs) by extensions ['colcon_meta']
[0.296s] Level 1:colcon.colcon_core.package_identification:_identify(docs) by extension 'colcon_meta'
[0.296s] Level 1:colcon.colcon_core.package_identification:_identify(docs) by extensions ['ros']
[0.296s] Level 1:colcon.colcon_core.package_identification:_identify(docs) by extension 'ros'
[0.296s] Level 1:colcon.colcon_core.package_identification:_identify(docs) by extensions ['cmake', 'python']
[0.296s] Level 1:colcon.colcon_core.package_identification:_identify(docs) by extension 'cmake'
[0.296s] Level 1:colcon.colcon_core.package_identification:_identify(docs) by extension 'python'
[0.296s] Level 1:colcon.colcon_core.package_identification:_identify(docs) by extensions ['python_setup_py']
[0.296s] Level 1:colcon.colcon_core.package_identification:_identify(docs) by extension 'python_setup_py'
[0.296s] Level 1:colcon.colcon_core.package_identification:_identify(docs/dg-images) by extensions ['ignore', 'ignore_ament_install']
[0.296s] Level 1:colcon.colcon_core.package_identification:_identify(docs/dg-images) by extension 'ignore'
[0.296s] Level 1:colcon.colcon_core.package_identification:_identify(docs/dg-images) by extension 'ignore_ament_install'
[0.296s] Level 1:colcon.colcon_core.package_identification:_identify(docs/dg-images) by extensions ['colcon_pkg']
[0.296s] Level 1:colcon.colcon_core.package_identification:_identify(docs/dg-images) by extension 'colcon_pkg'
[0.296s] Level 1:colcon.colcon_core.package_identification:_identify(docs/dg-images) by extensions ['colcon_meta']
[0.296s] Level 1:colcon.colcon_core.package_identification:_identify(docs/dg-images) by extension 'colcon_meta'
[0.296s] Level 1:colcon.colcon_core.package_identification:_identify(docs/dg-images) by extensions ['ros']
[0.296s] Level 1:colcon.colcon_core.package_identification:_identify(docs/dg-images) by extension 'ros'
[0.297s] Level 1:colcon.colcon_core.package_identification:_identify(docs/dg-images) by extensions ['cmake', 'python']
[0.297s] Level 1:colcon.colcon_core.package_identification:_identify(docs/dg-images) by extension 'cmake'
[0.297s] Level 1:colcon.colcon_core.package_identification:_identify(docs/dg-images) by extension 'python'
[0.297s] Level 1:colcon.colcon_core.package_identification:_identify(docs/dg-images) by extensions ['python_setup_py']
[0.297s] Level 1:colcon.colcon_core.package_identification:_identify(docs/dg-images) by extension 'python_setup_py'
[0.297s] Level 1:colcon.colcon_core.package_identification:_identify(install) by extensions ['ignore', 'ignore_ament_install']
[0.297s] Level 1:colcon.colcon_core.package_identification:_identify(install) by extension 'ignore'
[0.297s] Level 1:colcon.colcon_core.package_identification:_identify(install) ignored
[0.298s] Level 1:colcon.colcon_core.package_identification:_identify(log) by extensions ['ignore', 'ignore_ament_install']
[0.298s] Level 1:colcon.colcon_core.package_identification:_identify(log) by extension 'ignore'
[0.298s] Level 1:colcon.colcon_core.package_identification:_identify(log) ignored
[0.298s] Level 1:colcon.colcon_core.package_identification:_identify(src) by extensions ['ignore', 'ignore_ament_install']
[0.298s] Level 1:colcon.colcon_core.package_identification:_identify(src) by extension 'ignore'
[0.298s] Level 1:colcon.colcon_core.package_identification:_identify(src) by extension 'ignore_ament_install'
[0.298s] Level 1:colcon.colcon_core.package_identification:_identify(src) by extensions ['colcon_pkg']
[0.298s] Level 1:colcon.colcon_core.package_identification:_identify(src) by extension 'colcon_pkg'
[0.298s] Level 1:colcon.colcon_core.package_identification:_identify(src) by extensions ['colcon_meta']
[0.298s] Level 1:colcon.colcon_core.package_identification:_identify(src) by extension 'colcon_meta'
[0.298s] Level 1:colcon.colcon_core.package_identification:_identify(src) by extensions ['ros']
[0.298s] Level 1:colcon.colcon_core.package_identification:_identify(src) by extension 'ros'
[0.298s] Level 1:colcon.colcon_core.package_identification:_identify(src) by extensions ['cmake', 'python']
[0.298s] Level 1:colcon.colcon_core.package_identification:_identify(src) by extension 'cmake'
[0.298s] Level 1:colcon.colcon_core.package_identification:_identify(src) by extension 'python'
[0.299s] Level 1:colcon.colcon_core.package_identification:_identify(src) by extensions ['python_setup_py']
[0.299s] Level 1:colcon.colcon_core.package_identification:_identify(src) by extension 'python_setup_py'
[0.299s] Level 1:colcon.colcon_core.package_identification:_identify(src/ld_visualisation) by extensions ['ignore', 'ignore_ament_install']
[0.299s] Level 1:colcon.colcon_core.package_identification:_identify(src/ld_visualisation) by extension 'ignore'
[0.299s] Level 1:colcon.colcon_core.package_identification:_identify(src/ld_visualisation) by extension 'ignore_ament_install'
[0.299s] Level 1:colcon.colcon_core.package_identification:_identify(src/ld_visualisation) by extensions ['colcon_pkg']
[0.299s] Level 1:colcon.colcon_core.package_identification:_identify(src/ld_visualisation) by extension 'colcon_pkg'
[0.299s] Level 1:colcon.colcon_core.package_identification:_identify(src/ld_visualisation) by extensions ['colcon_meta']
[0.299s] Level 1:colcon.colcon_core.package_identification:_identify(src/ld_visualisation) by extension 'colcon_meta'
[0.299s] Level 1:colcon.colcon_core.package_identification:_identify(src/ld_visualisation) by extensions ['ros']
[0.299s] Level 1:colcon.colcon_core.package_identification:_identify(src/ld_visualisation) by extension 'ros'
[0.303s] DEBUG:colcon.colcon_core.package_identification:Package 'src/ld_visualisation' with type 'ros.ament_cmake' and name 'ld_visualisation'
[0.303s] Level 1:colcon.colcon_core.package_identification:_identify(src/om_aiv_msg) by extensions ['ignore', 'ignore_ament_install']
[0.303s] Level 1:colcon.colcon_core.package_identification:_identify(src/om_aiv_msg) by extension 'ignore'
[0.303s] Level 1:colcon.colcon_core.package_identification:_identify(src/om_aiv_msg) by extension 'ignore_ament_install'
[0.303s] Level 1:colcon.colcon_core.package_identification:_identify(src/om_aiv_msg) by extensions ['colcon_pkg']
[0.303s] Level 1:colcon.colcon_core.package_identification:_identify(src/om_aiv_msg) by extension 'colcon_pkg'
[0.303s] Level 1:colcon.colcon_core.package_identification:_identify(src/om_aiv_msg) by extensions ['colcon_meta']
[0.303s] Level 1:colcon.colcon_core.package_identification:_identify(src/om_aiv_msg) by extension 'colcon_meta'
[0.303s] Level 1:colcon.colcon_core.package_identification:_identify(src/om_aiv_msg) by extensions ['ros']
[0.303s] Level 1:colcon.colcon_core.package_identification:_identify(src/om_aiv_msg) by extension 'ros'
[0.304s] DEBUG:colcon.colcon_core.package_identification:Package 'src/om_aiv_msg' with type 'ros.ament_cmake' and name 'om_aiv_msg'
[0.304s] Level 1:colcon.colcon_core.package_identification:_identify(src/om_aiv_navigation) by extensions ['ignore', 'ignore_ament_install']
[0.304s] Level 1:colcon.colcon_core.package_identification:_identify(src/om_aiv_navigation) by extension 'ignore'
[0.304s] Level 1:colcon.colcon_core.package_identification:_identify(src/om_aiv_navigation) by extension 'ignore_ament_install'
[0.304s] Level 1:colcon.colcon_core.package_identification:_identify(src/om_aiv_navigation) by extensions ['colcon_pkg']
[0.304s] Level 1:colcon.colcon_core.package_identification:_identify(src/om_aiv_navigation) by extension 'colcon_pkg'
[0.304s] Level 1:colcon.colcon_core.package_identification:_identify(src/om_aiv_navigation) by extensions ['colcon_meta']
[0.304s] Level 1:colcon.colcon_core.package_identification:_identify(src/om_aiv_navigation) by extension 'colcon_meta'
[0.304s] Level 1:colcon.colcon_core.package_identification:_identify(src/om_aiv_navigation) by extensions ['ros']
[0.304s] Level 1:colcon.colcon_core.package_identification:_identify(src/om_aiv_navigation) by extension 'ros'
[0.305s] DEBUG:colcon.colcon_core.package_identification:Package 'src/om_aiv_navigation' with type 'ros.ament_python' and name 'om_aiv_navigation'
[0.305s] Level 1:colcon.colcon_core.package_identification:_identify(src/om_aiv_util) by extensions ['ignore', 'ignore_ament_install']
[0.305s] Level 1:colcon.colcon_core.package_identification:_identify(src/om_aiv_util) by extension 'ignore'
[0.305s] Level 1:colcon.colcon_core.package_identification:_identify(src/om_aiv_util) by extension 'ignore_ament_install'
[0.305s] Level 1:colcon.colcon_core.package_identification:_identify(src/om_aiv_util) by extensions ['colcon_pkg']
[0.305s] Level 1:colcon.colcon_core.package_identification:_identify(src/om_aiv_util) by extension 'colcon_pkg'
[0.305s] Level 1:colcon.colcon_core.package_identification:_identify(src/om_aiv_util) by extensions ['colcon_meta']
[0.305s] Level 1:colcon.colcon_core.package_identification:_identify(src/om_aiv_util) by extension 'colcon_meta'
[0.305s] Level 1:colcon.colcon_core.package_identification:_identify(src/om_aiv_util) by extensions ['ros']
[0.305s] Level 1:colcon.colcon_core.package_identification:_identify(src/om_aiv_util) by extension 'ros'
[0.306s] DEBUG:colcon.colcon_core.package_identification:Package 'src/om_aiv_util' with type 'ros.ament_python' and name 'om_aiv_util'
[0.306s] Level 1:colcon.colcon_core.package_identification:_identify(src/temp) by extensions ['ignore', 'ignore_ament_install']
[0.306s] Level 1:colcon.colcon_core.package_identification:_identify(src/temp) by extension 'ignore'
[0.306s] Level 1:colcon.colcon_core.package_identification:_identify(src/temp) by extension 'ignore_ament_install'
[0.306s] Level 1:colcon.colcon_core.package_identification:_identify(src/temp) by extensions ['colcon_pkg']
[0.306s] Level 1:colcon.colcon_core.package_identification:_identify(src/temp) by extension 'colcon_pkg'
[0.306s] Level 1:colcon.colcon_core.package_identification:_identify(src/temp) by extensions ['colcon_meta']
[0.306s] Level 1:colcon.colcon_core.package_identification:_identify(src/temp) by extension 'colcon_meta'
[0.306s] Level 1:colcon.colcon_core.package_identification:_identify(src/temp) by extensions ['ros']
[0.306s] Level 1:colcon.colcon_core.package_identification:_identify(src/temp) by extension 'ros'
[0.306s] Level 1:colcon.colcon_core.package_identification:_identify(src/temp) by extensions ['cmake', 'python']
[0.306s] Level 1:colcon.colcon_core.package_identification:_identify(src/temp) by extension 'cmake'
[0.307s] Level 1:colcon.colcon_core.package_identification:_identify(src/temp) by extension 'python'
[0.307s] Level 1:colcon.colcon_core.package_identification:_identify(src/temp) by extensions ['python_setup_py']
[0.307s] Level 1:colcon.colcon_core.package_identification:_identify(src/temp) by extension 'python_setup_py'
[0.307s] Level 1:colcon.colcon_core.package_discovery:discover_packages(recursive) using defaults
[0.307s] Level 1:colcon.colcon_core.package_discovery:discover_packages(ignore) discover
[0.307s] Level 1:colcon.colcon_core.package_discovery:discover_packages(ignore) using defaults
[0.307s] Level 1:colcon.colcon_core.package_discovery:discover_packages(path) discover
[0.307s] Level 1:colcon.colcon_core.package_discovery:discover_packages(path) using defaults
[0.327s] Level 5:colcon.colcon_core.verb:set package 'om_aiv_msg' build argument 'cmake_args' from command line to 'None'
[0.327s] Level 5:colcon.colcon_core.verb:set package 'om_aiv_msg' build argument 'cmake_target' from command line to 'None'
[0.327s] Level 5:colcon.colcon_core.verb:set package 'om_aiv_msg' build argument 'cmake_target_skip_unavailable' from command line to 'False'
[0.327s] Level 5:colcon.colcon_core.verb:set package 'om_aiv_msg' build argument 'cmake_clean_cache' from command line to 'False'
[0.327s] Level 5:colcon.colcon_core.verb:set package 'om_aiv_msg' build argument 'cmake_clean_first' from command line to 'False'
[0.327s] Level 5:colcon.colcon_core.verb:set package 'om_aiv_msg' build argument 'cmake_force_configure' from command line to 'False'
[0.327s] Level 5:colcon.colcon_core.verb:set package 'om_aiv_msg' build argument 'ament_cmake_args' from command line to 'None'
[0.327s] Level 5:colcon.colcon_core.verb:set package 'om_aiv_msg' build argument 'catkin_cmake_args' from command line to 'None'
[0.327s] Level 5:colcon.colcon_core.verb:set package 'om_aiv_msg' build argument 'catkin_skip_building_tests' from command line to 'False'
[0.328s] DEBUG:colcon.colcon_core.verb:Building package 'om_aiv_msg' with the following arguments: {'ament_cmake_args': None, 'build_base': '/home/omron/Omron_LD/build/om_aiv_msg', 'catkin_cmake_args': None, 'catkin_skip_building_tests': False, 'cmake_args': None, 'cmake_clean_cache': False, 'cmake_clean_first': False, 'cmake_force_configure': False, 'cmake_target': None, 'cmake_target_skip_unavailable': False, 'install_base': '/home/omron/Omron_LD/install/om_aiv_msg', 'merge_install': False, 'path': '/home/omron/Omron_LD/src/om_aiv_msg', 'symlink_install': False, 'test_result_base': None}
[0.330s] Level 5:colcon.colcon_core.verb:set package 'om_aiv_navigation' build argument 'cmake_args' from command line to 'None'
[0.330s] Level 5:colcon.colcon_core.verb:set package 'om_aiv_navigation' build argument 'cmake_target' from command line to 'None'
[0.330s] Level 5:colcon.colcon_core.verb:set package 'om_aiv_navigation' build argument 'cmake_target_skip_unavailable' from command line to 'False'
[0.330s] Level 5:colcon.colcon_core.verb:set package 'om_aiv_navigation' build argument 'cmake_clean_cache' from command line to 'False'
[0.330s] Level 5:colcon.colcon_core.verb:set package 'om_aiv_navigation' build argument 'cmake_clean_first' from command line to 'False'
[0.330s] Level 5:colcon.colcon_core.verb:set package 'om_aiv_navigation' build argument 'cmake_force_configure' from command line to 'False'
[0.330s] Level 5:colcon.colcon_core.verb:set package 'om_aiv_navigation' build argument 'ament_cmake_args' from command line to 'None'
[0.330s] Level 5:colcon.colcon_core.verb:set package 'om_aiv_navigation' build argument 'catkin_cmake_args' from command line to 'None'
[0.330s] Level 5:colcon.colcon_core.verb:set package 'om_aiv_navigation' build argument 'catkin_skip_building_tests' from command line to 'False'
[0.330s] DEBUG:colcon.colcon_core.verb:Building package 'om_aiv_navigation' with the following arguments: {'ament_cmake_args': None, 'build_base': '/home/omron/Omron_LD/build/om_aiv_navigation', 'catkin_cmake_args': None, 'catkin_skip_building_tests': False, 'cmake_args': None, 'cmake_clean_cache': False, 'cmake_clean_first': False, 'cmake_force_configure': False, 'cmake_target': None, 'cmake_target_skip_unavailable': False, 'install_base': '/home/omron/Omron_LD/install/om_aiv_navigation', 'merge_install': False, 'path': '/home/omron/Omron_LD/src/om_aiv_navigation', 'symlink_install': False, 'test_result_base': None}
[0.332s] Level 5:colcon.colcon_core.verb:set package 'ld_visualisation' build argument 'cmake_args' from command line to 'None'
[0.332s] Level 5:colcon.colcon_core.verb:set package 'ld_visualisation' build argument 'cmake_target' from command line to 'None'
[0.332s] Level 5:colcon.colcon_core.verb:set package 'ld_visualisation' build argument 'cmake_target_skip_unavailable' from command line to 'False'
[0.332s] Level 5:colcon.colcon_core.verb:set package 'ld_visualisation' build argument 'cmake_clean_cache' from command line to 'False'
[0.332s] Level 5:colcon.colcon_core.verb:set package 'ld_visualisation' build argument 'cmake_clean_first' from command line to 'False'
[0.332s] Level 5:colcon.colcon_core.verb:set package 'ld_visualisation' build argument 'cmake_force_configure' from command line to 'False'
[0.332s] Level 5:colcon.colcon_core.verb:set package 'ld_visualisation' build argument 'ament_cmake_args' from command line to 'None'
[0.333s] Level 5:colcon.colcon_core.verb:set package 'ld_visualisation' build argument 'catkin_cmake_args' from command line to 'None'
[0.333s] Level 5:colcon.colcon_core.verb:set package 'ld_visualisation' build argument 'catkin_skip_building_tests' from command line to 'False'
[0.333s] DEBUG:colcon.colcon_core.verb:Building package 'ld_visualisation' with the following arguments: {'ament_cmake_args': None, 'build_base': '/home/omron/Omron_LD/build/ld_visualisation', 'catkin_cmake_args': None, 'catkin_skip_building_tests': False, 'cmake_args': None, 'cmake_clean_cache': False, 'cmake_clean_first': False, 'cmake_force_configure': False, 'cmake_target': None, 'cmake_target_skip_unavailable': False, 'install_base': '/home/omron/Omron_LD/install/ld_visualisation', 'merge_install': False, 'path': '/home/omron/Omron_LD/src/ld_visualisation', 'symlink_install': False, 'test_result_base': None}
[0.335s] Level 5:colcon.colcon_core.verb:set package 'om_aiv_util' build argument 'cmake_args' from command line to 'None'
[0.335s] Level 5:colcon.colcon_core.verb:set package 'om_aiv_util' build argument 'cmake_target' from command line to 'None'
[0.335s] Level 5:colcon.colcon_core.verb:set package 'om_aiv_util' build argument 'cmake_target_skip_unavailable' from command line to 'False'
[0.335s] Level 5:colcon.colcon_core.verb:set package 'om_aiv_util' build argument 'cmake_clean_cache' from command line to 'False'
[0.335s] Level 5:colcon.colcon_core.verb:set package 'om_aiv_util' build argument 'cmake_clean_first' from command line to 'False'
[0.335s] Level 5:colcon.colcon_core.verb:set package 'om_aiv_util' build argument 'cmake_force_configure' from command line to 'False'
[0.335s] Level 5:colcon.colcon_core.verb:set package 'om_aiv_util' build argument 'ament_cmake_args' from command line to 'None'
[0.335s] Level 5:colcon.colcon_core.verb:set package 'om_aiv_util' build argument 'catkin_cmake_args' from command line to 'None'
[0.335s] Level 5:colcon.colcon_core.verb:set package 'om_aiv_util' build argument 'catkin_skip_building_tests' from command line to 'False'
[0.335s] DEBUG:colcon.colcon_core.verb:Building package 'om_aiv_util' with the following arguments: {'ament_cmake_args': None, 'build_base': '/home/omron/Omron_LD/build/om_aiv_util', 'catkin_cmake_args': None, 'catkin_skip_building_tests': False, 'cmake_args': None, 'cmake_clean_cache': False, 'cmake_clean_first': False, 'cmake_force_configure': False, 'cmake_target': None, 'cmake_target_skip_unavailable': False, 'install_base': '/home/omron/Omron_LD/install/om_aiv_util', 'merge_install': False, 'path': '/home/omron/Omron_LD/src/om_aiv_util', 'symlink_install': False, 'test_result_base': None}
[0.336s] INFO:colcon.colcon_core.executor:Executing jobs using 'parallel' executor
[0.338s] DEBUG:colcon.colcon_parallel_executor.executor.parallel:run_until_complete
[0.338s] INFO:colcon.colcon_ros.task.ament_cmake.build:Building ROS package in '/home/omron/Omron_LD/src/om_aiv_msg' with build type 'ament_cmake'
[0.339s] INFO:colcon.colcon_cmake.task.cmake.build:Building CMake package in '/home/omron/Omron_LD/src/om_aiv_msg'
[0.343s] INFO:colcon.colcon_core.plugin_system:Skipping extension 'colcon_core.shell.bat': Not used on non-Windows systems
[0.344s] INFO:colcon.colcon_core.shell:Skip shell extension 'powershell' for command environment: Not usable outside of PowerShell
[0.344s] DEBUG:colcon.colcon_core.shell:Skip shell extension 'dsv' for command environment
[0.348s] DEBUG:colcon.colcon_core.shell:Ignoring prefix path '/opt/ros/foxy'
[0.352s] INFO:colcon.colcon_ros.task.ament_python.build:Building ROS package in '/home/omron/Omron_LD/src/om_aiv_navigation' with build type 'ament_python'
[0.352s] Level 1:colcon.colcon_core.shell:create_environment_hook('om_aiv_navigation', 'ament_prefix_path')
[0.353s] INFO:colcon.colcon_core.shell:Creating environment hook '/home/omron/Omron_LD/install/om_aiv_navigation/share/om_aiv_navigation/hook/ament_prefix_path.ps1'
[0.354s] INFO:colcon.colcon_core.shell:Creating environment descriptor '/home/omron/Omron_LD/install/om_aiv_navigation/share/om_aiv_navigation/hook/ament_prefix_path.dsv'
[0.355s] INFO:colcon.colcon_core.shell:Creating environment hook '/home/omron/Omron_LD/install/om_aiv_navigation/share/om_aiv_navigation/hook/ament_prefix_path.sh'
[0.356s] INFO:colcon.colcon_core.shell:Skip shell extension 'powershell' for command environment: Not usable outside of PowerShell
[0.356s] DEBUG:colcon.colcon_core.shell:Skip shell extension 'dsv' for command environment
[0.358s] DEBUG:colcon.colcon_core.shell:Ignoring prefix path '/opt/ros/foxy'
[0.368s] DEBUG:colcon.colcon_core.event_handler.log_command:Invoking command in '/home/omron/Omron_LD/build/om_aiv_msg': CMAKE_PREFIX_PATH=${CMAKE_PREFIX_PATH}:/home/omron/Omron_LD/install/om_aiv_util:/home/omron/Omron_LD/install/om_aiv_navigation:/opt/ros/foxy /usr/bin/cmake --build /home/omron/Omron_LD/build/om_aiv_msg -- -j8 -l8
[0.617s] INFO:colcon.colcon_core.task.python.build:Building Python package in '/home/omron/Omron_LD/src/om_aiv_navigation'
[0.618s] INFO:colcon.colcon_core.shell:Skip shell extension 'powershell' for command environment: Not usable outside of PowerShell
[0.618s] DEBUG:colcon.colcon_core.shell:Skip shell extension 'dsv' for command environment
[0.621s] DEBUG:colcon.colcon_core.shell:Ignoring prefix path '/opt/ros/foxy'
[0.630s] DEBUG:colcon.colcon_core.event_handler.log_command:Invoking command in '/home/omron/Omron_LD/src/om_aiv_navigation': PYTHONPATH=/home/omron/Omron_LD/install/om_aiv_navigation/lib/python3.8/site-packages:${PYTHONPATH} /usr/bin/python3 setup.py egg_info --egg-base ../../build/om_aiv_navigation build --build-base /home/omron/Omron_LD/build/om_aiv_navigation/build install --prefix /home/omron/Omron_LD/install/om_aiv_navigation --record /home/omron/Omron_LD/build/om_aiv_navigation/install.log --single-version-externally-managed
[0.655s] DEBUG:colcon.colcon_core.event_handler.log_command:Invoked command in '/home/omron/Omron_LD/build/om_aiv_msg' returned '0': CMAKE_PREFIX_PATH=${CMAKE_PREFIX_PATH}:/home/omron/Omron_LD/install/om_aiv_util:/home/omron/Omron_LD/install/om_aiv_navigation:/opt/ros/foxy /usr/bin/cmake --build /home/omron/Omron_LD/build/om_aiv_msg -- -j8 -l8
[0.776s] DEBUG:colcon.colcon_core.event_handler.log_command:Invoking command in '/home/omron/Omron_LD/build/om_aiv_msg': CMAKE_PREFIX_PATH=${CMAKE_PREFIX_PATH}:/home/omron/Omron_LD/install/om_aiv_util:/home/omron/Omron_LD/install/om_aiv_navigation:/opt/ros/foxy /usr/bin/cmake --install /home/omron/Omron_LD/build/om_aiv_msg
[0.840s] Level 1:colcon.colcon_core.environment:create_environment_scripts_only(om_aiv_msg)
[0.845s] Level 1:colcon.colcon_core.environment:checking '/home/omron/Omron_LD/install/om_aiv_msg' for CMake module files
[0.848s] Level 1:colcon.colcon_core.environment:checking '/home/omron/Omron_LD/install/om_aiv_msg' for CMake config files
[0.850s] Level 1:colcon.colcon_core.shell:create_environment_hook('om_aiv_msg', 'cmake_prefix_path')
[0.850s] INFO:colcon.colcon_core.shell:Creating environment hook '/home/omron/Omron_LD/install/om_aiv_msg/share/om_aiv_msg/hook/cmake_prefix_path.ps1'
[0.851s] DEBUG:colcon.colcon_core.event_handler.log_command:Invoked command in '/home/omron/Omron_LD/build/om_aiv_msg' returned '0': CMAKE_PREFIX_PATH=${CMAKE_PREFIX_PATH}:/home/omron/Omron_LD/install/om_aiv_util:/home/omron/Omron_LD/install/om_aiv_navigation:/opt/ros/foxy /usr/bin/cmake --install /home/omron/Omron_LD/build/om_aiv_msg
[0.852s] INFO:colcon.colcon_core.shell:Creating environment descriptor '/home/omron/Omron_LD/install/om_aiv_msg/share/om_aiv_msg/hook/cmake_prefix_path.dsv'
[0.852s] INFO:colcon.colcon_core.shell:Creating environment hook '/home/omron/Omron_LD/install/om_aiv_msg/share/om_aiv_msg/hook/cmake_prefix_path.sh'
[0.853s] Level 1:colcon.colcon_core.environment:checking '/home/omron/Omron_LD/install/om_aiv_msg/lib'
[0.853s] Level 1:colcon.colcon_core.shell:create_environment_hook('om_aiv_msg', 'ld_library_path_lib')
[0.854s] INFO:colcon.colcon_core.shell:Creating environment hook '/home/omron/Omron_LD/install/om_aiv_msg/share/om_aiv_msg/hook/ld_library_path_lib.ps1'
[0.854s] INFO:colcon.colcon_core.shell:Creating environment descriptor '/home/omron/Omron_LD/install/om_aiv_msg/share/om_aiv_msg/hook/ld_library_path_lib.dsv'
[0.855s] INFO:colcon.colcon_core.shell:Creating environment hook '/home/omron/Omron_LD/install/om_aiv_msg/share/om_aiv_msg/hook/ld_library_path_lib.sh'
[0.855s] Level 1:colcon.colcon_core.environment:checking '/home/omron/Omron_LD/install/om_aiv_msg/bin'
[0.855s] Level 1:colcon.colcon_core.environment:checking '/home/omron/Omron_LD/install/om_aiv_msg/lib/pkgconfig/om_aiv_msg.pc'
[0.855s] Level 1:colcon.colcon_core.environment:checking '/home/omron/Omron_LD/install/om_aiv_msg/lib/python3.8/site-packages'
[0.855s] Level 1:colcon.colcon_core.shell:create_environment_hook('om_aiv_msg', 'pythonpath')
[0.856s] INFO:colcon.colcon_core.shell:Creating environment hook '/home/omron/Omron_LD/install/om_aiv_msg/share/om_aiv_msg/hook/pythonpath.ps1'
[0.856s] INFO:colcon.colcon_core.shell:Creating environment descriptor '/home/omron/Omron_LD/install/om_aiv_msg/share/om_aiv_msg/hook/pythonpath.dsv'
[0.857s] INFO:colcon.colcon_core.shell:Creating environment hook '/home/omron/Omron_LD/install/om_aiv_msg/share/om_aiv_msg/hook/pythonpath.sh'
[0.858s] INFO:colcon.colcon_core.shell:Creating package script '/home/omron/Omron_LD/install/om_aiv_msg/share/om_aiv_msg/package.ps1'
[0.859s] INFO:colcon.colcon_core.shell:Creating package descriptor '/home/omron/Omron_LD/install/om_aiv_msg/share/om_aiv_msg/package.dsv'
[0.859s] INFO:colcon.colcon_core.shell:Creating package script '/home/omron/Omron_LD/install/om_aiv_msg/share/om_aiv_msg/package.sh'
[0.860s] INFO:colcon.colcon_core.shell:Creating package script '/home/omron/Omron_LD/install/om_aiv_msg/share/om_aiv_msg/package.bash'
[0.861s] INFO:colcon.colcon_core.shell:Creating package script '/home/omron/Omron_LD/install/om_aiv_msg/share/om_aiv_msg/package.zsh'
[0.862s] Level 1:colcon.colcon_core.environment:create_file_with_runtime_dependencies(/home/omron/Omron_LD/install/om_aiv_msg/share/colcon-core/packages/om_aiv_msg)
[1.019s] Level 1:colcon.colcon_core.environment:create_environment_scripts_only(om_aiv_msg)
[1.020s] Level 1:colcon.colcon_core.environment:checking '/home/omron/Omron_LD/install/om_aiv_msg' for CMake module files
[1.021s] Level 1:colcon.colcon_core.environment:checking '/home/omron/Omron_LD/install/om_aiv_msg' for CMake config files
[1.021s] Level 1:colcon.colcon_core.shell:create_environment_hook('om_aiv_msg', 'cmake_prefix_path')
[1.022s] INFO:colcon.colcon_core.shell:Creating environment hook '/home/omron/Omron_LD/install/om_aiv_msg/share/om_aiv_msg/hook/cmake_prefix_path.ps1'
[1.023s] INFO:colcon.colcon_core.shell:Creating environment descriptor '/home/omron/Omron_LD/install/om_aiv_msg/share/om_aiv_msg/hook/cmake_prefix_path.dsv'
[1.023s] INFO:colcon.colcon_core.shell:Creating environment hook '/home/omron/Omron_LD/install/om_aiv_msg/share/om_aiv_msg/hook/cmake_prefix_path.sh'
[1.024s] Level 1:colcon.colcon_core.environment:checking '/home/omron/Omron_LD/install/om_aiv_msg/lib'
[1.024s] Level 1:colcon.colcon_core.shell:create_environment_hook('om_aiv_msg', 'ld_library_path_lib')
[1.025s] INFO:colcon.colcon_core.shell:Creating environment hook '/home/omron/Omron_LD/install/om_aiv_msg/share/om_aiv_msg/hook/ld_library_path_lib.ps1'
[1.025s] INFO:colcon.colcon_core.shell:Creating environment descriptor '/home/omron/Omron_LD/install/om_aiv_msg/share/om_aiv_msg/hook/ld_library_path_lib.dsv'
[1.025s] INFO:colcon.colcon_core.shell:Creating environment hook '/home/omron/Omron_LD/install/om_aiv_msg/share/om_aiv_msg/hook/ld_library_path_lib.sh'
[1.026s] Level 1:colcon.colcon_core.environment:checking '/home/omron/Omron_LD/install/om_aiv_msg/bin'
[1.026s] Level 1:colcon.colcon_core.environment:checking '/home/omron/Omron_LD/install/om_aiv_msg/lib/pkgconfig/om_aiv_msg.pc'
[1.026s] Level 1:colcon.colcon_core.environment:checking '/home/omron/Omron_LD/install/om_aiv_msg/lib/python3.8/site-packages'
[1.026s] Level 1:colcon.colcon_core.shell:create_environment_hook('om_aiv_msg', 'pythonpath')
[1.027s] INFO:colcon.colcon_core.shell:Creating environment hook '/home/omron/Omron_LD/install/om_aiv_msg/share/om_aiv_msg/hook/pythonpath.ps1'
[1.027s] INFO:colcon.colcon_core.shell:Creating environment descriptor '/home/omron/Omron_LD/install/om_aiv_msg/share/om_aiv_msg/hook/pythonpath.dsv'
[1.028s] INFO:colcon.colcon_core.shell:Creating environment hook '/home/omron/Omron_LD/install/om_aiv_msg/share/om_aiv_msg/hook/pythonpath.sh'
[1.029s] INFO:colcon.colcon_core.shell:Creating package script '/home/omron/Omron_LD/install/om_aiv_msg/share/om_aiv_msg/package.ps1'
[1.029s] INFO:colcon.colcon_core.shell:Creating package descriptor '/home/omron/Omron_LD/install/om_aiv_msg/share/om_aiv_msg/package.dsv'
[1.030s] INFO:colcon.colcon_core.shell:Creating package script '/home/omron/Omron_LD/install/om_aiv_msg/share/om_aiv_msg/package.sh'
[1.031s] INFO:colcon.colcon_core.shell:Creating package script '/home/omron/Omron_LD/install/om_aiv_msg/share/om_aiv_msg/package.bash'
[1.032s] INFO:colcon.colcon_core.shell:Creating package script '/home/omron/Omron_LD/install/om_aiv_msg/share/om_aiv_msg/package.zsh'
[1.033s] Level 1:colcon.colcon_core.environment:create_file_with_runtime_dependencies(/home/omron/Omron_LD/install/om_aiv_msg/share/colcon-core/packages/om_aiv_msg)
[1.034s] INFO:colcon.colcon_ros.task.ament_cmake.build:Building ROS package in '/home/omron/Omron_LD/src/ld_visualisation' with build type 'ament_cmake'
[1.035s] INFO:colcon.colcon_cmake.task.cmake.build:Building CMake package in '/home/omron/Omron_LD/src/ld_visualisation'
[1.035s] INFO:colcon.colcon_core.shell:Skip shell extension 'powershell' for command environment: Not usable outside of PowerShell
[1.036s] DEBUG:colcon.colcon_core.shell:Skip shell extension 'dsv' for command environment
[1.037s] DEBUG:colcon.colcon_core.shell:Ignoring prefix path '/opt/ros/foxy'
[1.043s] INFO:colcon.colcon_ros.task.ament_python.build:Building ROS package in '/home/omron/Omron_LD/src/om_aiv_util' with build type 'ament_python'
[1.043s] Level 1:colcon.colcon_core.shell:create_environment_hook('om_aiv_util', 'ament_prefix_path')
[1.045s] INFO:colcon.colcon_core.shell:Creating environment hook '/home/omron/Omron_LD/install/om_aiv_util/share/om_aiv_util/hook/ament_prefix_path.ps1'
[1.046s] INFO:colcon.colcon_core.shell:Creating environment descriptor '/home/omron/Omron_LD/install/om_aiv_util/share/om_aiv_util/hook/ament_prefix_path.dsv'
[1.046s] INFO:colcon.colcon_core.shell:Creating environment hook '/home/omron/Omron_LD/install/om_aiv_util/share/om_aiv_util/hook/ament_prefix_path.sh'
[1.047s] INFO:colcon.colcon_core.shell:Skip shell extension 'powershell' for command environment: Not usable outside of PowerShell
[1.047s] DEBUG:colcon.colcon_core.shell:Skip shell extension 'dsv' for command environment
[1.049s] DEBUG:colcon.colcon_core.shell:Ignoring prefix path '/opt/ros/foxy'
[1.062s] DEBUG:colcon.colcon_core.event_handler.log_command:Invoking command in '/home/omron/Omron_LD/build/ld_visualisation': CMAKE_PREFIX_PATH=/home/omron/Omron_LD/install/om_aiv_msg:/home/omron/Omron_LD/install/ld_visualisation:/home/omron/Omron_LD/install/om_aiv_util:/home/omron/Omron_LD/install/om_aiv_navigation:/opt/ros/foxy PYTHONPATH=/home/omron/Omron_LD/install/om_aiv_msg/lib/python3.8/site-packages:/home/omron/Omron_LD/install/om_aiv_util/lib/python3.8/site-packages:/home/omron/Omron_LD/install/om_aiv_navigation/lib/python3.8/site-packages:/opt/ros/foxy/lib/python3.8/site-packages /usr/bin/cmake --build /home/omron/Omron_LD/build/ld_visualisation -- -j8 -l8
[1.347s] INFO:colcon.colcon_core.task.python.build:Building Python package in '/home/omron/Omron_LD/src/om_aiv_util'
[1.348s] INFO:colcon.colcon_core.shell:Skip shell extension 'powershell' for command environment: Not usable outside of PowerShell
[1.348s] DEBUG:colcon.colcon_core.shell:Skip shell extension 'dsv' for command environment
[1.351s] DEBUG:colcon.colcon_core.shell:Ignoring prefix path '/opt/ros/foxy'
[1.356s] Level 1:colcon.colcon_core.environment:checking '/home/omron/Omron_LD/install/om_aiv_navigation' for CMake module files
[1.359s] DEBUG:colcon.colcon_core.event_handler.log_command:Invoked command in '/home/omron/Omron_LD/src/om_aiv_navigation' returned '0': PYTHONPATH=/home/omron/Omron_LD/install/om_aiv_navigation/lib/python3.8/site-packages:${PYTHONPATH} /usr/bin/python3 setup.py egg_info --egg-base ../../build/om_aiv_navigation build --build-base /home/omron/Omron_LD/build/om_aiv_navigation/build install --prefix /home/omron/Omron_LD/install/om_aiv_navigation --record /home/omron/Omron_LD/build/om_aiv_navigation/install.log --single-version-externally-managed
[1.359s] Level 1:colcon.colcon_core.environment:checking '/home/omron/Omron_LD/install/om_aiv_navigation' for CMake config files
[1.360s] Level 1:colcon.colcon_core.environment:checking '/home/omron/Omron_LD/install/om_aiv_navigation/lib'
[1.360s] Level 1:colcon.colcon_core.environment:checking '/home/omron/Omron_LD/install/om_aiv_navigation/bin'
[1.360s] Level 1:colcon.colcon_core.environment:checking '/home/omron/Omron_LD/install/om_aiv_navigation/lib/pkgconfig/om_aiv_navigation.pc'
[1.361s] Level 1:colcon.colcon_core.environment:checking '/home/omron/Omron_LD/install/om_aiv_navigation/lib/python3.8/site-packages'
[1.361s] Level 1:colcon.colcon_core.shell:create_environment_hook('om_aiv_navigation', 'pythonpath')
[1.361s] INFO:colcon.colcon_core.shell:Creating environment hook '/home/omron/Omron_LD/install/om_aiv_navigation/share/om_aiv_navigation/hook/pythonpath.ps1'
[1.362s] INFO:colcon.colcon_core.shell:Creating environment descriptor '/home/omron/Omron_LD/install/om_aiv_navigation/share/om_aiv_navigation/hook/pythonpath.dsv'
[1.362s] INFO:colcon.colcon_core.shell:Creating environment hook '/home/omron/Omron_LD/install/om_aiv_navigation/share/om_aiv_navigation/hook/pythonpath.sh'
[1.363s] Level 1:colcon.colcon_core.environment:create_environment_scripts_only(om_aiv_navigation)
[1.364s] INFO:colcon.colcon_core.shell:Creating package script '/home/omron/Omron_LD/install/om_aiv_navigation/share/om_aiv_navigation/package.ps1'
[1.364s] INFO:colcon.colcon_core.shell:Creating package descriptor '/home/omron/Omron_LD/install/om_aiv_navigation/share/om_aiv_navigation/package.dsv'
[1.365s] INFO:colcon.colcon_core.shell:Creating package script '/home/omron/Omron_LD/install/om_aiv_navigation/share/om_aiv_navigation/package.sh'
[1.366s] INFO:colcon.colcon_core.shell:Creating package script '/home/omron/Omron_LD/install/om_aiv_navigation/share/om_aiv_navigation/package.bash'
[1.366s] INFO:colcon.colcon_core.shell:Creating package script '/home/omron/Omron_LD/install/om_aiv_navigation/share/om_aiv_navigation/package.zsh'
[1.367s] Level 1:colcon.colcon_core.environment:create_file_with_runtime_dependencies(/home/omron/Omron_LD/install/om_aiv_navigation/share/colcon-core/packages/om_aiv_navigation)
[1.369s] DEBUG:colcon.colcon_core.event_handler.log_command:Invoked command in '/home/omron/Omron_LD/build/ld_visualisation' returned '0': CMAKE_PREFIX_PATH=/home/omron/Omron_LD/install/om_aiv_msg:/home/omron/Omron_LD/install/ld_visualisation:/home/omron/Omron_LD/install/om_aiv_util:/home/omron/Omron_LD/install/om_aiv_navigation:/opt/ros/foxy PYTHONPATH=/home/omron/Omron_LD/install/om_aiv_msg/lib/python3.8/site-packages:/home/omron/Omron_LD/install/om_aiv_util/lib/python3.8/site-packages:/home/omron/Omron_LD/install/om_aiv_navigation/lib/python3.8/site-packages:/opt/ros/foxy/lib/python3.8/site-packages /usr/bin/cmake --build /home/omron/Omron_LD/build/ld_visualisation -- -j8 -l8
[1.375s] DEBUG:colcon.colcon_core.event_handler.log_command:Invoking command in '/home/omron/Omron_LD/src/om_aiv_util': CMAKE_PREFIX_PATH=/home/omron/Omron_LD/install/om_aiv_msg:/home/omron/Omron_LD/install/ld_visualisation PYTHONPATH=/home/omron/Omron_LD/install/om_aiv_util/lib/python3.8/site-packages:/home/omron/Omron_LD/install/om_aiv_msg/lib/python3.8/site-packages:/home/omron/Omron_LD/install/om_aiv_util/lib/python3.8/site-packages:/home/omron/Omron_LD/install/om_aiv_navigation/lib/python3.8/site-packages:/opt/ros/foxy/lib/python3.8/site-packages /usr/bin/python3 setup.py egg_info --egg-base ../../build/om_aiv_util build --build-base /home/omron/Omron_LD/build/om_aiv_util/build install --prefix /home/omron/Omron_LD/install/om_aiv_util --record /home/omron/Omron_LD/build/om_aiv_util/install.log --single-version-externally-managed
[1.418s] DEBUG:colcon.colcon_core.event_handler.log_command:Invoking command in '/home/omron/Omron_LD/build/ld_visualisation': CMAKE_PREFIX_PATH=/home/omron/Omron_LD/install/om_aiv_msg:/home/omron/Omron_LD/install/ld_visualisation:/home/omron/Omron_LD/install/om_aiv_util:/home/omron/Omron_LD/install/om_aiv_navigation:/opt/ros/foxy PYTHONPATH=/home/omron/Omron_LD/install/om_aiv_msg/lib/python3.8/site-packages:/home/omron/Omron_LD/install/om_aiv_util/lib/python3.8/site-packages:/home/omron/Omron_LD/install/om_aiv_navigation/lib/python3.8/site-packages:/opt/ros/foxy/lib/python3.8/site-packages /usr/bin/cmake --install /home/omron/Omron_LD/build/ld_visualisation
[1.442s] Level 1:colcon.colcon_core.environment:create_environment_scripts_only(ld_visualisation)
[1.444s] Level 1:colcon.colcon_core.environment:checking '/home/omron/Omron_LD/install/ld_visualisation' for CMake module files
[1.445s] Level 1:colcon.colcon_core.environment:checking '/home/omron/Omron_LD/install/ld_visualisation' for CMake config files
[1.445s] Level 1:colcon.colcon_core.shell:create_environment_hook('ld_visualisation', 'cmake_prefix_path')
[1.446s] INFO:colcon.colcon_core.shell:Creating environment hook '/home/omron/Omron_LD/install/ld_visualisation/share/ld_visualisation/hook/cmake_prefix_path.ps1'
[1.447s] INFO:colcon.colcon_core.shell:Creating environment descriptor '/home/omron/Omron_LD/install/ld_visualisation/share/ld_visualisation/hook/cmake_prefix_path.dsv'
[1.447s] INFO:colcon.colcon_core.shell:Creating environment hook '/home/omron/Omron_LD/install/ld_visualisation/share/ld_visualisation/hook/cmake_prefix_path.sh'
[1.448s] Level 1:colcon.colcon_core.environment:checking '/home/omron/Omron_LD/install/ld_visualisation/lib'
[1.448s] Level 1:colcon.colcon_core.environment:checking '/home/omron/Omron_LD/install/ld_visualisation/bin'
[1.448s] Level 1:colcon.colcon_core.environment:checking '/home/omron/Omron_LD/install/ld_visualisation/lib/pkgconfig/ld_visualisation.pc'
[1.448s] Level 1:colcon.colcon_core.environment:checking '/home/omron/Omron_LD/install/ld_visualisation/lib/python3.8/site-packages'
[1.449s] INFO:colcon.colcon_core.shell:Creating package script '/home/omron/Omron_LD/install/ld_visualisation/share/ld_visualisation/package.ps1'
[1.450s] INFO:colcon.colcon_core.shell:Creating package descriptor '/home/omron/Omron_LD/install/ld_visualisation/share/ld_visualisation/package.dsv'
[1.450s] INFO:colcon.colcon_core.shell:Creating package script '/home/omron/Omron_LD/install/ld_visualisation/share/ld_visualisation/package.sh'
[1.451s] INFO:colcon.colcon_core.shell:Creating package script '/home/omron/Omron_LD/install/ld_visualisation/share/ld_visualisation/package.bash'
[1.451s] INFO:colcon.colcon_core.shell:Creating package script '/home/omron/Omron_LD/install/ld_visualisation/share/ld_visualisation/package.zsh'
[1.452s] Level 1:colcon.colcon_core.environment:create_file_with_runtime_dependencies(/home/omron/Omron_LD/install/ld_visualisation/share/colcon-core/packages/ld_visualisation)
[1.455s] DEBUG:colcon.colcon_core.event_handler.log_command:Invoked command in '/home/omron/Omron_LD/build/ld_visualisation' returned '0': CMAKE_PREFIX_PATH=/home/omron/Omron_LD/install/om_aiv_msg:/home/omron/Omron_LD/install/ld_visualisation:/home/omron/Omron_LD/install/om_aiv_util:/home/omron/Omron_LD/install/om_aiv_navigation:/opt/ros/foxy PYTHONPATH=/home/omron/Omron_LD/install/om_aiv_msg/lib/python3.8/site-packages:/home/omron/Omron_LD/install/om_aiv_util/lib/python3.8/site-packages:/home/omron/Omron_LD/install/om_aiv_navigation/lib/python3.8/site-packages:/opt/ros/foxy/lib/python3.8/site-packages /usr/bin/cmake --install /home/omron/Omron_LD/build/ld_visualisation
[1.491s] Level 1:colcon.colcon_core.environment:create_environment_scripts_only(ld_visualisation)
[1.493s] Level 1:colcon.colcon_core.environment:checking '/home/omron/Omron_LD/install/ld_visualisation' for CMake module files
[1.493s] Level 1:colcon.colcon_core.environment:checking '/home/omron/Omron_LD/install/ld_visualisation' for CMake config files
[1.494s] Level 1:colcon.colcon_core.shell:create_environment_hook('ld_visualisation', 'cmake_prefix_path')
[1.495s] INFO:colcon.colcon_core.shell:Creating environment hook '/home/omron/Omron_LD/install/ld_visualisation/share/ld_visualisation/hook/cmake_prefix_path.ps1'
[1.495s] INFO:colcon.colcon_core.shell:Creating environment descriptor '/home/omron/Omron_LD/install/ld_visualisation/share/ld_visualisation/hook/cmake_prefix_path.dsv'
[1.496s] INFO:colcon.colcon_core.shell:Creating environment hook '/home/omron/Omron_LD/install/ld_visualisation/share/ld_visualisation/hook/cmake_prefix_path.sh'
[1.497s] Level 1:colcon.colcon_core.environment:checking '/home/omron/Omron_LD/install/ld_visualisation/lib'
[1.497s] Level 1:colcon.colcon_core.environment:checking '/home/omron/Omron_LD/install/ld_visualisation/bin'
[1.497s] Level 1:colcon.colcon_core.environment:checking '/home/omron/Omron_LD/install/ld_visualisation/lib/pkgconfig/ld_visualisation.pc'
[1.497s] Level 1:colcon.colcon_core.environment:checking '/home/omron/Omron_LD/install/ld_visualisation/lib/python3.8/site-packages'
[1.498s] INFO:colcon.colcon_core.shell:Creating package script '/home/omron/Omron_LD/install/ld_visualisation/share/ld_visualisation/package.ps1'
[1.499s] INFO:colcon.colcon_core.shell:Creating package descriptor '/home/omron/Omron_LD/install/ld_visualisation/share/ld_visualisation/package.dsv'
[1.499s] INFO:colcon.colcon_core.shell:Creating package script '/home/omron/Omron_LD/install/ld_visualisation/share/ld_visualisation/package.sh'
[1.500s] INFO:colcon.colcon_core.shell:Creating package script '/home/omron/Omron_LD/install/ld_visualisation/share/ld_visualisation/package.bash'
[1.501s] INFO:colcon.colcon_core.shell:Creating package script '/home/omron/Omron_LD/install/ld_visualisation/share/ld_visualisation/package.zsh'
[1.501s] Level 1:colcon.colcon_core.environment:create_file_with_runtime_dependencies(/home/omron/Omron_LD/install/ld_visualisation/share/colcon-core/packages/ld_visualisation)
[1.706s] Level 1:colcon.colcon_core.environment:checking '/home/omron/Omron_LD/install/om_aiv_util' for CMake module files
[1.707s] DEBUG:colcon.colcon_core.event_handler.log_command:Invoked command in '/home/omron/Omron_LD/src/om_aiv_util' returned '0': CMAKE_PREFIX_PATH=/home/omron/Omron_LD/install/om_aiv_msg:/home/omron/Omron_LD/install/ld_visualisation PYTHONPATH=/home/omron/Omron_LD/install/om_aiv_util/lib/python3.8/site-packages:/home/omron/Omron_LD/install/om_aiv_msg/lib/python3.8/site-packages:/home/omron/Omron_LD/install/om_aiv_util/lib/python3.8/site-packages:/home/omron/Omron_LD/install/om_aiv_navigation/lib/python3.8/site-packages:/opt/ros/foxy/lib/python3.8/site-packages /usr/bin/python3 setup.py egg_info --egg-base ../../build/om_aiv_util build --build-base /home/omron/Omron_LD/build/om_aiv_util/build install --prefix /home/omron/Omron_LD/install/om_aiv_util --record /home/omron/Omron_LD/build/om_aiv_util/install.log --single-version-externally-managed
[1.707s] Level 1:colcon.colcon_core.environment:checking '/home/omron/Omron_LD/install/om_aiv_util' for CMake config files
[1.707s] Level 1:colcon.colcon_core.environment:checking '/home/omron/Omron_LD/install/om_aiv_util/lib'
[1.707s] Level 1:colcon.colcon_core.environment:checking '/home/omron/Omron_LD/install/om_aiv_util/bin'
[1.708s] Level 1:colcon.colcon_core.environment:checking '/home/omron/Omron_LD/install/om_aiv_util/lib/pkgconfig/om_aiv_util.pc'
[1.708s] Level 1:colcon.colcon_core.environment:checking '/home/omron/Omron_LD/install/om_aiv_util/lib/python3.8/site-packages'
[1.708s] Level 1:colcon.colcon_core.shell:create_environment_hook('om_aiv_util', 'pythonpath')
[1.708s] INFO:colcon.colcon_core.shell:Creating environment hook '/home/omron/Omron_LD/install/om_aiv_util/share/om_aiv_util/hook/pythonpath.ps1'
[1.709s] INFO:colcon.colcon_core.shell:Creating environment descriptor '/home/omron/Omron_LD/install/om_aiv_util/share/om_aiv_util/hook/pythonpath.dsv'
[1.709s] INFO:colcon.colcon_core.shell:Creating environment hook '/home/omron/Omron_LD/install/om_aiv_util/share/om_aiv_util/hook/pythonpath.sh'
[1.709s] Level 1:colcon.colcon_core.environment:create_environment_scripts_only(om_aiv_util)
[1.710s] INFO:colcon.colcon_core.shell:Creating package script '/home/omron/Omron_LD/install/om_aiv_util/share/om_aiv_util/package.ps1'
[1.710s] INFO:colcon.colcon_core.shell:Creating package descriptor '/home/omron/Omron_LD/install/om_aiv_util/share/om_aiv_util/package.dsv'
[1.711s] INFO:colcon.colcon_core.shell:Creating package script '/home/omron/Omron_LD/install/om_aiv_util/share/om_aiv_util/package.sh'
[1.711s] INFO:colcon.colcon_core.shell:Creating package script '/home/omron/Omron_LD/install/om_aiv_util/share/om_aiv_util/package.bash'
[1.712s] INFO:colcon.colcon_core.shell:Creating package script '/home/omron/Omron_LD/install/om_aiv_util/share/om_aiv_util/package.zsh'
[1.712s] Level 1:colcon.colcon_core.environment:create_file_with_runtime_dependencies(/home/omron/Omron_LD/install/om_aiv_util/share/colcon-core/packages/om_aiv_util)
[1.712s] DEBUG:colcon.colcon_parallel_executor.executor.parallel:closing loop
[1.713s] DEBUG:colcon.colcon_parallel_executor.executor.parallel:loop closed
[1.713s] DEBUG:colcon.colcon_parallel_executor.executor.parallel:run_until_complete finished with '0'
[1.713s] DEBUG:colcon.colcon_core.event_reactor:joining thread
[1.719s] INFO:colcon.colcon_core.plugin_system:Skipping extension 'colcon_notification.desktop_notification.terminal_notifier': Not used on non-Darwin systems
[1.720s] INFO:colcon.colcon_core.plugin_system:Skipping extension 'colcon_notification.desktop_notification.win32': Not used on non-Windows systems
[1.720s] INFO:colcon.colcon_notification.desktop_notification:Sending desktop notification using 'notify2'
[1.736s] DEBUG:colcon.colcon_core.event_reactor:joined thread
[1.737s] INFO:colcon.colcon_core.shell:Creating prefix script '/home/omron/Omron_LD/install/local_setup.ps1'
[1.739s] INFO:colcon.colcon_core.shell:Creating prefix util module '/home/omron/Omron_LD/install/_local_setup_util_ps1.py'
[1.741s] INFO:colcon.colcon_core.shell:Creating prefix chain script '/home/omron/Omron_LD/install/setup.ps1'
[1.744s] INFO:colcon.colcon_core.shell:Creating prefix script '/home/omron/Omron_LD/install/local_setup.sh'
[1.745s] INFO:colcon.colcon_core.shell:Creating prefix util module '/home/omron/Omron_LD/install/_local_setup_util_sh.py'
[1.746s] INFO:colcon.colcon_core.shell:Creating prefix chain script '/home/omron/Omron_LD/install/setup.sh'
[1.749s] INFO:colcon.colcon_core.shell:Creating prefix script '/home/omron/Omron_LD/install/local_setup.bash'
[1.749s] INFO:colcon.colcon_core.shell:Creating prefix chain script '/home/omron/Omron_LD/install/setup.bash'
[1.753s] INFO:colcon.colcon_core.shell:Creating prefix script '/home/omron/Omron_LD/install/local_setup.zsh'
[1.753s] INFO:colcon.colcon_core.shell:Creating prefix chain script '/home/omron/Omron_LD/install/setup.zsh'
