[0.247s] Invoking command in '/home/omron/Omron_LD/src/om_aiv_util': PYTHONPATH=/home/omron/Omron_LD/install/om_aiv_util/lib/python3.8/site-packages:${PYTHONPATH} /usr/bin/python3 setup.py egg_info --egg-base ../../build/om_aiv_util build --build-base /home/omron/Omron_LD/build/om_aiv_util/build install --prefix /home/omron/Omron_LD/install/om_aiv_util --record /home/omron/Omron_LD/build/om_aiv_util/install.log --single-version-externally-managed
[0.453s] running egg_info
[0.454s] creating ../../build/om_aiv_util/om_aiv_util.egg-info
[0.454s] writing ../../build/om_aiv_util/om_aiv_util.egg-info/PKG-INFO
[0.455s] writing dependency_links to ../../build/om_aiv_util/om_aiv_util.egg-info/dependency_links.txt
[0.455s] writing entry points to ../../build/om_aiv_util/om_aiv_util.egg-info/entry_points.txt
[0.455s] writing requirements to ../../build/om_aiv_util/om_aiv_util.egg-info/requires.txt
[0.455s] writing top-level names to ../../build/om_aiv_util/om_aiv_util.egg-info/top_level.txt
[0.462s] writing manifest file '../../build/om_aiv_util/om_aiv_util.egg-info/SOURCES.txt'
[0.518s] reading manifest file '../../build/om_aiv_util/om_aiv_util.egg-info/SOURCES.txt'
[0.519s] writing manifest file '../../build/om_aiv_util/om_aiv_util.egg-info/SOURCES.txt'
[0.520s] running build
[0.520s] running build_py
[0.520s] creating /home/omron/Omron_LD/build/om_aiv_util/build
[0.520s] creating /home/omron/Omron_LD/build/om_aiv_util/build/lib
[0.520s] creating /home/omron/Omron_LD/build/om_aiv_util/build/lib/om_aiv_util
[0.521s] copying om_aiv_util/socket_taskmaster.py -> /home/omron/Omron_LD/build/om_aiv_util/build/lib/om_aiv_util
[0.521s] copying om_aiv_util/ld_states_publisher.py -> /home/omron/Omron_LD/build/om_aiv_util/build/lib/om_aiv_util
[0.521s] copying om_aiv_util/__init__.py -> /home/omron/Omron_LD/build/om_aiv_util/build/lib/om_aiv_util
[0.521s] copying om_aiv_util/socket_listener.py -> /home/omron/Omron_LD/build/om_aiv_util/build/lib/om_aiv_util
[0.521s] copying om_aiv_util/socket_driver.py -> /home/omron/Omron_LD/build/om_aiv_util/build/lib/om_aiv_util
[0.521s] copying om_aiv_util/socketconnection_class.py -> /home/omron/Omron_LD/build/om_aiv_util/build/lib/om_aiv_util
[0.521s] copying om_aiv_util/arcl_api_server.py -> /home/omron/Omron_LD/build/om_aiv_util/build/lib/om_aiv_util
[0.522s] running install
[0.523s] running install_lib
[0.524s] creating /home/omron/Omron_LD/install/om_aiv_util/lib/python3.8/site-packages/om_aiv_util
[0.524s] copying /home/omron/Omron_LD/build/om_aiv_util/build/lib/om_aiv_util/socket_taskmaster.py -> /home/omron/Omron_LD/install/om_aiv_util/lib/python3.8/site-packages/om_aiv_util
[0.524s] copying /home/omron/Omron_LD/build/om_aiv_util/build/lib/om_aiv_util/ld_states_publisher.py -> /home/omron/Omron_LD/install/om_aiv_util/lib/python3.8/site-packages/om_aiv_util
[0.525s] copying /home/omron/Omron_LD/build/om_aiv_util/build/lib/om_aiv_util/__init__.py -> /home/omron/Omron_LD/install/om_aiv_util/lib/python3.8/site-packages/om_aiv_util
[0.525s] copying /home/omron/Omron_LD/build/om_aiv_util/build/lib/om_aiv_util/socket_listener.py -> /home/omron/Omron_LD/install/om_aiv_util/lib/python3.8/site-packages/om_aiv_util
[0.525s] copying /home/omron/Omron_LD/build/om_aiv_util/build/lib/om_aiv_util/socket_driver.py -> /home/omron/Omron_LD/install/om_aiv_util/lib/python3.8/site-packages/om_aiv_util
[0.525s] copying /home/omron/Omron_LD/build/om_aiv_util/build/lib/om_aiv_util/socketconnection_class.py -> /home/omron/Omron_LD/install/om_aiv_util/lib/python3.8/site-packages/om_aiv_util
[0.525s] copying /home/omron/Omron_LD/build/om_aiv_util/build/lib/om_aiv_util/arcl_api_server.py -> /home/omron/Omron_LD/install/om_aiv_util/lib/python3.8/site-packages/om_aiv_util
[0.525s] byte-compiling /home/omron/Omron_LD/install/om_aiv_util/lib/python3.8/site-packages/om_aiv_util/socket_taskmaster.py to socket_taskmaster.cpython-38.pyc
[0.527s] byte-compiling /home/omron/Omron_LD/install/om_aiv_util/lib/python3.8/site-packages/om_aiv_util/ld_states_publisher.py to ld_states_publisher.cpython-38.pyc
[0.528s] /home/omron/Omron_LD/install/om_aiv_util/lib/python3.8/site-packages/om_aiv_util/ld_states_publisher.py:33: SyntaxWarning: "is" with a literal. Did you mean "=="?
[0.528s]   if len(values) is 3:
[0.529s] byte-compiling /home/omron/Omron_LD/install/om_aiv_util/lib/python3.8/site-packages/om_aiv_util/__init__.py to __init__.cpython-38.pyc
[0.529s] byte-compiling /home/omron/Omron_LD/install/om_aiv_util/lib/python3.8/site-packages/om_aiv_util/socket_listener.py to socket_listener.cpython-38.pyc
[0.530s] byte-compiling /home/omron/Omron_LD/install/om_aiv_util/lib/python3.8/site-packages/om_aiv_util/socket_driver.py to socket_driver.cpython-38.pyc
[0.531s] byte-compiling /home/omron/Omron_LD/install/om_aiv_util/lib/python3.8/site-packages/om_aiv_util/socketconnection_class.py to socketconnection_class.cpython-38.pyc
[0.532s] byte-compiling /home/omron/Omron_LD/install/om_aiv_util/lib/python3.8/site-packages/om_aiv_util/arcl_api_server.py to arcl_api_server.cpython-38.pyc
[0.533s] running install_data
[0.533s] creating /home/omron/Omron_LD/install/om_aiv_util/share/ament_index
[0.533s] creating /home/omron/Omron_LD/install/om_aiv_util/share/ament_index/resource_index
[0.533s] creating /home/omron/Omron_LD/install/om_aiv_util/share/ament_index/resource_index/packages
[0.533s] copying resource/om_aiv_util -> /home/omron/Omron_LD/install/om_aiv_util/share/ament_index/resource_index/packages
[0.534s] copying package.xml -> /home/omron/Omron_LD/install/om_aiv_util/share/om_aiv_util
[0.534s] copying launch/1robot.launch.py -> /home/omron/Omron_LD/install/om_aiv_util/share/om_aiv_util
[0.534s] creating /home/omron/Omron_LD/install/om_aiv_util/share/om_aiv_util/config
[0.534s] copying config/main_param.yaml -> /home/omron/Omron_LD/install/om_aiv_util/share/om_aiv_util/config
[0.534s] running install_egg_info
[0.536s] Copying ../../build/om_aiv_util/om_aiv_util.egg-info to /home/omron/Omron_LD/install/om_aiv_util/lib/python3.8/site-packages/om_aiv_util-0.0.0-py3.8.egg-info
[0.537s] running install_scripts
[0.562s] Installing arcl_api_server script to /home/omron/Omron_LD/install/om_aiv_util/lib/om_aiv_util
[0.562s] Installing ld_states_publisher script to /home/omron/Omron_LD/install/om_aiv_util/lib/om_aiv_util
[0.562s] writing list of installed files to '/home/omron/Omron_LD/build/om_aiv_util/install.log'
[0.591s] Invoked command in '/home/omron/Omron_LD/src/om_aiv_util' returned '0': PYTHONPATH=/home/omron/Omron_LD/install/om_aiv_util/lib/python3.8/site-packages:${PYTHONPATH} /usr/bin/python3 setup.py egg_info --egg-base ../../build/om_aiv_util build --build-base /home/omron/Omron_LD/build/om_aiv_util/build install --prefix /home/omron/Omron_LD/install/om_aiv_util --record /home/omron/Omron_LD/build/om_aiv_util/install.log --single-version-externally-managed
