[0.269s] DEBUG:colcon:Command line arguments: ['/usr/bin/colcon', 'build']
[0.269s] DEBUG:colcon:Parsed command line arguments: Namespace(ament_cmake_args=None, base_paths=['.'], build_base='build', catkin_cmake_args=None, catkin_skip_building_tests=False, cmake_args=None, cmake_clean_cache=False, cmake_clean_first=False, cmake_force_configure=False, cmake_target=None, cmake_target_skip_unavailable=False, continue_on_error=False, event_handlers=None, executor='parallel', ignore_user_meta=False, install_base='install', log_base=None, log_level=None, main=<bound method BuildVerb.main of <colcon_core.verb.build.BuildVerb object at 0x7f61bc055430>>, merge_install=False, metas=['./colcon.meta'], packages_above=None, packages_above_and_dependencies=None, packages_above_depth=None, packages_end=None, packages_ignore=None, packages_ignore_regex=None, packages_select=None, packages_select_build_failed=False, packages_select_by_dep=None, packages_select_regex=None, packages_select_test_failures=False, packages_skip=None, packages_skip_build_finished=False, packages_skip_by_dep=None, packages_skip_regex=None, packages_skip_test_passed=False, packages_skip_up_to=None, packages_start=None, packages_up_to=None, packages_up_to_regex=None, parallel_workers=8, paths=None, symlink_install=False, test_result_base=None, verb_extension=<colcon_core.verb.build.BuildVerb object at 0x7f61bc055430>, verb_name='build', verb_parser=<colcon_defaults.argument_parser.defaults.DefaultArgumentsDecorator object at 0x7f61bc055970>)
[0.274s] Level 1:colcon.colcon_core.package_discovery:discover_packages(colcon_meta) check parameters
[0.274s] Level 1:colcon.colcon_core.package_discovery:discover_packages(recursive) check parameters
[0.274s] Level 1:colcon.colcon_core.package_discovery:discover_packages(ignore) check parameters
[0.274s] Level 1:colcon.colcon_core.package_discovery:discover_packages(path) check parameters
[0.275s] Level 1:colcon.colcon_core.package_discovery:discover_packages(colcon_meta) discover
[0.275s] Level 1:colcon.colcon_core.package_discovery:discover_packages(recursive) discover
[0.275s] INFO:colcon.colcon_core.package_discovery:Crawling recursively for packages in '/home/omron/Omron_LD'
[0.275s] Level 1:colcon.colcon_core.package_identification:_identify(.) by extensions ['ignore', 'ignore_ament_install']
[0.275s] Level 1:colcon.colcon_core.package_identification:_identify(.) by extension 'ignore'
[0.275s] Level 1:colcon.colcon_core.package_identification:_identify(.) by extension 'ignore_ament_install'
[0.275s] Level 1:colcon.colcon_core.package_identification:_identify(.) by extensions ['colcon_pkg']
[0.275s] Level 1:colcon.colcon_core.package_identification:_identify(.) by extension 'colcon_pkg'
[0.275s] Level 1:colcon.colcon_core.package_identification:_identify(.) by extensions ['colcon_meta']
[0.275s] Level 1:colcon.colcon_core.package_identification:_identify(.) by extension 'colcon_meta'
[0.275s] Level 1:colcon.colcon_core.package_identification:_identify(.) by extensions ['ros']
[0.275s] Level 1:colcon.colcon_core.package_identification:_identify(.) by extension 'ros'
[0.287s] Level 1:colcon.colcon_core.package_identification:_identify(.) by extensions ['cmake', 'python']
[0.288s] Level 1:colcon.colcon_core.package_identification:_identify(.) by extension 'cmake'
[0.288s] Level 1:colcon.colcon_core.package_identification:_identify(.) by extension 'python'
[0.288s] Level 1:colcon.colcon_core.package_identification:_identify(.) by extensions ['python_setup_py']
[0.288s] Level 1:colcon.colcon_core.package_identification:_identify(.) by extension 'python_setup_py'
[0.288s] Level 1:colcon.colcon_core.package_identification:_identify(build) by extensions ['ignore', 'ignore_ament_install']
[0.288s] Level 1:colcon.colcon_core.package_identification:_identify(build) by extension 'ignore'
[0.288s] Level 1:colcon.colcon_core.package_identification:_identify(build) ignored
[0.288s] Level 1:colcon.colcon_core.package_identification:_identify(docs) by extensions ['ignore', 'ignore_ament_install']
[0.288s] Level 1:colcon.colcon_core.package_identification:_identify(docs) by extension 'ignore'
[0.288s] Level 1:colcon.colcon_core.package_identification:_identify(docs) by extension 'ignore_ament_install'
[0.288s] Level 1:colcon.colcon_core.package_identification:_identify(docs) by extensions ['colcon_pkg']
[0.288s] Level 1:colcon.colcon_core.package_identification:_identify(docs) by extension 'colcon_pkg'
[0.288s] Level 1:colcon.colcon_core.package_identification:_identify(docs) by extensions ['colcon_meta']
[0.289s] Level 1:colcon.colcon_core.package_identification:_identify(docs) by extension 'colcon_meta'
[0.289s] Level 1:colcon.colcon_core.package_identification:_identify(docs) by extensions ['ros']
[0.289s] Level 1:colcon.colcon_core.package_identification:_identify(docs) by extension 'ros'
[0.289s] Level 1:colcon.colcon_core.package_identification:_identify(docs) by extensions ['cmake', 'python']
[0.289s] Level 1:colcon.colcon_core.package_identification:_identify(docs) by extension 'cmake'
[0.289s] Level 1:colcon.colcon_core.package_identification:_identify(docs) by extension 'python'
[0.289s] Level 1:colcon.colcon_core.package_identification:_identify(docs) by extensions ['python_setup_py']
[0.289s] Level 1:colcon.colcon_core.package_identification:_identify(docs) by extension 'python_setup_py'
[0.289s] Level 1:colcon.colcon_core.package_identification:_identify(docs/dg-images) by extensions ['ignore', 'ignore_ament_install']
[0.289s] Level 1:colcon.colcon_core.package_identification:_identify(docs/dg-images) by extension 'ignore'
[0.289s] Level 1:colcon.colcon_core.package_identification:_identify(docs/dg-images) by extension 'ignore_ament_install'
[0.289s] Level 1:colcon.colcon_core.package_identification:_identify(docs/dg-images) by extensions ['colcon_pkg']
[0.289s] Level 1:colcon.colcon_core.package_identification:_identify(docs/dg-images) by extension 'colcon_pkg'
[0.289s] Level 1:colcon.colcon_core.package_identification:_identify(docs/dg-images) by extensions ['colcon_meta']
[0.289s] Level 1:colcon.colcon_core.package_identification:_identify(docs/dg-images) by extension 'colcon_meta'
[0.289s] Level 1:colcon.colcon_core.package_identification:_identify(docs/dg-images) by extensions ['ros']
[0.289s] Level 1:colcon.colcon_core.package_identification:_identify(docs/dg-images) by extension 'ros'
[0.289s] Level 1:colcon.colcon_core.package_identification:_identify(docs/dg-images) by extensions ['cmake', 'python']
[0.289s] Level 1:colcon.colcon_core.package_identification:_identify(docs/dg-images) by extension 'cmake'
[0.289s] Level 1:colcon.colcon_core.package_identification:_identify(docs/dg-images) by extension 'python'
[0.289s] Level 1:colcon.colcon_core.package_identification:_identify(docs/dg-images) by extensions ['python_setup_py']
[0.290s] Level 1:colcon.colcon_core.package_identification:_identify(docs/dg-images) by extension 'python_setup_py'
[0.290s] Level 1:colcon.colcon_core.package_identification:_identify(install) by extensions ['ignore', 'ignore_ament_install']
[0.290s] Level 1:colcon.colcon_core.package_identification:_identify(install) by extension 'ignore'
[0.290s] Level 1:colcon.colcon_core.package_identification:_identify(install) ignored
[0.290s] Level 1:colcon.colcon_core.package_identification:_identify(log) by extensions ['ignore', 'ignore_ament_install']
[0.291s] Level 1:colcon.colcon_core.package_identification:_identify(log) by extension 'ignore'
[0.291s] Level 1:colcon.colcon_core.package_identification:_identify(log) ignored
[0.291s] Level 1:colcon.colcon_core.package_identification:_identify(src) by extensions ['ignore', 'ignore_ament_install']
[0.291s] Level 1:colcon.colcon_core.package_identification:_identify(src) by extension 'ignore'
[0.291s] Level 1:colcon.colcon_core.package_identification:_identify(src) by extension 'ignore_ament_install'
[0.291s] Level 1:colcon.colcon_core.package_identification:_identify(src) by extensions ['colcon_pkg']
[0.291s] Level 1:colcon.colcon_core.package_identification:_identify(src) by extension 'colcon_pkg'
[0.291s] Level 1:colcon.colcon_core.package_identification:_identify(src) by extensions ['colcon_meta']
[0.291s] Level 1:colcon.colcon_core.package_identification:_identify(src) by extension 'colcon_meta'
[0.291s] Level 1:colcon.colcon_core.package_identification:_identify(src) by extensions ['ros']
[0.291s] Level 1:colcon.colcon_core.package_identification:_identify(src) by extension 'ros'
[0.292s] Level 1:colcon.colcon_core.package_identification:_identify(src) by extensions ['cmake', 'python']
[0.292s] Level 1:colcon.colcon_core.package_identification:_identify(src) by extension 'cmake'
[0.292s] Level 1:colcon.colcon_core.package_identification:_identify(src) by extension 'python'
[0.292s] Level 1:colcon.colcon_core.package_identification:_identify(src) by extensions ['python_setup_py']
[0.292s] Level 1:colcon.colcon_core.package_identification:_identify(src) by extension 'python_setup_py'
[0.292s] Level 1:colcon.colcon_core.package_identification:_identify(src/ld_visualisation) by extensions ['ignore', 'ignore_ament_install']
[0.292s] Level 1:colcon.colcon_core.package_identification:_identify(src/ld_visualisation) by extension 'ignore'
[0.292s] Level 1:colcon.colcon_core.package_identification:_identify(src/ld_visualisation) by extension 'ignore_ament_install'
[0.292s] Level 1:colcon.colcon_core.package_identification:_identify(src/ld_visualisation) by extensions ['colcon_pkg']
[0.292s] Level 1:colcon.colcon_core.package_identification:_identify(src/ld_visualisation) by extension 'colcon_pkg'
[0.292s] Level 1:colcon.colcon_core.package_identification:_identify(src/ld_visualisation) by extensions ['colcon_meta']
[0.292s] Level 1:colcon.colcon_core.package_identification:_identify(src/ld_visualisation) by extension 'colcon_meta'
[0.292s] Level 1:colcon.colcon_core.package_identification:_identify(src/ld_visualisation) by extensions ['ros']
[0.292s] Level 1:colcon.colcon_core.package_identification:_identify(src/ld_visualisation) by extension 'ros'
[0.296s] DEBUG:colcon.colcon_core.package_identification:Package 'src/ld_visualisation' with type 'ros.ament_cmake' and name 'ld_visualisation'
[0.296s] Level 1:colcon.colcon_core.package_identification:_identify(src/om_aiv_msg) by extensions ['ignore', 'ignore_ament_install']
[0.296s] Level 1:colcon.colcon_core.package_identification:_identify(src/om_aiv_msg) by extension 'ignore'
[0.296s] Level 1:colcon.colcon_core.package_identification:_identify(src/om_aiv_msg) by extension 'ignore_ament_install'
[0.296s] Level 1:colcon.colcon_core.package_identification:_identify(src/om_aiv_msg) by extensions ['colcon_pkg']
[0.296s] Level 1:colcon.colcon_core.package_identification:_identify(src/om_aiv_msg) by extension 'colcon_pkg'
[0.296s] Level 1:colcon.colcon_core.package_identification:_identify(src/om_aiv_msg) by extensions ['colcon_meta']
[0.296s] Level 1:colcon.colcon_core.package_identification:_identify(src/om_aiv_msg) by extension 'colcon_meta'
[0.296s] Level 1:colcon.colcon_core.package_identification:_identify(src/om_aiv_msg) by extensions ['ros']
[0.296s] Level 1:colcon.colcon_core.package_identification:_identify(src/om_aiv_msg) by extension 'ros'
[0.297s] DEBUG:colcon.colcon_core.package_identification:Package 'src/om_aiv_msg' with type 'ros.ament_cmake' and name 'om_aiv_msg'
[0.297s] Level 1:colcon.colcon_core.package_identification:_identify(src/om_aiv_navigation) by extensions ['ignore', 'ignore_ament_install']
[0.297s] Level 1:colcon.colcon_core.package_identification:_identify(src/om_aiv_navigation) by extension 'ignore'
[0.297s] Level 1:colcon.colcon_core.package_identification:_identify(src/om_aiv_navigation) by extension 'ignore_ament_install'
[0.297s] Level 1:colcon.colcon_core.package_identification:_identify(src/om_aiv_navigation) by extensions ['colcon_pkg']
[0.297s] Level 1:colcon.colcon_core.package_identification:_identify(src/om_aiv_navigation) by extension 'colcon_pkg'
[0.297s] Level 1:colcon.colcon_core.package_identification:_identify(src/om_aiv_navigation) by extensions ['colcon_meta']
[0.297s] Level 1:colcon.colcon_core.package_identification:_identify(src/om_aiv_navigation) by extension 'colcon_meta'
[0.298s] Level 1:colcon.colcon_core.package_identification:_identify(src/om_aiv_navigation) by extensions ['ros']
[0.298s] Level 1:colcon.colcon_core.package_identification:_identify(src/om_aiv_navigation) by extension 'ros'
[0.298s] DEBUG:colcon.colcon_core.package_identification:Package 'src/om_aiv_navigation' with type 'ros.ament_python' and name 'om_aiv_navigation'
[0.298s] Level 1:colcon.colcon_core.package_identification:_identify(src/om_aiv_util) by extensions ['ignore', 'ignore_ament_install']
[0.299s] Level 1:colcon.colcon_core.package_identification:_identify(src/om_aiv_util) by extension 'ignore'
[0.299s] Level 1:colcon.colcon_core.package_identification:_identify(src/om_aiv_util) by extension 'ignore_ament_install'
[0.299s] Level 1:colcon.colcon_core.package_identification:_identify(src/om_aiv_util) by extensions ['colcon_pkg']
[0.299s] Level 1:colcon.colcon_core.package_identification:_identify(src/om_aiv_util) by extension 'colcon_pkg'
[0.299s] Level 1:colcon.colcon_core.package_identification:_identify(src/om_aiv_util) by extensions ['colcon_meta']
[0.299s] Level 1:colcon.colcon_core.package_identification:_identify(src/om_aiv_util) by extension 'colcon_meta'
[0.299s] Level 1:colcon.colcon_core.package_identification:_identify(src/om_aiv_util) by extensions ['ros']
[0.299s] Level 1:colcon.colcon_core.package_identification:_identify(src/om_aiv_util) by extension 'ros'
[0.300s] DEBUG:colcon.colcon_core.package_identification:Package 'src/om_aiv_util' with type 'ros.ament_python' and name 'om_aiv_util'
[0.300s] Level 1:colcon.colcon_core.package_identification:_identify(src/temp) by extensions ['ignore', 'ignore_ament_install']
[0.300s] Level 1:colcon.colcon_core.package_identification:_identify(src/temp) by extension 'ignore'
[0.300s] Level 1:colcon.colcon_core.package_identification:_identify(src/temp) by extension 'ignore_ament_install'
[0.300s] Level 1:colcon.colcon_core.package_identification:_identify(src/temp) by extensions ['colcon_pkg']
[0.300s] Level 1:colcon.colcon_core.package_identification:_identify(src/temp) by extension 'colcon_pkg'
[0.300s] Level 1:colcon.colcon_core.package_identification:_identify(src/temp) by extensions ['colcon_meta']
[0.300s] Level 1:colcon.colcon_core.package_identification:_identify(src/temp) by extension 'colcon_meta'
[0.300s] Level 1:colcon.colcon_core.package_identification:_identify(src/temp) by extensions ['ros']
[0.300s] Level 1:colcon.colcon_core.package_identification:_identify(src/temp) by extension 'ros'
[0.300s] Level 1:colcon.colcon_core.package_identification:_identify(src/temp) by extensions ['cmake', 'python']
[0.300s] Level 1:colcon.colcon_core.package_identification:_identify(src/temp) by extension 'cmake'
[0.301s] Level 1:colcon.colcon_core.package_identification:_identify(src/temp) by extension 'python'
[0.301s] Level 1:colcon.colcon_core.package_identification:_identify(src/temp) by extensions ['python_setup_py']
[0.301s] Level 1:colcon.colcon_core.package_identification:_identify(src/temp) by extension 'python_setup_py'
[0.301s] Level 1:colcon.colcon_core.package_discovery:discover_packages(recursive) using defaults
[0.301s] Level 1:colcon.colcon_core.package_discovery:discover_packages(ignore) discover
[0.301s] Level 1:colcon.colcon_core.package_discovery:discover_packages(ignore) using defaults
[0.301s] Level 1:colcon.colcon_core.package_discovery:discover_packages(path) discover
[0.301s] Level 1:colcon.colcon_core.package_discovery:discover_packages(path) using defaults
[0.318s] Level 5:colcon.colcon_core.verb:set package 'om_aiv_msg' build argument 'cmake_args' from command line to 'None'
[0.318s] Level 5:colcon.colcon_core.verb:set package 'om_aiv_msg' build argument 'cmake_target' from command line to 'None'
[0.318s] Level 5:colcon.colcon_core.verb:set package 'om_aiv_msg' build argument 'cmake_target_skip_unavailable' from command line to 'False'
[0.318s] Level 5:colcon.colcon_core.verb:set package 'om_aiv_msg' build argument 'cmake_clean_cache' from command line to 'False'
[0.318s] Level 5:colcon.colcon_core.verb:set package 'om_aiv_msg' build argument 'cmake_clean_first' from command line to 'False'
[0.318s] Level 5:colcon.colcon_core.verb:set package 'om_aiv_msg' build argument 'cmake_force_configure' from command line to 'False'
[0.318s] Level 5:colcon.colcon_core.verb:set package 'om_aiv_msg' build argument 'ament_cmake_args' from command line to 'None'
[0.318s] Level 5:colcon.colcon_core.verb:set package 'om_aiv_msg' build argument 'catkin_cmake_args' from command line to 'None'
[0.318s] Level 5:colcon.colcon_core.verb:set package 'om_aiv_msg' build argument 'catkin_skip_building_tests' from command line to 'False'
[0.319s] DEBUG:colcon.colcon_core.verb:Building package 'om_aiv_msg' with the following arguments: {'ament_cmake_args': None, 'build_base': '/home/omron/Omron_LD/build/om_aiv_msg', 'catkin_cmake_args': None, 'catkin_skip_building_tests': False, 'cmake_args': None, 'cmake_clean_cache': False, 'cmake_clean_first': False, 'cmake_force_configure': False, 'cmake_target': None, 'cmake_target_skip_unavailable': False, 'install_base': '/home/omron/Omron_LD/install/om_aiv_msg', 'merge_install': False, 'path': '/home/omron/Omron_LD/src/om_aiv_msg', 'symlink_install': False, 'test_result_base': None}
[0.321s] Level 5:colcon.colcon_core.verb:set package 'om_aiv_navigation' build argument 'cmake_args' from command line to 'None'
[0.321s] Level 5:colcon.colcon_core.verb:set package 'om_aiv_navigation' build argument 'cmake_target' from command line to 'None'
[0.321s] Level 5:colcon.colcon_core.verb:set package 'om_aiv_navigation' build argument 'cmake_target_skip_unavailable' from command line to 'False'
[0.321s] Level 5:colcon.colcon_core.verb:set package 'om_aiv_navigation' build argument 'cmake_clean_cache' from command line to 'False'
[0.321s] Level 5:colcon.colcon_core.verb:set package 'om_aiv_navigation' build argument 'cmake_clean_first' from command line to 'False'
[0.321s] Level 5:colcon.colcon_core.verb:set package 'om_aiv_navigation' build argument 'cmake_force_configure' from command line to 'False'
[0.321s] Level 5:colcon.colcon_core.verb:set package 'om_aiv_navigation' build argument 'ament_cmake_args' from command line to 'None'
[0.321s] Level 5:colcon.colcon_core.verb:set package 'om_aiv_navigation' build argument 'catkin_cmake_args' from command line to 'None'
[0.321s] Level 5:colcon.colcon_core.verb:set package 'om_aiv_navigation' build argument 'catkin_skip_building_tests' from command line to 'False'
[0.321s] DEBUG:colcon.colcon_core.verb:Building package 'om_aiv_navigation' with the following arguments: {'ament_cmake_args': None, 'build_base': '/home/omron/Omron_LD/build/om_aiv_navigation', 'catkin_cmake_args': None, 'catkin_skip_building_tests': False, 'cmake_args': None, 'cmake_clean_cache': False, 'cmake_clean_first': False, 'cmake_force_configure': False, 'cmake_target': None, 'cmake_target_skip_unavailable': False, 'install_base': '/home/omron/Omron_LD/install/om_aiv_navigation', 'merge_install': False, 'path': '/home/omron/Omron_LD/src/om_aiv_navigation', 'symlink_install': False, 'test_result_base': None}
[0.323s] Level 5:colcon.colcon_core.verb:set package 'ld_visualisation' build argument 'cmake_args' from command line to 'None'
[0.323s] Level 5:colcon.colcon_core.verb:set package 'ld_visualisation' build argument 'cmake_target' from command line to 'None'
[0.323s] Level 5:colcon.colcon_core.verb:set package 'ld_visualisation' build argument 'cmake_target_skip_unavailable' from command line to 'False'
[0.324s] Level 5:colcon.colcon_core.verb:set package 'ld_visualisation' build argument 'cmake_clean_cache' from command line to 'False'
[0.324s] Level 5:colcon.colcon_core.verb:set package 'ld_visualisation' build argument 'cmake_clean_first' from command line to 'False'
[0.324s] Level 5:colcon.colcon_core.verb:set package 'ld_visualisation' build argument 'cmake_force_configure' from command line to 'False'
[0.324s] Level 5:colcon.colcon_core.verb:set package 'ld_visualisation' build argument 'ament_cmake_args' from command line to 'None'
[0.324s] Level 5:colcon.colcon_core.verb:set package 'ld_visualisation' build argument 'catkin_cmake_args' from command line to 'None'
[0.324s] Level 5:colcon.colcon_core.verb:set package 'ld_visualisation' build argument 'catkin_skip_building_tests' from command line to 'False'
[0.324s] DEBUG:colcon.colcon_core.verb:Building package 'ld_visualisation' with the following arguments: {'ament_cmake_args': None, 'build_base': '/home/omron/Omron_LD/build/ld_visualisation', 'catkin_cmake_args': None, 'catkin_skip_building_tests': False, 'cmake_args': None, 'cmake_clean_cache': False, 'cmake_clean_first': False, 'cmake_force_configure': False, 'cmake_target': None, 'cmake_target_skip_unavailable': False, 'install_base': '/home/omron/Omron_LD/install/ld_visualisation', 'merge_install': False, 'path': '/home/omron/Omron_LD/src/ld_visualisation', 'symlink_install': False, 'test_result_base': None}
[0.326s] Level 5:colcon.colcon_core.verb:set package 'om_aiv_util' build argument 'cmake_args' from command line to 'None'
[0.326s] Level 5:colcon.colcon_core.verb:set package 'om_aiv_util' build argument 'cmake_target' from command line to 'None'
[0.326s] Level 5:colcon.colcon_core.verb:set package 'om_aiv_util' build argument 'cmake_target_skip_unavailable' from command line to 'False'
[0.326s] Level 5:colcon.colcon_core.verb:set package 'om_aiv_util' build argument 'cmake_clean_cache' from command line to 'False'
[0.326s] Level 5:colcon.colcon_core.verb:set package 'om_aiv_util' build argument 'cmake_clean_first' from command line to 'False'
[0.326s] Level 5:colcon.colcon_core.verb:set package 'om_aiv_util' build argument 'cmake_force_configure' from command line to 'False'
[0.326s] Level 5:colcon.colcon_core.verb:set package 'om_aiv_util' build argument 'ament_cmake_args' from command line to 'None'
[0.326s] Level 5:colcon.colcon_core.verb:set package 'om_aiv_util' build argument 'catkin_cmake_args' from command line to 'None'
[0.326s] Level 5:colcon.colcon_core.verb:set package 'om_aiv_util' build argument 'catkin_skip_building_tests' from command line to 'False'
[0.326s] DEBUG:colcon.colcon_core.verb:Building package 'om_aiv_util' with the following arguments: {'ament_cmake_args': None, 'build_base': '/home/omron/Omron_LD/build/om_aiv_util', 'catkin_cmake_args': None, 'catkin_skip_building_tests': False, 'cmake_args': None, 'cmake_clean_cache': False, 'cmake_clean_first': False, 'cmake_force_configure': False, 'cmake_target': None, 'cmake_target_skip_unavailable': False, 'install_base': '/home/omron/Omron_LD/install/om_aiv_util', 'merge_install': False, 'path': '/home/omron/Omron_LD/src/om_aiv_util', 'symlink_install': False, 'test_result_base': None}
[0.327s] INFO:colcon.colcon_core.executor:Executing jobs using 'parallel' executor
[0.329s] DEBUG:colcon.colcon_parallel_executor.executor.parallel:run_until_complete
[0.330s] INFO:colcon.colcon_ros.task.ament_cmake.build:Building ROS package in '/home/omron/Omron_LD/src/om_aiv_msg' with build type 'ament_cmake'
[0.330s] INFO:colcon.colcon_cmake.task.cmake.build:Building CMake package in '/home/omron/Omron_LD/src/om_aiv_msg'
[0.335s] INFO:colcon.colcon_core.plugin_system:Skipping extension 'colcon_core.shell.bat': Not used on non-Windows systems
[0.336s] INFO:colcon.colcon_core.shell:Skip shell extension 'powershell' for command environment: Not usable outside of PowerShell
[0.336s] DEBUG:colcon.colcon_core.shell:Skip shell extension 'dsv' for command environment
[0.339s] DEBUG:colcon.colcon_core.shell:Ignoring prefix path '/opt/ros/foxy'
[0.343s] INFO:colcon.colcon_ros.task.ament_python.build:Building ROS package in '/home/omron/Omron_LD/src/om_aiv_navigation' with build type 'ament_python'
[0.343s] Level 1:colcon.colcon_core.shell:create_environment_hook('om_aiv_navigation', 'ament_prefix_path')
[0.345s] INFO:colcon.colcon_core.shell:Creating environment hook '/home/omron/Omron_LD/install/om_aiv_navigation/share/om_aiv_navigation/hook/ament_prefix_path.ps1'
[0.346s] INFO:colcon.colcon_core.shell:Creating environment descriptor '/home/omron/Omron_LD/install/om_aiv_navigation/share/om_aiv_navigation/hook/ament_prefix_path.dsv'
[0.347s] INFO:colcon.colcon_core.shell:Creating environment hook '/home/omron/Omron_LD/install/om_aiv_navigation/share/om_aiv_navigation/hook/ament_prefix_path.sh'
[0.349s] INFO:colcon.colcon_core.shell:Skip shell extension 'powershell' for command environment: Not usable outside of PowerShell
[0.349s] DEBUG:colcon.colcon_core.shell:Skip shell extension 'dsv' for command environment
[0.351s] DEBUG:colcon.colcon_core.shell:Ignoring prefix path '/opt/ros/foxy'
[0.360s] DEBUG:colcon.colcon_core.event_handler.log_command:Invoking command in '/home/omron/Omron_LD/build/om_aiv_msg': CMAKE_PREFIX_PATH=${CMAKE_PREFIX_PATH}:/home/omron/Omron_LD/install/om_aiv_util:/home/omron/Omron_LD/install/om_aiv_navigation:/opt/ros/foxy /usr/bin/cmake --build /home/omron/Omron_LD/build/om_aiv_msg -- -j8 -l8
[0.609s] INFO:colcon.colcon_core.task.python.build:Building Python package in '/home/omron/Omron_LD/src/om_aiv_navigation'
[0.610s] INFO:colcon.colcon_core.shell:Skip shell extension 'powershell' for command environment: Not usable outside of PowerShell
[0.610s] DEBUG:colcon.colcon_core.shell:Skip shell extension 'dsv' for command environment
[0.612s] DEBUG:colcon.colcon_core.shell:Ignoring prefix path '/opt/ros/foxy'
[0.616s] DEBUG:colcon.colcon_core.event_handler.log_command:Invoked command in '/home/omron/Omron_LD/build/om_aiv_msg' returned '0': CMAKE_PREFIX_PATH=${CMAKE_PREFIX_PATH}:/home/omron/Omron_LD/install/om_aiv_util:/home/omron/Omron_LD/install/om_aiv_navigation:/opt/ros/foxy /usr/bin/cmake --build /home/omron/Omron_LD/build/om_aiv_msg -- -j8 -l8
[0.622s] DEBUG:colcon.colcon_core.event_handler.log_command:Invoking command in '/home/omron/Omron_LD/src/om_aiv_navigation': PYTHONPATH=/home/omron/Omron_LD/install/om_aiv_navigation/lib/python3.8/site-packages:${PYTHONPATH} /usr/bin/python3 setup.py egg_info --egg-base ../../build/om_aiv_navigation build --build-base /home/omron/Omron_LD/build/om_aiv_navigation/build install --prefix /home/omron/Omron_LD/install/om_aiv_navigation --record /home/omron/Omron_LD/build/om_aiv_navigation/install.log --single-version-externally-managed
[0.725s] DEBUG:colcon.colcon_core.event_handler.log_command:Invoking command in '/home/omron/Omron_LD/build/om_aiv_msg': CMAKE_PREFIX_PATH=${CMAKE_PREFIX_PATH}:/home/omron/Omron_LD/install/om_aiv_util:/home/omron/Omron_LD/install/om_aiv_navigation:/opt/ros/foxy /usr/bin/cmake --install /home/omron/Omron_LD/build/om_aiv_msg
[0.789s] Level 1:colcon.colcon_core.environment:create_environment_scripts_only(om_aiv_msg)
[0.793s] DEBUG:colcon.colcon_core.event_handler.log_command:Invoked command in '/home/omron/Omron_LD/build/om_aiv_msg' returned '0': CMAKE_PREFIX_PATH=${CMAKE_PREFIX_PATH}:/home/omron/Omron_LD/install/om_aiv_util:/home/omron/Omron_LD/install/om_aiv_navigation:/opt/ros/foxy /usr/bin/cmake --install /home/omron/Omron_LD/build/om_aiv_msg
[0.795s] Level 1:colcon.colcon_core.environment:checking '/home/omron/Omron_LD/install/om_aiv_msg' for CMake module files
[0.795s] Level 1:colcon.colcon_core.environment:checking '/home/omron/Omron_LD/install/om_aiv_msg' for CMake config files
[0.796s] Level 1:colcon.colcon_core.shell:create_environment_hook('om_aiv_msg', 'cmake_prefix_path')
[0.797s] INFO:colcon.colcon_core.shell:Creating environment hook '/home/omron/Omron_LD/install/om_aiv_msg/share/om_aiv_msg/hook/cmake_prefix_path.ps1'
[0.797s] INFO:colcon.colcon_core.shell:Creating environment descriptor '/home/omron/Omron_LD/install/om_aiv_msg/share/om_aiv_msg/hook/cmake_prefix_path.dsv'
[0.797s] INFO:colcon.colcon_core.shell:Creating environment hook '/home/omron/Omron_LD/install/om_aiv_msg/share/om_aiv_msg/hook/cmake_prefix_path.sh'
[0.798s] Level 1:colcon.colcon_core.environment:checking '/home/omron/Omron_LD/install/om_aiv_msg/lib'
[0.798s] Level 1:colcon.colcon_core.shell:create_environment_hook('om_aiv_msg', 'ld_library_path_lib')
[0.799s] INFO:colcon.colcon_core.shell:Creating environment hook '/home/omron/Omron_LD/install/om_aiv_msg/share/om_aiv_msg/hook/ld_library_path_lib.ps1'
[0.799s] INFO:colcon.colcon_core.shell:Creating environment descriptor '/home/omron/Omron_LD/install/om_aiv_msg/share/om_aiv_msg/hook/ld_library_path_lib.dsv'
[0.799s] INFO:colcon.colcon_core.shell:Creating environment hook '/home/omron/Omron_LD/install/om_aiv_msg/share/om_aiv_msg/hook/ld_library_path_lib.sh'
[0.800s] Level 1:colcon.colcon_core.environment:checking '/home/omron/Omron_LD/install/om_aiv_msg/bin'
[0.800s] Level 1:colcon.colcon_core.environment:checking '/home/omron/Omron_LD/install/om_aiv_msg/lib/pkgconfig/om_aiv_msg.pc'
[0.800s] Level 1:colcon.colcon_core.environment:checking '/home/omron/Omron_LD/install/om_aiv_msg/lib/python3.8/site-packages'
[0.800s] Level 1:colcon.colcon_core.shell:create_environment_hook('om_aiv_msg', 'pythonpath')
[0.800s] INFO:colcon.colcon_core.shell:Creating environment hook '/home/omron/Omron_LD/install/om_aiv_msg/share/om_aiv_msg/hook/pythonpath.ps1'
[0.801s] INFO:colcon.colcon_core.shell:Creating environment descriptor '/home/omron/Omron_LD/install/om_aiv_msg/share/om_aiv_msg/hook/pythonpath.dsv'
[0.801s] INFO:colcon.colcon_core.shell:Creating environment hook '/home/omron/Omron_LD/install/om_aiv_msg/share/om_aiv_msg/hook/pythonpath.sh'
[0.802s] INFO:colcon.colcon_core.shell:Creating package script '/home/omron/Omron_LD/install/om_aiv_msg/share/om_aiv_msg/package.ps1'
[0.803s] INFO:colcon.colcon_core.shell:Creating package descriptor '/home/omron/Omron_LD/install/om_aiv_msg/share/om_aiv_msg/package.dsv'
[0.804s] INFO:colcon.colcon_core.shell:Creating package script '/home/omron/Omron_LD/install/om_aiv_msg/share/om_aiv_msg/package.sh'
[0.805s] INFO:colcon.colcon_core.shell:Creating package script '/home/omron/Omron_LD/install/om_aiv_msg/share/om_aiv_msg/package.bash'
[0.806s] INFO:colcon.colcon_core.shell:Creating package script '/home/omron/Omron_LD/install/om_aiv_msg/share/om_aiv_msg/package.zsh'
[0.807s] Level 1:colcon.colcon_core.environment:create_file_with_runtime_dependencies(/home/omron/Omron_LD/install/om_aiv_msg/share/colcon-core/packages/om_aiv_msg)
[0.910s] Level 1:colcon.colcon_core.environment:create_environment_scripts_only(om_aiv_msg)
[0.911s] Level 1:colcon.colcon_core.environment:checking '/home/omron/Omron_LD/install/om_aiv_msg' for CMake module files
[0.913s] Level 1:colcon.colcon_core.environment:checking '/home/omron/Omron_LD/install/om_aiv_msg' for CMake config files
[0.913s] Level 1:colcon.colcon_core.shell:create_environment_hook('om_aiv_msg', 'cmake_prefix_path')
[0.914s] INFO:colcon.colcon_core.shell:Creating environment hook '/home/omron/Omron_LD/install/om_aiv_msg/share/om_aiv_msg/hook/cmake_prefix_path.ps1'
[0.914s] INFO:colcon.colcon_core.shell:Creating environment descriptor '/home/omron/Omron_LD/install/om_aiv_msg/share/om_aiv_msg/hook/cmake_prefix_path.dsv'
[0.915s] INFO:colcon.colcon_core.shell:Creating environment hook '/home/omron/Omron_LD/install/om_aiv_msg/share/om_aiv_msg/hook/cmake_prefix_path.sh'
[0.915s] Level 1:colcon.colcon_core.environment:checking '/home/omron/Omron_LD/install/om_aiv_msg/lib'
[0.915s] Level 1:colcon.colcon_core.shell:create_environment_hook('om_aiv_msg', 'ld_library_path_lib')
[0.916s] INFO:colcon.colcon_core.shell:Creating environment hook '/home/omron/Omron_LD/install/om_aiv_msg/share/om_aiv_msg/hook/ld_library_path_lib.ps1'
[0.916s] INFO:colcon.colcon_core.shell:Creating environment descriptor '/home/omron/Omron_LD/install/om_aiv_msg/share/om_aiv_msg/hook/ld_library_path_lib.dsv'
[0.917s] INFO:colcon.colcon_core.shell:Creating environment hook '/home/omron/Omron_LD/install/om_aiv_msg/share/om_aiv_msg/hook/ld_library_path_lib.sh'
[0.917s] Level 1:colcon.colcon_core.environment:checking '/home/omron/Omron_LD/install/om_aiv_msg/bin'
[0.917s] Level 1:colcon.colcon_core.environment:checking '/home/omron/Omron_LD/install/om_aiv_msg/lib/pkgconfig/om_aiv_msg.pc'
[0.917s] Level 1:colcon.colcon_core.environment:checking '/home/omron/Omron_LD/install/om_aiv_msg/lib/python3.8/site-packages'
[0.917s] Level 1:colcon.colcon_core.shell:create_environment_hook('om_aiv_msg', 'pythonpath')
[0.918s] INFO:colcon.colcon_core.shell:Creating environment hook '/home/omron/Omron_LD/install/om_aiv_msg/share/om_aiv_msg/hook/pythonpath.ps1'
[0.918s] INFO:colcon.colcon_core.shell:Creating environment descriptor '/home/omron/Omron_LD/install/om_aiv_msg/share/om_aiv_msg/hook/pythonpath.dsv'
[0.919s] INFO:colcon.colcon_core.shell:Creating environment hook '/home/omron/Omron_LD/install/om_aiv_msg/share/om_aiv_msg/hook/pythonpath.sh'
[0.920s] INFO:colcon.colcon_core.shell:Creating package script '/home/omron/Omron_LD/install/om_aiv_msg/share/om_aiv_msg/package.ps1'
[0.920s] INFO:colcon.colcon_core.shell:Creating package descriptor '/home/omron/Omron_LD/install/om_aiv_msg/share/om_aiv_msg/package.dsv'
[0.921s] INFO:colcon.colcon_core.shell:Creating package script '/home/omron/Omron_LD/install/om_aiv_msg/share/om_aiv_msg/package.sh'
[0.921s] INFO:colcon.colcon_core.shell:Creating package script '/home/omron/Omron_LD/install/om_aiv_msg/share/om_aiv_msg/package.bash'
[0.922s] INFO:colcon.colcon_core.shell:Creating package script '/home/omron/Omron_LD/install/om_aiv_msg/share/om_aiv_msg/package.zsh'
[0.922s] Level 1:colcon.colcon_core.environment:create_file_with_runtime_dependencies(/home/omron/Omron_LD/install/om_aiv_msg/share/colcon-core/packages/om_aiv_msg)
[0.923s] INFO:colcon.colcon_ros.task.ament_cmake.build:Building ROS package in '/home/omron/Omron_LD/src/ld_visualisation' with build type 'ament_cmake'
[0.923s] INFO:colcon.colcon_cmake.task.cmake.build:Building CMake package in '/home/omron/Omron_LD/src/ld_visualisation'
[0.923s] INFO:colcon.colcon_core.shell:Skip shell extension 'powershell' for command environment: Not usable outside of PowerShell
[0.924s] DEBUG:colcon.colcon_core.shell:Skip shell extension 'dsv' for command environment
[0.927s] DEBUG:colcon.colcon_core.shell:Ignoring prefix path '/opt/ros/foxy'
[0.930s] INFO:colcon.colcon_ros.task.ament_python.build:Building ROS package in '/home/omron/Omron_LD/src/om_aiv_util' with build type 'ament_python'
[0.931s] Level 1:colcon.colcon_core.shell:create_environment_hook('om_aiv_util', 'ament_prefix_path')
[0.932s] INFO:colcon.colcon_core.shell:Creating environment hook '/home/omron/Omron_LD/install/om_aiv_util/share/om_aiv_util/hook/ament_prefix_path.ps1'
[0.932s] INFO:colcon.colcon_core.shell:Creating environment descriptor '/home/omron/Omron_LD/install/om_aiv_util/share/om_aiv_util/hook/ament_prefix_path.dsv'
[0.933s] INFO:colcon.colcon_core.shell:Creating environment hook '/home/omron/Omron_LD/install/om_aiv_util/share/om_aiv_util/hook/ament_prefix_path.sh'
[0.934s] INFO:colcon.colcon_core.shell:Skip shell extension 'powershell' for command environment: Not usable outside of PowerShell
[0.934s] DEBUG:colcon.colcon_core.shell:Skip shell extension 'dsv' for command environment
[0.938s] DEBUG:colcon.colcon_core.shell:Ignoring prefix path '/opt/ros/foxy'
[0.955s] DEBUG:colcon.colcon_core.event_handler.log_command:Invoking command in '/home/omron/Omron_LD/build/ld_visualisation': CMAKE_PREFIX_PATH=/home/omron/Omron_LD/install/om_aiv_msg:/home/omron/Omron_LD/install/ld_visualisation:/home/omron/Omron_LD/install/om_aiv_util:/home/omron/Omron_LD/install/om_aiv_navigation:/opt/ros/foxy PYTHONPATH=/home/omron/Omron_LD/install/om_aiv_msg/lib/python3.8/site-packages:/home/omron/Omron_LD/install/om_aiv_util/lib/python3.8/site-packages:/home/omron/Omron_LD/install/om_aiv_navigation/lib/python3.8/site-packages:/opt/ros/foxy/lib/python3.8/site-packages /usr/bin/cmake --build /home/omron/Omron_LD/build/ld_visualisation -- -j8 -l8
[0.968s] Level 1:colcon.colcon_core.environment:checking '/home/omron/Omron_LD/install/om_aiv_navigation' for CMake module files
[0.969s] DEBUG:colcon.colcon_core.event_handler.log_command:Invoked command in '/home/omron/Omron_LD/src/om_aiv_navigation' returned '0': PYTHONPATH=/home/omron/Omron_LD/install/om_aiv_navigation/lib/python3.8/site-packages:${PYTHONPATH} /usr/bin/python3 setup.py egg_info --egg-base ../../build/om_aiv_navigation build --build-base /home/omron/Omron_LD/build/om_aiv_navigation/build install --prefix /home/omron/Omron_LD/install/om_aiv_navigation --record /home/omron/Omron_LD/build/om_aiv_navigation/install.log --single-version-externally-managed
[0.970s] Level 1:colcon.colcon_core.environment:checking '/home/omron/Omron_LD/install/om_aiv_navigation' for CMake config files
[0.970s] Level 1:colcon.colcon_core.environment:checking '/home/omron/Omron_LD/install/om_aiv_navigation/lib'
[0.971s] Level 1:colcon.colcon_core.environment:checking '/home/omron/Omron_LD/install/om_aiv_navigation/bin'
[0.971s] Level 1:colcon.colcon_core.environment:checking '/home/omron/Omron_LD/install/om_aiv_navigation/lib/pkgconfig/om_aiv_navigation.pc'
[0.971s] Level 1:colcon.colcon_core.environment:checking '/home/omron/Omron_LD/install/om_aiv_navigation/lib/python3.8/site-packages'
[0.971s] Level 1:colcon.colcon_core.shell:create_environment_hook('om_aiv_navigation', 'pythonpath')
[0.972s] INFO:colcon.colcon_core.shell:Creating environment hook '/home/omron/Omron_LD/install/om_aiv_navigation/share/om_aiv_navigation/hook/pythonpath.ps1'
[0.972s] INFO:colcon.colcon_core.shell:Creating environment descriptor '/home/omron/Omron_LD/install/om_aiv_navigation/share/om_aiv_navigation/hook/pythonpath.dsv'
[0.973s] INFO:colcon.colcon_core.shell:Creating environment hook '/home/omron/Omron_LD/install/om_aiv_navigation/share/om_aiv_navigation/hook/pythonpath.sh'
[0.973s] Level 1:colcon.colcon_core.environment:create_environment_scripts_only(om_aiv_navigation)
[0.974s] INFO:colcon.colcon_core.shell:Creating package script '/home/omron/Omron_LD/install/om_aiv_navigation/share/om_aiv_navigation/package.ps1'
[0.975s] INFO:colcon.colcon_core.shell:Creating package descriptor '/home/omron/Omron_LD/install/om_aiv_navigation/share/om_aiv_navigation/package.dsv'
[0.976s] INFO:colcon.colcon_core.shell:Creating package script '/home/omron/Omron_LD/install/om_aiv_navigation/share/om_aiv_navigation/package.sh'
[0.977s] INFO:colcon.colcon_core.shell:Creating package script '/home/omron/Omron_LD/install/om_aiv_navigation/share/om_aiv_navigation/package.bash'
[0.977s] INFO:colcon.colcon_core.shell:Creating package script '/home/omron/Omron_LD/install/om_aiv_navigation/share/om_aiv_navigation/package.zsh'
[0.977s] Level 1:colcon.colcon_core.environment:create_file_with_runtime_dependencies(/home/omron/Omron_LD/install/om_aiv_navigation/share/colcon-core/packages/om_aiv_navigation)
[1.244s] INFO:colcon.colcon_core.task.python.build:Building Python package in '/home/omron/Omron_LD/src/om_aiv_util'
[1.246s] INFO:colcon.colcon_core.shell:Skip shell extension 'powershell' for command environment: Not usable outside of PowerShell
[1.246s] DEBUG:colcon.colcon_core.shell:Skip shell extension 'dsv' for command environment
[1.249s] DEBUG:colcon.colcon_core.shell:Ignoring prefix path '/opt/ros/foxy'
[1.255s] DEBUG:colcon.colcon_core.event_handler.log_command:Invoked command in '/home/omron/Omron_LD/build/ld_visualisation' returned '0': CMAKE_PREFIX_PATH=/home/omron/Omron_LD/install/om_aiv_msg:/home/omron/Omron_LD/install/ld_visualisation:/home/omron/Omron_LD/install/om_aiv_util:/home/omron/Omron_LD/install/om_aiv_navigation:/opt/ros/foxy PYTHONPATH=/home/omron/Omron_LD/install/om_aiv_msg/lib/python3.8/site-packages:/home/omron/Omron_LD/install/om_aiv_util/lib/python3.8/site-packages:/home/omron/Omron_LD/install/om_aiv_navigation/lib/python3.8/site-packages:/opt/ros/foxy/lib/python3.8/site-packages /usr/bin/cmake --build /home/omron/Omron_LD/build/ld_visualisation -- -j8 -l8
[1.268s] DEBUG:colcon.colcon_core.event_handler.log_command:Invoking command in '/home/omron/Omron_LD/src/om_aiv_util': CMAKE_PREFIX_PATH=/home/omron/Omron_LD/install/om_aiv_msg:/home/omron/Omron_LD/install/ld_visualisation PYTHONPATH=/home/omron/Omron_LD/install/om_aiv_util/lib/python3.8/site-packages:/home/omron/Omron_LD/install/om_aiv_msg/lib/python3.8/site-packages:/home/omron/Omron_LD/install/om_aiv_util/lib/python3.8/site-packages:/home/omron/Omron_LD/install/om_aiv_navigation/lib/python3.8/site-packages:/opt/ros/foxy/lib/python3.8/site-packages /usr/bin/python3 setup.py egg_info --egg-base ../../build/om_aiv_util build --build-base /home/omron/Omron_LD/build/om_aiv_util/build install --prefix /home/omron/Omron_LD/install/om_aiv_util --record /home/omron/Omron_LD/build/om_aiv_util/install.log --single-version-externally-managed
[1.289s] DEBUG:colcon.colcon_core.event_handler.log_command:Invoking command in '/home/omron/Omron_LD/build/ld_visualisation': CMAKE_PREFIX_PATH=/home/omron/Omron_LD/install/om_aiv_msg:/home/omron/Omron_LD/install/ld_visualisation:/home/omron/Omron_LD/install/om_aiv_util:/home/omron/Omron_LD/install/om_aiv_navigation:/opt/ros/foxy PYTHONPATH=/home/omron/Omron_LD/install/om_aiv_msg/lib/python3.8/site-packages:/home/omron/Omron_LD/install/om_aiv_util/lib/python3.8/site-packages:/home/omron/Omron_LD/install/om_aiv_navigation/lib/python3.8/site-packages:/opt/ros/foxy/lib/python3.8/site-packages /usr/bin/cmake --install /home/omron/Omron_LD/build/ld_visualisation
[1.312s] Level 1:colcon.colcon_core.environment:create_environment_scripts_only(ld_visualisation)
[1.313s] DEBUG:colcon.colcon_core.event_handler.log_command:Invoked command in '/home/omron/Omron_LD/build/ld_visualisation' returned '0': CMAKE_PREFIX_PATH=/home/omron/Omron_LD/install/om_aiv_msg:/home/omron/Omron_LD/install/ld_visualisation:/home/omron/Omron_LD/install/om_aiv_util:/home/omron/Omron_LD/install/om_aiv_navigation:/opt/ros/foxy PYTHONPATH=/home/omron/Omron_LD/install/om_aiv_msg/lib/python3.8/site-packages:/home/omron/Omron_LD/install/om_aiv_util/lib/python3.8/site-packages:/home/omron/Omron_LD/install/om_aiv_navigation/lib/python3.8/site-packages:/opt/ros/foxy/lib/python3.8/site-packages /usr/bin/cmake --install /home/omron/Omron_LD/build/ld_visualisation
[1.314s] Level 1:colcon.colcon_core.environment:checking '/home/omron/Omron_LD/install/ld_visualisation' for CMake module files
[1.315s] Level 1:colcon.colcon_core.environment:checking '/home/omron/Omron_LD/install/ld_visualisation' for CMake config files
[1.316s] Level 1:colcon.colcon_core.shell:create_environment_hook('ld_visualisation', 'cmake_prefix_path')
[1.317s] INFO:colcon.colcon_core.shell:Creating environment hook '/home/omron/Omron_LD/install/ld_visualisation/share/ld_visualisation/hook/cmake_prefix_path.ps1'
[1.317s] INFO:colcon.colcon_core.shell:Creating environment descriptor '/home/omron/Omron_LD/install/ld_visualisation/share/ld_visualisation/hook/cmake_prefix_path.dsv'
[1.318s] INFO:colcon.colcon_core.shell:Creating environment hook '/home/omron/Omron_LD/install/ld_visualisation/share/ld_visualisation/hook/cmake_prefix_path.sh'
[1.319s] Level 1:colcon.colcon_core.environment:checking '/home/omron/Omron_LD/install/ld_visualisation/lib'
[1.319s] Level 1:colcon.colcon_core.environment:checking '/home/omron/Omron_LD/install/ld_visualisation/bin'
[1.319s] Level 1:colcon.colcon_core.environment:checking '/home/omron/Omron_LD/install/ld_visualisation/lib/pkgconfig/ld_visualisation.pc'
[1.319s] Level 1:colcon.colcon_core.environment:checking '/home/omron/Omron_LD/install/ld_visualisation/lib/python3.8/site-packages'
[1.320s] INFO:colcon.colcon_core.shell:Creating package script '/home/omron/Omron_LD/install/ld_visualisation/share/ld_visualisation/package.ps1'
[1.320s] INFO:colcon.colcon_core.shell:Creating package descriptor '/home/omron/Omron_LD/install/ld_visualisation/share/ld_visualisation/package.dsv'
[1.321s] INFO:colcon.colcon_core.shell:Creating package script '/home/omron/Omron_LD/install/ld_visualisation/share/ld_visualisation/package.sh'
[1.321s] INFO:colcon.colcon_core.shell:Creating package script '/home/omron/Omron_LD/install/ld_visualisation/share/ld_visualisation/package.bash'
[1.322s] INFO:colcon.colcon_core.shell:Creating package script '/home/omron/Omron_LD/install/ld_visualisation/share/ld_visualisation/package.zsh'
[1.322s] Level 1:colcon.colcon_core.environment:create_file_with_runtime_dependencies(/home/omron/Omron_LD/install/ld_visualisation/share/colcon-core/packages/ld_visualisation)
[1.372s] Level 1:colcon.colcon_core.environment:create_environment_scripts_only(ld_visualisation)
[1.373s] Level 1:colcon.colcon_core.environment:checking '/home/omron/Omron_LD/install/ld_visualisation' for CMake module files
[1.374s] Level 1:colcon.colcon_core.environment:checking '/home/omron/Omron_LD/install/ld_visualisation' for CMake config files
[1.374s] Level 1:colcon.colcon_core.shell:create_environment_hook('ld_visualisation', 'cmake_prefix_path')
[1.375s] INFO:colcon.colcon_core.shell:Creating environment hook '/home/omron/Omron_LD/install/ld_visualisation/share/ld_visualisation/hook/cmake_prefix_path.ps1'
[1.376s] INFO:colcon.colcon_core.shell:Creating environment descriptor '/home/omron/Omron_LD/install/ld_visualisation/share/ld_visualisation/hook/cmake_prefix_path.dsv'
[1.376s] INFO:colcon.colcon_core.shell:Creating environment hook '/home/omron/Omron_LD/install/ld_visualisation/share/ld_visualisation/hook/cmake_prefix_path.sh'
[1.377s] Level 1:colcon.colcon_core.environment:checking '/home/omron/Omron_LD/install/ld_visualisation/lib'
[1.377s] Level 1:colcon.colcon_core.environment:checking '/home/omron/Omron_LD/install/ld_visualisation/bin'
[1.377s] Level 1:colcon.colcon_core.environment:checking '/home/omron/Omron_LD/install/ld_visualisation/lib/pkgconfig/ld_visualisation.pc'
[1.377s] Level 1:colcon.colcon_core.environment:checking '/home/omron/Omron_LD/install/ld_visualisation/lib/python3.8/site-packages'
[1.377s] INFO:colcon.colcon_core.shell:Creating package script '/home/omron/Omron_LD/install/ld_visualisation/share/ld_visualisation/package.ps1'
[1.378s] INFO:colcon.colcon_core.shell:Creating package descriptor '/home/omron/Omron_LD/install/ld_visualisation/share/ld_visualisation/package.dsv'
[1.379s] INFO:colcon.colcon_core.shell:Creating package script '/home/omron/Omron_LD/install/ld_visualisation/share/ld_visualisation/package.sh'
[1.380s] INFO:colcon.colcon_core.shell:Creating package script '/home/omron/Omron_LD/install/ld_visualisation/share/ld_visualisation/package.bash'
[1.380s] INFO:colcon.colcon_core.shell:Creating package script '/home/omron/Omron_LD/install/ld_visualisation/share/ld_visualisation/package.zsh'
[1.381s] Level 1:colcon.colcon_core.environment:create_file_with_runtime_dependencies(/home/omron/Omron_LD/install/ld_visualisation/share/colcon-core/packages/ld_visualisation)
[1.584s] Level 1:colcon.colcon_core.environment:checking '/home/omron/Omron_LD/install/om_aiv_util' for CMake module files
[1.585s] DEBUG:colcon.colcon_core.event_handler.log_command:Invoked command in '/home/omron/Omron_LD/src/om_aiv_util' returned '0': CMAKE_PREFIX_PATH=/home/omron/Omron_LD/install/om_aiv_msg:/home/omron/Omron_LD/install/ld_visualisation PYTHONPATH=/home/omron/Omron_LD/install/om_aiv_util/lib/python3.8/site-packages:/home/omron/Omron_LD/install/om_aiv_msg/lib/python3.8/site-packages:/home/omron/Omron_LD/install/om_aiv_util/lib/python3.8/site-packages:/home/omron/Omron_LD/install/om_aiv_navigation/lib/python3.8/site-packages:/opt/ros/foxy/lib/python3.8/site-packages /usr/bin/python3 setup.py egg_info --egg-base ../../build/om_aiv_util build --build-base /home/omron/Omron_LD/build/om_aiv_util/build install --prefix /home/omron/Omron_LD/install/om_aiv_util --record /home/omron/Omron_LD/build/om_aiv_util/install.log --single-version-externally-managed
[1.585s] Level 1:colcon.colcon_core.environment:checking '/home/omron/Omron_LD/install/om_aiv_util' for CMake config files
[1.586s] Level 1:colcon.colcon_core.environment:checking '/home/omron/Omron_LD/install/om_aiv_util/lib'
[1.586s] Level 1:colcon.colcon_core.environment:checking '/home/omron/Omron_LD/install/om_aiv_util/bin'
[1.587s] Level 1:colcon.colcon_core.environment:checking '/home/omron/Omron_LD/install/om_aiv_util/lib/pkgconfig/om_aiv_util.pc'
[1.587s] Level 1:colcon.colcon_core.environment:checking '/home/omron/Omron_LD/install/om_aiv_util/lib/python3.8/site-packages'
[1.587s] Level 1:colcon.colcon_core.shell:create_environment_hook('om_aiv_util', 'pythonpath')
[1.587s] INFO:colcon.colcon_core.shell:Creating environment hook '/home/omron/Omron_LD/install/om_aiv_util/share/om_aiv_util/hook/pythonpath.ps1'
[1.588s] INFO:colcon.colcon_core.shell:Creating environment descriptor '/home/omron/Omron_LD/install/om_aiv_util/share/om_aiv_util/hook/pythonpath.dsv'
[1.588s] INFO:colcon.colcon_core.shell:Creating environment hook '/home/omron/Omron_LD/install/om_aiv_util/share/om_aiv_util/hook/pythonpath.sh'
[1.589s] Level 1:colcon.colcon_core.environment:create_environment_scripts_only(om_aiv_util)
[1.589s] INFO:colcon.colcon_core.shell:Creating package script '/home/omron/Omron_LD/install/om_aiv_util/share/om_aiv_util/package.ps1'
[1.590s] INFO:colcon.colcon_core.shell:Creating package descriptor '/home/omron/Omron_LD/install/om_aiv_util/share/om_aiv_util/package.dsv'
[1.590s] INFO:colcon.colcon_core.shell:Creating package script '/home/omron/Omron_LD/install/om_aiv_util/share/om_aiv_util/package.sh'
[1.591s] INFO:colcon.colcon_core.shell:Creating package script '/home/omron/Omron_LD/install/om_aiv_util/share/om_aiv_util/package.bash'
[1.591s] INFO:colcon.colcon_core.shell:Creating package script '/home/omron/Omron_LD/install/om_aiv_util/share/om_aiv_util/package.zsh'
[1.592s] Level 1:colcon.colcon_core.environment:create_file_with_runtime_dependencies(/home/omron/Omron_LD/install/om_aiv_util/share/colcon-core/packages/om_aiv_util)
[1.592s] DEBUG:colcon.colcon_parallel_executor.executor.parallel:closing loop
[1.592s] DEBUG:colcon.colcon_parallel_executor.executor.parallel:loop closed
[1.592s] DEBUG:colcon.colcon_parallel_executor.executor.parallel:run_until_complete finished with '0'
[1.593s] DEBUG:colcon.colcon_core.event_reactor:joining thread
[1.601s] INFO:colcon.colcon_core.plugin_system:Skipping extension 'colcon_notification.desktop_notification.terminal_notifier': Not used on non-Darwin systems
[1.601s] INFO:colcon.colcon_core.plugin_system:Skipping extension 'colcon_notification.desktop_notification.win32': Not used on non-Windows systems
[1.601s] INFO:colcon.colcon_notification.desktop_notification:Sending desktop notification using 'notify2'
[1.617s] DEBUG:colcon.colcon_core.event_reactor:joined thread
[1.618s] INFO:colcon.colcon_core.shell:Creating prefix script '/home/omron/Omron_LD/install/local_setup.ps1'
[1.619s] INFO:colcon.colcon_core.shell:Creating prefix util module '/home/omron/Omron_LD/install/_local_setup_util_ps1.py'
[1.622s] INFO:colcon.colcon_core.shell:Creating prefix chain script '/home/omron/Omron_LD/install/setup.ps1'
[1.625s] INFO:colcon.colcon_core.shell:Creating prefix script '/home/omron/Omron_LD/install/local_setup.sh'
[1.625s] INFO:colcon.colcon_core.shell:Creating prefix util module '/home/omron/Omron_LD/install/_local_setup_util_sh.py'
[1.626s] INFO:colcon.colcon_core.shell:Creating prefix chain script '/home/omron/Omron_LD/install/setup.sh'
[1.629s] INFO:colcon.colcon_core.shell:Creating prefix script '/home/omron/Omron_LD/install/local_setup.bash'
[1.631s] INFO:colcon.colcon_core.shell:Creating prefix chain script '/home/omron/Omron_LD/install/setup.bash'
[1.633s] INFO:colcon.colcon_core.shell:Creating prefix script '/home/omron/Omron_LD/install/local_setup.zsh'
[1.634s] INFO:colcon.colcon_core.shell:Creating prefix chain script '/home/omron/Omron_LD/install/setup.zsh'
