[0.025s] Invoking command in '/home/omron/Omron_LD/build/om_aiv_msg': CMAKE_PREFIX_PATH=${CMAKE_PREFIX_PATH}:/home/omron/Omron_LD/install/om_aiv_util:/home/omron/Omron_LD/install/om_aiv_navigation:/opt/ros/foxy /usr/bin/cmake --build /home/omron/Omron_LD/build/om_aiv_msg -- -j8 -l8
[0.069s] -- Found ament_cmake: 0.9.8 (/opt/ros/foxy/share/ament_cmake/cmake)
[0.096s] -- Found PythonInterp: /usr/bin/python3 (found suitable version "3.8.5", minimum required is "3") 
[0.096s] -- Using PYTHON_EXECUTABLE: /usr/bin/python3
[0.291s] -- Found rosidl_default_generators: 1.0.1 (/opt/ros/foxy/share/rosidl_default_generators/cmake)
[0.294s] -- Using all available rosidl_typesupport_c: rosidl_typesupport_fastrtps_c;rosidl_typesupport_introspection_c
[0.300s] -- Found rosidl_adapter: 1.2.1 (/opt/ros/foxy/share/rosidl_adapter/cmake)
[0.471s] -- Using all available rosidl_typesupport_cpp: rosidl_typesupport_fastrtps_cpp;rosidl_typesupport_introspection_cpp
[0.541s] -- Found PythonInterp: /usr/bin/python3 (found version "3.8.5") 
[0.810s] -- Found ament_cmake_ros: 0.9.1 (/opt/ros/foxy/share/ament_cmake_ros/cmake)
[0.945s] -- Using all available rosidl_typesupport_c: rosidl_typesupport_fastrtps_c;rosidl_typesupport_introspection_c
[0.971s] -- Using all available rosidl_typesupport_cpp: rosidl_typesupport_fastrtps_cpp;rosidl_typesupport_introspection_cpp
[0.995s] -- Found PythonInterp: /usr/bin/python3 (found suitable version "3.8.5", minimum required is "3.5") 
[0.996s] -- Found python_cmake_module: 0.8.1 (/opt/ros/foxy/share/python_cmake_module/cmake)
[1.023s] -- Using PYTHON_EXECUTABLE: /usr/bin/python3
[1.023s] -- Using PYTHON_INCLUDE_DIRS: /usr/include/python3.8
[1.023s] -- Using PYTHON_LIBRARIES: /usr/lib/x86_64-linux-gnu/libpython3.8.so
[1.055s] -- Found ament_lint_auto: 0.9.6 (/opt/ros/foxy/share/ament_lint_auto/cmake)
[1.082s] -- Added test 'copyright' to check source files copyright and LICENSE
[1.084s] -- Added test 'lint_cmake' to check CMake code style
[1.086s] -- Added test 'xmllint' to check XML markup files
[1.093s] -- Configuring done
[1.175s] -- Generating done
[1.178s] -- Build files have been written to: /home/omron/Omron_LD/build/om_aiv_msg
[1.202s] [  1%] [34m[1mGenerating C code for ROS interfaces[0m
[1.202s] [35m[1mScanning dependencies of target om_aiv_msg__cpp[0m
[1.215s] [  3%] [34m[1mGenerating C++ code for ROS interfaces[0m
[1.835s] [35m[1mScanning dependencies of target om_aiv_msg__rosidl_generator_c[0m
[1.855s] [  4%] [32mBuilding C object CMakeFiles/om_aiv_msg__rosidl_generator_c.dir/rosidl_generator_c/om_aiv_msg/msg/detail/status__functions.c.o[0m
[1.858s] [  6%] [32mBuilding C object CMakeFiles/om_aiv_msg__rosidl_generator_c.dir/rosidl_generator_c/om_aiv_msg/srv/detail/arcl_api__functions.c.o[0m
[1.862s] [  7%] [32mBuilding C object CMakeFiles/om_aiv_msg__rosidl_generator_c.dir/rosidl_generator_c/om_aiv_msg/msg/detail/location__functions.c.o[0m
[1.873s] [  9%] [32mBuilding C object CMakeFiles/om_aiv_msg__rosidl_generator_c.dir/rosidl_generator_c/om_aiv_msg/srv/detail/arcl_listen__functions.c.o[0m
[1.878s] [ 11%] [32mBuilding C object CMakeFiles/om_aiv_msg__rosidl_generator_c.dir/rosidl_generator_c/om_aiv_msg/action/detail/action__functions.c.o[0m
[1.886s] [ 11%] Built target om_aiv_msg__cpp
[1.896s] [ 12%] [34m[1mGenerating C++ introspection for ROS interfaces[0m
[1.898s] [ 15%] [34m[1mGenerating C++ type support dispatch for ROS interfaces[0m
[1.898s] [ 15%] [34m[1mGenerating C++ type support for eProsima Fast-RTPS[0m
[2.153s] [ 17%] [32m[1mLinking C shared library libom_aiv_msg__rosidl_generator_c.so[0m
[2.220s] [ 17%] Built target om_aiv_msg__rosidl_generator_c
[2.233s] [ 19%] [34m[1mGenerating C type support dispatch for ROS interfaces[0m
[2.236s] [ 20%] [34m[1mGenerating C introspection for ROS interfaces[0m
[2.508s] [35m[1mScanning dependencies of target om_aiv_msg__rosidl_typesupport_cpp[0m
[2.555s] [ 22%] [32mBuilding CXX object CMakeFiles/om_aiv_msg__rosidl_typesupport_cpp.dir/rosidl_typesupport_cpp/om_aiv_msg/msg/location__type_support.cpp.o[0m
[2.557s] [ 23%] [32mBuilding CXX object CMakeFiles/om_aiv_msg__rosidl_typesupport_cpp.dir/rosidl_typesupport_cpp/om_aiv_msg/msg/status__type_support.cpp.o[0m
[2.561s] [ 25%] [32mBuilding CXX object CMakeFiles/om_aiv_msg__rosidl_typesupport_cpp.dir/rosidl_typesupport_cpp/om_aiv_msg/srv/arcl_api__type_support.cpp.o[0m
[2.574s] [ 26%] [32mBuilding CXX object CMakeFiles/om_aiv_msg__rosidl_typesupport_cpp.dir/rosidl_typesupport_cpp/om_aiv_msg/srv/arcl_listen__type_support.cpp.o[0m
[2.676s] [35m[1mScanning dependencies of target om_aiv_msg__rosidl_typesupport_introspection_cpp[0m
[2.700s] [ 28%] [32mBuilding CXX object CMakeFiles/om_aiv_msg__rosidl_typesupport_introspection_cpp.dir/rosidl_typesupport_introspection_cpp/om_aiv_msg/msg/detail/location__type_support.cpp.o[0m
[3.006s] [35m[1mScanning dependencies of target om_aiv_msg__rosidl_typesupport_fastrtps_cpp[0m
[3.052s] [ 30%] [32mBuilding CXX object CMakeFiles/om_aiv_msg__rosidl_typesupport_fastrtps_cpp.dir/rosidl_typesupport_fastrtps_cpp/om_aiv_msg/msg/detail/dds_fastrtps/location__type_support.cpp.o[0m
[3.083s] [35m[1mScanning dependencies of target om_aiv_msg__rosidl_typesupport_c[0m
[3.152s] [ 31%] [32mBuilding CXX object CMakeFiles/om_aiv_msg__rosidl_typesupport_c.dir/rosidl_typesupport_c/om_aiv_msg/msg/location__type_support.cpp.o[0m
[3.217s] [ 33%] [32mBuilding CXX object CMakeFiles/om_aiv_msg__rosidl_typesupport_c.dir/rosidl_typesupport_c/om_aiv_msg/msg/status__type_support.cpp.o[0m
[3.224s] [ 36%] [32mBuilding CXX object CMakeFiles/om_aiv_msg__rosidl_typesupport_introspection_cpp.dir/rosidl_typesupport_introspection_cpp/om_aiv_msg/msg/detail/status__type_support.cpp.o[0m
[3.224s] [ 36%] [32mBuilding CXX object CMakeFiles/om_aiv_msg__rosidl_typesupport_introspection_cpp.dir/rosidl_typesupport_introspection_cpp/om_aiv_msg/srv/detail/arcl_api__type_support.cpp.o[0m
[3.228s] [35m[1mScanning dependencies of target om_aiv_msg__rosidl_typesupport_introspection_c[0m
[3.230s] [ 38%] [32mBuilding CXX object CMakeFiles/om_aiv_msg__rosidl_typesupport_c.dir/rosidl_typesupport_c/om_aiv_msg/srv/arcl_api__type_support.cpp.o[0m
[3.231s] [ 39%] [32mBuilding CXX object CMakeFiles/om_aiv_msg__rosidl_typesupport_cpp.dir/rosidl_typesupport_cpp/om_aiv_msg/action/action__type_support.cpp.o[0m
[3.291s] [ 41%] [32mBuilding C object CMakeFiles/om_aiv_msg__rosidl_typesupport_introspection_c.dir/rosidl_typesupport_introspection_c/om_aiv_msg/msg/detail/location__type_support.c.o[0m
[3.305s] [ 42%] [32mBuilding CXX object CMakeFiles/om_aiv_msg__rosidl_typesupport_fastrtps_cpp.dir/rosidl_typesupport_fastrtps_cpp/om_aiv_msg/msg/detail/dds_fastrtps/status__type_support.cpp.o[0m
[3.328s] [ 44%] [32mBuilding CXX object CMakeFiles/om_aiv_msg__rosidl_typesupport_c.dir/rosidl_typesupport_c/om_aiv_msg/srv/arcl_listen__type_support.cpp.o[0m
[3.365s] [ 46%] [32mBuilding C object CMakeFiles/om_aiv_msg__rosidl_typesupport_introspection_c.dir/rosidl_typesupport_introspection_c/om_aiv_msg/msg/detail/status__type_support.c.o[0m
[3.388s] [ 47%] [32mBuilding CXX object CMakeFiles/om_aiv_msg__rosidl_typesupport_fastrtps_cpp.dir/rosidl_typesupport_fastrtps_cpp/om_aiv_msg/srv/detail/dds_fastrtps/arcl_api__type_support.cpp.o[0m
[3.402s] [ 49%] [32mBuilding CXX object CMakeFiles/om_aiv_msg__rosidl_typesupport_c.dir/rosidl_typesupport_c/om_aiv_msg/action/action__type_support.cpp.o[0m
[3.471s] [ 50%] [32mBuilding C object CMakeFiles/om_aiv_msg__rosidl_typesupport_introspection_c.dir/rosidl_typesupport_introspection_c/om_aiv_msg/srv/detail/arcl_api__type_support.c.o[0m
[3.504s] [ 52%] [32m[1mLinking CXX shared library libom_aiv_msg__rosidl_typesupport_c.so[0m
[3.535s] [ 53%] [32mBuilding C object CMakeFiles/om_aiv_msg__rosidl_typesupport_introspection_c.dir/rosidl_typesupport_introspection_c/om_aiv_msg/srv/detail/arcl_listen__type_support.c.o[0m
[3.603s] [ 53%] Built target om_aiv_msg__rosidl_typesupport_c
[3.618s] [ 55%] [32mBuilding C object CMakeFiles/om_aiv_msg__rosidl_typesupport_introspection_c.dir/rosidl_typesupport_introspection_c/om_aiv_msg/action/detail/action__type_support.c.o[0m
[3.626s] [ 57%] [32mBuilding CXX object CMakeFiles/om_aiv_msg__rosidl_typesupport_introspection_cpp.dir/rosidl_typesupport_introspection_cpp/om_aiv_msg/srv/detail/arcl_listen__type_support.cpp.o[0m
[3.681s] [ 58%] [32mBuilding CXX object CMakeFiles/om_aiv_msg__rosidl_typesupport_introspection_cpp.dir/rosidl_typesupport_introspection_cpp/om_aiv_msg/action/detail/action__type_support.cpp.o[0m
[3.688s] [ 60%] [32mBuilding CXX object CMakeFiles/om_aiv_msg__rosidl_typesupport_fastrtps_cpp.dir/rosidl_typesupport_fastrtps_cpp/om_aiv_msg/srv/detail/dds_fastrtps/arcl_listen__type_support.cpp.o[0m
[3.695s] [ 61%] [32m[1mLinking C shared library libom_aiv_msg__rosidl_typesupport_introspection_c.so[0m
[3.780s] [ 61%] Built target om_aiv_msg__rosidl_typesupport_introspection_c
[3.792s] [ 63%] [32mBuilding CXX object CMakeFiles/om_aiv_msg__rosidl_typesupport_fastrtps_cpp.dir/rosidl_typesupport_fastrtps_cpp/om_aiv_msg/action/detail/dds_fastrtps/action__type_support.cpp.o[0m
[3.855s] [ 65%] [32m[1mLinking CXX shared library libom_aiv_msg__rosidl_typesupport_cpp.so[0m
[3.922s] [ 65%] Built target om_aiv_msg__rosidl_typesupport_cpp
[4.205s] [ 66%] [32m[1mLinking CXX shared library libom_aiv_msg__rosidl_typesupport_introspection_cpp.so[0m
[4.285s] [ 66%] Built target om_aiv_msg__rosidl_typesupport_introspection_cpp
[4.373s] [ 68%] [32m[1mLinking CXX shared library libom_aiv_msg__rosidl_typesupport_fastrtps_cpp.so[0m
[4.468s] [ 68%] Built target om_aiv_msg__rosidl_typesupport_fastrtps_cpp
[4.478s] [ 69%] [34m[1mGenerating C type support for eProsima Fast-RTPS[0m
[5.001s] [35m[1mScanning dependencies of target om_aiv_msg__rosidl_typesupport_fastrtps_c[0m
[5.026s] [ 76%] [32mBuilding CXX object CMakeFiles/om_aiv_msg__rosidl_typesupport_fastrtps_c.dir/rosidl_typesupport_fastrtps_c/om_aiv_msg/action/detail/action__type_support_c.cpp.o[0m
[5.027s] [ 76%] [32mBuilding CXX object CMakeFiles/om_aiv_msg__rosidl_typesupport_fastrtps_c.dir/rosidl_typesupport_fastrtps_c/om_aiv_msg/srv/detail/arcl_api__type_support_c.cpp.o[0m
[5.027s] [ 76%] [32mBuilding CXX object CMakeFiles/om_aiv_msg__rosidl_typesupport_fastrtps_c.dir/rosidl_typesupport_fastrtps_c/om_aiv_msg/msg/detail/status__type_support_c.cpp.o[0m
[5.027s] [ 76%] [32mBuilding CXX object CMakeFiles/om_aiv_msg__rosidl_typesupport_fastrtps_c.dir/rosidl_typesupport_fastrtps_c/om_aiv_msg/msg/detail/location__type_support_c.cpp.o[0m
[5.028s] [ 77%] [32mBuilding CXX object CMakeFiles/om_aiv_msg__rosidl_typesupport_fastrtps_c.dir/rosidl_typesupport_fastrtps_c/om_aiv_msg/srv/detail/arcl_listen__type_support_c.cpp.o[0m
[5.578s] [ 79%] [32m[1mLinking CXX shared library libom_aiv_msg__rosidl_typesupport_fastrtps_c.so[0m
[5.665s] [ 79%] Built target om_aiv_msg__rosidl_typesupport_fastrtps_c
[5.684s] [ 79%] Built target om_aiv_msg
[5.694s] [35m[1mScanning dependencies of target om_aiv_msg__py[0m
[5.704s] [ 80%] [34m[1mGenerating Python code for ROS interfaces[0m
[6.987s] [ 80%] Built target om_aiv_msg__py
[6.998s] [35m[1mScanning dependencies of target om_aiv_msg__python[0m
[7.023s] [ 82%] [32mBuilding C object CMakeFiles/om_aiv_msg__python.dir/rosidl_generator_py/om_aiv_msg/srv/_arcl_listen_s.c.o[0m
[7.023s] [ 87%] [32mBuilding C object CMakeFiles/om_aiv_msg__python.dir/rosidl_generator_py/om_aiv_msg/srv/_arcl_api_s.c.o[0m
[7.023s] [ 87%] [32mBuilding C object CMakeFiles/om_aiv_msg__python.dir/rosidl_generator_py/om_aiv_msg/msg/_location_s.c.o[0m
[7.023s] [ 87%] [32mBuilding C object CMakeFiles/om_aiv_msg__python.dir/rosidl_generator_py/om_aiv_msg/msg/_status_s.c.o[0m
[7.024s] [ 88%] [32mBuilding C object CMakeFiles/om_aiv_msg__python.dir/rosidl_generator_py/om_aiv_msg/action/_action_s.c.o[0m
[7.225s] [ 90%] [32m[1mLinking C shared library rosidl_generator_py/om_aiv_msg/libom_aiv_msg__python.so[0m
[7.271s] [ 90%] Built target om_aiv_msg__python
[7.281s] [35m[1mScanning dependencies of target om_aiv_msg__rosidl_typesupport_introspection_c__pyext[0m
[7.281s] [35m[1mScanning dependencies of target om_aiv_msg__rosidl_typesupport_c__pyext[0m
[7.281s] [35m[1mScanning dependencies of target om_aiv_msg__rosidl_typesupport_fastrtps_c__pyext[0m
[7.300s] [ 93%] [32mBuilding C object CMakeFiles/om_aiv_msg__rosidl_typesupport_c__pyext.dir/rosidl_generator_py/om_aiv_msg/_om_aiv_msg_s.ep.rosidl_typesupport_c.c.o[0m
[7.300s] [ 93%] [32mBuilding C object CMakeFiles/om_aiv_msg__rosidl_typesupport_fastrtps_c__pyext.dir/rosidl_generator_py/om_aiv_msg/_om_aiv_msg_s.ep.rosidl_typesupport_fastrtps_c.c.o[0m
[7.301s] [ 95%] [32mBuilding C object CMakeFiles/om_aiv_msg__rosidl_typesupport_introspection_c__pyext.dir/rosidl_generator_py/om_aiv_msg/_om_aiv_msg_s.ep.rosidl_typesupport_introspection_c.c.o[0m
[7.419s] [ 96%] [32m[1mLinking C shared library rosidl_generator_py/om_aiv_msg/om_aiv_msg_s__rosidl_typesupport_c.cpython-38-x86_64-linux-gnu.so[0m
[7.419s] [ 98%] [32m[1mLinking C shared library rosidl_generator_py/om_aiv_msg/om_aiv_msg_s__rosidl_typesupport_introspection_c.cpython-38-x86_64-linux-gnu.so[0m
[7.422s] [100%] [32m[1mLinking CXX shared library rosidl_generator_py/om_aiv_msg/om_aiv_msg_s__rosidl_typesupport_fastrtps_c.cpython-38-x86_64-linux-gnu.so[0m
[7.468s] [100%] Built target om_aiv_msg__rosidl_typesupport_c__pyext
[7.469s] [100%] Built target om_aiv_msg__rosidl_typesupport_introspection_c__pyext
[7.510s] [100%] Built target om_aiv_msg__rosidl_typesupport_fastrtps_c__pyext
[7.521s] Invoked command in '/home/omron/Omron_LD/build/om_aiv_msg' returned '0': CMAKE_PREFIX_PATH=${CMAKE_PREFIX_PATH}:/home/omron/Omron_LD/install/om_aiv_util:/home/omron/Omron_LD/install/om_aiv_navigation:/opt/ros/foxy /usr/bin/cmake --build /home/omron/Omron_LD/build/om_aiv_msg -- -j8 -l8
[7.623s] Invoking command in '/home/omron/Omron_LD/build/om_aiv_msg': CMAKE_PREFIX_PATH=${CMAKE_PREFIX_PATH}:/home/omron/Omron_LD/install/om_aiv_util:/home/omron/Omron_LD/install/om_aiv_navigation:/opt/ros/foxy /usr/bin/cmake --install /home/omron/Omron_LD/build/om_aiv_msg
[7.632s] -- Install configuration: ""
[7.632s] -- Installing: /home/omron/Omron_LD/install/om_aiv_msg/share/ament_index/resource_index/rosidl_interfaces/om_aiv_msg
[7.632s] -- Up-to-date: /home/omron/Omron_LD/install/om_aiv_msg/include/om_aiv_msg
[7.632s] -- Installing: /home/omron/Omron_LD/install/om_aiv_msg/include/om_aiv_msg/action
[7.632s] -- Installing: /home/omron/Omron_LD/install/om_aiv_msg/include/om_aiv_msg/action/action.h
[7.633s] -- Installing: /home/omron/Omron_LD/install/om_aiv_msg/include/om_aiv_msg/action/detail
[7.633s] -- Installing: /home/omron/Omron_LD/install/om_aiv_msg/include/om_aiv_msg/action/detail/action__functions.c
[7.633s] -- Installing: /home/omron/Omron_LD/install/om_aiv_msg/include/om_aiv_msg/action/detail/action__struct.h
[7.633s] -- Installing: /home/omron/Omron_LD/install/om_aiv_msg/include/om_aiv_msg/action/detail/action__type_support.h
[7.633s] -- Installing: /home/omron/Omron_LD/install/om_aiv_msg/include/om_aiv_msg/action/detail/action__functions.h
[7.633s] -- Up-to-date: /home/omron/Omron_LD/install/om_aiv_msg/include/om_aiv_msg/msg
[7.634s] -- Installing: /home/omron/Omron_LD/install/om_aiv_msg/include/om_aiv_msg/msg/location.h
[7.634s] -- Up-to-date: /home/omron/Omron_LD/install/om_aiv_msg/include/om_aiv_msg/msg/detail
[7.634s] -- Installing: /home/omron/Omron_LD/install/om_aiv_msg/include/om_aiv_msg/msg/detail/location__functions.c
[7.634s] -- Installing: /home/omron/Omron_LD/install/om_aiv_msg/include/om_aiv_msg/msg/detail/status__struct.h
[7.634s] -- Installing: /home/omron/Omron_LD/install/om_aiv_msg/include/om_aiv_msg/msg/detail/status__functions.c
[7.634s] -- Installing: /home/omron/Omron_LD/install/om_aiv_msg/include/om_aiv_msg/msg/detail/status__functions.h
[7.634s] -- Installing: /home/omron/Omron_LD/install/om_aiv_msg/include/om_aiv_msg/msg/detail/status__type_support.h
[7.634s] -- Installing: /home/omron/Omron_LD/install/om_aiv_msg/include/om_aiv_msg/msg/detail/location__functions.h
[7.635s] -- Installing: /home/omron/Omron_LD/install/om_aiv_msg/include/om_aiv_msg/msg/detail/location__struct.h
[7.635s] -- Installing: /home/omron/Omron_LD/install/om_aiv_msg/include/om_aiv_msg/msg/detail/location__type_support.h
[7.635s] -- Up-to-date: /home/omron/Omron_LD/install/om_aiv_msg/include/om_aiv_msg/msg/rosidl_generator_c__visibility_control.h
[7.635s] -- Installing: /home/omron/Omron_LD/install/om_aiv_msg/include/om_aiv_msg/msg/status.h
[7.635s] -- Up-to-date: /home/omron/Omron_LD/install/om_aiv_msg/include/om_aiv_msg/srv
[7.635s] -- Installing: /home/omron/Omron_LD/install/om_aiv_msg/include/om_aiv_msg/srv/arcl_listen.h
[7.635s] -- Up-to-date: /home/omron/Omron_LD/install/om_aiv_msg/include/om_aiv_msg/srv/detail
[7.636s] -- Installing: /home/omron/Omron_LD/install/om_aiv_msg/include/om_aiv_msg/srv/detail/arcl_api__type_support.h
[7.636s] -- Installing: /home/omron/Omron_LD/install/om_aiv_msg/include/om_aiv_msg/srv/detail/arcl_api__struct.h
[7.636s] -- Installing: /home/omron/Omron_LD/install/om_aiv_msg/include/om_aiv_msg/srv/detail/arcl_listen__type_support.h
[7.636s] -- Installing: /home/omron/Omron_LD/install/om_aiv_msg/include/om_aiv_msg/srv/detail/arcl_api__functions.c
[7.636s] -- Installing: /home/omron/Omron_LD/install/om_aiv_msg/include/om_aiv_msg/srv/detail/arcl_api__functions.h
[7.637s] -- Installing: /home/omron/Omron_LD/install/om_aiv_msg/include/om_aiv_msg/srv/detail/arcl_listen__functions.c
[7.637s] -- Installing: /home/omron/Omron_LD/install/om_aiv_msg/include/om_aiv_msg/srv/detail/arcl_listen__functions.h
[7.637s] -- Installing: /home/omron/Omron_LD/install/om_aiv_msg/include/om_aiv_msg/srv/detail/arcl_listen__struct.h
[7.637s] -- Installing: /home/omron/Omron_LD/install/om_aiv_msg/include/om_aiv_msg/srv/arcl_api.h
[7.637s] -- Up-to-date: /home/omron/Omron_LD/install/om_aiv_msg/share/om_aiv_msg/environment/library_path.sh
[7.637s] -- Installing: /home/omron/Omron_LD/install/om_aiv_msg/share/om_aiv_msg/environment/library_path.dsv
[7.637s] -- Installing: /home/omron/Omron_LD/install/om_aiv_msg/lib/libom_aiv_msg__rosidl_generator_c.so
[7.638s] -- Set runtime path of "/home/omron/Omron_LD/install/om_aiv_msg/lib/libom_aiv_msg__rosidl_generator_c.so" to ""
[7.638s] -- Up-to-date: /home/omron/Omron_LD/install/om_aiv_msg/include/om_aiv_msg
[7.638s] -- Up-to-date: /home/omron/Omron_LD/install/om_aiv_msg/include/om_aiv_msg/action
[7.638s] -- Up-to-date: /home/omron/Omron_LD/install/om_aiv_msg/include/om_aiv_msg/action/detail
[7.638s] -- Installing: /home/omron/Omron_LD/install/om_aiv_msg/include/om_aiv_msg/action/detail/action__rosidl_typesupport_fastrtps_c.h
[7.639s] -- Up-to-date: /home/omron/Omron_LD/install/om_aiv_msg/include/om_aiv_msg/msg
[7.639s] -- Up-to-date: /home/omron/Omron_LD/install/om_aiv_msg/include/om_aiv_msg/msg/rosidl_typesupport_fastrtps_c__visibility_control.h
[7.639s] -- Up-to-date: /home/omron/Omron_LD/install/om_aiv_msg/include/om_aiv_msg/msg/detail
[7.639s] -- Installing: /home/omron/Omron_LD/install/om_aiv_msg/include/om_aiv_msg/msg/detail/status__rosidl_typesupport_fastrtps_c.h
[7.639s] -- Installing: /home/omron/Omron_LD/install/om_aiv_msg/include/om_aiv_msg/msg/detail/location__rosidl_typesupport_fastrtps_c.h
[7.639s] -- Up-to-date: /home/omron/Omron_LD/install/om_aiv_msg/include/om_aiv_msg/srv
[7.639s] -- Up-to-date: /home/omron/Omron_LD/install/om_aiv_msg/include/om_aiv_msg/srv/detail
[7.639s] -- Installing: /home/omron/Omron_LD/install/om_aiv_msg/include/om_aiv_msg/srv/detail/arcl_listen__rosidl_typesupport_fastrtps_c.h
[7.639s] -- Installing: /home/omron/Omron_LD/install/om_aiv_msg/include/om_aiv_msg/srv/detail/arcl_api__rosidl_typesupport_fastrtps_c.h
[7.640s] -- Installing: /home/omron/Omron_LD/install/om_aiv_msg/lib/libom_aiv_msg__rosidl_typesupport_fastrtps_c.so
[7.641s] -- Set runtime path of "/home/omron/Omron_LD/install/om_aiv_msg/lib/libom_aiv_msg__rosidl_typesupport_fastrtps_c.so" to ""
[7.641s] -- Up-to-date: /home/omron/Omron_LD/install/om_aiv_msg/include/om_aiv_msg
[7.641s] -- Up-to-date: /home/omron/Omron_LD/install/om_aiv_msg/include/om_aiv_msg/action
[7.641s] -- Up-to-date: /home/omron/Omron_LD/install/om_aiv_msg/include/om_aiv_msg/action/detail
[7.641s] -- Installing: /home/omron/Omron_LD/install/om_aiv_msg/include/om_aiv_msg/action/detail/dds_fastrtps
[7.641s] -- Installing: /home/omron/Omron_LD/install/om_aiv_msg/include/om_aiv_msg/action/detail/action__rosidl_typesupport_fastrtps_cpp.hpp
[7.641s] -- Up-to-date: /home/omron/Omron_LD/install/om_aiv_msg/include/om_aiv_msg/msg
[7.642s] -- Up-to-date: /home/omron/Omron_LD/install/om_aiv_msg/include/om_aiv_msg/msg/rosidl_typesupport_fastrtps_cpp__visibility_control.h
[7.642s] -- Up-to-date: /home/omron/Omron_LD/install/om_aiv_msg/include/om_aiv_msg/msg/detail
[7.642s] -- Up-to-date: /home/omron/Omron_LD/install/om_aiv_msg/include/om_aiv_msg/msg/detail/dds_fastrtps
[7.642s] -- Installing: /home/omron/Omron_LD/install/om_aiv_msg/include/om_aiv_msg/msg/detail/location__rosidl_typesupport_fastrtps_cpp.hpp
[7.642s] -- Installing: /home/omron/Omron_LD/install/om_aiv_msg/include/om_aiv_msg/msg/detail/status__rosidl_typesupport_fastrtps_cpp.hpp
[7.642s] -- Up-to-date: /home/omron/Omron_LD/install/om_aiv_msg/include/om_aiv_msg/srv
[7.642s] -- Up-to-date: /home/omron/Omron_LD/install/om_aiv_msg/include/om_aiv_msg/srv/detail
[7.642s] -- Up-to-date: /home/omron/Omron_LD/install/om_aiv_msg/include/om_aiv_msg/srv/detail/dds_fastrtps
[7.642s] -- Installing: /home/omron/Omron_LD/install/om_aiv_msg/include/om_aiv_msg/srv/detail/arcl_api__rosidl_typesupport_fastrtps_cpp.hpp
[7.642s] -- Installing: /home/omron/Omron_LD/install/om_aiv_msg/include/om_aiv_msg/srv/detail/arcl_listen__rosidl_typesupport_fastrtps_cpp.hpp
[7.643s] -- Installing: /home/omron/Omron_LD/install/om_aiv_msg/lib/libom_aiv_msg__rosidl_typesupport_fastrtps_cpp.so
[7.643s] -- Set runtime path of "/home/omron/Omron_LD/install/om_aiv_msg/lib/libom_aiv_msg__rosidl_typesupport_fastrtps_cpp.so" to ""
[7.643s] -- Up-to-date: /home/omron/Omron_LD/install/om_aiv_msg/include/om_aiv_msg
[7.643s] -- Up-to-date: /home/omron/Omron_LD/install/om_aiv_msg/include/om_aiv_msg/action
[7.643s] -- Up-to-date: /home/omron/Omron_LD/install/om_aiv_msg/include/om_aiv_msg/action/detail
[7.644s] -- Installing: /home/omron/Omron_LD/install/om_aiv_msg/include/om_aiv_msg/action/detail/action__rosidl_typesupport_introspection_c.h
[7.644s] -- Installing: /home/omron/Omron_LD/install/om_aiv_msg/include/om_aiv_msg/action/detail/action__type_support.c
[7.644s] -- Up-to-date: /home/omron/Omron_LD/install/om_aiv_msg/include/om_aiv_msg/msg
[7.644s] -- Up-to-date: /home/omron/Omron_LD/install/om_aiv_msg/include/om_aiv_msg/msg/rosidl_typesupport_introspection_c__visibility_control.h
[7.644s] -- Up-to-date: /home/omron/Omron_LD/install/om_aiv_msg/include/om_aiv_msg/msg/detail
[7.644s] -- Installing: /home/omron/Omron_LD/install/om_aiv_msg/include/om_aiv_msg/msg/detail/location__type_support.c
[7.644s] -- Installing: /home/omron/Omron_LD/install/om_aiv_msg/include/om_aiv_msg/msg/detail/location__rosidl_typesupport_introspection_c.h
[7.645s] -- Installing: /home/omron/Omron_LD/install/om_aiv_msg/include/om_aiv_msg/msg/detail/status__type_support.c
[7.645s] -- Installing: /home/omron/Omron_LD/install/om_aiv_msg/include/om_aiv_msg/msg/detail/status__rosidl_typesupport_introspection_c.h
[7.645s] -- Up-to-date: /home/omron/Omron_LD/install/om_aiv_msg/include/om_aiv_msg/srv
[7.645s] -- Up-to-date: /home/omron/Omron_LD/install/om_aiv_msg/include/om_aiv_msg/srv/detail
[7.645s] -- Installing: /home/omron/Omron_LD/install/om_aiv_msg/include/om_aiv_msg/srv/detail/arcl_listen__type_support.c
[7.645s] -- Installing: /home/omron/Omron_LD/install/om_aiv_msg/include/om_aiv_msg/srv/detail/arcl_listen__rosidl_typesupport_introspection_c.h
[7.645s] -- Installing: /home/omron/Omron_LD/install/om_aiv_msg/include/om_aiv_msg/srv/detail/arcl_api__rosidl_typesupport_introspection_c.h
[7.645s] -- Installing: /home/omron/Omron_LD/install/om_aiv_msg/include/om_aiv_msg/srv/detail/arcl_api__type_support.c
[7.646s] -- Installing: /home/omron/Omron_LD/install/om_aiv_msg/lib/libom_aiv_msg__rosidl_typesupport_introspection_c.so
[7.646s] -- Set runtime path of "/home/omron/Omron_LD/install/om_aiv_msg/lib/libom_aiv_msg__rosidl_typesupport_introspection_c.so" to ""
[7.646s] -- Installing: /home/omron/Omron_LD/install/om_aiv_msg/lib/libom_aiv_msg__rosidl_typesupport_c.so
[7.647s] -- Set runtime path of "/home/omron/Omron_LD/install/om_aiv_msg/lib/libom_aiv_msg__rosidl_typesupport_c.so" to ""
[7.647s] -- Up-to-date: /home/omron/Omron_LD/install/om_aiv_msg/include/om_aiv_msg
[7.647s] -- Up-to-date: /home/omron/Omron_LD/install/om_aiv_msg/include/om_aiv_msg/action
[7.647s] -- Installing: /home/omron/Omron_LD/install/om_aiv_msg/include/om_aiv_msg/action/action.hpp
[7.648s] -- Up-to-date: /home/omron/Omron_LD/install/om_aiv_msg/include/om_aiv_msg/action/detail
[7.648s] -- Installing: /home/omron/Omron_LD/install/om_aiv_msg/include/om_aiv_msg/action/detail/action__builder.hpp
[7.648s] -- Installing: /home/omron/Omron_LD/install/om_aiv_msg/include/om_aiv_msg/action/detail/action__traits.hpp
[7.648s] -- Installing: /home/omron/Omron_LD/install/om_aiv_msg/include/om_aiv_msg/action/detail/action__struct.hpp
[7.648s] -- Up-to-date: /home/omron/Omron_LD/install/om_aiv_msg/include/om_aiv_msg/msg
[7.648s] -- Installing: /home/omron/Omron_LD/install/om_aiv_msg/include/om_aiv_msg/msg/status.hpp
[7.648s] -- Installing: /home/omron/Omron_LD/install/om_aiv_msg/include/om_aiv_msg/msg/location.hpp
[7.659s] -- Up-to-date: /home/omron/Omron_LD/install/om_aiv_msg/include/om_aiv_msg/msg/detail
[7.659s] -- Installing: /home/omron/Omron_LD/install/om_aiv_msg/include/om_aiv_msg/msg/detail/location__traits.hpp
[7.659s] -- Installing: /home/omron/Omron_LD/install/om_aiv_msg/include/om_aiv_msg/msg/detail/status__struct.hpp
[7.659s] -- Installing: /home/omron/Omron_LD/install/om_aiv_msg/include/om_aiv_msg/msg/detail/location__builder.hpp
[7.659s] -- Installing: /home/omron/Omron_LD/install/om_aiv_msg/include/om_aiv_msg/msg/detail/status__traits.hpp
[7.659s] -- Installing: /home/omron/Omron_LD/install/om_aiv_msg/include/om_aiv_msg/msg/detail/status__builder.hpp
[7.659s] -- Installing: /home/omron/Omron_LD/install/om_aiv_msg/include/om_aiv_msg/msg/detail/location__struct.hpp
[7.659s] -- Up-to-date: /home/omron/Omron_LD/install/om_aiv_msg/include/om_aiv_msg/srv
[7.659s] -- Installing: /home/omron/Omron_LD/install/om_aiv_msg/include/om_aiv_msg/srv/arcl_listen.hpp
[7.659s] -- Up-to-date: /home/omron/Omron_LD/install/om_aiv_msg/include/om_aiv_msg/srv/detail
[7.660s] -- Installing: /home/omron/Omron_LD/install/om_aiv_msg/include/om_aiv_msg/srv/detail/arcl_api__builder.hpp
[7.660s] -- Installing: /home/omron/Omron_LD/install/om_aiv_msg/include/om_aiv_msg/srv/detail/arcl_listen__builder.hpp
[7.660s] -- Installing: /home/omron/Omron_LD/install/om_aiv_msg/include/om_aiv_msg/srv/detail/arcl_listen__struct.hpp
[7.660s] -- Installing: /home/omron/Omron_LD/install/om_aiv_msg/include/om_aiv_msg/srv/detail/arcl_listen__traits.hpp
[7.660s] -- Installing: /home/omron/Omron_LD/install/om_aiv_msg/include/om_aiv_msg/srv/detail/arcl_api__traits.hpp
[7.660s] -- Installing: /home/omron/Omron_LD/install/om_aiv_msg/include/om_aiv_msg/srv/detail/arcl_api__struct.hpp
[7.660s] -- Installing: /home/omron/Omron_LD/install/om_aiv_msg/include/om_aiv_msg/srv/arcl_api.hpp
[7.660s] -- Up-to-date: /home/omron/Omron_LD/install/om_aiv_msg/include/om_aiv_msg
[7.660s] -- Up-to-date: /home/omron/Omron_LD/install/om_aiv_msg/include/om_aiv_msg/action
[7.660s] -- Up-to-date: /home/omron/Omron_LD/install/om_aiv_msg/include/om_aiv_msg/action/detail
[7.661s] -- Installing: /home/omron/Omron_LD/install/om_aiv_msg/include/om_aiv_msg/action/detail/action__rosidl_typesupport_introspection_cpp.hpp
[7.661s] -- Installing: /home/omron/Omron_LD/install/om_aiv_msg/include/om_aiv_msg/action/detail/action__type_support.cpp
[7.661s] -- Up-to-date: /home/omron/Omron_LD/install/om_aiv_msg/include/om_aiv_msg/msg
[7.661s] -- Up-to-date: /home/omron/Omron_LD/install/om_aiv_msg/include/om_aiv_msg/msg/detail
[7.661s] -- Installing: /home/omron/Omron_LD/install/om_aiv_msg/include/om_aiv_msg/msg/detail/status__rosidl_typesupport_introspection_cpp.hpp
[7.661s] -- Installing: /home/omron/Omron_LD/install/om_aiv_msg/include/om_aiv_msg/msg/detail/location__type_support.cpp
[7.661s] -- Installing: /home/omron/Omron_LD/install/om_aiv_msg/include/om_aiv_msg/msg/detail/status__type_support.cpp
[7.661s] -- Installing: /home/omron/Omron_LD/install/om_aiv_msg/include/om_aiv_msg/msg/detail/location__rosidl_typesupport_introspection_cpp.hpp
[7.661s] -- Up-to-date: /home/omron/Omron_LD/install/om_aiv_msg/include/om_aiv_msg/srv
[7.661s] -- Up-to-date: /home/omron/Omron_LD/install/om_aiv_msg/include/om_aiv_msg/srv/detail
[7.662s] -- Installing: /home/omron/Omron_LD/install/om_aiv_msg/include/om_aiv_msg/srv/detail/arcl_listen__type_support.cpp
[7.662s] -- Installing: /home/omron/Omron_LD/install/om_aiv_msg/include/om_aiv_msg/srv/detail/arcl_api__type_support.cpp
[7.662s] -- Installing: /home/omron/Omron_LD/install/om_aiv_msg/include/om_aiv_msg/srv/detail/arcl_api__rosidl_typesupport_introspection_cpp.hpp
[7.662s] -- Installing: /home/omron/Omron_LD/install/om_aiv_msg/include/om_aiv_msg/srv/detail/arcl_listen__rosidl_typesupport_introspection_cpp.hpp
[7.662s] -- Installing: /home/omron/Omron_LD/install/om_aiv_msg/lib/libom_aiv_msg__rosidl_typesupport_introspection_cpp.so
[7.662s] -- Set runtime path of "/home/omron/Omron_LD/install/om_aiv_msg/lib/libom_aiv_msg__rosidl_typesupport_introspection_cpp.so" to ""
[7.662s] -- Installing: /home/omron/Omron_LD/install/om_aiv_msg/lib/libom_aiv_msg__rosidl_typesupport_cpp.so
[7.662s] -- Set runtime path of "/home/omron/Omron_LD/install/om_aiv_msg/lib/libom_aiv_msg__rosidl_typesupport_cpp.so" to ""
[7.662s] -- Up-to-date: /home/omron/Omron_LD/install/om_aiv_msg/share/om_aiv_msg/environment/pythonpath.sh
[7.663s] -- Installing: /home/omron/Omron_LD/install/om_aiv_msg/share/om_aiv_msg/environment/pythonpath.dsv
[7.663s] -- Installing: /home/omron/Omron_LD/install/om_aiv_msg/lib/python3.8/site-packages/om_aiv_msg/__init__.py
[7.695s] Compiling '/home/omron/Omron_LD/install/om_aiv_msg/lib/python3.8/site-packages/om_aiv_msg/__init__.py'...
[7.701s] -- Up-to-date: /home/omron/Omron_LD/install/om_aiv_msg/lib/python3.8/site-packages/om_aiv_msg/msg
[7.701s] -- Installing: /home/omron/Omron_LD/install/om_aiv_msg/lib/python3.8/site-packages/om_aiv_msg/msg/_location.py
[7.702s] -- Installing: /home/omron/Omron_LD/install/om_aiv_msg/lib/python3.8/site-packages/om_aiv_msg/msg/_status_s.c
[7.702s] -- Installing: /home/omron/Omron_LD/install/om_aiv_msg/lib/python3.8/site-packages/om_aiv_msg/msg/_status.py
[7.702s] -- Installing: /home/omron/Omron_LD/install/om_aiv_msg/lib/python3.8/site-packages/om_aiv_msg/msg/__init__.py
[7.702s] -- Installing: /home/omron/Omron_LD/install/om_aiv_msg/lib/python3.8/site-packages/om_aiv_msg/msg/_location_s.c
[7.702s] -- Up-to-date: /home/omron/Omron_LD/install/om_aiv_msg/lib/python3.8/site-packages/om_aiv_msg/srv
[7.703s] -- Installing: /home/omron/Omron_LD/install/om_aiv_msg/lib/python3.8/site-packages/om_aiv_msg/srv/_arcl_api_s.c
[7.703s] -- Installing: /home/omron/Omron_LD/install/om_aiv_msg/lib/python3.8/site-packages/om_aiv_msg/srv/_arcl_listen.py
[7.703s] -- Installing: /home/omron/Omron_LD/install/om_aiv_msg/lib/python3.8/site-packages/om_aiv_msg/srv/__init__.py
[7.703s] -- Installing: /home/omron/Omron_LD/install/om_aiv_msg/lib/python3.8/site-packages/om_aiv_msg/srv/_arcl_api.py
[7.703s] -- Installing: /home/omron/Omron_LD/install/om_aiv_msg/lib/python3.8/site-packages/om_aiv_msg/srv/_arcl_listen_s.c
[7.703s] -- Installing: /home/omron/Omron_LD/install/om_aiv_msg/lib/python3.8/site-packages/om_aiv_msg/action
[7.703s] -- Installing: /home/omron/Omron_LD/install/om_aiv_msg/lib/python3.8/site-packages/om_aiv_msg/action/_action.py
[7.704s] -- Installing: /home/omron/Omron_LD/install/om_aiv_msg/lib/python3.8/site-packages/om_aiv_msg/action/_action_s.c
[7.704s] -- Installing: /home/omron/Omron_LD/install/om_aiv_msg/lib/python3.8/site-packages/om_aiv_msg/action/__init__.py
[7.704s] -- Installing: /home/omron/Omron_LD/install/om_aiv_msg/lib/python3.8/site-packages/om_aiv_msg/om_aiv_msg_s__rosidl_typesupport_fastrtps_c.cpython-38-x86_64-linux-gnu.so
[7.704s] -- Set runtime path of "/home/omron/Omron_LD/install/om_aiv_msg/lib/python3.8/site-packages/om_aiv_msg/om_aiv_msg_s__rosidl_typesupport_fastrtps_c.cpython-38-x86_64-linux-gnu.so" to ""
[7.705s] -- Installing: /home/omron/Omron_LD/install/om_aiv_msg/lib/python3.8/site-packages/om_aiv_msg/om_aiv_msg_s__rosidl_typesupport_introspection_c.cpython-38-x86_64-linux-gnu.so
[7.705s] -- Set runtime path of "/home/omron/Omron_LD/install/om_aiv_msg/lib/python3.8/site-packages/om_aiv_msg/om_aiv_msg_s__rosidl_typesupport_introspection_c.cpython-38-x86_64-linux-gnu.so" to ""
[7.705s] -- Installing: /home/omron/Omron_LD/install/om_aiv_msg/lib/python3.8/site-packages/om_aiv_msg/om_aiv_msg_s__rosidl_typesupport_c.cpython-38-x86_64-linux-gnu.so
[7.706s] -- Set runtime path of "/home/omron/Omron_LD/install/om_aiv_msg/lib/python3.8/site-packages/om_aiv_msg/om_aiv_msg_s__rosidl_typesupport_c.cpython-38-x86_64-linux-gnu.so" to ""
[7.706s] -- Installing: /home/omron/Omron_LD/install/om_aiv_msg/lib/libom_aiv_msg__python.so
[7.707s] -- Set runtime path of "/home/omron/Omron_LD/install/om_aiv_msg/lib/libom_aiv_msg__python.so" to ""
[7.707s] -- Up-to-date: /home/omron/Omron_LD/install/om_aiv_msg/share/om_aiv_msg/msg/Location.idl
[7.707s] -- Up-to-date: /home/omron/Omron_LD/install/om_aiv_msg/share/om_aiv_msg/msg/Status.idl
[7.707s] -- Up-to-date: /home/omron/Omron_LD/install/om_aiv_msg/share/om_aiv_msg/srv/ArclApi.idl
[7.708s] -- Up-to-date: /home/omron/Omron_LD/install/om_aiv_msg/share/om_aiv_msg/srv/ArclListen.idl
[7.708s] -- Installing: /home/omron/Omron_LD/install/om_aiv_msg/share/om_aiv_msg/action/Action.idl
[7.708s] -- Up-to-date: /home/omron/Omron_LD/install/om_aiv_msg/share/om_aiv_msg/msg/Location.msg
[7.708s] -- Up-to-date: /home/omron/Omron_LD/install/om_aiv_msg/share/om_aiv_msg/msg/Status.msg
[7.708s] -- Up-to-date: /home/omron/Omron_LD/install/om_aiv_msg/share/om_aiv_msg/srv/ArclApi.srv
[7.708s] -- Up-to-date: /home/omron/Omron_LD/install/om_aiv_msg/share/om_aiv_msg/srv/ArclApi_Request.msg
[7.709s] -- Up-to-date: /home/omron/Omron_LD/install/om_aiv_msg/share/om_aiv_msg/srv/ArclApi_Response.msg
[7.709s] -- Up-to-date: /home/omron/Omron_LD/install/om_aiv_msg/share/om_aiv_msg/srv/ArclListen.srv
[7.709s] -- Up-to-date: /home/omron/Omron_LD/install/om_aiv_msg/share/om_aiv_msg/srv/ArclListen_Request.msg
[7.709s] -- Up-to-date: /home/omron/Omron_LD/install/om_aiv_msg/share/om_aiv_msg/srv/ArclListen_Response.msg
[7.709s] -- Installing: /home/omron/Omron_LD/install/om_aiv_msg/share/om_aiv_msg/action/Action.action
[7.709s] -- Up-to-date: /home/omron/Omron_LD/install/om_aiv_msg/share/ament_index/resource_index/package_run_dependencies/om_aiv_msg
[7.709s] -- Installing: /home/omron/Omron_LD/install/om_aiv_msg/share/ament_index/resource_index/parent_prefix_path/om_aiv_msg
[7.710s] -- Up-to-date: /home/omron/Omron_LD/install/om_aiv_msg/share/om_aiv_msg/environment/ament_prefix_path.sh
[7.710s] -- Installing: /home/omron/Omron_LD/install/om_aiv_msg/share/om_aiv_msg/environment/ament_prefix_path.dsv
[7.710s] -- Up-to-date: /home/omron/Omron_LD/install/om_aiv_msg/share/om_aiv_msg/environment/path.sh
[7.710s] -- Installing: /home/omron/Omron_LD/install/om_aiv_msg/share/om_aiv_msg/environment/path.dsv
[7.710s] -- Up-to-date: /home/omron/Omron_LD/install/om_aiv_msg/share/om_aiv_msg/local_setup.bash
[7.710s] -- Up-to-date: /home/omron/Omron_LD/install/om_aiv_msg/share/om_aiv_msg/local_setup.sh
[7.710s] -- Up-to-date: /home/omron/Omron_LD/install/om_aiv_msg/share/om_aiv_msg/local_setup.zsh
[7.711s] -- Installing: /home/omron/Omron_LD/install/om_aiv_msg/share/om_aiv_msg/local_setup.dsv
[7.711s] -- Installing: /home/omron/Omron_LD/install/om_aiv_msg/share/om_aiv_msg/package.dsv
[7.711s] -- Up-to-date: /home/omron/Omron_LD/install/om_aiv_msg/share/ament_index/resource_index/packages/om_aiv_msg
[7.711s] -- Old export file "/home/omron/Omron_LD/install/om_aiv_msg/share/om_aiv_msg/cmake/om_aiv_msg__rosidl_generator_cExport.cmake" will be replaced.  Removing files [/home/omron/Omron_LD/install/om_aiv_msg/share/om_aiv_msg/cmake/om_aiv_msg__rosidl_generator_cExport-noconfig.cmake].
[7.711s] -- Installing: /home/omron/Omron_LD/install/om_aiv_msg/share/om_aiv_msg/cmake/om_aiv_msg__rosidl_generator_cExport.cmake
[7.711s] -- Installing: /home/omron/Omron_LD/install/om_aiv_msg/share/om_aiv_msg/cmake/om_aiv_msg__rosidl_generator_cExport-noconfig.cmake
[7.711s] -- Old export file "/home/omron/Omron_LD/install/om_aiv_msg/share/om_aiv_msg/cmake/om_aiv_msg__rosidl_typesupport_introspection_cExport.cmake" will be replaced.  Removing files [/home/omron/Omron_LD/install/om_aiv_msg/share/om_aiv_msg/cmake/om_aiv_msg__rosidl_typesupport_introspection_cExport-noconfig.cmake].
[7.712s] -- Installing: /home/omron/Omron_LD/install/om_aiv_msg/share/om_aiv_msg/cmake/om_aiv_msg__rosidl_typesupport_introspection_cExport.cmake
[7.712s] -- Installing: /home/omron/Omron_LD/install/om_aiv_msg/share/om_aiv_msg/cmake/om_aiv_msg__rosidl_typesupport_introspection_cExport-noconfig.cmake
[7.712s] -- Old export file "/home/omron/Omron_LD/install/om_aiv_msg/share/om_aiv_msg/cmake/om_aiv_msg__rosidl_typesupport_cExport.cmake" will be replaced.  Removing files [/home/omron/Omron_LD/install/om_aiv_msg/share/om_aiv_msg/cmake/om_aiv_msg__rosidl_typesupport_cExport-noconfig.cmake].
[7.712s] -- Installing: /home/omron/Omron_LD/install/om_aiv_msg/share/om_aiv_msg/cmake/om_aiv_msg__rosidl_typesupport_cExport.cmake
[7.712s] -- Installing: /home/omron/Omron_LD/install/om_aiv_msg/share/om_aiv_msg/cmake/om_aiv_msg__rosidl_typesupport_cExport-noconfig.cmake
[7.712s] -- Installing: /home/omron/Omron_LD/install/om_aiv_msg/share/om_aiv_msg/cmake/om_aiv_msg__rosidl_generator_cppExport.cmake
[7.712s] -- Old export file "/home/omron/Omron_LD/install/om_aiv_msg/share/om_aiv_msg/cmake/om_aiv_msg__rosidl_typesupport_introspection_cppExport.cmake" will be replaced.  Removing files [/home/omron/Omron_LD/install/om_aiv_msg/share/om_aiv_msg/cmake/om_aiv_msg__rosidl_typesupport_introspection_cppExport-noconfig.cmake].
[7.713s] -- Installing: /home/omron/Omron_LD/install/om_aiv_msg/share/om_aiv_msg/cmake/om_aiv_msg__rosidl_typesupport_introspection_cppExport.cmake
[7.713s] -- Installing: /home/omron/Omron_LD/install/om_aiv_msg/share/om_aiv_msg/cmake/om_aiv_msg__rosidl_typesupport_introspection_cppExport-noconfig.cmake
[7.713s] -- Old export file "/home/omron/Omron_LD/install/om_aiv_msg/share/om_aiv_msg/cmake/om_aiv_msg__rosidl_typesupport_cppExport.cmake" will be replaced.  Removing files [/home/omron/Omron_LD/install/om_aiv_msg/share/om_aiv_msg/cmake/om_aiv_msg__rosidl_typesupport_cppExport-noconfig.cmake].
[7.713s] -- Installing: /home/omron/Omron_LD/install/om_aiv_msg/share/om_aiv_msg/cmake/om_aiv_msg__rosidl_typesupport_cppExport.cmake
[7.713s] -- Installing: /home/omron/Omron_LD/install/om_aiv_msg/share/om_aiv_msg/cmake/om_aiv_msg__rosidl_typesupport_cppExport-noconfig.cmake
[7.713s] -- Installing: /home/omron/Omron_LD/install/om_aiv_msg/share/om_aiv_msg/cmake/rosidl_cmake-extras.cmake
[7.713s] -- Installing: /home/omron/Omron_LD/install/om_aiv_msg/share/om_aiv_msg/cmake/ament_cmake_export_dependencies-extras.cmake
[7.714s] -- Up-to-date: /home/omron/Omron_LD/install/om_aiv_msg/share/om_aiv_msg/cmake/ament_cmake_export_libraries-extras.cmake
[7.714s] -- Up-to-date: /home/omron/Omron_LD/install/om_aiv_msg/share/om_aiv_msg/cmake/ament_cmake_export_targets-extras.cmake
[7.714s] -- Up-to-date: /home/omron/Omron_LD/install/om_aiv_msg/share/om_aiv_msg/cmake/ament_cmake_export_include_directories-extras.cmake
[7.714s] -- Up-to-date: /home/omron/Omron_LD/install/om_aiv_msg/share/om_aiv_msg/cmake/rosidl_cmake_export_typesupport_libraries-extras.cmake
[7.714s] -- Up-to-date: /home/omron/Omron_LD/install/om_aiv_msg/share/om_aiv_msg/cmake/rosidl_cmake_export_typesupport_targets-extras.cmake
[7.714s] -- Up-to-date: /home/omron/Omron_LD/install/om_aiv_msg/share/om_aiv_msg/cmake/om_aiv_msgConfig.cmake
[7.714s] -- Up-to-date: /home/omron/Omron_LD/install/om_aiv_msg/share/om_aiv_msg/cmake/om_aiv_msgConfig-version.cmake
[7.714s] -- Up-to-date: /home/omron/Omron_LD/install/om_aiv_msg/share/om_aiv_msg/package.xml
[7.718s] Invoked command in '/home/omron/Omron_LD/build/om_aiv_msg' returned '0': CMAKE_PREFIX_PATH=${CMAKE_PREFIX_PATH}:/home/omron/Omron_LD/install/om_aiv_util:/home/omron/Omron_LD/install/om_aiv_navigation:/opt/ros/foxy /usr/bin/cmake --install /home/omron/Omron_LD/build/om_aiv_msg
