[0.018s] Invoking command in '/home/omron/Omron_LD/build/ld_visualisation': CMAKE_PREFIX_PATH=/home/omron/Omron_LD/install/om_aiv_msg:/home/omron/Omron_LD/install/ld_visualisation:/home/omron/Omron_LD/install/om_aiv_util:/home/omron/Omron_LD/install/om_aiv_navigation:/opt/ros/foxy PYTHONPATH=/home/omron/Omron_LD/install/om_aiv_msg/lib/python3.8/site-packages:/home/omron/Omron_LD/install/om_aiv_util/lib/python3.8/site-packages:/home/omron/Omron_LD/install/om_aiv_navigation/lib/python3.8/site-packages:/opt/ros/foxy/lib/python3.8/site-packages /usr/bin/cmake --build /home/omron/Omron_LD/build/ld_visualisation -- -j8 -l8
[0.070s] [35m[1mScanning dependencies of target goals_marker[0m
[0.100s] [ 50%] Built target joints_publisher
[0.100s] [ 66%] Built target data_points_marker
[0.109s] [ 83%] [32mBuilding CXX object CMakeFiles/goals_marker.dir/src/goals_marker.cpp.o[0m
[6.527s] [100%] [32m[1mLinking CXX executable goals_marker[0m
[6.893s] [100%] Built target goals_marker
[6.905s] Invoked command in '/home/omron/Omron_LD/build/ld_visualisation' returned '0': CMAKE_PREFIX_PATH=/home/omron/Omron_LD/install/om_aiv_msg:/home/omron/Omron_LD/install/ld_visualisation:/home/omron/Omron_LD/install/om_aiv_util:/home/omron/Omron_LD/install/om_aiv_navigation:/opt/ros/foxy PYTHONPATH=/home/omron/Omron_LD/install/om_aiv_msg/lib/python3.8/site-packages:/home/omron/Omron_LD/install/om_aiv_util/lib/python3.8/site-packages:/home/omron/Omron_LD/install/om_aiv_navigation/lib/python3.8/site-packages:/opt/ros/foxy/lib/python3.8/site-packages /usr/bin/cmake --build /home/omron/Omron_LD/build/ld_visualisation -- -j8 -l8
[6.945s] Invoking command in '/home/omron/Omron_LD/build/ld_visualisation': CMAKE_PREFIX_PATH=/home/omron/Omron_LD/install/om_aiv_msg:/home/omron/Omron_LD/install/ld_visualisation:/home/omron/Omron_LD/install/om_aiv_util:/home/omron/Omron_LD/install/om_aiv_navigation:/opt/ros/foxy PYTHONPATH=/home/omron/Omron_LD/install/om_aiv_msg/lib/python3.8/site-packages:/home/omron/Omron_LD/install/om_aiv_util/lib/python3.8/site-packages:/home/omron/Omron_LD/install/om_aiv_navigation/lib/python3.8/site-packages:/opt/ros/foxy/lib/python3.8/site-packages /usr/bin/cmake --install /home/omron/Omron_LD/build/ld_visualisation
[6.952s] -- Install configuration: ""
[6.953s] -- Up-to-date: /home/omron/Omron_LD/install/ld_visualisation/lib/ld_visualisation/joints_publisher
[6.953s] -- Up-to-date: /home/omron/Omron_LD/install/ld_visualisation/lib/ld_visualisation/data_points_marker
[6.954s] -- Installing: /home/omron/Omron_LD/install/ld_visualisation/lib/ld_visualisation/goals_marker
[6.957s] -- Set runtime path of "/home/omron/Omron_LD/install/ld_visualisation/lib/ld_visualisation/goals_marker" to ""
[6.957s] -- Up-to-date: /home/omron/Omron_LD/install/ld_visualisation/share/ld_visualisation/launch
[6.957s] -- Up-to-date: /home/omron/Omron_LD/install/ld_visualisation/share/ld_visualisation/launch/display.launch
[6.957s] -- Up-to-date: /home/omron/Omron_LD/install/ld_visualisation/share/ld_visualisation/launch/display.launch.py
[6.957s] -- Up-to-date: /home/omron/Omron_LD/install/ld_visualisation/share/ld_visualisation/config
[6.957s] -- Up-to-date: /home/omron/Omron_LD/install/ld_visualisation/share/ld_visualisation/config/ld_rviz_config.rviz
[6.958s] -- Up-to-date: /home/omron/Omron_LD/install/ld_visualisation/share/ld_visualisation/config/ld_rviz2.rviz
[6.958s] -- Up-to-date: /home/omron/Omron_LD/install/ld_visualisation/share/ld_visualisation/map
[6.958s] -- Up-to-date: /home/omron/Omron_LD/install/ld_visualisation/share/ld_visualisation/map/data_old.map
[6.958s] -- Up-to-date: /home/omron/Omron_LD/install/ld_visualisation/share/ld_visualisation/map/data.map
[6.958s] -- Up-to-date: /home/omron/Omron_LD/install/ld_visualisation/share/ld_visualisation/meshes
[6.958s] -- Up-to-date: /home/omron/Omron_LD/install/ld_visualisation/share/ld_visualisation/meshes/LD_Platform.STL
[6.958s] -- Up-to-date: /home/omron/Omron_LD/install/ld_visualisation/share/ld_visualisation/param
[6.958s] -- Up-to-date: /home/omron/Omron_LD/install/ld_visualisation/share/ld_visualisation/param/vis_param.yaml
[6.958s] -- Up-to-date: /home/omron/Omron_LD/install/ld_visualisation/share/ld_visualisation/rviz
[6.959s] -- Up-to-date: /home/omron/Omron_LD/install/ld_visualisation/share/ld_visualisation/rviz/urdf.rviz
[6.959s] -- Up-to-date: /home/omron/Omron_LD/install/ld_visualisation/share/ld_visualisation/rviz/urdf.vcg
[6.959s] -- Up-to-date: /home/omron/Omron_LD/install/ld_visualisation/share/ld_visualisation/urdf
[6.959s] -- Up-to-date: /home/omron/Omron_LD/install/ld_visualisation/share/ld_visualisation/urdf/LD_Platform.urdf.xacro
[6.959s] -- Up-to-date: /home/omron/Omron_LD/install/ld_visualisation/share/ld_visualisation/urdf/LD_Platform.urdf
[6.959s] -- Up-to-date: /home/omron/Omron_LD/install/ld_visualisation/share/ament_index/resource_index/package_run_dependencies/ld_visualisation
[6.959s] -- Up-to-date: /home/omron/Omron_LD/install/ld_visualisation/share/ament_index/resource_index/parent_prefix_path/ld_visualisation
[6.959s] -- Up-to-date: /home/omron/Omron_LD/install/ld_visualisation/share/ld_visualisation/environment/ament_prefix_path.sh
[6.959s] -- Up-to-date: /home/omron/Omron_LD/install/ld_visualisation/share/ld_visualisation/environment/ament_prefix_path.dsv
[6.961s] -- Up-to-date: /home/omron/Omron_LD/install/ld_visualisation/share/ld_visualisation/environment/path.sh
[6.961s] -- Up-to-date: /home/omron/Omron_LD/install/ld_visualisation/share/ld_visualisation/environment/path.dsv
[6.961s] -- Up-to-date: /home/omron/Omron_LD/install/ld_visualisation/share/ld_visualisation/local_setup.bash
[6.961s] -- Up-to-date: /home/omron/Omron_LD/install/ld_visualisation/share/ld_visualisation/local_setup.sh
[6.961s] -- Up-to-date: /home/omron/Omron_LD/install/ld_visualisation/share/ld_visualisation/local_setup.zsh
[6.961s] -- Up-to-date: /home/omron/Omron_LD/install/ld_visualisation/share/ld_visualisation/local_setup.dsv
[6.961s] -- Installing: /home/omron/Omron_LD/install/ld_visualisation/share/ld_visualisation/package.dsv
[6.962s] -- Up-to-date: /home/omron/Omron_LD/install/ld_visualisation/share/ament_index/resource_index/packages/ld_visualisation
[6.962s] -- Up-to-date: /home/omron/Omron_LD/install/ld_visualisation/share/ld_visualisation/cmake/ld_visualisationConfig.cmake
[6.962s] -- Up-to-date: /home/omron/Omron_LD/install/ld_visualisation/share/ld_visualisation/cmake/ld_visualisationConfig-version.cmake
[6.962s] -- Up-to-date: /home/omron/Omron_LD/install/ld_visualisation/share/ld_visualisation/package.xml
[6.962s] Invoked command in '/home/omron/Omron_LD/build/ld_visualisation' returned '0': CMAKE_PREFIX_PATH=/home/omron/Omron_LD/install/om_aiv_msg:/home/omron/Omron_LD/install/ld_visualisation:/home/omron/Omron_LD/install/om_aiv_util:/home/omron/Omron_LD/install/om_aiv_navigation:/opt/ros/foxy PYTHONPATH=/home/omron/Omron_LD/install/om_aiv_msg/lib/python3.8/site-packages:/home/omron/Omron_LD/install/om_aiv_util/lib/python3.8/site-packages:/home/omron/Omron_LD/install/om_aiv_navigation/lib/python3.8/site-packages:/opt/ros/foxy/lib/python3.8/site-packages /usr/bin/cmake --install /home/omron/Omron_LD/build/ld_visualisation
