[0.027s] Invoking command in '/home/omron/Omron_LD/build/om_aiv_msg': CMAKE_PREFIX_PATH=${CMAKE_PREFIX_PATH}:/home/omron/Omron_LD/install/om_aiv_util:/home/omron/Omron_LD/install/om_aiv_navigation:/opt/ros/foxy /usr/bin/cmake --build /home/omron/Omron_LD/build/om_aiv_msg -- -j8 -l8
[0.063s] -- Found ament_cmake: 0.9.8 (/opt/ros/foxy/share/ament_cmake/cmake)
[0.086s] -- Using PYTHON_EXECUTABLE: /usr/bin/python3
[0.269s] -- Found action_msgs: 1.0.0 (/opt/ros/foxy/share/action_msgs/cmake)
[0.289s] -- Using all available rosidl_typesupport_c: rosidl_typesupport_fastrtps_c;rosidl_typesupport_introspection_c
[0.293s] -- Found rosidl_adapter: 1.2.1 (/opt/ros/foxy/share/rosidl_adapter/cmake)
[0.407s] -- Using all available rosidl_typesupport_cpp: rosidl_typesupport_fastrtps_cpp;rosidl_typesupport_introspection_cpp
[0.471s] -- Found rosidl_default_generators: 1.0.1 (/opt/ros/foxy/share/rosidl_default_generators/cmake)
[0.502s] -- Found PythonInterp: /usr/bin/python3 (found version "3.8.5") 
[0.686s] -- Found ament_cmake_ros: 0.9.1 (/opt/ros/foxy/share/ament_cmake_ros/cmake)
[0.824s] -- Using all available rosidl_typesupport_c: rosidl_typesupport_fastrtps_c;rosidl_typesupport_introspection_c
[0.859s] -- Using all available rosidl_typesupport_cpp: rosidl_typesupport_fastrtps_cpp;rosidl_typesupport_introspection_cpp
[0.884s] -- Found PythonInterp: /usr/bin/python3 (found suitable version "3.8.5", minimum required is "3.5") 
[0.885s] -- Found python_cmake_module: 0.8.1 (/opt/ros/foxy/share/python_cmake_module/cmake)
[0.908s] -- Using PYTHON_EXECUTABLE: /usr/bin/python3
[0.909s] -- Using PYTHON_INCLUDE_DIRS: /usr/include/python3.8
[0.909s] -- Using PYTHON_LIBRARIES: /usr/lib/x86_64-linux-gnu/libpython3.8.so
[0.938s] -- Found ament_lint_auto: 0.9.6 (/opt/ros/foxy/share/ament_lint_auto/cmake)
[0.952s] -- Added test 'copyright' to check source files copyright and LICENSE
[0.955s] -- Added test 'lint_cmake' to check CMake code style
[0.956s] -- Added test 'xmllint' to check XML markup files
[0.961s] -- Configuring done
[1.038s] -- Generating done
[1.042s] -- Build files have been written to: /home/omron/Omron_LD/build/om_aiv_msg
[1.081s] [  1%] Built target om_aiv_msg__cpp
[1.083s] [ 12%] Built target om_aiv_msg__rosidl_generator_c
[1.109s] [ 23%] Built target om_aiv_msg__rosidl_typesupport_c
[1.110s] [ 34%] Built target om_aiv_msg__rosidl_typesupport_introspection_c
[1.113s] [ 46%] Built target om_aiv_msg__rosidl_typesupport_introspection_cpp
[1.115s] [ 57%] Built target om_aiv_msg__rosidl_typesupport_fastrtps_cpp
[1.116s] [ 68%] Built target om_aiv_msg__rosidl_typesupport_cpp
[1.145s] [ 79%] Built target om_aiv_msg__rosidl_typesupport_fastrtps_c
[1.165s] [ 79%] Built target om_aiv_msg
[1.184s] [ 80%] Built target om_aiv_msg__py
[1.214s] [ 90%] Built target om_aiv_msg__python
[1.241s] [ 93%] Built target om_aiv_msg__rosidl_typesupport_c__pyext
[1.242s] [ 96%] Built target om_aiv_msg__rosidl_typesupport_fastrtps_c__pyext
[1.242s] [100%] Built target om_aiv_msg__rosidl_typesupport_introspection_c__pyext
[1.254s] Invoked command in '/home/omron/Omron_LD/build/om_aiv_msg' returned '0': CMAKE_PREFIX_PATH=${CMAKE_PREFIX_PATH}:/home/omron/Omron_LD/install/om_aiv_util:/home/omron/Omron_LD/install/om_aiv_navigation:/opt/ros/foxy /usr/bin/cmake --build /home/omron/Omron_LD/build/om_aiv_msg -- -j8 -l8
[1.363s] Invoking command in '/home/omron/Omron_LD/build/om_aiv_msg': CMAKE_PREFIX_PATH=${CMAKE_PREFIX_PATH}:/home/omron/Omron_LD/install/om_aiv_util:/home/omron/Omron_LD/install/om_aiv_navigation:/opt/ros/foxy /usr/bin/cmake --install /home/omron/Omron_LD/build/om_aiv_msg
[1.371s] -- Install configuration: ""
[1.372s] -- Up-to-date: /home/omron/Omron_LD/install/om_aiv_msg/share/ament_index/resource_index/rosidl_interfaces/om_aiv_msg
[1.372s] -- Up-to-date: /home/omron/Omron_LD/install/om_aiv_msg/include/om_aiv_msg
[1.372s] -- Up-to-date: /home/omron/Omron_LD/install/om_aiv_msg/include/om_aiv_msg/action
[1.372s] -- Up-to-date: /home/omron/Omron_LD/install/om_aiv_msg/include/om_aiv_msg/action/action.h
[1.372s] -- Up-to-date: /home/omron/Omron_LD/install/om_aiv_msg/include/om_aiv_msg/action/detail
[1.372s] -- Up-to-date: /home/omron/Omron_LD/install/om_aiv_msg/include/om_aiv_msg/action/detail/action__functions.c
[1.372s] -- Up-to-date: /home/omron/Omron_LD/install/om_aiv_msg/include/om_aiv_msg/action/detail/action__struct.h
[1.372s] -- Up-to-date: /home/omron/Omron_LD/install/om_aiv_msg/include/om_aiv_msg/action/detail/action__type_support.h
[1.372s] -- Up-to-date: /home/omron/Omron_LD/install/om_aiv_msg/include/om_aiv_msg/action/detail/action__functions.h
[1.373s] -- Up-to-date: /home/omron/Omron_LD/install/om_aiv_msg/include/om_aiv_msg/msg
[1.373s] -- Up-to-date: /home/omron/Omron_LD/install/om_aiv_msg/include/om_aiv_msg/msg/location.h
[1.373s] -- Up-to-date: /home/omron/Omron_LD/install/om_aiv_msg/include/om_aiv_msg/msg/detail
[1.373s] -- Up-to-date: /home/omron/Omron_LD/install/om_aiv_msg/include/om_aiv_msg/msg/detail/location__functions.c
[1.373s] -- Up-to-date: /home/omron/Omron_LD/install/om_aiv_msg/include/om_aiv_msg/msg/detail/status__struct.h
[1.373s] -- Up-to-date: /home/omron/Omron_LD/install/om_aiv_msg/include/om_aiv_msg/msg/detail/status__functions.c
[1.373s] -- Up-to-date: /home/omron/Omron_LD/install/om_aiv_msg/include/om_aiv_msg/msg/detail/status__functions.h
[1.373s] -- Up-to-date: /home/omron/Omron_LD/install/om_aiv_msg/include/om_aiv_msg/msg/detail/status__type_support.h
[1.373s] -- Up-to-date: /home/omron/Omron_LD/install/om_aiv_msg/include/om_aiv_msg/msg/detail/location__functions.h
[1.373s] -- Up-to-date: /home/omron/Omron_LD/install/om_aiv_msg/include/om_aiv_msg/msg/detail/location__struct.h
[1.373s] -- Up-to-date: /home/omron/Omron_LD/install/om_aiv_msg/include/om_aiv_msg/msg/detail/location__type_support.h
[1.374s] -- Up-to-date: /home/omron/Omron_LD/install/om_aiv_msg/include/om_aiv_msg/msg/rosidl_generator_c__visibility_control.h
[1.374s] -- Up-to-date: /home/omron/Omron_LD/install/om_aiv_msg/include/om_aiv_msg/msg/status.h
[1.374s] -- Up-to-date: /home/omron/Omron_LD/install/om_aiv_msg/include/om_aiv_msg/srv
[1.374s] -- Up-to-date: /home/omron/Omron_LD/install/om_aiv_msg/include/om_aiv_msg/srv/arcl_listen.h
[1.374s] -- Up-to-date: /home/omron/Omron_LD/install/om_aiv_msg/include/om_aiv_msg/srv/detail
[1.374s] -- Up-to-date: /home/omron/Omron_LD/install/om_aiv_msg/include/om_aiv_msg/srv/detail/arcl_api__type_support.h
[1.374s] -- Up-to-date: /home/omron/Omron_LD/install/om_aiv_msg/include/om_aiv_msg/srv/detail/arcl_api__struct.h
[1.374s] -- Up-to-date: /home/omron/Omron_LD/install/om_aiv_msg/include/om_aiv_msg/srv/detail/arcl_listen__type_support.h
[1.374s] -- Up-to-date: /home/omron/Omron_LD/install/om_aiv_msg/include/om_aiv_msg/srv/detail/arcl_api__functions.c
[1.374s] -- Up-to-date: /home/omron/Omron_LD/install/om_aiv_msg/include/om_aiv_msg/srv/detail/arcl_api__functions.h
[1.374s] -- Up-to-date: /home/omron/Omron_LD/install/om_aiv_msg/include/om_aiv_msg/srv/detail/arcl_listen__functions.c
[1.374s] -- Up-to-date: /home/omron/Omron_LD/install/om_aiv_msg/include/om_aiv_msg/srv/detail/arcl_listen__functions.h
[1.375s] -- Up-to-date: /home/omron/Omron_LD/install/om_aiv_msg/include/om_aiv_msg/srv/detail/arcl_listen__struct.h
[1.375s] -- Up-to-date: /home/omron/Omron_LD/install/om_aiv_msg/include/om_aiv_msg/srv/arcl_api.h
[1.375s] -- Up-to-date: /home/omron/Omron_LD/install/om_aiv_msg/share/om_aiv_msg/environment/library_path.sh
[1.375s] -- Installing: /home/omron/Omron_LD/install/om_aiv_msg/share/om_aiv_msg/environment/library_path.dsv
[1.375s] -- Up-to-date: /home/omron/Omron_LD/install/om_aiv_msg/lib/libom_aiv_msg__rosidl_generator_c.so
[1.375s] -- Up-to-date: /home/omron/Omron_LD/install/om_aiv_msg/include/om_aiv_msg
[1.375s] -- Up-to-date: /home/omron/Omron_LD/install/om_aiv_msg/include/om_aiv_msg/action
[1.375s] -- Up-to-date: /home/omron/Omron_LD/install/om_aiv_msg/include/om_aiv_msg/action/detail
[1.375s] -- Up-to-date: /home/omron/Omron_LD/install/om_aiv_msg/include/om_aiv_msg/action/detail/action__rosidl_typesupport_fastrtps_c.h
[1.375s] -- Up-to-date: /home/omron/Omron_LD/install/om_aiv_msg/include/om_aiv_msg/msg
[1.375s] -- Up-to-date: /home/omron/Omron_LD/install/om_aiv_msg/include/om_aiv_msg/msg/rosidl_typesupport_fastrtps_c__visibility_control.h
[1.376s] -- Up-to-date: /home/omron/Omron_LD/install/om_aiv_msg/include/om_aiv_msg/msg/detail
[1.376s] -- Up-to-date: /home/omron/Omron_LD/install/om_aiv_msg/include/om_aiv_msg/msg/detail/status__rosidl_typesupport_fastrtps_c.h
[1.376s] -- Up-to-date: /home/omron/Omron_LD/install/om_aiv_msg/include/om_aiv_msg/msg/detail/location__rosidl_typesupport_fastrtps_c.h
[1.376s] -- Up-to-date: /home/omron/Omron_LD/install/om_aiv_msg/include/om_aiv_msg/srv
[1.376s] -- Up-to-date: /home/omron/Omron_LD/install/om_aiv_msg/include/om_aiv_msg/srv/detail
[1.376s] -- Up-to-date: /home/omron/Omron_LD/install/om_aiv_msg/include/om_aiv_msg/srv/detail/arcl_listen__rosidl_typesupport_fastrtps_c.h
[1.376s] -- Up-to-date: /home/omron/Omron_LD/install/om_aiv_msg/include/om_aiv_msg/srv/detail/arcl_api__rosidl_typesupport_fastrtps_c.h
[1.376s] -- Up-to-date: /home/omron/Omron_LD/install/om_aiv_msg/lib/libom_aiv_msg__rosidl_typesupport_fastrtps_c.so
[1.376s] -- Up-to-date: /home/omron/Omron_LD/install/om_aiv_msg/include/om_aiv_msg
[1.377s] -- Up-to-date: /home/omron/Omron_LD/install/om_aiv_msg/include/om_aiv_msg/action
[1.377s] -- Up-to-date: /home/omron/Omron_LD/install/om_aiv_msg/include/om_aiv_msg/action/detail
[1.377s] -- Up-to-date: /home/omron/Omron_LD/install/om_aiv_msg/include/om_aiv_msg/action/detail/dds_fastrtps
[1.377s] -- Up-to-date: /home/omron/Omron_LD/install/om_aiv_msg/include/om_aiv_msg/action/detail/action__rosidl_typesupport_fastrtps_cpp.hpp
[1.377s] -- Up-to-date: /home/omron/Omron_LD/install/om_aiv_msg/include/om_aiv_msg/msg
[1.377s] -- Up-to-date: /home/omron/Omron_LD/install/om_aiv_msg/include/om_aiv_msg/msg/rosidl_typesupport_fastrtps_cpp__visibility_control.h
[1.377s] -- Up-to-date: /home/omron/Omron_LD/install/om_aiv_msg/include/om_aiv_msg/msg/detail
[1.377s] -- Up-to-date: /home/omron/Omron_LD/install/om_aiv_msg/include/om_aiv_msg/msg/detail/dds_fastrtps
[1.377s] -- Up-to-date: /home/omron/Omron_LD/install/om_aiv_msg/include/om_aiv_msg/msg/detail/location__rosidl_typesupport_fastrtps_cpp.hpp
[1.377s] -- Up-to-date: /home/omron/Omron_LD/install/om_aiv_msg/include/om_aiv_msg/msg/detail/status__rosidl_typesupport_fastrtps_cpp.hpp
[1.377s] -- Up-to-date: /home/omron/Omron_LD/install/om_aiv_msg/include/om_aiv_msg/srv
[1.378s] -- Up-to-date: /home/omron/Omron_LD/install/om_aiv_msg/include/om_aiv_msg/srv/detail
[1.378s] -- Up-to-date: /home/omron/Omron_LD/install/om_aiv_msg/include/om_aiv_msg/srv/detail/dds_fastrtps
[1.378s] -- Up-to-date: /home/omron/Omron_LD/install/om_aiv_msg/include/om_aiv_msg/srv/detail/arcl_api__rosidl_typesupport_fastrtps_cpp.hpp
[1.378s] -- Up-to-date: /home/omron/Omron_LD/install/om_aiv_msg/include/om_aiv_msg/srv/detail/arcl_listen__rosidl_typesupport_fastrtps_cpp.hpp
[1.378s] -- Up-to-date: /home/omron/Omron_LD/install/om_aiv_msg/lib/libom_aiv_msg__rosidl_typesupport_fastrtps_cpp.so
[1.378s] -- Up-to-date: /home/omron/Omron_LD/install/om_aiv_msg/include/om_aiv_msg
[1.378s] -- Up-to-date: /home/omron/Omron_LD/install/om_aiv_msg/include/om_aiv_msg/action
[1.378s] -- Up-to-date: /home/omron/Omron_LD/install/om_aiv_msg/include/om_aiv_msg/action/detail
[1.378s] -- Up-to-date: /home/omron/Omron_LD/install/om_aiv_msg/include/om_aiv_msg/action/detail/action__rosidl_typesupport_introspection_c.h
[1.378s] -- Up-to-date: /home/omron/Omron_LD/install/om_aiv_msg/include/om_aiv_msg/action/detail/action__type_support.c
[1.378s] -- Up-to-date: /home/omron/Omron_LD/install/om_aiv_msg/include/om_aiv_msg/msg
[1.378s] -- Up-to-date: /home/omron/Omron_LD/install/om_aiv_msg/include/om_aiv_msg/msg/rosidl_typesupport_introspection_c__visibility_control.h
[1.378s] -- Up-to-date: /home/omron/Omron_LD/install/om_aiv_msg/include/om_aiv_msg/msg/detail
[1.378s] -- Up-to-date: /home/omron/Omron_LD/install/om_aiv_msg/include/om_aiv_msg/msg/detail/location__type_support.c
[1.378s] -- Up-to-date: /home/omron/Omron_LD/install/om_aiv_msg/include/om_aiv_msg/msg/detail/location__rosidl_typesupport_introspection_c.h
[1.378s] -- Up-to-date: /home/omron/Omron_LD/install/om_aiv_msg/include/om_aiv_msg/msg/detail/status__type_support.c
[1.379s] -- Up-to-date: /home/omron/Omron_LD/install/om_aiv_msg/include/om_aiv_msg/msg/detail/status__rosidl_typesupport_introspection_c.h
[1.379s] -- Up-to-date: /home/omron/Omron_LD/install/om_aiv_msg/include/om_aiv_msg/srv
[1.379s] -- Up-to-date: /home/omron/Omron_LD/install/om_aiv_msg/include/om_aiv_msg/srv/detail
[1.379s] -- Up-to-date: /home/omron/Omron_LD/install/om_aiv_msg/include/om_aiv_msg/srv/detail/arcl_listen__type_support.c
[1.379s] -- Up-to-date: /home/omron/Omron_LD/install/om_aiv_msg/include/om_aiv_msg/srv/detail/arcl_listen__rosidl_typesupport_introspection_c.h
[1.379s] -- Up-to-date: /home/omron/Omron_LD/install/om_aiv_msg/include/om_aiv_msg/srv/detail/arcl_api__rosidl_typesupport_introspection_c.h
[1.379s] -- Up-to-date: /home/omron/Omron_LD/install/om_aiv_msg/include/om_aiv_msg/srv/detail/arcl_api__type_support.c
[1.379s] -- Up-to-date: /home/omron/Omron_LD/install/om_aiv_msg/lib/libom_aiv_msg__rosidl_typesupport_introspection_c.so
[1.379s] -- Up-to-date: /home/omron/Omron_LD/install/om_aiv_msg/lib/libom_aiv_msg__rosidl_typesupport_c.so
[1.379s] -- Up-to-date: /home/omron/Omron_LD/install/om_aiv_msg/include/om_aiv_msg
[1.379s] -- Up-to-date: /home/omron/Omron_LD/install/om_aiv_msg/include/om_aiv_msg/action
[1.379s] -- Up-to-date: /home/omron/Omron_LD/install/om_aiv_msg/include/om_aiv_msg/action/action.hpp
[1.379s] -- Up-to-date: /home/omron/Omron_LD/install/om_aiv_msg/include/om_aiv_msg/action/detail
[1.379s] -- Up-to-date: /home/omron/Omron_LD/install/om_aiv_msg/include/om_aiv_msg/action/detail/action__builder.hpp
[1.379s] -- Up-to-date: /home/omron/Omron_LD/install/om_aiv_msg/include/om_aiv_msg/action/detail/action__traits.hpp
[1.379s] -- Up-to-date: /home/omron/Omron_LD/install/om_aiv_msg/include/om_aiv_msg/action/detail/action__struct.hpp
[1.379s] -- Up-to-date: /home/omron/Omron_LD/install/om_aiv_msg/include/om_aiv_msg/msg
[1.380s] -- Up-to-date: /home/omron/Omron_LD/install/om_aiv_msg/include/om_aiv_msg/msg/status.hpp
[1.380s] -- Up-to-date: /home/omron/Omron_LD/install/om_aiv_msg/include/om_aiv_msg/msg/location.hpp
[1.380s] -- Up-to-date: /home/omron/Omron_LD/install/om_aiv_msg/include/om_aiv_msg/msg/detail
[1.380s] -- Up-to-date: /home/omron/Omron_LD/install/om_aiv_msg/include/om_aiv_msg/msg/detail/location__traits.hpp
[1.380s] -- Up-to-date: /home/omron/Omron_LD/install/om_aiv_msg/include/om_aiv_msg/msg/detail/status__struct.hpp
[1.380s] -- Up-to-date: /home/omron/Omron_LD/install/om_aiv_msg/include/om_aiv_msg/msg/detail/location__builder.hpp
[1.380s] -- Up-to-date: /home/omron/Omron_LD/install/om_aiv_msg/include/om_aiv_msg/msg/detail/status__traits.hpp
[1.380s] -- Up-to-date: /home/omron/Omron_LD/install/om_aiv_msg/include/om_aiv_msg/msg/detail/status__builder.hpp
[1.380s] -- Up-to-date: /home/omron/Omron_LD/install/om_aiv_msg/include/om_aiv_msg/msg/detail/location__struct.hpp
[1.380s] -- Up-to-date: /home/omron/Omron_LD/install/om_aiv_msg/include/om_aiv_msg/srv
[1.380s] -- Up-to-date: /home/omron/Omron_LD/install/om_aiv_msg/include/om_aiv_msg/srv/arcl_listen.hpp
[1.380s] -- Up-to-date: /home/omron/Omron_LD/install/om_aiv_msg/include/om_aiv_msg/srv/detail
[1.380s] -- Up-to-date: /home/omron/Omron_LD/install/om_aiv_msg/include/om_aiv_msg/srv/detail/arcl_api__builder.hpp
[1.380s] -- Up-to-date: /home/omron/Omron_LD/install/om_aiv_msg/include/om_aiv_msg/srv/detail/arcl_listen__builder.hpp
[1.380s] -- Up-to-date: /home/omron/Omron_LD/install/om_aiv_msg/include/om_aiv_msg/srv/detail/arcl_listen__struct.hpp
[1.381s] -- Up-to-date: /home/omron/Omron_LD/install/om_aiv_msg/include/om_aiv_msg/srv/detail/arcl_listen__traits.hpp
[1.381s] -- Up-to-date: /home/omron/Omron_LD/install/om_aiv_msg/include/om_aiv_msg/srv/detail/arcl_api__traits.hpp
[1.381s] -- Up-to-date: /home/omron/Omron_LD/install/om_aiv_msg/include/om_aiv_msg/srv/detail/arcl_api__struct.hpp
[1.381s] -- Up-to-date: /home/omron/Omron_LD/install/om_aiv_msg/include/om_aiv_msg/srv/arcl_api.hpp
[1.381s] -- Up-to-date: /home/omron/Omron_LD/install/om_aiv_msg/include/om_aiv_msg
[1.381s] -- Up-to-date: /home/omron/Omron_LD/install/om_aiv_msg/include/om_aiv_msg/action
[1.381s] -- Up-to-date: /home/omron/Omron_LD/install/om_aiv_msg/include/om_aiv_msg/action/detail
[1.381s] -- Up-to-date: /home/omron/Omron_LD/install/om_aiv_msg/include/om_aiv_msg/action/detail/action__rosidl_typesupport_introspection_cpp.hpp
[1.381s] -- Up-to-date: /home/omron/Omron_LD/install/om_aiv_msg/include/om_aiv_msg/action/detail/action__type_support.cpp
[1.381s] -- Up-to-date: /home/omron/Omron_LD/install/om_aiv_msg/include/om_aiv_msg/msg
[1.381s] -- Up-to-date: /home/omron/Omron_LD/install/om_aiv_msg/include/om_aiv_msg/msg/detail
[1.381s] -- Up-to-date: /home/omron/Omron_LD/install/om_aiv_msg/include/om_aiv_msg/msg/detail/status__rosidl_typesupport_introspection_cpp.hpp
[1.381s] -- Up-to-date: /home/omron/Omron_LD/install/om_aiv_msg/include/om_aiv_msg/msg/detail/location__type_support.cpp
[1.381s] -- Up-to-date: /home/omron/Omron_LD/install/om_aiv_msg/include/om_aiv_msg/msg/detail/status__type_support.cpp
[1.381s] -- Up-to-date: /home/omron/Omron_LD/install/om_aiv_msg/include/om_aiv_msg/msg/detail/location__rosidl_typesupport_introspection_cpp.hpp
[1.381s] -- Up-to-date: /home/omron/Omron_LD/install/om_aiv_msg/include/om_aiv_msg/srv
[1.381s] -- Up-to-date: /home/omron/Omron_LD/install/om_aiv_msg/include/om_aiv_msg/srv/detail
[1.382s] -- Up-to-date: /home/omron/Omron_LD/install/om_aiv_msg/include/om_aiv_msg/srv/detail/arcl_listen__type_support.cpp
[1.382s] -- Up-to-date: /home/omron/Omron_LD/install/om_aiv_msg/include/om_aiv_msg/srv/detail/arcl_api__type_support.cpp
[1.382s] -- Up-to-date: /home/omron/Omron_LD/install/om_aiv_msg/include/om_aiv_msg/srv/detail/arcl_api__rosidl_typesupport_introspection_cpp.hpp
[1.382s] -- Up-to-date: /home/omron/Omron_LD/install/om_aiv_msg/include/om_aiv_msg/srv/detail/arcl_listen__rosidl_typesupport_introspection_cpp.hpp
[1.382s] -- Up-to-date: /home/omron/Omron_LD/install/om_aiv_msg/lib/libom_aiv_msg__rosidl_typesupport_introspection_cpp.so
[1.382s] -- Up-to-date: /home/omron/Omron_LD/install/om_aiv_msg/lib/libom_aiv_msg__rosidl_typesupport_cpp.so
[1.382s] -- Up-to-date: /home/omron/Omron_LD/install/om_aiv_msg/share/om_aiv_msg/environment/pythonpath.sh
[1.382s] -- Installing: /home/omron/Omron_LD/install/om_aiv_msg/share/om_aiv_msg/environment/pythonpath.dsv
[1.382s] -- Installing: /home/omron/Omron_LD/install/om_aiv_msg/lib/python3.8/site-packages/om_aiv_msg/__init__.py
[1.411s] Compiling '/home/omron/Omron_LD/install/om_aiv_msg/lib/python3.8/site-packages/om_aiv_msg/__init__.py'...
[1.417s] -- Up-to-date: /home/omron/Omron_LD/install/om_aiv_msg/lib/python3.8/site-packages/om_aiv_msg/msg
[1.417s] -- Up-to-date: /home/omron/Omron_LD/install/om_aiv_msg/lib/python3.8/site-packages/om_aiv_msg/msg/_location.py
[1.417s] -- Up-to-date: /home/omron/Omron_LD/install/om_aiv_msg/lib/python3.8/site-packages/om_aiv_msg/msg/_status_s.c
[1.417s] -- Up-to-date: /home/omron/Omron_LD/install/om_aiv_msg/lib/python3.8/site-packages/om_aiv_msg/msg/_status.py
[1.417s] -- Up-to-date: /home/omron/Omron_LD/install/om_aiv_msg/lib/python3.8/site-packages/om_aiv_msg/msg/__init__.py
[1.417s] -- Up-to-date: /home/omron/Omron_LD/install/om_aiv_msg/lib/python3.8/site-packages/om_aiv_msg/msg/_location_s.c
[1.418s] -- Up-to-date: /home/omron/Omron_LD/install/om_aiv_msg/lib/python3.8/site-packages/om_aiv_msg/srv
[1.418s] -- Up-to-date: /home/omron/Omron_LD/install/om_aiv_msg/lib/python3.8/site-packages/om_aiv_msg/srv/_arcl_api_s.c
[1.418s] -- Up-to-date: /home/omron/Omron_LD/install/om_aiv_msg/lib/python3.8/site-packages/om_aiv_msg/srv/_arcl_listen.py
[1.418s] -- Up-to-date: /home/omron/Omron_LD/install/om_aiv_msg/lib/python3.8/site-packages/om_aiv_msg/srv/__init__.py
[1.418s] -- Up-to-date: /home/omron/Omron_LD/install/om_aiv_msg/lib/python3.8/site-packages/om_aiv_msg/srv/_arcl_api.py
[1.418s] -- Up-to-date: /home/omron/Omron_LD/install/om_aiv_msg/lib/python3.8/site-packages/om_aiv_msg/srv/_arcl_listen_s.c
[1.418s] -- Up-to-date: /home/omron/Omron_LD/install/om_aiv_msg/lib/python3.8/site-packages/om_aiv_msg/action
[1.418s] -- Up-to-date: /home/omron/Omron_LD/install/om_aiv_msg/lib/python3.8/site-packages/om_aiv_msg/action/_action.py
[1.421s] -- Up-to-date: /home/omron/Omron_LD/install/om_aiv_msg/lib/python3.8/site-packages/om_aiv_msg/action/_action_s.c
[1.421s] -- Up-to-date: /home/omron/Omron_LD/install/om_aiv_msg/lib/python3.8/site-packages/om_aiv_msg/action/__init__.py
[1.421s] -- Up-to-date: /home/omron/Omron_LD/install/om_aiv_msg/lib/python3.8/site-packages/om_aiv_msg/om_aiv_msg_s__rosidl_typesupport_fastrtps_c.cpython-38-x86_64-linux-gnu.so
[1.421s] -- Up-to-date: /home/omron/Omron_LD/install/om_aiv_msg/lib/python3.8/site-packages/om_aiv_msg/om_aiv_msg_s__rosidl_typesupport_introspection_c.cpython-38-x86_64-linux-gnu.so
[1.421s] -- Up-to-date: /home/omron/Omron_LD/install/om_aiv_msg/lib/python3.8/site-packages/om_aiv_msg/om_aiv_msg_s__rosidl_typesupport_c.cpython-38-x86_64-linux-gnu.so
[1.421s] -- Up-to-date: /home/omron/Omron_LD/install/om_aiv_msg/lib/libom_aiv_msg__python.so
[1.421s] -- Up-to-date: /home/omron/Omron_LD/install/om_aiv_msg/share/om_aiv_msg/msg/Location.idl
[1.421s] -- Up-to-date: /home/omron/Omron_LD/install/om_aiv_msg/share/om_aiv_msg/msg/Status.idl
[1.422s] -- Up-to-date: /home/omron/Omron_LD/install/om_aiv_msg/share/om_aiv_msg/srv/ArclApi.idl
[1.422s] -- Up-to-date: /home/omron/Omron_LD/install/om_aiv_msg/share/om_aiv_msg/srv/ArclListen.idl
[1.422s] -- Up-to-date: /home/omron/Omron_LD/install/om_aiv_msg/share/om_aiv_msg/action/Action.idl
[1.423s] -- Up-to-date: /home/omron/Omron_LD/install/om_aiv_msg/share/om_aiv_msg/msg/Location.msg
[1.423s] -- Up-to-date: /home/omron/Omron_LD/install/om_aiv_msg/share/om_aiv_msg/msg/Status.msg
[1.424s] -- Up-to-date: /home/omron/Omron_LD/install/om_aiv_msg/share/om_aiv_msg/srv/ArclApi.srv
[1.424s] -- Up-to-date: /home/omron/Omron_LD/install/om_aiv_msg/share/om_aiv_msg/srv/ArclApi_Request.msg
[1.424s] -- Up-to-date: /home/omron/Omron_LD/install/om_aiv_msg/share/om_aiv_msg/srv/ArclApi_Response.msg
[1.424s] -- Up-to-date: /home/omron/Omron_LD/install/om_aiv_msg/share/om_aiv_msg/srv/ArclListen.srv
[1.424s] -- Up-to-date: /home/omron/Omron_LD/install/om_aiv_msg/share/om_aiv_msg/srv/ArclListen_Request.msg
[1.424s] -- Up-to-date: /home/omron/Omron_LD/install/om_aiv_msg/share/om_aiv_msg/srv/ArclListen_Response.msg
[1.424s] -- Up-to-date: /home/omron/Omron_LD/install/om_aiv_msg/share/om_aiv_msg/action/Action.action
[1.424s] -- Installing: /home/omron/Omron_LD/install/om_aiv_msg/share/ament_index/resource_index/package_run_dependencies/om_aiv_msg
[1.424s] -- Up-to-date: /home/omron/Omron_LD/install/om_aiv_msg/share/ament_index/resource_index/parent_prefix_path/om_aiv_msg
[1.424s] -- Up-to-date: /home/omron/Omron_LD/install/om_aiv_msg/share/om_aiv_msg/environment/ament_prefix_path.sh
[1.424s] -- Installing: /home/omron/Omron_LD/install/om_aiv_msg/share/om_aiv_msg/environment/ament_prefix_path.dsv
[1.424s] -- Up-to-date: /home/omron/Omron_LD/install/om_aiv_msg/share/om_aiv_msg/environment/path.sh
[1.424s] -- Installing: /home/omron/Omron_LD/install/om_aiv_msg/share/om_aiv_msg/environment/path.dsv
[1.425s] -- Up-to-date: /home/omron/Omron_LD/install/om_aiv_msg/share/om_aiv_msg/local_setup.bash
[1.425s] -- Up-to-date: /home/omron/Omron_LD/install/om_aiv_msg/share/om_aiv_msg/local_setup.sh
[1.425s] -- Up-to-date: /home/omron/Omron_LD/install/om_aiv_msg/share/om_aiv_msg/local_setup.zsh
[1.425s] -- Installing: /home/omron/Omron_LD/install/om_aiv_msg/share/om_aiv_msg/local_setup.dsv
[1.425s] -- Installing: /home/omron/Omron_LD/install/om_aiv_msg/share/om_aiv_msg/package.dsv
[1.425s] -- Up-to-date: /home/omron/Omron_LD/install/om_aiv_msg/share/ament_index/resource_index/packages/om_aiv_msg
[1.425s] -- Up-to-date: /home/omron/Omron_LD/install/om_aiv_msg/share/om_aiv_msg/cmake/om_aiv_msg__rosidl_generator_cExport.cmake
[1.425s] -- Installing: /home/omron/Omron_LD/install/om_aiv_msg/share/om_aiv_msg/cmake/om_aiv_msg__rosidl_generator_cExport-noconfig.cmake
[1.425s] -- Up-to-date: /home/omron/Omron_LD/install/om_aiv_msg/share/om_aiv_msg/cmake/om_aiv_msg__rosidl_typesupport_introspection_cExport.cmake
[1.425s] -- Installing: /home/omron/Omron_LD/install/om_aiv_msg/share/om_aiv_msg/cmake/om_aiv_msg__rosidl_typesupport_introspection_cExport-noconfig.cmake
[1.425s] -- Up-to-date: /home/omron/Omron_LD/install/om_aiv_msg/share/om_aiv_msg/cmake/om_aiv_msg__rosidl_typesupport_cExport.cmake
[1.425s] -- Installing: /home/omron/Omron_LD/install/om_aiv_msg/share/om_aiv_msg/cmake/om_aiv_msg__rosidl_typesupport_cExport-noconfig.cmake
[1.425s] -- Up-to-date: /home/omron/Omron_LD/install/om_aiv_msg/share/om_aiv_msg/cmake/om_aiv_msg__rosidl_generator_cppExport.cmake
[1.426s] -- Up-to-date: /home/omron/Omron_LD/install/om_aiv_msg/share/om_aiv_msg/cmake/om_aiv_msg__rosidl_typesupport_introspection_cppExport.cmake
[1.426s] -- Installing: /home/omron/Omron_LD/install/om_aiv_msg/share/om_aiv_msg/cmake/om_aiv_msg__rosidl_typesupport_introspection_cppExport-noconfig.cmake
[1.426s] -- Up-to-date: /home/omron/Omron_LD/install/om_aiv_msg/share/om_aiv_msg/cmake/om_aiv_msg__rosidl_typesupport_cppExport.cmake
[1.426s] -- Installing: /home/omron/Omron_LD/install/om_aiv_msg/share/om_aiv_msg/cmake/om_aiv_msg__rosidl_typesupport_cppExport-noconfig.cmake
[1.426s] -- Up-to-date: /home/omron/Omron_LD/install/om_aiv_msg/share/om_aiv_msg/cmake/rosidl_cmake-extras.cmake
[1.426s] -- Up-to-date: /home/omron/Omron_LD/install/om_aiv_msg/share/om_aiv_msg/cmake/ament_cmake_export_dependencies-extras.cmake
[1.426s] -- Up-to-date: /home/omron/Omron_LD/install/om_aiv_msg/share/om_aiv_msg/cmake/ament_cmake_export_libraries-extras.cmake
[1.426s] -- Up-to-date: /home/omron/Omron_LD/install/om_aiv_msg/share/om_aiv_msg/cmake/ament_cmake_export_targets-extras.cmake
[1.426s] -- Up-to-date: /home/omron/Omron_LD/install/om_aiv_msg/share/om_aiv_msg/cmake/ament_cmake_export_include_directories-extras.cmake
[1.427s] -- Up-to-date: /home/omron/Omron_LD/install/om_aiv_msg/share/om_aiv_msg/cmake/rosidl_cmake_export_typesupport_libraries-extras.cmake
[1.427s] -- Up-to-date: /home/omron/Omron_LD/install/om_aiv_msg/share/om_aiv_msg/cmake/rosidl_cmake_export_typesupport_targets-extras.cmake
[1.427s] -- Up-to-date: /home/omron/Omron_LD/install/om_aiv_msg/share/om_aiv_msg/cmake/om_aiv_msgConfig.cmake
[1.427s] -- Up-to-date: /home/omron/Omron_LD/install/om_aiv_msg/share/om_aiv_msg/cmake/om_aiv_msgConfig-version.cmake
[1.427s] -- Installing: /home/omron/Omron_LD/install/om_aiv_msg/share/om_aiv_msg/package.xml
[1.432s] Invoked command in '/home/omron/Omron_LD/build/om_aiv_msg' returned '0': CMAKE_PREFIX_PATH=${CMAKE_PREFIX_PATH}:/home/omron/Omron_LD/install/om_aiv_util:/home/omron/Omron_LD/install/om_aiv_navigation:/opt/ros/foxy /usr/bin/cmake --install /home/omron/Omron_LD/build/om_aiv_msg
