[0.032s] Invoking command in '/home/omron/Omron_LD/build/ld_visualisation': CMAKE_PREFIX_PATH=/home/omron/Omron_LD/install/om_aiv_msg:/home/omron/Omron_LD/install/ld_visualisation:/home/omron/Omron_LD/install/om_aiv_util:/home/omron/Omron_LD/install/om_aiv_navigation:/opt/ros/foxy PYTHONPATH=/home/omron/Omron_LD/install/om_aiv_msg/lib/python3.8/site-packages:/home/omron/Omron_LD/install/om_aiv_util/lib/python3.8/site-packages:/home/omron/Omron_LD/install/om_aiv_navigation/lib/python3.8/site-packages:/opt/ros/foxy/lib/python3.8/site-packages /usr/bin/cmake --build /home/omron/Omron_LD/build/ld_visualisation -- -j8 -l8
[0.227s] [ 33%] Built target goals_marker
[0.228s] [ 66%] Built target data_points_marker
[0.239s] [100%] Built target joints_publisher
[0.370s] Invoked command in '/home/omron/Omron_LD/build/ld_visualisation' returned '0': CMAKE_PREFIX_PATH=/home/omron/Omron_LD/install/om_aiv_msg:/home/omron/Omron_LD/install/ld_visualisation:/home/omron/Omron_LD/install/om_aiv_util:/home/omron/Omron_LD/install/om_aiv_navigation:/opt/ros/foxy PYTHONPATH=/home/omron/Omron_LD/install/om_aiv_msg/lib/python3.8/site-packages:/home/omron/Omron_LD/install/om_aiv_util/lib/python3.8/site-packages:/home/omron/Omron_LD/install/om_aiv_navigation/lib/python3.8/site-packages:/opt/ros/foxy/lib/python3.8/site-packages /usr/bin/cmake --build /home/omron/Omron_LD/build/ld_visualisation -- -j8 -l8
[0.453s] Invoking command in '/home/omron/Omron_LD/build/ld_visualisation': CMAKE_PREFIX_PATH=/home/omron/Omron_LD/install/om_aiv_msg:/home/omron/Omron_LD/install/ld_visualisation:/home/omron/Omron_LD/install/om_aiv_util:/home/omron/Omron_LD/install/om_aiv_navigation:/opt/ros/foxy PYTHONPATH=/home/omron/Omron_LD/install/om_aiv_msg/lib/python3.8/site-packages:/home/omron/Omron_LD/install/om_aiv_util/lib/python3.8/site-packages:/home/omron/Omron_LD/install/om_aiv_navigation/lib/python3.8/site-packages:/opt/ros/foxy/lib/python3.8/site-packages /usr/bin/cmake --install /home/omron/Omron_LD/build/ld_visualisation
[0.467s] -- Install configuration: ""
[0.467s] -- Installing: /home/omron/Omron_LD/install/ld_visualisation/lib/ld_visualisation/joints_publisher
[0.479s] -- Set runtime path of "/home/omron/Omron_LD/install/ld_visualisation/lib/ld_visualisation/joints_publisher" to ""
[0.486s] -- Installing: /home/omron/Omron_LD/install/ld_visualisation/lib/ld_visualisation/data_points_marker
[0.488s] -- Set runtime path of "/home/omron/Omron_LD/install/ld_visualisation/lib/ld_visualisation/data_points_marker" to ""
[0.494s] -- Installing: /home/omron/Omron_LD/install/ld_visualisation/lib/ld_visualisation/goals_marker
[0.500s] -- Set runtime path of "/home/omron/Omron_LD/install/ld_visualisation/lib/ld_visualisation/goals_marker" to ""
[0.500s] -- Installing: /home/omron/Omron_LD/install/ld_visualisation/share/ld_visualisation/launch
[0.500s] -- Installing: /home/omron/Omron_LD/install/ld_visualisation/share/ld_visualisation/launch/display.launch
[0.500s] -- Installing: /home/omron/Omron_LD/install/ld_visualisation/share/ld_visualisation/launch/display.launch.py
[0.500s] -- Installing: /home/omron/Omron_LD/install/ld_visualisation/share/ld_visualisation/config
[0.501s] -- Installing: /home/omron/Omron_LD/install/ld_visualisation/share/ld_visualisation/config/ld_rviz_config.rviz
[0.501s] -- Installing: /home/omron/Omron_LD/install/ld_visualisation/share/ld_visualisation/config/ld_rviz2.rviz
[0.501s] -- Installing: /home/omron/Omron_LD/install/ld_visualisation/share/ld_visualisation/map
[0.501s] -- Installing: /home/omron/Omron_LD/install/ld_visualisation/share/ld_visualisation/map/data.map
[0.502s] -- Installing: /home/omron/Omron_LD/install/ld_visualisation/share/ld_visualisation/meshes
[0.502s] -- Installing: /home/omron/Omron_LD/install/ld_visualisation/share/ld_visualisation/meshes/LD_Platform.STL
[0.562s] -- Installing: /home/omron/Omron_LD/install/ld_visualisation/share/ld_visualisation/param
[0.563s] -- Installing: /home/omron/Omron_LD/install/ld_visualisation/share/ld_visualisation/param/vis_param.yaml
[0.563s] -- Installing: /home/omron/Omron_LD/install/ld_visualisation/share/ld_visualisation/rviz
[0.563s] -- Installing: /home/omron/Omron_LD/install/ld_visualisation/share/ld_visualisation/rviz/urdf.rviz
[0.563s] -- Installing: /home/omron/Omron_LD/install/ld_visualisation/share/ld_visualisation/rviz/urdf.vcg
[0.563s] -- Installing: /home/omron/Omron_LD/install/ld_visualisation/share/ld_visualisation/urdf
[0.563s] -- Installing: /home/omron/Omron_LD/install/ld_visualisation/share/ld_visualisation/urdf/LD_Platform.urdf.xacro
[0.563s] -- Installing: /home/omron/Omron_LD/install/ld_visualisation/share/ld_visualisation/urdf/LD_Platform.urdf
[0.563s] -- Installing: /home/omron/Omron_LD/install/ld_visualisation/share/ament_index/resource_index/package_run_dependencies/ld_visualisation
[0.563s] -- Installing: /home/omron/Omron_LD/install/ld_visualisation/share/ament_index/resource_index/parent_prefix_path/ld_visualisation
[0.564s] -- Installing: /home/omron/Omron_LD/install/ld_visualisation/share/ld_visualisation/environment/ament_prefix_path.sh
[0.564s] -- Installing: /home/omron/Omron_LD/install/ld_visualisation/share/ld_visualisation/environment/ament_prefix_path.dsv
[0.564s] -- Installing: /home/omron/Omron_LD/install/ld_visualisation/share/ld_visualisation/environment/path.sh
[0.564s] -- Installing: /home/omron/Omron_LD/install/ld_visualisation/share/ld_visualisation/environment/path.dsv
[0.564s] -- Installing: /home/omron/Omron_LD/install/ld_visualisation/share/ld_visualisation/local_setup.bash
[0.564s] -- Installing: /home/omron/Omron_LD/install/ld_visualisation/share/ld_visualisation/local_setup.sh
[0.566s] -- Installing: /home/omron/Omron_LD/install/ld_visualisation/share/ld_visualisation/local_setup.zsh
[0.569s] -- Installing: /home/omron/Omron_LD/install/ld_visualisation/share/ld_visualisation/local_setup.dsv
[0.569s] -- Installing: /home/omron/Omron_LD/install/ld_visualisation/share/ld_visualisation/package.dsv
[0.569s] -- Installing: /home/omron/Omron_LD/install/ld_visualisation/share/ament_index/resource_index/packages/ld_visualisation
[0.570s] -- Installing: /home/omron/Omron_LD/install/ld_visualisation/share/ld_visualisation/cmake/ld_visualisationConfig.cmake
[0.570s] -- Installing: /home/omron/Omron_LD/install/ld_visualisation/share/ld_visualisation/cmake/ld_visualisationConfig-version.cmake
[0.571s] -- Installing: /home/omron/Omron_LD/install/ld_visualisation/share/ld_visualisation/package.xml
[0.585s] Invoked command in '/home/omron/Omron_LD/build/ld_visualisation' returned '0': CMAKE_PREFIX_PATH=/home/omron/Omron_LD/install/om_aiv_msg:/home/omron/Omron_LD/install/ld_visualisation:/home/omron/Omron_LD/install/om_aiv_util:/home/omron/Omron_LD/install/om_aiv_navigation:/opt/ros/foxy PYTHONPATH=/home/omron/Omron_LD/install/om_aiv_msg/lib/python3.8/site-packages:/home/omron/Omron_LD/install/om_aiv_util/lib/python3.8/site-packages:/home/omron/Omron_LD/install/om_aiv_navigation/lib/python3.8/site-packages:/opt/ros/foxy/lib/python3.8/site-packages /usr/bin/cmake --install /home/omron/Omron_LD/build/ld_visualisation
