[0.033s] Invoking command in '/home/omron/Omron_LD/build/om_aiv_msg': CMAKE_PREFIX_PATH=/opt/ros/foxy /usr/bin/cmake /home/omron/Omron_LD/src/om_aiv_msg -DCMAKE_INSTALL_PREFIX=/home/omron/Omron_LD/install/om_aiv_msg
[0.290s] -- The C compiler identification is GNU 9.3.0
[0.461s] -- The CXX compiler identification is GNU 9.3.0
[0.472s] -- Check for working C compiler: /usr/bin/cc
[0.549s] -- Check for working C compiler: /usr/bin/cc -- works
[0.551s] -- Detecting C compiler ABI info
[0.629s] -- Detecting C compiler ABI info - done
[0.641s] -- Detecting C compile features
[0.642s] -- Detecting C compile features - done
[0.646s] -- Check for working CXX compiler: /usr/bin/c++
[0.722s] -- Check for working CXX compiler: /usr/bin/c++ -- works
[0.723s] -- Detecting CXX compiler ABI info
[0.798s] -- Detecting CXX compiler ABI info - done
[0.817s] -- Detecting CXX compile features
[0.817s] -- Detecting CXX compile features - done
[0.836s] -- Found ament_cmake: 0.9.8 (/opt/ros/foxy/share/ament_cmake/cmake)
[0.864s] -- Found PythonInterp: /usr/bin/python3 (found suitable version "3.8.5", minimum required is "3") 
[0.864s] -- Using PYTHON_EXECUTABLE: /usr/bin/python3
[1.069s] -- Found rosidl_default_generators: 1.0.1 (/opt/ros/foxy/share/rosidl_default_generators/cmake)
[1.077s] -- Using all available rosidl_typesupport_c: rosidl_typesupport_fastrtps_c;rosidl_typesupport_introspection_c
[1.087s] -- Found rosidl_adapter: 1.2.1 (/opt/ros/foxy/share/rosidl_adapter/cmake)
[1.293s] -- Found OpenSSL: /usr/lib/x86_64-linux-gnu/libcrypto.so (found version "1.1.1f")  
[1.328s] -- Found FastRTPS: /opt/ros/foxy/include  
[1.414s] -- Using all available rosidl_typesupport_cpp: rosidl_typesupport_fastrtps_cpp;rosidl_typesupport_introspection_cpp
[1.467s] -- Found PythonInterp: /usr/bin/python3 (found version "3.8.5") 
[1.603s] -- Found ament_cmake_ros: 0.9.1 (/opt/ros/foxy/share/ament_cmake_ros/cmake)
[1.702s] -- Using all available rosidl_typesupport_c: rosidl_typesupport_fastrtps_c;rosidl_typesupport_introspection_c
[1.716s] -- Using all available rosidl_typesupport_cpp: rosidl_typesupport_fastrtps_cpp;rosidl_typesupport_introspection_cpp
[1.739s] -- Found PythonInterp: /usr/bin/python3 (found suitable version "3.8.5", minimum required is "3.5") 
[1.742s] -- Found python_cmake_module: 0.8.1 (/opt/ros/foxy/share/python_cmake_module/cmake)
[1.774s] -- Found PythonLibs: /usr/lib/x86_64-linux-gnu/libpython3.8.so (found suitable version "3.8.5", minimum required is "3.5") 
[1.774s] -- Using PYTHON_EXECUTABLE: /usr/bin/python3
[1.774s] -- Using PYTHON_INCLUDE_DIRS: /usr/include/python3.8
[1.775s] -- Using PYTHON_LIBRARIES: /usr/lib/x86_64-linux-gnu/libpython3.8.so
[1.818s] -- Found PythonExtra: .so  
[1.861s] -- Found ament_lint_auto: 0.9.6 (/opt/ros/foxy/share/ament_lint_auto/cmake)
[1.893s] -- Added test 'copyright' to check source files copyright and LICENSE
[1.895s] -- Added test 'lint_cmake' to check CMake code style
[1.897s] -- Added test 'xmllint' to check XML markup files
[1.903s] -- Configuring done
[1.949s] -- Generating done
[1.952s] -- Build files have been written to: /home/omron/Omron_LD/build/om_aiv_msg
[1.961s] Invoked command in '/home/omron/Omron_LD/build/om_aiv_msg' returned '0': CMAKE_PREFIX_PATH=/opt/ros/foxy /usr/bin/cmake /home/omron/Omron_LD/src/om_aiv_msg -DCMAKE_INSTALL_PREFIX=/home/omron/Omron_LD/install/om_aiv_msg
[1.964s] Invoking command in '/home/omron/Omron_LD/build/om_aiv_msg': CMAKE_PREFIX_PATH=/opt/ros/foxy /usr/bin/cmake --build /home/omron/Omron_LD/build/om_aiv_msg -- -j8 -l8
[2.006s] [  1%] [34m[1mGenerating C code for ROS interfaces[0m
[2.006s] [35m[1mScanning dependencies of target om_aiv_msg__cpp[0m
[2.021s] [  3%] [34m[1mGenerating C++ code for ROS interfaces[0m
[2.430s] [  3%] Built target om_aiv_msg__cpp
[2.445s] [  5%] [34m[1mGenerating C++ introspection for ROS interfaces[0m
[2.448s] [  7%] [34m[1mGenerating C++ type support for eProsima Fast-RTPS[0m
[2.454s] [  9%] [34m[1mGenerating C++ type support dispatch for ROS interfaces[0m
[2.472s] [35m[1mScanning dependencies of target om_aiv_msg__rosidl_generator_c[0m
[2.488s] [ 10%] [32mBuilding C object CMakeFiles/om_aiv_msg__rosidl_generator_c.dir/rosidl_generator_c/om_aiv_msg/msg/detail/location__functions.c.o[0m
[2.488s] [ 12%] [32mBuilding C object CMakeFiles/om_aiv_msg__rosidl_generator_c.dir/rosidl_generator_c/om_aiv_msg/msg/detail/status__functions.c.o[0m
[2.488s] [ 14%] [32mBuilding C object CMakeFiles/om_aiv_msg__rosidl_generator_c.dir/rosidl_generator_c/om_aiv_msg/srv/detail/arcl_api__functions.c.o[0m
[2.489s] [ 16%] [32mBuilding C object CMakeFiles/om_aiv_msg__rosidl_generator_c.dir/rosidl_generator_c/om_aiv_msg/srv/detail/arcl_listen__functions.c.o[0m
[2.561s] [ 18%] [32m[1mLinking C shared library libom_aiv_msg__rosidl_generator_c.so[0m
[2.595s] [ 18%] Built target om_aiv_msg__rosidl_generator_c
[2.611s] [ 20%] [34m[1mGenerating C type support dispatch for ROS interfaces[0m
[2.611s] [ 21%] [34m[1mGenerating C introspection for ROS interfaces[0m
[2.800s] [35m[1mScanning dependencies of target om_aiv_msg__rosidl_typesupport_introspection_cpp[0m
[2.824s] [ 23%] [32mBuilding CXX object CMakeFiles/om_aiv_msg__rosidl_typesupport_introspection_cpp.dir/rosidl_typesupport_introspection_cpp/om_aiv_msg/msg/detail/location__type_support.cpp.o[0m
[2.828s] [ 25%] [32mBuilding CXX object CMakeFiles/om_aiv_msg__rosidl_typesupport_introspection_cpp.dir/rosidl_typesupport_introspection_cpp/om_aiv_msg/srv/detail/arcl_listen__type_support.cpp.o[0m
[2.831s] [ 29%] [32mBuilding CXX object CMakeFiles/om_aiv_msg__rosidl_typesupport_introspection_cpp.dir/rosidl_typesupport_introspection_cpp/om_aiv_msg/msg/detail/status__type_support.cpp.o[0m
[2.842s] [ 29%] [32mBuilding CXX object CMakeFiles/om_aiv_msg__rosidl_typesupport_introspection_cpp.dir/rosidl_typesupport_introspection_cpp/om_aiv_msg/srv/detail/arcl_api__type_support.cpp.o[0m
[2.928s] [35m[1mScanning dependencies of target om_aiv_msg__rosidl_typesupport_cpp[0m
[2.937s] [35m[1mScanning dependencies of target om_aiv_msg__rosidl_typesupport_c[0m
[2.949s] [ 30%] [32mBuilding CXX object CMakeFiles/om_aiv_msg__rosidl_typesupport_cpp.dir/rosidl_typesupport_cpp/om_aiv_msg/msg/location__type_support.cpp.o[0m
[2.954s] [ 32%] [32mBuilding CXX object CMakeFiles/om_aiv_msg__rosidl_typesupport_c.dir/rosidl_typesupport_c/om_aiv_msg/msg/location__type_support.cpp.o[0m
[2.996s] [ 34%] [32mBuilding CXX object CMakeFiles/om_aiv_msg__rosidl_typesupport_c.dir/rosidl_typesupport_c/om_aiv_msg/msg/status__type_support.cpp.o[0m
[3.046s] [ 36%] [32mBuilding CXX object CMakeFiles/om_aiv_msg__rosidl_typesupport_c.dir/rosidl_typesupport_c/om_aiv_msg/srv/arcl_api__type_support.cpp.o[0m
[3.109s] [35m[1mScanning dependencies of target om_aiv_msg__rosidl_typesupport_fastrtps_cpp[0m
[3.121s] [ 38%] [32mBuilding CXX object CMakeFiles/om_aiv_msg__rosidl_typesupport_c.dir/rosidl_typesupport_c/om_aiv_msg/srv/arcl_listen__type_support.cpp.o[0m
[3.166s] [35m[1mScanning dependencies of target om_aiv_msg__rosidl_typesupport_introspection_c[0m
[3.188s] [ 40%] [32mBuilding CXX object CMakeFiles/om_aiv_msg__rosidl_typesupport_fastrtps_cpp.dir/rosidl_typesupport_fastrtps_cpp/om_aiv_msg/msg/detail/dds_fastrtps/location__type_support.cpp.o[0m
[3.206s] [ 41%] [32mBuilding C object CMakeFiles/om_aiv_msg__rosidl_typesupport_introspection_c.dir/rosidl_typesupport_introspection_c/om_aiv_msg/msg/detail/location__type_support.c.o[0m
[3.217s] [ 43%] [32m[1mLinking CXX shared library libom_aiv_msg__rosidl_typesupport_c.so[0m
[3.284s] [ 45%] [32mBuilding C object CMakeFiles/om_aiv_msg__rosidl_typesupport_introspection_c.dir/rosidl_typesupport_introspection_c/om_aiv_msg/msg/detail/status__type_support.c.o[0m
[3.289s] [ 45%] Built target om_aiv_msg__rosidl_typesupport_c
[3.301s] [ 47%] [32mBuilding C object CMakeFiles/om_aiv_msg__rosidl_typesupport_introspection_c.dir/rosidl_typesupport_introspection_c/om_aiv_msg/srv/detail/arcl_api__type_support.c.o[0m
[3.304s] [ 49%] [32mBuilding C object CMakeFiles/om_aiv_msg__rosidl_typesupport_introspection_c.dir/rosidl_typesupport_introspection_c/om_aiv_msg/srv/detail/arcl_listen__type_support.c.o[0m
[3.315s] [ 50%] [32mBuilding CXX object CMakeFiles/om_aiv_msg__rosidl_typesupport_fastrtps_cpp.dir/rosidl_typesupport_fastrtps_cpp/om_aiv_msg/msg/detail/dds_fastrtps/status__type_support.cpp.o[0m
[3.325s] [ 52%] [32mBuilding CXX object CMakeFiles/om_aiv_msg__rosidl_typesupport_fastrtps_cpp.dir/rosidl_typesupport_fastrtps_cpp/om_aiv_msg/srv/detail/dds_fastrtps/arcl_api__type_support.cpp.o[0m
[3.337s] [ 54%] [32mBuilding CXX object CMakeFiles/om_aiv_msg__rosidl_typesupport_fastrtps_cpp.dir/rosidl_typesupport_fastrtps_cpp/om_aiv_msg/srv/detail/dds_fastrtps/arcl_listen__type_support.cpp.o[0m
[3.343s] [ 56%] [32m[1mLinking CXX shared library libom_aiv_msg__rosidl_typesupport_introspection_cpp.so[0m
[3.364s] [ 58%] [32mBuilding CXX object CMakeFiles/om_aiv_msg__rosidl_typesupport_cpp.dir/rosidl_typesupport_cpp/om_aiv_msg/msg/status__type_support.cpp.o[0m
[3.371s] [ 60%] [32m[1mLinking C shared library libom_aiv_msg__rosidl_typesupport_introspection_c.so[0m
[3.386s] [ 61%] [32mBuilding CXX object CMakeFiles/om_aiv_msg__rosidl_typesupport_cpp.dir/rosidl_typesupport_cpp/om_aiv_msg/srv/arcl_api__type_support.cpp.o[0m
[3.441s] [ 61%] Built target om_aiv_msg__rosidl_typesupport_introspection_cpp
[3.454s] [ 63%] [32mBuilding CXX object CMakeFiles/om_aiv_msg__rosidl_typesupport_cpp.dir/rosidl_typesupport_cpp/om_aiv_msg/srv/arcl_listen__type_support.cpp.o[0m
[3.458s] [ 63%] Built target om_aiv_msg__rosidl_typesupport_introspection_c
[3.876s] [ 65%] [32m[1mLinking CXX shared library libom_aiv_msg__rosidl_typesupport_cpp.so[0m
[3.917s] [ 65%] Built target om_aiv_msg__rosidl_typesupport_cpp
[3.983s] [ 67%] [32m[1mLinking CXX shared library libom_aiv_msg__rosidl_typesupport_fastrtps_cpp.so[0m
[4.073s] [ 67%] Built target om_aiv_msg__rosidl_typesupport_fastrtps_cpp
[4.082s] [ 69%] [34m[1mGenerating C type support for eProsima Fast-RTPS[0m
[4.420s] [35m[1mScanning dependencies of target om_aiv_msg__rosidl_typesupport_fastrtps_c[0m
[4.443s] [ 72%] [32mBuilding CXX object CMakeFiles/om_aiv_msg__rosidl_typesupport_fastrtps_c.dir/rosidl_typesupport_fastrtps_c/om_aiv_msg/srv/detail/arcl_api__type_support_c.cpp.o[0m
[4.443s] [ 72%] [32mBuilding CXX object CMakeFiles/om_aiv_msg__rosidl_typesupport_fastrtps_c.dir/rosidl_typesupport_fastrtps_c/om_aiv_msg/msg/detail/location__type_support_c.cpp.o[0m
[4.446s] [ 74%] [32mBuilding CXX object CMakeFiles/om_aiv_msg__rosidl_typesupport_fastrtps_c.dir/rosidl_typesupport_fastrtps_c/om_aiv_msg/msg/detail/status__type_support_c.cpp.o[0m
[4.447s] [ 76%] [32mBuilding CXX object CMakeFiles/om_aiv_msg__rosidl_typesupport_fastrtps_c.dir/rosidl_typesupport_fastrtps_c/om_aiv_msg/srv/detail/arcl_listen__type_support_c.cpp.o[0m
[4.828s] [ 78%] [32m[1mLinking CXX shared library libom_aiv_msg__rosidl_typesupport_fastrtps_c.so[0m
[4.909s] [ 78%] Built target om_aiv_msg__rosidl_typesupport_fastrtps_c
[4.920s] [35m[1mScanning dependencies of target om_aiv_msg[0m
[4.930s] [ 78%] Built target om_aiv_msg
[4.939s] [35m[1mScanning dependencies of target om_aiv_msg__py[0m
[4.948s] [ 80%] [34m[1mGenerating Python code for ROS interfaces[0m
[5.787s] [ 80%] Built target om_aiv_msg__py
[5.796s] [35m[1mScanning dependencies of target om_aiv_msg__python[0m
[5.846s] [ 81%] [32mBuilding C object CMakeFiles/om_aiv_msg__python.dir/rosidl_generator_py/om_aiv_msg/msg/_location_s.c.o[0m
[5.846s] [ 83%] [32mBuilding C object CMakeFiles/om_aiv_msg__python.dir/rosidl_generator_py/om_aiv_msg/srv/_arcl_listen_s.c.o[0m
[5.849s] [ 87%] [32mBuilding C object CMakeFiles/om_aiv_msg__python.dir/rosidl_generator_py/om_aiv_msg/msg/_status_s.c.o[0m
[5.849s] [ 87%] [32mBuilding C object CMakeFiles/om_aiv_msg__python.dir/rosidl_generator_py/om_aiv_msg/srv/_arcl_api_s.c.o[0m
[5.954s] [ 89%] [32m[1mLinking C shared library rosidl_generator_py/om_aiv_msg/libom_aiv_msg__python.so[0m
[5.992s] [ 89%] Built target om_aiv_msg__python
[6.002s] [35m[1mScanning dependencies of target om_aiv_msg__rosidl_typesupport_fastrtps_c__pyext[0m
[6.002s] [35m[1mScanning dependencies of target om_aiv_msg__rosidl_typesupport_c__pyext[0m
[6.002s] [35m[1mScanning dependencies of target om_aiv_msg__rosidl_typesupport_introspection_c__pyext[0m
[6.022s] [ 92%] [32mBuilding C object CMakeFiles/om_aiv_msg__rosidl_typesupport_introspection_c__pyext.dir/rosidl_generator_py/om_aiv_msg/_om_aiv_msg_s.ep.rosidl_typesupport_introspection_c.c.o[0m
[6.022s] [ 92%] [32mBuilding C object CMakeFiles/om_aiv_msg__rosidl_typesupport_fastrtps_c__pyext.dir/rosidl_generator_py/om_aiv_msg/_om_aiv_msg_s.ep.rosidl_typesupport_fastrtps_c.c.o[0m
[6.024s] [ 94%] [32mBuilding C object CMakeFiles/om_aiv_msg__rosidl_typesupport_c__pyext.dir/rosidl_generator_py/om_aiv_msg/_om_aiv_msg_s.ep.rosidl_typesupport_c.c.o[0m
[6.115s] [ 96%] [32m[1mLinking C shared library rosidl_generator_py/om_aiv_msg/om_aiv_msg_s__rosidl_typesupport_introspection_c.cpython-38-x86_64-linux-gnu.so[0m
[6.116s] [ 98%] [32m[1mLinking C shared library rosidl_generator_py/om_aiv_msg/om_aiv_msg_s__rosidl_typesupport_c.cpython-38-x86_64-linux-gnu.so[0m
[6.117s] [100%] [32m[1mLinking CXX shared library rosidl_generator_py/om_aiv_msg/om_aiv_msg_s__rosidl_typesupport_fastrtps_c.cpython-38-x86_64-linux-gnu.so[0m
[6.152s] [100%] Built target om_aiv_msg__rosidl_typesupport_introspection_c__pyext
[6.152s] [100%] Built target om_aiv_msg__rosidl_typesupport_c__pyext
[6.180s] [100%] Built target om_aiv_msg__rosidl_typesupport_fastrtps_c__pyext
[6.191s] Invoked command in '/home/omron/Omron_LD/build/om_aiv_msg' returned '0': CMAKE_PREFIX_PATH=/opt/ros/foxy /usr/bin/cmake --build /home/omron/Omron_LD/build/om_aiv_msg -- -j8 -l8
[6.277s] Invoking command in '/home/omron/Omron_LD/build/om_aiv_msg': CMAKE_PREFIX_PATH=/opt/ros/foxy /usr/bin/cmake --install /home/omron/Omron_LD/build/om_aiv_msg
[6.288s] -- Install configuration: ""
[6.288s] -- Installing: /home/omron/Omron_LD/install/om_aiv_msg/share/ament_index/resource_index/rosidl_interfaces/om_aiv_msg
[6.288s] -- Installing: /home/omron/Omron_LD/install/om_aiv_msg/include/om_aiv_msg
[6.289s] -- Installing: /home/omron/Omron_LD/install/om_aiv_msg/include/om_aiv_msg/msg
[6.289s] -- Installing: /home/omron/Omron_LD/install/om_aiv_msg/include/om_aiv_msg/msg/location.h
[6.289s] -- Installing: /home/omron/Omron_LD/install/om_aiv_msg/include/om_aiv_msg/msg/detail
[6.289s] -- Installing: /home/omron/Omron_LD/install/om_aiv_msg/include/om_aiv_msg/msg/detail/location__functions.c
[6.289s] -- Installing: /home/omron/Omron_LD/install/om_aiv_msg/include/om_aiv_msg/msg/detail/status__struct.h
[6.289s] -- Installing: /home/omron/Omron_LD/install/om_aiv_msg/include/om_aiv_msg/msg/detail/status__functions.c
[6.289s] -- Installing: /home/omron/Omron_LD/install/om_aiv_msg/include/om_aiv_msg/msg/detail/status__functions.h
[6.289s] -- Installing: /home/omron/Omron_LD/install/om_aiv_msg/include/om_aiv_msg/msg/detail/status__type_support.h
[6.289s] -- Installing: /home/omron/Omron_LD/install/om_aiv_msg/include/om_aiv_msg/msg/detail/location__functions.h
[6.289s] -- Installing: /home/omron/Omron_LD/install/om_aiv_msg/include/om_aiv_msg/msg/detail/location__struct.h
[6.289s] -- Installing: /home/omron/Omron_LD/install/om_aiv_msg/include/om_aiv_msg/msg/detail/location__type_support.h
[6.290s] -- Installing: /home/omron/Omron_LD/install/om_aiv_msg/include/om_aiv_msg/msg/rosidl_generator_c__visibility_control.h
[6.290s] -- Installing: /home/omron/Omron_LD/install/om_aiv_msg/include/om_aiv_msg/msg/status.h
[6.290s] -- Installing: /home/omron/Omron_LD/install/om_aiv_msg/include/om_aiv_msg/srv
[6.290s] -- Installing: /home/omron/Omron_LD/install/om_aiv_msg/include/om_aiv_msg/srv/arcl_listen.h
[6.290s] -- Installing: /home/omron/Omron_LD/install/om_aiv_msg/include/om_aiv_msg/srv/detail
[6.290s] -- Installing: /home/omron/Omron_LD/install/om_aiv_msg/include/om_aiv_msg/srv/detail/arcl_api__type_support.h
[6.290s] -- Installing: /home/omron/Omron_LD/install/om_aiv_msg/include/om_aiv_msg/srv/detail/arcl_api__struct.h
[6.290s] -- Installing: /home/omron/Omron_LD/install/om_aiv_msg/include/om_aiv_msg/srv/detail/arcl_listen__type_support.h
[6.290s] -- Installing: /home/omron/Omron_LD/install/om_aiv_msg/include/om_aiv_msg/srv/detail/arcl_api__functions.c
[6.290s] -- Installing: /home/omron/Omron_LD/install/om_aiv_msg/include/om_aiv_msg/srv/detail/arcl_api__functions.h
[6.290s] -- Installing: /home/omron/Omron_LD/install/om_aiv_msg/include/om_aiv_msg/srv/detail/arcl_listen__functions.c
[6.290s] -- Installing: /home/omron/Omron_LD/install/om_aiv_msg/include/om_aiv_msg/srv/detail/arcl_listen__functions.h
[6.290s] -- Installing: /home/omron/Omron_LD/install/om_aiv_msg/include/om_aiv_msg/srv/detail/arcl_listen__struct.h
[6.291s] -- Installing: /home/omron/Omron_LD/install/om_aiv_msg/include/om_aiv_msg/srv/arcl_api.h
[6.291s] -- Installing: /home/omron/Omron_LD/install/om_aiv_msg/share/om_aiv_msg/environment/library_path.sh
[6.291s] -- Installing: /home/omron/Omron_LD/install/om_aiv_msg/share/om_aiv_msg/environment/library_path.dsv
[6.291s] -- Installing: /home/omron/Omron_LD/install/om_aiv_msg/lib/libom_aiv_msg__rosidl_generator_c.so
[6.291s] -- Set runtime path of "/home/omron/Omron_LD/install/om_aiv_msg/lib/libom_aiv_msg__rosidl_generator_c.so" to ""
[6.291s] -- Up-to-date: /home/omron/Omron_LD/install/om_aiv_msg/include/om_aiv_msg
[6.291s] -- Up-to-date: /home/omron/Omron_LD/install/om_aiv_msg/include/om_aiv_msg/msg
[6.291s] -- Installing: /home/omron/Omron_LD/install/om_aiv_msg/include/om_aiv_msg/msg/rosidl_typesupport_fastrtps_c__visibility_control.h
[6.292s] -- Up-to-date: /home/omron/Omron_LD/install/om_aiv_msg/include/om_aiv_msg/msg/detail
[6.292s] -- Installing: /home/omron/Omron_LD/install/om_aiv_msg/include/om_aiv_msg/msg/detail/status__rosidl_typesupport_fastrtps_c.h
[6.292s] -- Installing: /home/omron/Omron_LD/install/om_aiv_msg/include/om_aiv_msg/msg/detail/location__rosidl_typesupport_fastrtps_c.h
[6.292s] -- Up-to-date: /home/omron/Omron_LD/install/om_aiv_msg/include/om_aiv_msg/srv
[6.292s] -- Up-to-date: /home/omron/Omron_LD/install/om_aiv_msg/include/om_aiv_msg/srv/detail
[6.292s] -- Installing: /home/omron/Omron_LD/install/om_aiv_msg/include/om_aiv_msg/srv/detail/arcl_listen__rosidl_typesupport_fastrtps_c.h
[6.292s] -- Installing: /home/omron/Omron_LD/install/om_aiv_msg/include/om_aiv_msg/srv/detail/arcl_api__rosidl_typesupport_fastrtps_c.h
[6.292s] -- Installing: /home/omron/Omron_LD/install/om_aiv_msg/lib/libom_aiv_msg__rosidl_typesupport_fastrtps_c.so
[6.292s] -- Set runtime path of "/home/omron/Omron_LD/install/om_aiv_msg/lib/libom_aiv_msg__rosidl_typesupport_fastrtps_c.so" to ""
[6.293s] -- Up-to-date: /home/omron/Omron_LD/install/om_aiv_msg/include/om_aiv_msg
[6.293s] -- Up-to-date: /home/omron/Omron_LD/install/om_aiv_msg/include/om_aiv_msg/msg
[6.293s] -- Installing: /home/omron/Omron_LD/install/om_aiv_msg/include/om_aiv_msg/msg/rosidl_typesupport_fastrtps_cpp__visibility_control.h
[6.293s] -- Up-to-date: /home/omron/Omron_LD/install/om_aiv_msg/include/om_aiv_msg/msg/detail
[6.293s] -- Installing: /home/omron/Omron_LD/install/om_aiv_msg/include/om_aiv_msg/msg/detail/dds_fastrtps
[6.293s] -- Installing: /home/omron/Omron_LD/install/om_aiv_msg/include/om_aiv_msg/msg/detail/location__rosidl_typesupport_fastrtps_cpp.hpp
[6.293s] -- Installing: /home/omron/Omron_LD/install/om_aiv_msg/include/om_aiv_msg/msg/detail/status__rosidl_typesupport_fastrtps_cpp.hpp
[6.293s] -- Up-to-date: /home/omron/Omron_LD/install/om_aiv_msg/include/om_aiv_msg/srv
[6.293s] -- Up-to-date: /home/omron/Omron_LD/install/om_aiv_msg/include/om_aiv_msg/srv/detail
[6.293s] -- Installing: /home/omron/Omron_LD/install/om_aiv_msg/include/om_aiv_msg/srv/detail/dds_fastrtps
[6.293s] -- Installing: /home/omron/Omron_LD/install/om_aiv_msg/include/om_aiv_msg/srv/detail/arcl_api__rosidl_typesupport_fastrtps_cpp.hpp
[6.293s] -- Installing: /home/omron/Omron_LD/install/om_aiv_msg/include/om_aiv_msg/srv/detail/arcl_listen__rosidl_typesupport_fastrtps_cpp.hpp
[6.293s] -- Installing: /home/omron/Omron_LD/install/om_aiv_msg/lib/libom_aiv_msg__rosidl_typesupport_fastrtps_cpp.so
[6.294s] -- Set runtime path of "/home/omron/Omron_LD/install/om_aiv_msg/lib/libom_aiv_msg__rosidl_typesupport_fastrtps_cpp.so" to ""
[6.294s] -- Up-to-date: /home/omron/Omron_LD/install/om_aiv_msg/include/om_aiv_msg
[6.294s] -- Up-to-date: /home/omron/Omron_LD/install/om_aiv_msg/include/om_aiv_msg/msg
[6.294s] -- Installing: /home/omron/Omron_LD/install/om_aiv_msg/include/om_aiv_msg/msg/rosidl_typesupport_introspection_c__visibility_control.h
[6.294s] -- Up-to-date: /home/omron/Omron_LD/install/om_aiv_msg/include/om_aiv_msg/msg/detail
[6.294s] -- Installing: /home/omron/Omron_LD/install/om_aiv_msg/include/om_aiv_msg/msg/detail/location__type_support.c
[6.294s] -- Installing: /home/omron/Omron_LD/install/om_aiv_msg/include/om_aiv_msg/msg/detail/location__rosidl_typesupport_introspection_c.h
[6.295s] -- Installing: /home/omron/Omron_LD/install/om_aiv_msg/include/om_aiv_msg/msg/detail/status__type_support.c
[6.295s] -- Installing: /home/omron/Omron_LD/install/om_aiv_msg/include/om_aiv_msg/msg/detail/status__rosidl_typesupport_introspection_c.h
[6.295s] -- Up-to-date: /home/omron/Omron_LD/install/om_aiv_msg/include/om_aiv_msg/srv
[6.295s] -- Up-to-date: /home/omron/Omron_LD/install/om_aiv_msg/include/om_aiv_msg/srv/detail
[6.295s] -- Installing: /home/omron/Omron_LD/install/om_aiv_msg/include/om_aiv_msg/srv/detail/arcl_listen__type_support.c
[6.295s] -- Installing: /home/omron/Omron_LD/install/om_aiv_msg/include/om_aiv_msg/srv/detail/arcl_listen__rosidl_typesupport_introspection_c.h
[6.295s] -- Installing: /home/omron/Omron_LD/install/om_aiv_msg/include/om_aiv_msg/srv/detail/arcl_api__rosidl_typesupport_introspection_c.h
[6.295s] -- Installing: /home/omron/Omron_LD/install/om_aiv_msg/include/om_aiv_msg/srv/detail/arcl_api__type_support.c
[6.295s] -- Installing: /home/omron/Omron_LD/install/om_aiv_msg/lib/libom_aiv_msg__rosidl_typesupport_introspection_c.so
[6.295s] -- Set runtime path of "/home/omron/Omron_LD/install/om_aiv_msg/lib/libom_aiv_msg__rosidl_typesupport_introspection_c.so" to ""
[6.295s] -- Installing: /home/omron/Omron_LD/install/om_aiv_msg/lib/libom_aiv_msg__rosidl_typesupport_c.so
[6.296s] -- Set runtime path of "/home/omron/Omron_LD/install/om_aiv_msg/lib/libom_aiv_msg__rosidl_typesupport_c.so" to ""
[6.296s] -- Up-to-date: /home/omron/Omron_LD/install/om_aiv_msg/include/om_aiv_msg
[6.296s] -- Up-to-date: /home/omron/Omron_LD/install/om_aiv_msg/include/om_aiv_msg/msg
[6.296s] -- Installing: /home/omron/Omron_LD/install/om_aiv_msg/include/om_aiv_msg/msg/status.hpp
[6.296s] -- Installing: /home/omron/Omron_LD/install/om_aiv_msg/include/om_aiv_msg/msg/location.hpp
[6.296s] -- Up-to-date: /home/omron/Omron_LD/install/om_aiv_msg/include/om_aiv_msg/msg/detail
[6.296s] -- Installing: /home/omron/Omron_LD/install/om_aiv_msg/include/om_aiv_msg/msg/detail/location__traits.hpp
[6.296s] -- Installing: /home/omron/Omron_LD/install/om_aiv_msg/include/om_aiv_msg/msg/detail/status__struct.hpp
[6.296s] -- Installing: /home/omron/Omron_LD/install/om_aiv_msg/include/om_aiv_msg/msg/detail/location__builder.hpp
[6.296s] -- Installing: /home/omron/Omron_LD/install/om_aiv_msg/include/om_aiv_msg/msg/detail/status__traits.hpp
[6.297s] -- Installing: /home/omron/Omron_LD/install/om_aiv_msg/include/om_aiv_msg/msg/detail/status__builder.hpp
[6.297s] -- Installing: /home/omron/Omron_LD/install/om_aiv_msg/include/om_aiv_msg/msg/detail/location__struct.hpp
[6.297s] -- Up-to-date: /home/omron/Omron_LD/install/om_aiv_msg/include/om_aiv_msg/srv
[6.297s] -- Installing: /home/omron/Omron_LD/install/om_aiv_msg/include/om_aiv_msg/srv/arcl_listen.hpp
[6.297s] -- Up-to-date: /home/omron/Omron_LD/install/om_aiv_msg/include/om_aiv_msg/srv/detail
[6.297s] -- Installing: /home/omron/Omron_LD/install/om_aiv_msg/include/om_aiv_msg/srv/detail/arcl_api__builder.hpp
[6.297s] -- Installing: /home/omron/Omron_LD/install/om_aiv_msg/include/om_aiv_msg/srv/detail/arcl_listen__builder.hpp
[6.297s] -- Installing: /home/omron/Omron_LD/install/om_aiv_msg/include/om_aiv_msg/srv/detail/arcl_listen__struct.hpp
[6.297s] -- Installing: /home/omron/Omron_LD/install/om_aiv_msg/include/om_aiv_msg/srv/detail/arcl_listen__traits.hpp
[6.297s] -- Installing: /home/omron/Omron_LD/install/om_aiv_msg/include/om_aiv_msg/srv/detail/arcl_api__traits.hpp
[6.297s] -- Installing: /home/omron/Omron_LD/install/om_aiv_msg/include/om_aiv_msg/srv/detail/arcl_api__struct.hpp
[6.298s] -- Installing: /home/omron/Omron_LD/install/om_aiv_msg/include/om_aiv_msg/srv/arcl_api.hpp
[6.298s] -- Up-to-date: /home/omron/Omron_LD/install/om_aiv_msg/include/om_aiv_msg
[6.298s] -- Up-to-date: /home/omron/Omron_LD/install/om_aiv_msg/include/om_aiv_msg/msg
[6.298s] -- Up-to-date: /home/omron/Omron_LD/install/om_aiv_msg/include/om_aiv_msg/msg/detail
[6.298s] -- Installing: /home/omron/Omron_LD/install/om_aiv_msg/include/om_aiv_msg/msg/detail/status__rosidl_typesupport_introspection_cpp.hpp
[6.298s] -- Installing: /home/omron/Omron_LD/install/om_aiv_msg/include/om_aiv_msg/msg/detail/location__type_support.cpp
[6.298s] -- Installing: /home/omron/Omron_LD/install/om_aiv_msg/include/om_aiv_msg/msg/detail/status__type_support.cpp
[6.298s] -- Installing: /home/omron/Omron_LD/install/om_aiv_msg/include/om_aiv_msg/msg/detail/location__rosidl_typesupport_introspection_cpp.hpp
[6.298s] -- Up-to-date: /home/omron/Omron_LD/install/om_aiv_msg/include/om_aiv_msg/srv
[6.298s] -- Up-to-date: /home/omron/Omron_LD/install/om_aiv_msg/include/om_aiv_msg/srv/detail
[6.298s] -- Installing: /home/omron/Omron_LD/install/om_aiv_msg/include/om_aiv_msg/srv/detail/arcl_listen__type_support.cpp
[6.298s] -- Installing: /home/omron/Omron_LD/install/om_aiv_msg/include/om_aiv_msg/srv/detail/arcl_api__type_support.cpp
[6.298s] -- Installing: /home/omron/Omron_LD/install/om_aiv_msg/include/om_aiv_msg/srv/detail/arcl_api__rosidl_typesupport_introspection_cpp.hpp
[6.298s] -- Installing: /home/omron/Omron_LD/install/om_aiv_msg/include/om_aiv_msg/srv/detail/arcl_listen__rosidl_typesupport_introspection_cpp.hpp
[6.299s] -- Installing: /home/omron/Omron_LD/install/om_aiv_msg/lib/libom_aiv_msg__rosidl_typesupport_introspection_cpp.so
[6.299s] -- Set runtime path of "/home/omron/Omron_LD/install/om_aiv_msg/lib/libom_aiv_msg__rosidl_typesupport_introspection_cpp.so" to ""
[6.299s] -- Installing: /home/omron/Omron_LD/install/om_aiv_msg/lib/libom_aiv_msg__rosidl_typesupport_cpp.so
[6.299s] -- Set runtime path of "/home/omron/Omron_LD/install/om_aiv_msg/lib/libom_aiv_msg__rosidl_typesupport_cpp.so" to ""
[6.299s] -- Installing: /home/omron/Omron_LD/install/om_aiv_msg/share/om_aiv_msg/environment/pythonpath.sh
[6.299s] -- Installing: /home/omron/Omron_LD/install/om_aiv_msg/share/om_aiv_msg/environment/pythonpath.dsv
[6.299s] -- Installing: /home/omron/Omron_LD/install/om_aiv_msg/lib/python3.8/site-packages/om_aiv_msg/__init__.py
[6.332s] Compiling '/home/omron/Omron_LD/install/om_aiv_msg/lib/python3.8/site-packages/om_aiv_msg/__init__.py'...
[6.336s] -- Installing: /home/omron/Omron_LD/install/om_aiv_msg/lib/python3.8/site-packages/om_aiv_msg/msg
[6.337s] -- Installing: /home/omron/Omron_LD/install/om_aiv_msg/lib/python3.8/site-packages/om_aiv_msg/msg/_location.py
[6.337s] -- Installing: /home/omron/Omron_LD/install/om_aiv_msg/lib/python3.8/site-packages/om_aiv_msg/msg/_status_s.c
[6.337s] -- Installing: /home/omron/Omron_LD/install/om_aiv_msg/lib/python3.8/site-packages/om_aiv_msg/msg/_status.py
[6.337s] -- Installing: /home/omron/Omron_LD/install/om_aiv_msg/lib/python3.8/site-packages/om_aiv_msg/msg/__init__.py
[6.337s] -- Installing: /home/omron/Omron_LD/install/om_aiv_msg/lib/python3.8/site-packages/om_aiv_msg/msg/_location_s.c
[6.337s] -- Installing: /home/omron/Omron_LD/install/om_aiv_msg/lib/python3.8/site-packages/om_aiv_msg/srv
[6.338s] -- Installing: /home/omron/Omron_LD/install/om_aiv_msg/lib/python3.8/site-packages/om_aiv_msg/srv/_arcl_api_s.c
[6.338s] -- Installing: /home/omron/Omron_LD/install/om_aiv_msg/lib/python3.8/site-packages/om_aiv_msg/srv/_arcl_listen.py
[6.338s] -- Installing: /home/omron/Omron_LD/install/om_aiv_msg/lib/python3.8/site-packages/om_aiv_msg/srv/__init__.py
[6.338s] -- Installing: /home/omron/Omron_LD/install/om_aiv_msg/lib/python3.8/site-packages/om_aiv_msg/srv/_arcl_api.py
[6.338s] -- Installing: /home/omron/Omron_LD/install/om_aiv_msg/lib/python3.8/site-packages/om_aiv_msg/srv/_arcl_listen_s.c
[6.338s] -- Installing: /home/omron/Omron_LD/install/om_aiv_msg/lib/python3.8/site-packages/om_aiv_msg/om_aiv_msg_s__rosidl_typesupport_fastrtps_c.cpython-38-x86_64-linux-gnu.so
[6.338s] -- Set runtime path of "/home/omron/Omron_LD/install/om_aiv_msg/lib/python3.8/site-packages/om_aiv_msg/om_aiv_msg_s__rosidl_typesupport_fastrtps_c.cpython-38-x86_64-linux-gnu.so" to ""
[6.339s] -- Installing: /home/omron/Omron_LD/install/om_aiv_msg/lib/python3.8/site-packages/om_aiv_msg/om_aiv_msg_s__rosidl_typesupport_introspection_c.cpython-38-x86_64-linux-gnu.so
[6.339s] -- Set runtime path of "/home/omron/Omron_LD/install/om_aiv_msg/lib/python3.8/site-packages/om_aiv_msg/om_aiv_msg_s__rosidl_typesupport_introspection_c.cpython-38-x86_64-linux-gnu.so" to ""
[6.339s] -- Installing: /home/omron/Omron_LD/install/om_aiv_msg/lib/python3.8/site-packages/om_aiv_msg/om_aiv_msg_s__rosidl_typesupport_c.cpython-38-x86_64-linux-gnu.so
[6.340s] -- Set runtime path of "/home/omron/Omron_LD/install/om_aiv_msg/lib/python3.8/site-packages/om_aiv_msg/om_aiv_msg_s__rosidl_typesupport_c.cpython-38-x86_64-linux-gnu.so" to ""
[6.340s] -- Installing: /home/omron/Omron_LD/install/om_aiv_msg/lib/libom_aiv_msg__python.so
[6.340s] -- Set runtime path of "/home/omron/Omron_LD/install/om_aiv_msg/lib/libom_aiv_msg__python.so" to ""
[6.341s] -- Installing: /home/omron/Omron_LD/install/om_aiv_msg/share/om_aiv_msg/msg/Location.idl
[6.341s] -- Installing: /home/omron/Omron_LD/install/om_aiv_msg/share/om_aiv_msg/msg/Status.idl
[6.341s] -- Installing: /home/omron/Omron_LD/install/om_aiv_msg/share/om_aiv_msg/srv/ArclApi.idl
[6.341s] -- Installing: /home/omron/Omron_LD/install/om_aiv_msg/share/om_aiv_msg/srv/ArclListen.idl
[6.341s] -- Installing: /home/omron/Omron_LD/install/om_aiv_msg/share/om_aiv_msg/msg/Location.msg
[6.341s] -- Installing: /home/omron/Omron_LD/install/om_aiv_msg/share/om_aiv_msg/msg/Status.msg
[6.342s] -- Installing: /home/omron/Omron_LD/install/om_aiv_msg/share/om_aiv_msg/srv/ArclApi.srv
[6.342s] -- Installing: /home/omron/Omron_LD/install/om_aiv_msg/share/om_aiv_msg/srv/ArclApi_Request.msg
[6.342s] -- Installing: /home/omron/Omron_LD/install/om_aiv_msg/share/om_aiv_msg/srv/ArclApi_Response.msg
[6.342s] -- Installing: /home/omron/Omron_LD/install/om_aiv_msg/share/om_aiv_msg/srv/ArclListen.srv
[6.342s] -- Installing: /home/omron/Omron_LD/install/om_aiv_msg/share/om_aiv_msg/srv/ArclListen_Request.msg
[6.342s] -- Installing: /home/omron/Omron_LD/install/om_aiv_msg/share/om_aiv_msg/srv/ArclListen_Response.msg
[6.342s] -- Installing: /home/omron/Omron_LD/install/om_aiv_msg/share/ament_index/resource_index/package_run_dependencies/om_aiv_msg
[6.343s] -- Installing: /home/omron/Omron_LD/install/om_aiv_msg/share/ament_index/resource_index/parent_prefix_path/om_aiv_msg
[6.343s] -- Installing: /home/omron/Omron_LD/install/om_aiv_msg/share/om_aiv_msg/environment/ament_prefix_path.sh
[6.343s] -- Installing: /home/omron/Omron_LD/install/om_aiv_msg/share/om_aiv_msg/environment/ament_prefix_path.dsv
[6.343s] -- Installing: /home/omron/Omron_LD/install/om_aiv_msg/share/om_aiv_msg/environment/path.sh
[6.343s] -- Installing: /home/omron/Omron_LD/install/om_aiv_msg/share/om_aiv_msg/environment/path.dsv
[6.343s] -- Installing: /home/omron/Omron_LD/install/om_aiv_msg/share/om_aiv_msg/local_setup.bash
[6.343s] -- Installing: /home/omron/Omron_LD/install/om_aiv_msg/share/om_aiv_msg/local_setup.sh
[6.344s] -- Installing: /home/omron/Omron_LD/install/om_aiv_msg/share/om_aiv_msg/local_setup.zsh
[6.344s] -- Installing: /home/omron/Omron_LD/install/om_aiv_msg/share/om_aiv_msg/local_setup.dsv
[6.344s] -- Installing: /home/omron/Omron_LD/install/om_aiv_msg/share/om_aiv_msg/package.dsv
[6.344s] -- Installing: /home/omron/Omron_LD/install/om_aiv_msg/share/ament_index/resource_index/packages/om_aiv_msg
[6.344s] -- Installing: /home/omron/Omron_LD/install/om_aiv_msg/share/om_aiv_msg/cmake/om_aiv_msg__rosidl_generator_cExport.cmake
[6.344s] -- Installing: /home/omron/Omron_LD/install/om_aiv_msg/share/om_aiv_msg/cmake/om_aiv_msg__rosidl_generator_cExport-noconfig.cmake
[6.344s] -- Installing: /home/omron/Omron_LD/install/om_aiv_msg/share/om_aiv_msg/cmake/om_aiv_msg__rosidl_typesupport_introspection_cExport.cmake
[6.345s] -- Installing: /home/omron/Omron_LD/install/om_aiv_msg/share/om_aiv_msg/cmake/om_aiv_msg__rosidl_typesupport_introspection_cExport-noconfig.cmake
[6.345s] -- Installing: /home/omron/Omron_LD/install/om_aiv_msg/share/om_aiv_msg/cmake/om_aiv_msg__rosidl_typesupport_cExport.cmake
[6.345s] -- Installing: /home/omron/Omron_LD/install/om_aiv_msg/share/om_aiv_msg/cmake/om_aiv_msg__rosidl_typesupport_cExport-noconfig.cmake
[6.345s] -- Installing: /home/omron/Omron_LD/install/om_aiv_msg/share/om_aiv_msg/cmake/om_aiv_msg__rosidl_generator_cppExport.cmake
[6.345s] -- Installing: /home/omron/Omron_LD/install/om_aiv_msg/share/om_aiv_msg/cmake/om_aiv_msg__rosidl_typesupport_introspection_cppExport.cmake
[6.345s] -- Installing: /home/omron/Omron_LD/install/om_aiv_msg/share/om_aiv_msg/cmake/om_aiv_msg__rosidl_typesupport_introspection_cppExport-noconfig.cmake
[6.346s] -- Installing: /home/omron/Omron_LD/install/om_aiv_msg/share/om_aiv_msg/cmake/om_aiv_msg__rosidl_typesupport_cppExport.cmake
[6.346s] -- Installing: /home/omron/Omron_LD/install/om_aiv_msg/share/om_aiv_msg/cmake/om_aiv_msg__rosidl_typesupport_cppExport-noconfig.cmake
[6.346s] -- Installing: /home/omron/Omron_LD/install/om_aiv_msg/share/om_aiv_msg/cmake/rosidl_cmake-extras.cmake
[6.346s] -- Installing: /home/omron/Omron_LD/install/om_aiv_msg/share/om_aiv_msg/cmake/ament_cmake_export_dependencies-extras.cmake
[6.346s] -- Installing: /home/omron/Omron_LD/install/om_aiv_msg/share/om_aiv_msg/cmake/ament_cmake_export_libraries-extras.cmake
[6.346s] -- Installing: /home/omron/Omron_LD/install/om_aiv_msg/share/om_aiv_msg/cmake/ament_cmake_export_targets-extras.cmake
[6.346s] -- Installing: /home/omron/Omron_LD/install/om_aiv_msg/share/om_aiv_msg/cmake/ament_cmake_export_include_directories-extras.cmake
[6.347s] -- Installing: /home/omron/Omron_LD/install/om_aiv_msg/share/om_aiv_msg/cmake/rosidl_cmake_export_typesupport_libraries-extras.cmake
[6.347s] -- Installing: /home/omron/Omron_LD/install/om_aiv_msg/share/om_aiv_msg/cmake/rosidl_cmake_export_typesupport_targets-extras.cmake
[6.347s] -- Installing: /home/omron/Omron_LD/install/om_aiv_msg/share/om_aiv_msg/cmake/om_aiv_msgConfig.cmake
[6.347s] -- Installing: /home/omron/Omron_LD/install/om_aiv_msg/share/om_aiv_msg/cmake/om_aiv_msgConfig-version.cmake
[6.347s] -- Installing: /home/omron/Omron_LD/install/om_aiv_msg/share/om_aiv_msg/package.xml
[6.351s] Invoked command in '/home/omron/Omron_LD/build/om_aiv_msg' returned '0': CMAKE_PREFIX_PATH=/opt/ros/foxy /usr/bin/cmake --install /home/omron/Omron_LD/build/om_aiv_msg
