[0.249s] DEBUG:colcon:Command line arguments: ['/usr/bin/colcon', 'build', '--packages-select', 'om_aiv_msg', 'om_aiv_util', 'om_aiv_navigation']
[0.249s] DEBUG:colcon:Parsed command line arguments: Namespace(ament_cmake_args=None, base_paths=['.'], build_base='build', catkin_cmake_args=None, catkin_skip_building_tests=False, cmake_args=None, cmake_clean_cache=False, cmake_clean_first=False, cmake_force_configure=False, cmake_target=None, cmake_target_skip_unavailable=False, continue_on_error=False, event_handlers=None, executor='parallel', ignore_user_meta=False, install_base='install', log_base=None, log_level=None, main=<bound method BuildVerb.main of <colcon_core.verb.build.BuildVerb object at 0x7f022cb45be0>>, merge_install=False, metas=['./colcon.meta'], packages_above=None, packages_above_and_dependencies=None, packages_above_depth=None, packages_end=None, packages_ignore=None, packages_ignore_regex=None, packages_select=['om_aiv_msg', 'om_aiv_util', 'om_aiv_navigation'], packages_select_build_failed=False, packages_select_by_dep=None, packages_select_regex=None, packages_select_test_failures=False, packages_skip=None, packages_skip_build_finished=False, packages_skip_by_dep=None, packages_skip_regex=None, packages_skip_test_passed=False, packages_skip_up_to=None, packages_start=None, packages_up_to=None, packages_up_to_regex=None, parallel_workers=8, paths=None, symlink_install=False, test_result_base=None, verb_extension=<colcon_core.verb.build.BuildVerb object at 0x7f022cb45be0>, verb_name='build', verb_parser=<colcon_defaults.argument_parser.defaults.DefaultArgumentsDecorator object at 0x7f022cacf190>)
[0.254s] Level 1:colcon.colcon_core.package_discovery:discover_packages(colcon_meta) check parameters
[0.254s] Level 1:colcon.colcon_core.package_discovery:discover_packages(recursive) check parameters
[0.254s] Level 1:colcon.colcon_core.package_discovery:discover_packages(ignore) check parameters
[0.254s] Level 1:colcon.colcon_core.package_discovery:discover_packages(path) check parameters
[0.254s] Level 1:colcon.colcon_core.package_discovery:discover_packages(colcon_meta) discover
[0.254s] Level 1:colcon.colcon_core.package_discovery:discover_packages(recursive) discover
[0.254s] INFO:colcon.colcon_core.package_discovery:Crawling recursively for packages in '/home/omron/Omron_LD'
[0.254s] Level 1:colcon.colcon_core.package_identification:_identify(.) by extensions ['ignore', 'ignore_ament_install']
[0.254s] Level 1:colcon.colcon_core.package_identification:_identify(.) by extension 'ignore'
[0.254s] Level 1:colcon.colcon_core.package_identification:_identify(.) by extension 'ignore_ament_install'
[0.255s] Level 1:colcon.colcon_core.package_identification:_identify(.) by extensions ['colcon_pkg']
[0.255s] Level 1:colcon.colcon_core.package_identification:_identify(.) by extension 'colcon_pkg'
[0.255s] Level 1:colcon.colcon_core.package_identification:_identify(.) by extensions ['colcon_meta']
[0.255s] Level 1:colcon.colcon_core.package_identification:_identify(.) by extension 'colcon_meta'
[0.255s] Level 1:colcon.colcon_core.package_identification:_identify(.) by extensions ['ros']
[0.255s] Level 1:colcon.colcon_core.package_identification:_identify(.) by extension 'ros'
[0.266s] Level 1:colcon.colcon_core.package_identification:_identify(.) by extensions ['cmake', 'python']
[0.267s] Level 1:colcon.colcon_core.package_identification:_identify(.) by extension 'cmake'
[0.267s] Level 1:colcon.colcon_core.package_identification:_identify(.) by extension 'python'
[0.267s] Level 1:colcon.colcon_core.package_identification:_identify(.) by extensions ['python_setup_py']
[0.267s] Level 1:colcon.colcon_core.package_identification:_identify(.) by extension 'python_setup_py'
[0.267s] Level 1:colcon.colcon_core.package_identification:_identify(build) by extensions ['ignore', 'ignore_ament_install']
[0.267s] Level 1:colcon.colcon_core.package_identification:_identify(build) by extension 'ignore'
[0.267s] Level 1:colcon.colcon_core.package_identification:_identify(build) ignored
[0.267s] Level 1:colcon.colcon_core.package_identification:_identify(docs) by extensions ['ignore', 'ignore_ament_install']
[0.267s] Level 1:colcon.colcon_core.package_identification:_identify(docs) by extension 'ignore'
[0.267s] Level 1:colcon.colcon_core.package_identification:_identify(docs) by extension 'ignore_ament_install'
[0.267s] Level 1:colcon.colcon_core.package_identification:_identify(docs) by extensions ['colcon_pkg']
[0.267s] Level 1:colcon.colcon_core.package_identification:_identify(docs) by extension 'colcon_pkg'
[0.267s] Level 1:colcon.colcon_core.package_identification:_identify(docs) by extensions ['colcon_meta']
[0.267s] Level 1:colcon.colcon_core.package_identification:_identify(docs) by extension 'colcon_meta'
[0.268s] Level 1:colcon.colcon_core.package_identification:_identify(docs) by extensions ['ros']
[0.268s] Level 1:colcon.colcon_core.package_identification:_identify(docs) by extension 'ros'
[0.268s] Level 1:colcon.colcon_core.package_identification:_identify(docs) by extensions ['cmake', 'python']
[0.268s] Level 1:colcon.colcon_core.package_identification:_identify(docs) by extension 'cmake'
[0.268s] Level 1:colcon.colcon_core.package_identification:_identify(docs) by extension 'python'
[0.268s] Level 1:colcon.colcon_core.package_identification:_identify(docs) by extensions ['python_setup_py']
[0.268s] Level 1:colcon.colcon_core.package_identification:_identify(docs) by extension 'python_setup_py'
[0.268s] Level 1:colcon.colcon_core.package_identification:_identify(docs/dg-images) by extensions ['ignore', 'ignore_ament_install']
[0.268s] Level 1:colcon.colcon_core.package_identification:_identify(docs/dg-images) by extension 'ignore'
[0.268s] Level 1:colcon.colcon_core.package_identification:_identify(docs/dg-images) by extension 'ignore_ament_install'
[0.268s] Level 1:colcon.colcon_core.package_identification:_identify(docs/dg-images) by extensions ['colcon_pkg']
[0.268s] Level 1:colcon.colcon_core.package_identification:_identify(docs/dg-images) by extension 'colcon_pkg'
[0.268s] Level 1:colcon.colcon_core.package_identification:_identify(docs/dg-images) by extensions ['colcon_meta']
[0.268s] Level 1:colcon.colcon_core.package_identification:_identify(docs/dg-images) by extension 'colcon_meta'
[0.268s] Level 1:colcon.colcon_core.package_identification:_identify(docs/dg-images) by extensions ['ros']
[0.268s] Level 1:colcon.colcon_core.package_identification:_identify(docs/dg-images) by extension 'ros'
[0.268s] Level 1:colcon.colcon_core.package_identification:_identify(docs/dg-images) by extensions ['cmake', 'python']
[0.269s] Level 1:colcon.colcon_core.package_identification:_identify(docs/dg-images) by extension 'cmake'
[0.269s] Level 1:colcon.colcon_core.package_identification:_identify(docs/dg-images) by extension 'python'
[0.269s] Level 1:colcon.colcon_core.package_identification:_identify(docs/dg-images) by extensions ['python_setup_py']
[0.269s] Level 1:colcon.colcon_core.package_identification:_identify(docs/dg-images) by extension 'python_setup_py'
[0.269s] Level 1:colcon.colcon_core.package_identification:_identify(install) by extensions ['ignore', 'ignore_ament_install']
[0.269s] Level 1:colcon.colcon_core.package_identification:_identify(install) by extension 'ignore'
[0.269s] Level 1:colcon.colcon_core.package_identification:_identify(install) ignored
[0.269s] Level 1:colcon.colcon_core.package_identification:_identify(log) by extensions ['ignore', 'ignore_ament_install']
[0.269s] Level 1:colcon.colcon_core.package_identification:_identify(log) by extension 'ignore'
[0.269s] Level 1:colcon.colcon_core.package_identification:_identify(log) ignored
[0.270s] Level 1:colcon.colcon_core.package_identification:_identify(src) by extensions ['ignore', 'ignore_ament_install']
[0.270s] Level 1:colcon.colcon_core.package_identification:_identify(src) by extension 'ignore'
[0.270s] Level 1:colcon.colcon_core.package_identification:_identify(src) by extension 'ignore_ament_install'
[0.270s] Level 1:colcon.colcon_core.package_identification:_identify(src) by extensions ['colcon_pkg']
[0.270s] Level 1:colcon.colcon_core.package_identification:_identify(src) by extension 'colcon_pkg'
[0.270s] Level 1:colcon.colcon_core.package_identification:_identify(src) by extensions ['colcon_meta']
[0.270s] Level 1:colcon.colcon_core.package_identification:_identify(src) by extension 'colcon_meta'
[0.270s] Level 1:colcon.colcon_core.package_identification:_identify(src) by extensions ['ros']
[0.270s] Level 1:colcon.colcon_core.package_identification:_identify(src) by extension 'ros'
[0.270s] Level 1:colcon.colcon_core.package_identification:_identify(src) by extensions ['cmake', 'python']
[0.270s] Level 1:colcon.colcon_core.package_identification:_identify(src) by extension 'cmake'
[0.270s] Level 1:colcon.colcon_core.package_identification:_identify(src) by extension 'python'
[0.270s] Level 1:colcon.colcon_core.package_identification:_identify(src) by extensions ['python_setup_py']
[0.270s] Level 1:colcon.colcon_core.package_identification:_identify(src) by extension 'python_setup_py'
[0.270s] Level 1:colcon.colcon_core.package_identification:_identify(src/ld_visualisation) by extensions ['ignore', 'ignore_ament_install']
[0.271s] Level 1:colcon.colcon_core.package_identification:_identify(src/ld_visualisation) by extension 'ignore'
[0.271s] Level 1:colcon.colcon_core.package_identification:_identify(src/ld_visualisation) by extension 'ignore_ament_install'
[0.271s] Level 1:colcon.colcon_core.package_identification:_identify(src/ld_visualisation) by extensions ['colcon_pkg']
[0.271s] Level 1:colcon.colcon_core.package_identification:_identify(src/ld_visualisation) by extension 'colcon_pkg'
[0.271s] Level 1:colcon.colcon_core.package_identification:_identify(src/ld_visualisation) by extensions ['colcon_meta']
[0.271s] Level 1:colcon.colcon_core.package_identification:_identify(src/ld_visualisation) by extension 'colcon_meta'
[0.271s] Level 1:colcon.colcon_core.package_identification:_identify(src/ld_visualisation) by extensions ['ros']
[0.271s] Level 1:colcon.colcon_core.package_identification:_identify(src/ld_visualisation) by extension 'ros'
[0.273s] DEBUG:colcon.colcon_core.package_identification:Package 'src/ld_visualisation' with type 'ros.ament_python' and name 'ld_visualisation'
[0.273s] Level 1:colcon.colcon_core.package_identification:_identify(src/om_aiv_msg) by extensions ['ignore', 'ignore_ament_install']
[0.273s] Level 1:colcon.colcon_core.package_identification:_identify(src/om_aiv_msg) by extension 'ignore'
[0.273s] Level 1:colcon.colcon_core.package_identification:_identify(src/om_aiv_msg) by extension 'ignore_ament_install'
[0.273s] Level 1:colcon.colcon_core.package_identification:_identify(src/om_aiv_msg) by extensions ['colcon_pkg']
[0.274s] Level 1:colcon.colcon_core.package_identification:_identify(src/om_aiv_msg) by extension 'colcon_pkg'
[0.274s] Level 1:colcon.colcon_core.package_identification:_identify(src/om_aiv_msg) by extensions ['colcon_meta']
[0.274s] Level 1:colcon.colcon_core.package_identification:_identify(src/om_aiv_msg) by extension 'colcon_meta'
[0.274s] Level 1:colcon.colcon_core.package_identification:_identify(src/om_aiv_msg) by extensions ['ros']
[0.274s] Level 1:colcon.colcon_core.package_identification:_identify(src/om_aiv_msg) by extension 'ros'
[0.274s] DEBUG:colcon.colcon_core.package_identification:Package 'src/om_aiv_msg' with type 'ros.ament_cmake' and name 'om_aiv_msg'
[0.274s] Level 1:colcon.colcon_core.package_identification:_identify(src/om_aiv_navigation) by extensions ['ignore', 'ignore_ament_install']
[0.274s] Level 1:colcon.colcon_core.package_identification:_identify(src/om_aiv_navigation) by extension 'ignore'
[0.275s] Level 1:colcon.colcon_core.package_identification:_identify(src/om_aiv_navigation) by extension 'ignore_ament_install'
[0.275s] Level 1:colcon.colcon_core.package_identification:_identify(src/om_aiv_navigation) by extensions ['colcon_pkg']
[0.275s] Level 1:colcon.colcon_core.package_identification:_identify(src/om_aiv_navigation) by extension 'colcon_pkg'
[0.275s] Level 1:colcon.colcon_core.package_identification:_identify(src/om_aiv_navigation) by extensions ['colcon_meta']
[0.275s] Level 1:colcon.colcon_core.package_identification:_identify(src/om_aiv_navigation) by extension 'colcon_meta'
[0.275s] Level 1:colcon.colcon_core.package_identification:_identify(src/om_aiv_navigation) by extensions ['ros']
[0.275s] Level 1:colcon.colcon_core.package_identification:_identify(src/om_aiv_navigation) by extension 'ros'
[0.275s] DEBUG:colcon.colcon_core.package_identification:Package 'src/om_aiv_navigation' with type 'ros.ament_python' and name 'om_aiv_navigation'
[0.276s] Level 1:colcon.colcon_core.package_identification:_identify(src/om_aiv_util) by extensions ['ignore', 'ignore_ament_install']
[0.276s] Level 1:colcon.colcon_core.package_identification:_identify(src/om_aiv_util) by extension 'ignore'
[0.276s] Level 1:colcon.colcon_core.package_identification:_identify(src/om_aiv_util) by extension 'ignore_ament_install'
[0.276s] Level 1:colcon.colcon_core.package_identification:_identify(src/om_aiv_util) by extensions ['colcon_pkg']
[0.276s] Level 1:colcon.colcon_core.package_identification:_identify(src/om_aiv_util) by extension 'colcon_pkg'
[0.276s] Level 1:colcon.colcon_core.package_identification:_identify(src/om_aiv_util) by extensions ['colcon_meta']
[0.276s] Level 1:colcon.colcon_core.package_identification:_identify(src/om_aiv_util) by extension 'colcon_meta'
[0.276s] Level 1:colcon.colcon_core.package_identification:_identify(src/om_aiv_util) by extensions ['ros']
[0.276s] Level 1:colcon.colcon_core.package_identification:_identify(src/om_aiv_util) by extension 'ros'
[0.277s] DEBUG:colcon.colcon_core.package_identification:Package 'src/om_aiv_util' with type 'ros.ament_python' and name 'om_aiv_util'
[0.277s] Level 1:colcon.colcon_core.package_identification:_identify(src/temp) by extensions ['ignore', 'ignore_ament_install']
[0.277s] Level 1:colcon.colcon_core.package_identification:_identify(src/temp) by extension 'ignore'
[0.277s] Level 1:colcon.colcon_core.package_identification:_identify(src/temp) by extension 'ignore_ament_install'
[0.277s] Level 1:colcon.colcon_core.package_identification:_identify(src/temp) by extensions ['colcon_pkg']
[0.277s] Level 1:colcon.colcon_core.package_identification:_identify(src/temp) by extension 'colcon_pkg'
[0.277s] Level 1:colcon.colcon_core.package_identification:_identify(src/temp) by extensions ['colcon_meta']
[0.277s] Level 1:colcon.colcon_core.package_identification:_identify(src/temp) by extension 'colcon_meta'
[0.277s] Level 1:colcon.colcon_core.package_identification:_identify(src/temp) by extensions ['ros']
[0.277s] Level 1:colcon.colcon_core.package_identification:_identify(src/temp) by extension 'ros'
[0.277s] Level 1:colcon.colcon_core.package_identification:_identify(src/temp) by extensions ['cmake', 'python']
[0.277s] Level 1:colcon.colcon_core.package_identification:_identify(src/temp) by extension 'cmake'
[0.277s] Level 1:colcon.colcon_core.package_identification:_identify(src/temp) by extension 'python'
[0.277s] Level 1:colcon.colcon_core.package_identification:_identify(src/temp) by extensions ['python_setup_py']
[0.277s] Level 1:colcon.colcon_core.package_identification:_identify(src/temp) by extension 'python_setup_py'
[0.277s] Level 1:colcon.colcon_core.package_discovery:discover_packages(recursive) using defaults
[0.278s] Level 1:colcon.colcon_core.package_discovery:discover_packages(ignore) discover
[0.278s] Level 1:colcon.colcon_core.package_discovery:discover_packages(ignore) using defaults
[0.278s] Level 1:colcon.colcon_core.package_discovery:discover_packages(path) discover
[0.278s] Level 1:colcon.colcon_core.package_discovery:discover_packages(path) using defaults
[0.292s] INFO:colcon.colcon_core.package_selection:Skipping not selected package 'ld_visualisation' in 'src/ld_visualisation'
[0.294s] Level 5:colcon.colcon_core.verb:set package 'om_aiv_msg' build argument 'cmake_args' from command line to 'None'
[0.294s] Level 5:colcon.colcon_core.verb:set package 'om_aiv_msg' build argument 'cmake_target' from command line to 'None'
[0.294s] Level 5:colcon.colcon_core.verb:set package 'om_aiv_msg' build argument 'cmake_target_skip_unavailable' from command line to 'False'
[0.295s] Level 5:colcon.colcon_core.verb:set package 'om_aiv_msg' build argument 'cmake_clean_cache' from command line to 'False'
[0.295s] Level 5:colcon.colcon_core.verb:set package 'om_aiv_msg' build argument 'cmake_clean_first' from command line to 'False'
[0.295s] Level 5:colcon.colcon_core.verb:set package 'om_aiv_msg' build argument 'cmake_force_configure' from command line to 'False'
[0.295s] Level 5:colcon.colcon_core.verb:set package 'om_aiv_msg' build argument 'ament_cmake_args' from command line to 'None'
[0.295s] Level 5:colcon.colcon_core.verb:set package 'om_aiv_msg' build argument 'catkin_cmake_args' from command line to 'None'
[0.295s] Level 5:colcon.colcon_core.verb:set package 'om_aiv_msg' build argument 'catkin_skip_building_tests' from command line to 'False'
[0.295s] DEBUG:colcon.colcon_core.verb:Building package 'om_aiv_msg' with the following arguments: {'ament_cmake_args': None, 'build_base': '/home/omron/Omron_LD/build/om_aiv_msg', 'catkin_cmake_args': None, 'catkin_skip_building_tests': False, 'cmake_args': None, 'cmake_clean_cache': False, 'cmake_clean_first': False, 'cmake_force_configure': False, 'cmake_target': None, 'cmake_target_skip_unavailable': False, 'install_base': '/home/omron/Omron_LD/install/om_aiv_msg', 'merge_install': False, 'path': '/home/omron/Omron_LD/src/om_aiv_msg', 'symlink_install': False, 'test_result_base': None}
[0.297s] Level 5:colcon.colcon_core.verb:set package 'om_aiv_navigation' build argument 'cmake_args' from command line to 'None'
[0.297s] Level 5:colcon.colcon_core.verb:set package 'om_aiv_navigation' build argument 'cmake_target' from command line to 'None'
[0.297s] Level 5:colcon.colcon_core.verb:set package 'om_aiv_navigation' build argument 'cmake_target_skip_unavailable' from command line to 'False'
[0.297s] Level 5:colcon.colcon_core.verb:set package 'om_aiv_navigation' build argument 'cmake_clean_cache' from command line to 'False'
[0.297s] Level 5:colcon.colcon_core.verb:set package 'om_aiv_navigation' build argument 'cmake_clean_first' from command line to 'False'
[0.297s] Level 5:colcon.colcon_core.verb:set package 'om_aiv_navigation' build argument 'cmake_force_configure' from command line to 'False'
[0.297s] Level 5:colcon.colcon_core.verb:set package 'om_aiv_navigation' build argument 'ament_cmake_args' from command line to 'None'
[0.297s] Level 5:colcon.colcon_core.verb:set package 'om_aiv_navigation' build argument 'catkin_cmake_args' from command line to 'None'
[0.297s] Level 5:colcon.colcon_core.verb:set package 'om_aiv_navigation' build argument 'catkin_skip_building_tests' from command line to 'False'
[0.297s] DEBUG:colcon.colcon_core.verb:Building package 'om_aiv_navigation' with the following arguments: {'ament_cmake_args': None, 'build_base': '/home/omron/Omron_LD/build/om_aiv_navigation', 'catkin_cmake_args': None, 'catkin_skip_building_tests': False, 'cmake_args': None, 'cmake_clean_cache': False, 'cmake_clean_first': False, 'cmake_force_configure': False, 'cmake_target': None, 'cmake_target_skip_unavailable': False, 'install_base': '/home/omron/Omron_LD/install/om_aiv_navigation', 'merge_install': False, 'path': '/home/omron/Omron_LD/src/om_aiv_navigation', 'symlink_install': False, 'test_result_base': None}
[0.299s] Level 5:colcon.colcon_core.verb:set package 'om_aiv_util' build argument 'cmake_args' from command line to 'None'
[0.299s] Level 5:colcon.colcon_core.verb:set package 'om_aiv_util' build argument 'cmake_target' from command line to 'None'
[0.299s] Level 5:colcon.colcon_core.verb:set package 'om_aiv_util' build argument 'cmake_target_skip_unavailable' from command line to 'False'
[0.299s] Level 5:colcon.colcon_core.verb:set package 'om_aiv_util' build argument 'cmake_clean_cache' from command line to 'False'
[0.300s] Level 5:colcon.colcon_core.verb:set package 'om_aiv_util' build argument 'cmake_clean_first' from command line to 'False'
[0.300s] Level 5:colcon.colcon_core.verb:set package 'om_aiv_util' build argument 'cmake_force_configure' from command line to 'False'
[0.300s] Level 5:colcon.colcon_core.verb:set package 'om_aiv_util' build argument 'ament_cmake_args' from command line to 'None'
[0.300s] Level 5:colcon.colcon_core.verb:set package 'om_aiv_util' build argument 'catkin_cmake_args' from command line to 'None'
[0.300s] Level 5:colcon.colcon_core.verb:set package 'om_aiv_util' build argument 'catkin_skip_building_tests' from command line to 'False'
[0.300s] DEBUG:colcon.colcon_core.verb:Building package 'om_aiv_util' with the following arguments: {'ament_cmake_args': None, 'build_base': '/home/omron/Omron_LD/build/om_aiv_util', 'catkin_cmake_args': None, 'catkin_skip_building_tests': False, 'cmake_args': None, 'cmake_clean_cache': False, 'cmake_clean_first': False, 'cmake_force_configure': False, 'cmake_target': None, 'cmake_target_skip_unavailable': False, 'install_base': '/home/omron/Omron_LD/install/om_aiv_util', 'merge_install': False, 'path': '/home/omron/Omron_LD/src/om_aiv_util', 'symlink_install': False, 'test_result_base': None}
[0.300s] INFO:colcon.colcon_core.executor:Executing jobs using 'parallel' executor
[0.302s] DEBUG:colcon.colcon_parallel_executor.executor.parallel:run_until_complete
[0.303s] INFO:colcon.colcon_ros.task.ament_cmake.build:Building ROS package in '/home/omron/Omron_LD/src/om_aiv_msg' with build type 'ament_cmake'
[0.303s] INFO:colcon.colcon_cmake.task.cmake.build:Building CMake package in '/home/omron/Omron_LD/src/om_aiv_msg'
[0.308s] INFO:colcon.colcon_core.plugin_system:Skipping extension 'colcon_core.shell.bat': Not used on non-Windows systems
[0.308s] INFO:colcon.colcon_core.shell:Skip shell extension 'powershell' for command environment: Not usable outside of PowerShell
[0.308s] DEBUG:colcon.colcon_core.shell:Skip shell extension 'dsv' for command environment
[0.311s] WARNING:colcon.colcon_ros.prefix_path.ament:The path '/home/omron/Omron_LD/install/om_aiv_util' in the environment variable AMENT_PREFIX_PATH doesn't exist
[0.312s] DEBUG:colcon.colcon_core.shell:Ignoring prefix path '/opt/ros/foxy'
[0.314s] INFO:colcon.colcon_ros.task.ament_python.build:Building ROS package in '/home/omron/Omron_LD/src/om_aiv_navigation' with build type 'ament_python'
[0.315s] Level 1:colcon.colcon_core.shell:create_environment_hook('om_aiv_navigation', 'ament_prefix_path')
[0.316s] INFO:colcon.colcon_core.shell:Creating environment hook '/home/omron/Omron_LD/install/om_aiv_navigation/share/om_aiv_navigation/hook/ament_prefix_path.ps1'
[0.317s] INFO:colcon.colcon_core.shell:Creating environment descriptor '/home/omron/Omron_LD/install/om_aiv_navigation/share/om_aiv_navigation/hook/ament_prefix_path.dsv'
[0.318s] INFO:colcon.colcon_core.shell:Creating environment hook '/home/omron/Omron_LD/install/om_aiv_navigation/share/om_aiv_navigation/hook/ament_prefix_path.sh'
[0.319s] INFO:colcon.colcon_core.shell:Skip shell extension 'powershell' for command environment: Not usable outside of PowerShell
[0.319s] DEBUG:colcon.colcon_core.shell:Skip shell extension 'dsv' for command environment
[0.321s] DEBUG:colcon.colcon_core.shell:Ignoring prefix path '/opt/ros/foxy'
[0.329s] DEBUG:colcon.colcon_core.event_handler.log_command:Invoking command in '/home/omron/Omron_LD/build/om_aiv_msg': CMAKE_PREFIX_PATH=${CMAKE_PREFIX_PATH}:/home/omron/Omron_LD/install/om_aiv_util:/home/omron/Omron_LD/install/om_aiv_navigation:/opt/ros/foxy /usr/bin/cmake /home/omron/Omron_LD/src/om_aiv_msg -DCMAKE_INSTALL_PREFIX=/home/omron/Omron_LD/install/om_aiv_msg
[0.550s] INFO:colcon.colcon_core.task.python.build:Building Python package in '/home/omron/Omron_LD/src/om_aiv_navigation'
[0.551s] INFO:colcon.colcon_core.shell:Skip shell extension 'powershell' for command environment: Not usable outside of PowerShell
[0.551s] DEBUG:colcon.colcon_core.shell:Skip shell extension 'dsv' for command environment
[0.552s] DEBUG:colcon.colcon_core.shell:Ignoring prefix path '/opt/ros/foxy'
[0.561s] DEBUG:colcon.colcon_core.event_handler.log_command:Invoking command in '/home/omron/Omron_LD/src/om_aiv_navigation': PYTHONPATH=/home/omron/Omron_LD/install/om_aiv_navigation/lib/python3.8/site-packages:${PYTHONPATH} /usr/bin/python3 setup.py egg_info --egg-base ../../build/om_aiv_navigation build --build-base /home/omron/Omron_LD/build/om_aiv_navigation/build install --prefix /home/omron/Omron_LD/install/om_aiv_navigation --record /home/omron/Omron_LD/build/om_aiv_navigation/install.log --single-version-externally-managed
[0.836s] DEBUG:colcon.colcon_core.event_handler.log_command:Invoked command in '/home/omron/Omron_LD/src/om_aiv_navigation' returned '0': PYTHONPATH=/home/omron/Omron_LD/install/om_aiv_navigation/lib/python3.8/site-packages:${PYTHONPATH} /usr/bin/python3 setup.py egg_info --egg-base ../../build/om_aiv_navigation build --build-base /home/omron/Omron_LD/build/om_aiv_navigation/build install --prefix /home/omron/Omron_LD/install/om_aiv_navigation --record /home/omron/Omron_LD/build/om_aiv_navigation/install.log --single-version-externally-managed
[0.839s] Level 1:colcon.colcon_core.environment:checking '/home/omron/Omron_LD/install/om_aiv_navigation' for CMake module files
[0.839s] Level 1:colcon.colcon_core.environment:checking '/home/omron/Omron_LD/install/om_aiv_navigation' for CMake config files
[0.841s] Level 1:colcon.colcon_core.environment:checking '/home/omron/Omron_LD/install/om_aiv_navigation/lib'
[0.841s] Level 1:colcon.colcon_core.environment:checking '/home/omron/Omron_LD/install/om_aiv_navigation/bin'
[0.841s] Level 1:colcon.colcon_core.environment:checking '/home/omron/Omron_LD/install/om_aiv_navigation/lib/pkgconfig/om_aiv_navigation.pc'
[0.841s] Level 1:colcon.colcon_core.environment:checking '/home/omron/Omron_LD/install/om_aiv_navigation/lib/python3.8/site-packages'
[0.841s] Level 1:colcon.colcon_core.shell:create_environment_hook('om_aiv_navigation', 'pythonpath')
[0.842s] INFO:colcon.colcon_core.shell:Creating environment hook '/home/omron/Omron_LD/install/om_aiv_navigation/share/om_aiv_navigation/hook/pythonpath.ps1'
[0.843s] INFO:colcon.colcon_core.shell:Creating environment descriptor '/home/omron/Omron_LD/install/om_aiv_navigation/share/om_aiv_navigation/hook/pythonpath.dsv'
[0.843s] INFO:colcon.colcon_core.shell:Creating environment hook '/home/omron/Omron_LD/install/om_aiv_navigation/share/om_aiv_navigation/hook/pythonpath.sh'
[0.844s] Level 1:colcon.colcon_core.environment:create_environment_scripts_only(om_aiv_navigation)
[0.844s] INFO:colcon.colcon_core.shell:Creating package script '/home/omron/Omron_LD/install/om_aiv_navigation/share/om_aiv_navigation/package.ps1'
[0.845s] INFO:colcon.colcon_core.shell:Creating package descriptor '/home/omron/Omron_LD/install/om_aiv_navigation/share/om_aiv_navigation/package.dsv'
[0.846s] INFO:colcon.colcon_core.shell:Creating package script '/home/omron/Omron_LD/install/om_aiv_navigation/share/om_aiv_navigation/package.sh'
[0.846s] INFO:colcon.colcon_core.shell:Creating package script '/home/omron/Omron_LD/install/om_aiv_navigation/share/om_aiv_navigation/package.bash'
[0.847s] INFO:colcon.colcon_core.shell:Creating package script '/home/omron/Omron_LD/install/om_aiv_navigation/share/om_aiv_navigation/package.zsh'
[0.848s] Level 1:colcon.colcon_core.environment:create_file_with_runtime_dependencies(/home/omron/Omron_LD/install/om_aiv_navigation/share/colcon-core/packages/om_aiv_navigation)
[1.418s] DEBUG:colcon.colcon_core.event_handler.log_command:Invoked command in '/home/omron/Omron_LD/build/om_aiv_msg' returned '0': CMAKE_PREFIX_PATH=${CMAKE_PREFIX_PATH}:/home/omron/Omron_LD/install/om_aiv_util:/home/omron/Omron_LD/install/om_aiv_navigation:/opt/ros/foxy /usr/bin/cmake /home/omron/Omron_LD/src/om_aiv_msg -DCMAKE_INSTALL_PREFIX=/home/omron/Omron_LD/install/om_aiv_msg
[1.418s] DEBUG:colcon.colcon_core.event_handler.log_command:Invoking command in '/home/omron/Omron_LD/build/om_aiv_msg': CMAKE_PREFIX_PATH=${CMAKE_PREFIX_PATH}:/home/omron/Omron_LD/install/om_aiv_util:/home/omron/Omron_LD/install/om_aiv_navigation:/opt/ros/foxy /usr/bin/cmake --build /home/omron/Omron_LD/build/om_aiv_msg -- -j8 -l8
[7.791s] DEBUG:colcon.colcon_core.event_handler.log_command:Invoked command in '/home/omron/Omron_LD/build/om_aiv_msg' returned '0': CMAKE_PREFIX_PATH=${CMAKE_PREFIX_PATH}:/home/omron/Omron_LD/install/om_aiv_util:/home/omron/Omron_LD/install/om_aiv_navigation:/opt/ros/foxy /usr/bin/cmake --build /home/omron/Omron_LD/build/om_aiv_msg -- -j8 -l8
[7.898s] DEBUG:colcon.colcon_core.event_handler.log_command:Invoking command in '/home/omron/Omron_LD/build/om_aiv_msg': CMAKE_PREFIX_PATH=${CMAKE_PREFIX_PATH}:/home/omron/Omron_LD/install/om_aiv_util:/home/omron/Omron_LD/install/om_aiv_navigation:/opt/ros/foxy /usr/bin/cmake --install /home/omron/Omron_LD/build/om_aiv_msg
[7.984s] Level 1:colcon.colcon_core.environment:create_environment_scripts_only(om_aiv_msg)
[7.984s] DEBUG:colcon.colcon_core.event_handler.log_command:Invoked command in '/home/omron/Omron_LD/build/om_aiv_msg' returned '0': CMAKE_PREFIX_PATH=${CMAKE_PREFIX_PATH}:/home/omron/Omron_LD/install/om_aiv_util:/home/omron/Omron_LD/install/om_aiv_navigation:/opt/ros/foxy /usr/bin/cmake --install /home/omron/Omron_LD/build/om_aiv_msg
[7.986s] Level 1:colcon.colcon_core.environment:checking '/home/omron/Omron_LD/install/om_aiv_msg' for CMake module files
[7.986s] Level 1:colcon.colcon_core.environment:checking '/home/omron/Omron_LD/install/om_aiv_msg' for CMake config files
[7.987s] Level 1:colcon.colcon_core.shell:create_environment_hook('om_aiv_msg', 'cmake_prefix_path')
[7.987s] INFO:colcon.colcon_core.shell:Creating environment hook '/home/omron/Omron_LD/install/om_aiv_msg/share/om_aiv_msg/hook/cmake_prefix_path.ps1'
[7.988s] INFO:colcon.colcon_core.shell:Creating environment descriptor '/home/omron/Omron_LD/install/om_aiv_msg/share/om_aiv_msg/hook/cmake_prefix_path.dsv'
[7.988s] INFO:colcon.colcon_core.shell:Creating environment hook '/home/omron/Omron_LD/install/om_aiv_msg/share/om_aiv_msg/hook/cmake_prefix_path.sh'
[7.988s] Level 1:colcon.colcon_core.environment:checking '/home/omron/Omron_LD/install/om_aiv_msg/lib'
[7.989s] Level 1:colcon.colcon_core.shell:create_environment_hook('om_aiv_msg', 'ld_library_path_lib')
[7.989s] INFO:colcon.colcon_core.shell:Creating environment hook '/home/omron/Omron_LD/install/om_aiv_msg/share/om_aiv_msg/hook/ld_library_path_lib.ps1'
[7.990s] INFO:colcon.colcon_core.shell:Creating environment descriptor '/home/omron/Omron_LD/install/om_aiv_msg/share/om_aiv_msg/hook/ld_library_path_lib.dsv'
[7.990s] INFO:colcon.colcon_core.shell:Creating environment hook '/home/omron/Omron_LD/install/om_aiv_msg/share/om_aiv_msg/hook/ld_library_path_lib.sh'
[7.990s] Level 1:colcon.colcon_core.environment:checking '/home/omron/Omron_LD/install/om_aiv_msg/bin'
[7.990s] Level 1:colcon.colcon_core.environment:checking '/home/omron/Omron_LD/install/om_aiv_msg/lib/pkgconfig/om_aiv_msg.pc'
[7.990s] Level 1:colcon.colcon_core.environment:checking '/home/omron/Omron_LD/install/om_aiv_msg/lib/python3.8/site-packages'
[7.990s] Level 1:colcon.colcon_core.shell:create_environment_hook('om_aiv_msg', 'pythonpath')
[7.991s] INFO:colcon.colcon_core.shell:Creating environment hook '/home/omron/Omron_LD/install/om_aiv_msg/share/om_aiv_msg/hook/pythonpath.ps1'
[7.991s] INFO:colcon.colcon_core.shell:Creating environment descriptor '/home/omron/Omron_LD/install/om_aiv_msg/share/om_aiv_msg/hook/pythonpath.dsv'
[7.992s] INFO:colcon.colcon_core.shell:Creating environment hook '/home/omron/Omron_LD/install/om_aiv_msg/share/om_aiv_msg/hook/pythonpath.sh'
[7.993s] INFO:colcon.colcon_core.shell:Creating package script '/home/omron/Omron_LD/install/om_aiv_msg/share/om_aiv_msg/package.ps1'
[7.993s] INFO:colcon.colcon_core.shell:Creating package descriptor '/home/omron/Omron_LD/install/om_aiv_msg/share/om_aiv_msg/package.dsv'
[7.994s] INFO:colcon.colcon_core.shell:Creating package script '/home/omron/Omron_LD/install/om_aiv_msg/share/om_aiv_msg/package.sh'
[7.994s] INFO:colcon.colcon_core.shell:Creating package script '/home/omron/Omron_LD/install/om_aiv_msg/share/om_aiv_msg/package.bash'
[7.994s] INFO:colcon.colcon_core.shell:Creating package script '/home/omron/Omron_LD/install/om_aiv_msg/share/om_aiv_msg/package.zsh'
[7.995s] Level 1:colcon.colcon_core.environment:create_file_with_runtime_dependencies(/home/omron/Omron_LD/install/om_aiv_msg/share/colcon-core/packages/om_aiv_msg)
[8.087s] Level 1:colcon.colcon_core.environment:create_environment_scripts_only(om_aiv_msg)
[8.089s] Level 1:colcon.colcon_core.environment:checking '/home/omron/Omron_LD/install/om_aiv_msg' for CMake module files
[8.090s] Level 1:colcon.colcon_core.environment:checking '/home/omron/Omron_LD/install/om_aiv_msg' for CMake config files
[8.090s] Level 1:colcon.colcon_core.shell:create_environment_hook('om_aiv_msg', 'cmake_prefix_path')
[8.091s] INFO:colcon.colcon_core.shell:Creating environment hook '/home/omron/Omron_LD/install/om_aiv_msg/share/om_aiv_msg/hook/cmake_prefix_path.ps1'
[8.092s] INFO:colcon.colcon_core.shell:Creating environment descriptor '/home/omron/Omron_LD/install/om_aiv_msg/share/om_aiv_msg/hook/cmake_prefix_path.dsv'
[8.092s] INFO:colcon.colcon_core.shell:Creating environment hook '/home/omron/Omron_LD/install/om_aiv_msg/share/om_aiv_msg/hook/cmake_prefix_path.sh'
[8.093s] Level 1:colcon.colcon_core.environment:checking '/home/omron/Omron_LD/install/om_aiv_msg/lib'
[8.093s] Level 1:colcon.colcon_core.shell:create_environment_hook('om_aiv_msg', 'ld_library_path_lib')
[8.094s] INFO:colcon.colcon_core.shell:Creating environment hook '/home/omron/Omron_LD/install/om_aiv_msg/share/om_aiv_msg/hook/ld_library_path_lib.ps1'
[8.095s] INFO:colcon.colcon_core.shell:Creating environment descriptor '/home/omron/Omron_LD/install/om_aiv_msg/share/om_aiv_msg/hook/ld_library_path_lib.dsv'
[8.095s] INFO:colcon.colcon_core.shell:Creating environment hook '/home/omron/Omron_LD/install/om_aiv_msg/share/om_aiv_msg/hook/ld_library_path_lib.sh'
[8.095s] Level 1:colcon.colcon_core.environment:checking '/home/omron/Omron_LD/install/om_aiv_msg/bin'
[8.095s] Level 1:colcon.colcon_core.environment:checking '/home/omron/Omron_LD/install/om_aiv_msg/lib/pkgconfig/om_aiv_msg.pc'
[8.096s] Level 1:colcon.colcon_core.environment:checking '/home/omron/Omron_LD/install/om_aiv_msg/lib/python3.8/site-packages'
[8.096s] Level 1:colcon.colcon_core.shell:create_environment_hook('om_aiv_msg', 'pythonpath')
[8.096s] INFO:colcon.colcon_core.shell:Creating environment hook '/home/omron/Omron_LD/install/om_aiv_msg/share/om_aiv_msg/hook/pythonpath.ps1'
[8.097s] INFO:colcon.colcon_core.shell:Creating environment descriptor '/home/omron/Omron_LD/install/om_aiv_msg/share/om_aiv_msg/hook/pythonpath.dsv'
[8.097s] INFO:colcon.colcon_core.shell:Creating environment hook '/home/omron/Omron_LD/install/om_aiv_msg/share/om_aiv_msg/hook/pythonpath.sh'
[8.099s] INFO:colcon.colcon_core.shell:Creating package script '/home/omron/Omron_LD/install/om_aiv_msg/share/om_aiv_msg/package.ps1'
[8.100s] INFO:colcon.colcon_core.shell:Creating package descriptor '/home/omron/Omron_LD/install/om_aiv_msg/share/om_aiv_msg/package.dsv'
[8.101s] INFO:colcon.colcon_core.shell:Creating package script '/home/omron/Omron_LD/install/om_aiv_msg/share/om_aiv_msg/package.sh'
[8.101s] INFO:colcon.colcon_core.shell:Creating package script '/home/omron/Omron_LD/install/om_aiv_msg/share/om_aiv_msg/package.bash'
[8.102s] INFO:colcon.colcon_core.shell:Creating package script '/home/omron/Omron_LD/install/om_aiv_msg/share/om_aiv_msg/package.zsh'
[8.102s] Level 1:colcon.colcon_core.environment:create_file_with_runtime_dependencies(/home/omron/Omron_LD/install/om_aiv_msg/share/colcon-core/packages/om_aiv_msg)
[8.103s] INFO:colcon.colcon_ros.task.ament_python.build:Building ROS package in '/home/omron/Omron_LD/src/om_aiv_util' with build type 'ament_python'
[8.103s] Level 1:colcon.colcon_core.shell:create_environment_hook('om_aiv_util', 'ament_prefix_path')
[8.104s] INFO:colcon.colcon_core.shell:Creating environment hook '/home/omron/Omron_LD/install/om_aiv_util/share/om_aiv_util/hook/ament_prefix_path.ps1'
[8.105s] INFO:colcon.colcon_core.shell:Creating environment descriptor '/home/omron/Omron_LD/install/om_aiv_util/share/om_aiv_util/hook/ament_prefix_path.dsv'
[8.106s] INFO:colcon.colcon_core.shell:Creating environment hook '/home/omron/Omron_LD/install/om_aiv_util/share/om_aiv_util/hook/ament_prefix_path.sh'
[8.107s] INFO:colcon.colcon_core.shell:Skip shell extension 'powershell' for command environment: Not usable outside of PowerShell
[8.107s] DEBUG:colcon.colcon_core.shell:Skip shell extension 'dsv' for command environment
[8.110s] DEBUG:colcon.colcon_core.shell:Ignoring prefix path '/opt/ros/foxy'
[8.362s] INFO:colcon.colcon_core.task.python.build:Building Python package in '/home/omron/Omron_LD/src/om_aiv_util'
[8.363s] INFO:colcon.colcon_core.shell:Skip shell extension 'powershell' for command environment: Not usable outside of PowerShell
[8.363s] DEBUG:colcon.colcon_core.shell:Skip shell extension 'dsv' for command environment
[8.365s] DEBUG:colcon.colcon_core.shell:Ignoring prefix path '/opt/ros/foxy'
[8.374s] DEBUG:colcon.colcon_core.event_handler.log_command:Invoking command in '/home/omron/Omron_LD/src/om_aiv_util': PYTHONPATH=/home/omron/Omron_LD/install/om_aiv_util/lib/python3.8/site-packages:/home/omron/Omron_LD/install/om_aiv_msg/lib/python3.8/site-packages:/home/omron/Omron_LD/install/om_aiv_util/lib/python3.8/site-packages:/home/omron/Omron_LD/install/om_aiv_navigation/lib/python3.8/site-packages:/opt/ros/foxy/lib/python3.8/site-packages /usr/bin/python3 setup.py egg_info --egg-base ../../build/om_aiv_util build --build-base /home/omron/Omron_LD/build/om_aiv_util/build install --prefix /home/omron/Omron_LD/install/om_aiv_util --record /home/omron/Omron_LD/build/om_aiv_util/install.log --single-version-externally-managed
[8.651s] Level 1:colcon.colcon_core.environment:checking '/home/omron/Omron_LD/install/om_aiv_util' for CMake module files
[8.651s] DEBUG:colcon.colcon_core.event_handler.log_command:Invoked command in '/home/omron/Omron_LD/src/om_aiv_util' returned '0': PYTHONPATH=/home/omron/Omron_LD/install/om_aiv_util/lib/python3.8/site-packages:/home/omron/Omron_LD/install/om_aiv_msg/lib/python3.8/site-packages:/home/omron/Omron_LD/install/om_aiv_util/lib/python3.8/site-packages:/home/omron/Omron_LD/install/om_aiv_navigation/lib/python3.8/site-packages:/opt/ros/foxy/lib/python3.8/site-packages /usr/bin/python3 setup.py egg_info --egg-base ../../build/om_aiv_util build --build-base /home/omron/Omron_LD/build/om_aiv_util/build install --prefix /home/omron/Omron_LD/install/om_aiv_util --record /home/omron/Omron_LD/build/om_aiv_util/install.log --single-version-externally-managed
[8.652s] Level 1:colcon.colcon_core.environment:checking '/home/omron/Omron_LD/install/om_aiv_util' for CMake config files
[8.653s] Level 1:colcon.colcon_core.environment:checking '/home/omron/Omron_LD/install/om_aiv_util/lib'
[8.653s] Level 1:colcon.colcon_core.environment:checking '/home/omron/Omron_LD/install/om_aiv_util/bin'
[8.653s] Level 1:colcon.colcon_core.environment:checking '/home/omron/Omron_LD/install/om_aiv_util/lib/pkgconfig/om_aiv_util.pc'
[8.653s] Level 1:colcon.colcon_core.environment:checking '/home/omron/Omron_LD/install/om_aiv_util/lib/python3.8/site-packages'
[8.653s] Level 1:colcon.colcon_core.shell:create_environment_hook('om_aiv_util', 'pythonpath')
[8.654s] INFO:colcon.colcon_core.shell:Creating environment hook '/home/omron/Omron_LD/install/om_aiv_util/share/om_aiv_util/hook/pythonpath.ps1'
[8.654s] INFO:colcon.colcon_core.shell:Creating environment descriptor '/home/omron/Omron_LD/install/om_aiv_util/share/om_aiv_util/hook/pythonpath.dsv'
[8.655s] INFO:colcon.colcon_core.shell:Creating environment hook '/home/omron/Omron_LD/install/om_aiv_util/share/om_aiv_util/hook/pythonpath.sh'
[8.655s] Level 1:colcon.colcon_core.environment:create_environment_scripts_only(om_aiv_util)
[8.656s] INFO:colcon.colcon_core.shell:Creating package script '/home/omron/Omron_LD/install/om_aiv_util/share/om_aiv_util/package.ps1'
[8.657s] INFO:colcon.colcon_core.shell:Creating package descriptor '/home/omron/Omron_LD/install/om_aiv_util/share/om_aiv_util/package.dsv'
[8.657s] INFO:colcon.colcon_core.shell:Creating package script '/home/omron/Omron_LD/install/om_aiv_util/share/om_aiv_util/package.sh'
[8.657s] INFO:colcon.colcon_core.shell:Creating package script '/home/omron/Omron_LD/install/om_aiv_util/share/om_aiv_util/package.bash'
[8.658s] INFO:colcon.colcon_core.shell:Creating package script '/home/omron/Omron_LD/install/om_aiv_util/share/om_aiv_util/package.zsh'
[8.658s] Level 1:colcon.colcon_core.environment:create_file_with_runtime_dependencies(/home/omron/Omron_LD/install/om_aiv_util/share/colcon-core/packages/om_aiv_util)
[8.658s] DEBUG:colcon.colcon_parallel_executor.executor.parallel:closing loop
[8.659s] DEBUG:colcon.colcon_parallel_executor.executor.parallel:loop closed
[8.659s] DEBUG:colcon.colcon_parallel_executor.executor.parallel:run_until_complete finished with '0'
[8.659s] DEBUG:colcon.colcon_core.event_reactor:joining thread
[8.666s] INFO:colcon.colcon_core.plugin_system:Skipping extension 'colcon_notification.desktop_notification.terminal_notifier': Not used on non-Darwin systems
[8.667s] INFO:colcon.colcon_core.plugin_system:Skipping extension 'colcon_notification.desktop_notification.win32': Not used on non-Windows systems
[8.667s] INFO:colcon.colcon_notification.desktop_notification:Sending desktop notification using 'notify2'
[8.682s] DEBUG:colcon.colcon_core.event_reactor:joined thread
[8.683s] INFO:colcon.colcon_core.shell:Creating prefix script '/home/omron/Omron_LD/install/local_setup.ps1'
[8.684s] INFO:colcon.colcon_core.shell:Creating prefix util module '/home/omron/Omron_LD/install/_local_setup_util_ps1.py'
[8.685s] INFO:colcon.colcon_core.shell:Creating prefix chain script '/home/omron/Omron_LD/install/setup.ps1'
[8.689s] INFO:colcon.colcon_core.shell:Creating prefix script '/home/omron/Omron_LD/install/local_setup.sh'
[8.690s] INFO:colcon.colcon_core.shell:Creating prefix util module '/home/omron/Omron_LD/install/_local_setup_util_sh.py'
[8.692s] INFO:colcon.colcon_core.shell:Creating prefix chain script '/home/omron/Omron_LD/install/setup.sh'
[8.695s] INFO:colcon.colcon_core.shell:Creating prefix script '/home/omron/Omron_LD/install/local_setup.bash'
[8.696s] INFO:colcon.colcon_core.shell:Creating prefix chain script '/home/omron/Omron_LD/install/setup.bash'
[8.698s] INFO:colcon.colcon_core.shell:Creating prefix script '/home/omron/Omron_LD/install/local_setup.zsh'
[8.699s] INFO:colcon.colcon_core.shell:Creating prefix chain script '/home/omron/Omron_LD/install/setup.zsh'
