[ 33%] Built target data_points_marker
[ 66%] Built target goals_marker
[100%] Built target joints_publisher
-- Install configuration: ""
-- Up-to-date: /home/omron/Omron_LD/install/ld_visualisation/lib/ld_visualisation/joints_publisher
-- Up-to-date: /home/omron/Omron_LD/install/ld_visualisation/lib/ld_visualisation/data_points_marker
-- Up-to-date: /home/omron/Omron_LD/install/ld_visualisation/lib/ld_visualisation/goals_marker
-- Up-to-date: /home/omron/Omron_LD/install/ld_visualisation/share/ld_visualisation/launch
-- Up-to-date: /home/omron/Omron_LD/install/ld_visualisation/share/ld_visualisation/launch/display.launch
-- Up-to-date: /home/omron/Omron_LD/install/ld_visualisation/share/ld_visualisation/launch/display.launch.py
-- Up-to-date: /home/omron/Omron_LD/install/ld_visualisation/share/ld_visualisation/config
-- Up-to-date: /home/omron/Omron_LD/install/ld_visualisation/share/ld_visualisation/config/ld_rviz_config.rviz
-- Up-to-date: /home/omron/Omron_LD/install/ld_visualisation/share/ld_visualisation/config/ld_rviz2.rviz
-- Up-to-date: /home/omron/Omron_LD/install/ld_visualisation/share/ld_visualisation/map
-- Up-to-date: /home/omron/Omron_LD/install/ld_visualisation/share/ld_visualisation/map/data.map
-- Up-to-date: /home/omron/Omron_LD/install/ld_visualisation/share/ld_visualisation/meshes
-- Up-to-date: /home/omron/Omron_LD/install/ld_visualisation/share/ld_visualisation/meshes/LD_Platform.STL
-- Up-to-date: /home/omron/Omron_LD/install/ld_visualisation/share/ld_visualisation/param
-- Up-to-date: /home/omron/Omron_LD/install/ld_visualisation/share/ld_visualisation/param/vis_param.yaml
-- Up-to-date: /home/omron/Omron_LD/install/ld_visualisation/share/ld_visualisation/param/ros1vis_param.yaml
-- Up-to-date: /home/omron/Omron_LD/install/ld_visualisation/share/ld_visualisation/rviz
-- Up-to-date: /home/omron/Omron_LD/install/ld_visualisation/share/ld_visualisation/rviz/urdf.rviz
-- Up-to-date: /home/omron/Omron_LD/install/ld_visualisation/share/ld_visualisation/rviz/urdf.vcg
-- Up-to-date: /home/omron/Omron_LD/install/ld_visualisation/share/ld_visualisation/urdf
-- Up-to-date: /home/omron/Omron_LD/install/ld_visualisation/share/ld_visualisation/urdf/LD_Platform.urdf.xacro
-- Up-to-date: /home/omron/Omron_LD/install/ld_visualisation/share/ld_visualisation/urdf/LD_Platform.urdf
-- Up-to-date: /home/omron/Omron_LD/install/ld_visualisation/share/ament_index/resource_index/package_run_dependencies/ld_visualisation
-- Up-to-date: /home/omron/Omron_LD/install/ld_visualisation/share/ament_index/resource_index/parent_prefix_path/ld_visualisation
-- Up-to-date: /home/omron/Omron_LD/install/ld_visualisation/share/ld_visualisation/environment/ament_prefix_path.sh
-- Up-to-date: /home/omron/Omron_LD/install/ld_visualisation/share/ld_visualisation/environment/ament_prefix_path.dsv
-- Up-to-date: /home/omron/Omron_LD/install/ld_visualisation/share/ld_visualisation/environment/path.sh
-- Up-to-date: /home/omron/Omron_LD/install/ld_visualisation/share/ld_visualisation/environment/path.dsv
-- Up-to-date: /home/omron/Omron_LD/install/ld_visualisation/share/ld_visualisation/local_setup.bash
-- Up-to-date: /home/omron/Omron_LD/install/ld_visualisation/share/ld_visualisation/local_setup.sh
-- Up-to-date: /home/omron/Omron_LD/install/ld_visualisation/share/ld_visualisation/local_setup.zsh
-- Up-to-date: /home/omron/Omron_LD/install/ld_visualisation/share/ld_visualisation/local_setup.dsv
-- Up-to-date: /home/omron/Omron_LD/install/ld_visualisation/share/ld_visualisation/package.dsv
-- Up-to-date: /home/omron/Omron_LD/install/ld_visualisation/share/ament_index/resource_index/packages/ld_visualisation
-- Up-to-date: /home/omron/Omron_LD/install/ld_visualisation/share/ld_visualisation/cmake/ld_visualisationConfig.cmake
-- Up-to-date: /home/omron/Omron_LD/install/ld_visualisation/share/ld_visualisation/cmake/ld_visualisationConfig-version.cmake
-- Up-to-date: /home/omron/Omron_LD/install/ld_visualisation/share/ld_visualisation/package.xml
