-- Found ament_cmake: 0.9.8 (/opt/ros/foxy/share/ament_cmake/cmake)
-- Using PYTHON_EXECUTABLE: /usr/bin/python3
-- Found rclcpp: 2.3.1 (/opt/ros/foxy/share/rclcpp/cmake)
-- Using all available rosidl_typesupport_c: rosidl_typesupport_fastrtps_c;rosidl_typesupport_introspection_c
-- Found rosidl_adapter: 1.2.1 (/opt/ros/foxy/share/rosidl_adapter/cmake)
-- Using all available rosidl_typesupport_cpp: rosidl_typesupport_fastrtps_cpp;rosidl_typesupport_introspection_cpp
-- Found rmw_implementation_cmake: 1.0.3 (/opt/ros/foxy/share/rmw_implementation_cmake/cmake)
-- Using RMW implementation 'rmw_fastrtps_cpp' as default
-- Found sensor_msgs: 2.0.4 (/opt/ros/foxy/share/sensor_msgs/cmake)
-- Found control_msgs: 2.5.0 (/opt/ros/foxy/share/control_msgs/cmake)
-- Found visualization_msgs: 2.0.4 (/opt/ros/foxy/share/visualization_msgs/cmake)
-- Found tf2_ros: 0.13.10 (/opt/ros/foxy/share/tf2_ros/cmake)
-- Found om_aiv_msg: 0.0.0 (/home/omron/Omron_LD/install/om_aiv_msg/share/om_aiv_msg/cmake)
-- Found ament_lint_auto: 0.9.6 (/opt/ros/foxy/share/ament_lint_auto/cmake)
-- Added test 'copyright' to check source files copyright and LICENSE
-- Added test 'cppcheck' to perform static code analysis on C / C++ code
-- Configured cppcheck include dirs: /home/omron/Omron_LD/src/ld_visualisation/include
-- Configured cppcheck exclude dirs and/or files: 
-- Added test 'cpplint' to check C / C++ code against the Google style
-- Configured cpplint exclude dirs and/or files: 
-- Added test 'flake8' to check Python code syntax and style conventions
-- Added test 'lint_cmake' to check CMake code style
-- Added test 'pep257' to check Python code against some of the style conventions in PEP 257
-- Added test 'uncrustify' to check C / C++ code style
-- Configured uncrustify additional arguments: 
-- Added test 'xmllint' to check XML markup files
-- Configuring done
-- Generating done
-- Build files have been written to: /home/omron/Omron_LD/build/ld_visualisation
[35m[1mScanning dependencies of target data_points_marker[0m
[35m[1mScanning dependencies of target joints_publisher[0m
[35m[1mScanning dependencies of target goals_marker[0m
[ 16%] [32mBuilding CXX object CMakeFiles/joints_publisher.dir/src/joints_publisher.cpp.o[0m
[ 33%] [32mBuilding CXX object CMakeFiles/data_points_marker.dir/src/data_points_marker.cpp.o[0m
[ 50%] [32mBuilding CXX object CMakeFiles/goals_marker.dir/src/goals_marker.cpp.o[0m
[ 66%] [32m[1mLinking CXX executable joints_publisher[0m
[ 66%] Built target joints_publisher
[ 83%] [32m[1mLinking CXX executable goals_marker[0m
[100%] [32m[1mLinking CXX executable data_points_marker[0m
[100%] Built target goals_marker
[100%] Built target data_points_marker
-- Install configuration: ""
-- Installing: /home/omron/Omron_LD/install/ld_visualisation/lib/ld_visualisation/joints_publisher
-- Set runtime path of "/home/omron/Omron_LD/install/ld_visualisation/lib/ld_visualisation/joints_publisher" to ""
-- Installing: /home/omron/Omron_LD/install/ld_visualisation/lib/ld_visualisation/data_points_marker
-- Set runtime path of "/home/omron/Omron_LD/install/ld_visualisation/lib/ld_visualisation/data_points_marker" to ""
-- Installing: /home/omron/Omron_LD/install/ld_visualisation/lib/ld_visualisation/goals_marker
-- Set runtime path of "/home/omron/Omron_LD/install/ld_visualisation/lib/ld_visualisation/goals_marker" to ""
-- Up-to-date: /home/omron/Omron_LD/install/ld_visualisation/share/ld_visualisation/launch
-- Installing: /home/omron/Omron_LD/install/ld_visualisation/share/ld_visualisation/launch/display.launch
-- Installing: /home/omron/Omron_LD/install/ld_visualisation/share/ld_visualisation/launch/display.launch.py
-- Installing: /home/omron/Omron_LD/install/ld_visualisation/share/ld_visualisation/config
-- Installing: /home/omron/Omron_LD/install/ld_visualisation/share/ld_visualisation/config/ld_rviz_config.rviz
-- Installing: /home/omron/Omron_LD/install/ld_visualisation/share/ld_visualisation/config/ld_rviz2.rviz
-- Up-to-date: /home/omron/Omron_LD/install/ld_visualisation/share/ld_visualisation/map
-- Installing: /home/omron/Omron_LD/install/ld_visualisation/share/ld_visualisation/map/data_old.map
-- Installing: /home/omron/Omron_LD/install/ld_visualisation/share/ld_visualisation/map/data.map
-- Installing: /home/omron/Omron_LD/install/ld_visualisation/share/ld_visualisation/meshes
-- Installing: /home/omron/Omron_LD/install/ld_visualisation/share/ld_visualisation/meshes/LD_Platform.STL
-- Installing: /home/omron/Omron_LD/install/ld_visualisation/share/ld_visualisation/param
-- Installing: /home/omron/Omron_LD/install/ld_visualisation/share/ld_visualisation/param/vis_param.yaml
-- Installing: /home/omron/Omron_LD/install/ld_visualisation/share/ld_visualisation/param/ros1vis_param.yaml
-- Installing: /home/omron/Omron_LD/install/ld_visualisation/share/ld_visualisation/rviz
-- Installing: /home/omron/Omron_LD/install/ld_visualisation/share/ld_visualisation/rviz/urdf.rviz
-- Installing: /home/omron/Omron_LD/install/ld_visualisation/share/ld_visualisation/rviz/urdf.vcg
-- Installing: /home/omron/Omron_LD/install/ld_visualisation/share/ld_visualisation/urdf
-- Installing: /home/omron/Omron_LD/install/ld_visualisation/share/ld_visualisation/urdf/LD_Platform.urdf.xacro
-- Installing: /home/omron/Omron_LD/install/ld_visualisation/share/ld_visualisation/urdf/LD_Platform.urdf
-- Installing: /home/omron/Omron_LD/install/ld_visualisation/share/ament_index/resource_index/package_run_dependencies/ld_visualisation
-- Installing: /home/omron/Omron_LD/install/ld_visualisation/share/ament_index/resource_index/parent_prefix_path/ld_visualisation
-- Installing: /home/omron/Omron_LD/install/ld_visualisation/share/ld_visualisation/environment/ament_prefix_path.sh
-- Installing: /home/omron/Omron_LD/install/ld_visualisation/share/ld_visualisation/environment/ament_prefix_path.dsv
-- Installing: /home/omron/Omron_LD/install/ld_visualisation/share/ld_visualisation/environment/path.sh
-- Installing: /home/omron/Omron_LD/install/ld_visualisation/share/ld_visualisation/environment/path.dsv
-- Installing: /home/omron/Omron_LD/install/ld_visualisation/share/ld_visualisation/local_setup.bash
-- Installing: /home/omron/Omron_LD/install/ld_visualisation/share/ld_visualisation/local_setup.sh
-- Installing: /home/omron/Omron_LD/install/ld_visualisation/share/ld_visualisation/local_setup.zsh
-- Installing: /home/omron/Omron_LD/install/ld_visualisation/share/ld_visualisation/local_setup.dsv
-- Installing: /home/omron/Omron_LD/install/ld_visualisation/share/ld_visualisation/package.dsv
-- Installing: /home/omron/Omron_LD/install/ld_visualisation/share/ament_index/resource_index/packages/ld_visualisation
-- Installing: /home/omron/Omron_LD/install/ld_visualisation/share/ld_visualisation/cmake/ld_visualisationConfig.cmake
-- Installing: /home/omron/Omron_LD/install/ld_visualisation/share/ld_visualisation/cmake/ld_visualisationConfig-version.cmake
-- Installing: /home/omron/Omron_LD/install/ld_visualisation/share/ld_visualisation/package.xml
