[0.017s] Invoking command in '/home/omron/Omron_LD/build/ld_visualisation': CMAKE_PREFIX_PATH=/home/omron/Omron_LD/install/om_aiv_msg:/home/omron/Omron_LD/install/ld_visualisation:/home/omron/Omron_LD/install/om_aiv_util:/home/omron/Omron_LD/install/om_aiv_navigation:/home/omron/Omron_LD/install/ld_viz:/opt/ros/foxy PYTHONPATH=/home/omron/Omron_LD/install/om_aiv_msg/lib/python3.8/site-packages:/home/omron/Omron_LD/install/om_aiv_util/lib/python3.8/site-packages:/home/omron/Omron_LD/install/om_aiv_navigation/lib/python3.8/site-packages:/home/omron/Omron_LD/install/ld_viz/lib/python3.8/site-packages:/opt/ros/foxy/lib/python3.8/site-packages /usr/bin/cmake --build /home/omron/Omron_LD/build/ld_visualisation -- -j8 -l8
[0.063s] [35m[1mScanning dependencies of target goals_marker[0m
[0.082s] [ 66%] Built target data_points_marker
[0.082s] [ 66%] Built target joints_publisher
[0.093s] [ 83%] [32mBuilding CXX object CMakeFiles/goals_marker.dir/src/goals_marker.cpp.o[0m
[1.289s] [01m[K/home/omron/Omron_LD/src/ld_visualisation/src/goals_marker.cpp:64:46:[m[K [01;31m[Kerror: [m[Kfound ‘[01m[K:[m[K’ in nested-name-specifier, expected ‘[01m[K::[m[K’
[1.289s]    64 | void all_goals_cb(const std_msgs::msg::String[01;31m[K:[m[KSharedPtr msg);
[1.289s]       |                                              [01;31m[K^[m[K
[1.289s]       |                                              [32m[K::[m[K
[1.290s] [01m[K/home/omron/Omron_LD/src/ld_visualisation/src/goals_marker.cpp:[m[K In function ‘[01m[Kgeometry_msgs::msg::Quaternion createQuaternionMsgFromYaw(double)[m[K’:
[1.290s] [01m[K/home/omron/Omron_LD/src/ld_visualisation/src/goals_marker.cpp:69:5:[m[K [01;31m[Kerror: [m[K‘[01m[Ktf2[m[K’ has not been declared
[1.290s]    69 |     [01;31m[Ktf2[m[K::Quaternion tfq;
[1.290s]       |     [01;31m[K^~~[m[K
[1.291s] [01m[K/home/omron/Omron_LD/src/ld_visualisation/src/goals_marker.cpp:70:5:[m[K [01;31m[Kerror: [m[K‘[01m[Ktfq[m[K’ was not declared in this scope
[1.291s]    70 |     [01;31m[Ktfq[m[K.setRPY(0, 0, yaw);
[1.291s]       |     [01;31m[K^~~[m[K
[1.318s] [01m[K/home/omron/Omron_LD/src/ld_visualisation/src/goals_marker.cpp:[m[K In function ‘[01m[Kint main(int, char**)[m[K’:
[1.318s] [01m[K/home/omron/Omron_LD/src/ld_visualisation/src/goals_marker.cpp:162:20:[m[K [01;31m[Kerror: [m[K‘[01m[Kstruct om_aiv_msg::srv::ArclListen[m[K’ has no member named ‘[01m[Krequest[m[K’; did you mean ‘[01m[KRequest[m[K’?
[1.318s]   162 |     goals_list_req.[01;31m[Krequest[m[K.resp_header = GOAL_RESP_H;
[1.318s]       |                    [01;31m[K^~~~~~~[m[K
[1.318s]       |                    [32m[KRequest[m[K
[1.318s] [01m[K/home/omron/Omron_LD/src/ld_visualisation/src/goals_marker.cpp:163:20:[m[K [01;31m[Kerror: [m[K‘[01m[Kstruct om_aiv_msg::srv::ArclApi[m[K’ has no member named ‘[01m[Krequest[m[K’; did you mean ‘[01m[KRequest[m[K’?
[1.318s]   163 |     goals_info_req.[01;31m[Krequest[m[K.line_identifier = GOALS_LIST_END;
[1.318s]       |                    [01;31m[K^~~~~~~[m[K
[1.318s]       |                    [32m[KRequest[m[K
[1.320s] [01m[K/home/omron/Omron_LD/src/ld_visualisation/src/goals_marker.cpp:168:25:[m[K [01;31m[Kerror: [m[K‘[01m[Karcl_api_client[m[K’ was not declared in this scope
[1.320s]   168 |         req_goals_coord([01;31m[Karcl_api_client[m[K, goals_info_req, goals, goals_text, one_goal, one_goal_text);
[1.321s]       |                         [01;31m[K^~~~~~~~~~~~~~~[m[K
[1.321s] [01m[K/home/omron/Omron_LD/src/ld_visualisation/src/goals_marker.cpp:169:27:[m[K [01;35m[Kwarning: [m[Kcomparison of integer expressions of different signedness: ‘[01m[Kint[m[K’ and ‘[01m[Kstd::vector<visualization_msgs::msg::Marker_<std::allocator<void> >, std::allocator<visualization_msgs::msg::Marker_<std::allocator<void> > > >::size_type[m[K’ {aka ‘[01m[Klong unsigned int[m[K’} [[01;35m[K-Wsign-compare[m[K]
[1.321s]   169 |         for (int i = 0; [01;35m[Ki < goals.markers.size()[m[K; i++)
[1.321s]       |                         [01;35m[K~~^~~~~~~~~~~~~~~~~~~~~~[m[K
[1.322s] [01m[K/home/omron/Omron_LD/src/ld_visualisation/src/goals_marker.cpp:174:9:[m[K [01;31m[Kerror: [m[K‘[01m[Kgoals_pub[m[K’ was not declared in this scope; did you mean ‘[01m[Kgoals_id[m[K’?
[1.323s]   174 |         [01;31m[Kgoals_pub[m[K->publish(goals);
[1.323s]       |         [01;31m[K^~~~~~~~~[m[K
[1.323s]       |         [32m[Kgoals_id[m[K
[1.324s] [01m[K/home/omron/Omron_LD/src/ld_visualisation/src/goals_marker.cpp:[m[K At global scope:
[1.324s] [01m[K/home/omron/Omron_LD/src/ld_visualisation/src/goals_marker.cpp:185:13:[m[K [01;31m[Kerror: [m[Kvariable or field ‘[01m[Kreq_goals_coord[m[K’ declared void
[1.324s]   185 |     rclcpp::[01;31m[KServiceClient[m[K& arcl_api_client,
[1.324s]       |             [01;31m[K^~~~~~~~~~~~~[m[K
[1.324s] [01m[K/home/omron/Omron_LD/src/ld_visualisation/src/goals_marker.cpp:185:13:[m[K [01;31m[Kerror: [m[K‘[01m[KServiceClient[m[K’ is not a member of ‘[01m[Krclcpp[m[K’; did you mean ‘[01m[KServiceBase[m[K’?
[1.325s]   185 |     rclcpp::[01;31m[KServiceClient[m[K& arcl_api_client,
[1.325s]       |             [01;31m[K^~~~~~~~~~~~~[m[K
[1.325s]       |             [32m[KServiceBase[m[K
[1.327s] [01m[K/home/omron/Omron_LD/src/ld_visualisation/src/goals_marker.cpp:185:28:[m[K [01;31m[Kerror: [m[K‘[01m[Karcl_api_client[m[K’ was not declared in this scope
[1.327s]   185 |     rclcpp::ServiceClient& [01;31m[Karcl_api_client[m[K,
[1.327s]       |                            [01;31m[K^~~~~~~~~~~~~~~[m[K
[1.327s] [01m[K/home/omron/Omron_LD/src/ld_visualisation/src/goals_marker.cpp:186:29:[m[K [01;31m[Kerror: [m[Kexpected primary-expression before ‘[01m[K&[m[K’ token
[1.327s]   186 |     om_aiv_msg::srv::ArclApi[01;31m[K&[m[K goals_info_req,
[1.327s]       |                             [01;31m[K^[m[K
[1.330s] [01m[K/home/omron/Omron_LD/src/ld_visualisation/src/goals_marker.cpp:186:31:[m[K [01;31m[Kerror: [m[K‘[01m[Kgoals_info_req[m[K’ was not declared in this scope
[1.330s]   186 |     om_aiv_msg::srv::ArclApi& [01;31m[Kgoals_info_req[m[K,
[1.330s]       |                               [01;31m[K^~~~~~~~~~~~~~[m[K
[1.330s] [01m[K/home/omron/Omron_LD/src/ld_visualisation/src/goals_marker.cpp:187:41:[m[K [01;31m[Kerror: [m[Kexpected primary-expression before ‘[01m[K&[m[K’ token
[1.330s]   187 |     visualization_msgs::msg::MarkerArray[01;31m[K&[m[K goals,
[1.330s]       |                                         [01;31m[K^[m[K
[1.332s] [01m[K/home/omron/Omron_LD/src/ld_visualisation/src/goals_marker.cpp:187:43:[m[K [01;31m[Kerror: [m[K‘[01m[Kgoals[m[K’ was not declared in this scope; did you mean ‘[01m[Kgoals_id[m[K’?
[1.332s]   187 |     visualization_msgs::msg::MarkerArray& [01;31m[Kgoals[m[K,
[1.332s]       |                                           [01;31m[K^~~~~[m[K
[1.332s]       |                                           [32m[Kgoals_id[m[K
[1.332s] [01m[K/home/omron/Omron_LD/src/ld_visualisation/src/goals_marker.cpp:188:41:[m[K [01;31m[Kerror: [m[Kexpected primary-expression before ‘[01m[K&[m[K’ token
[1.332s]   188 |     visualization_msgs::msg::MarkerArray[01;31m[K&[m[K goals_text,
[1.332s]       |                                         [01;31m[K^[m[K
[1.334s] [01m[K/home/omron/Omron_LD/src/ld_visualisation/src/goals_marker.cpp:188:43:[m[K [01;31m[Kerror: [m[K‘[01m[Kgoals_text[m[K’ was not declared in this scope; did you mean ‘[01m[Kgoals_list[m[K’?
[1.334s]   188 |     visualization_msgs::msg::MarkerArray& [01;31m[Kgoals_text[m[K,
[1.334s]       |                                           [01;31m[K^~~~~~~~~~[m[K
[1.334s]       |                                           [32m[Kgoals_list[m[K
[1.334s] [01m[K/home/omron/Omron_LD/src/ld_visualisation/src/goals_marker.cpp:189:37:[m[K [01;31m[Kerror: [m[Kexpected primary-expression before ‘[01m[Kone_goal[m[K’
[1.334s]   189 |     visualization_msgs::msg::Marker [01;31m[Kone_goal[m[K,
[1.334s]       |                                     [01;31m[K^~~~~~~~[m[K
[1.334s] [01m[K/home/omron/Omron_LD/src/ld_visualisation/src/goals_marker.cpp:190:37:[m[K [01;31m[Kerror: [m[Kexpected primary-expression before ‘[01m[Kone_goal_text[m[K’
[1.334s]   190 |     visualization_msgs::msg::Marker [01;31m[Kone_goal_text[m[K)
[1.335s]       |                                     [01;31m[K^~~~~~~~~~~~~[m[K
[2.822s] make[2]: *** [CMakeFiles/goals_marker.dir/build.make:63: CMakeFiles/goals_marker.dir/src/goals_marker.cpp.o] Error 1
[2.822s] make[1]: *** [CMakeFiles/Makefile2:109: CMakeFiles/goals_marker.dir/all] Error 2
[2.822s] make: *** [Makefile:141: all] Error 2
[2.824s] Invoked command in '/home/omron/Omron_LD/build/ld_visualisation' returned '2': CMAKE_PREFIX_PATH=/home/omron/Omron_LD/install/om_aiv_msg:/home/omron/Omron_LD/install/ld_visualisation:/home/omron/Omron_LD/install/om_aiv_util:/home/omron/Omron_LD/install/om_aiv_navigation:/home/omron/Omron_LD/install/ld_viz:/opt/ros/foxy PYTHONPATH=/home/omron/Omron_LD/install/om_aiv_msg/lib/python3.8/site-packages:/home/omron/Omron_LD/install/om_aiv_util/lib/python3.8/site-packages:/home/omron/Omron_LD/install/om_aiv_navigation/lib/python3.8/site-packages:/home/omron/Omron_LD/install/ld_viz/lib/python3.8/site-packages:/opt/ros/foxy/lib/python3.8/site-packages /usr/bin/cmake --build /home/omron/Omron_LD/build/ld_visualisation -- -j8 -l8
