[0.266s] Invoking command in '/home/omron/Omron_LD/src/om_aiv_navigation': PYTHONPATH=/home/omron/Omron_LD/install/om_aiv_navigation/lib/python3.8/site-packages:${PYTHONPATH} /usr/bin/python3 setup.py egg_info --egg-base ../../build/om_aiv_navigation build --build-base /home/omron/Omron_LD/build/om_aiv_navigation/build install --prefix /home/omron/Omron_LD/install/om_aiv_navigation --record /home/omron/Omron_LD/build/om_aiv_navigation/install.log --single-version-externally-managed
[0.481s] running egg_info
[0.482s] writing ../../build/om_aiv_navigation/om_aiv_navigation.egg-info/PKG-INFO
[0.482s] writing dependency_links to ../../build/om_aiv_navigation/om_aiv_navigation.egg-info/dependency_links.txt
[0.482s] writing entry points to ../../build/om_aiv_navigation/om_aiv_navigation.egg-info/entry_points.txt
[0.482s] writing requirements to ../../build/om_aiv_navigation/om_aiv_navigation.egg-info/requires.txt
[0.482s] writing top-level names to ../../build/om_aiv_navigation/om_aiv_navigation.egg-info/top_level.txt
[0.520s] reading manifest file '../../build/om_aiv_navigation/om_aiv_navigation.egg-info/SOURCES.txt'
[0.522s] writing manifest file '../../build/om_aiv_navigation/om_aiv_navigation.egg-info/SOURCES.txt'
[0.522s] running build
[0.523s] running build_py
[0.523s] creating /home/omron/Omron_LD/build/om_aiv_navigation/build
[0.523s] creating /home/omron/Omron_LD/build/om_aiv_navigation/build/lib
[0.524s] creating /home/omron/Omron_LD/build/om_aiv_navigation/build/lib/om_aiv_navigation
[0.524s] copying om_aiv_navigation/__init__.py -> /home/omron/Omron_LD/build/om_aiv_navigation/build/lib/om_aiv_navigation
[0.524s] running install
[0.524s] running install_lib
[0.525s] creating /home/omron/Omron_LD/install/om_aiv_navigation/lib/python3.8/site-packages/om_aiv_navigation
[0.525s] copying /home/omron/Omron_LD/build/om_aiv_navigation/build/lib/om_aiv_navigation/__init__.py -> /home/omron/Omron_LD/install/om_aiv_navigation/lib/python3.8/site-packages/om_aiv_navigation
[0.525s] byte-compiling /home/omron/Omron_LD/install/om_aiv_navigation/lib/python3.8/site-packages/om_aiv_navigation/__init__.py to __init__.cpython-38.pyc
[0.526s] running install_data
[0.526s] creating /home/omron/Omron_LD/install/om_aiv_navigation/share/ament_index
[0.526s] creating /home/omron/Omron_LD/install/om_aiv_navigation/share/ament_index/resource_index
[0.528s] creating /home/omron/Omron_LD/install/om_aiv_navigation/share/ament_index/resource_index/packages
[0.528s] copying resource/om_aiv_navigation -> /home/omron/Omron_LD/install/om_aiv_navigation/share/ament_index/resource_index/packages
[0.528s] copying package.xml -> /home/omron/Omron_LD/install/om_aiv_navigation/share/om_aiv_navigation
[0.528s] running install_egg_info
[0.528s] Copying ../../build/om_aiv_navigation/om_aiv_navigation.egg-info to /home/omron/Omron_LD/install/om_aiv_navigation/lib/python3.8/site-packages/om_aiv_navigation-0.0.0-py3.8.egg-info
[0.531s] running install_scripts
[0.553s] writing list of installed files to '/home/omron/Omron_LD/build/om_aiv_navigation/install.log'
[0.797s] Invoked command in '/home/omron/Omron_LD/src/om_aiv_navigation' returned '0': PYTHONPATH=/home/omron/Omron_LD/install/om_aiv_navigation/lib/python3.8/site-packages:${PYTHONPATH} /usr/bin/python3 setup.py egg_info --egg-base ../../build/om_aiv_navigation build --build-base /home/omron/Omron_LD/build/om_aiv_navigation/build install --prefix /home/omron/Omron_LD/install/om_aiv_navigation --record /home/omron/Omron_LD/build/om_aiv_navigation/install.log --single-version-externally-managed
