[0.031s] Invoking command in '/home/omron/Omron_LD/build/om_aiv_msg': CMAKE_PREFIX_PATH=${CMAKE_PREFIX_PATH}:/home/omron/Omron_LD/install/om_aiv_util:/home/omron/Omron_LD/install/om_aiv_navigation:/opt/ros/foxy /usr/bin/cmake --build /home/omron/Omron_LD/build/om_aiv_msg -- -j8 -l8
[0.093s] [  1%] Built target om_aiv_msg__cpp
[0.096s] [ 12%] Built target om_aiv_msg__rosidl_generator_c
[0.125s] [ 23%] Built target om_aiv_msg__rosidl_typesupport_cpp
[0.129s] [ 34%] Built target om_aiv_msg__rosidl_typesupport_c
[0.130s] [ 46%] Built target om_aiv_msg__rosidl_typesupport_introspection_cpp
[0.131s] [ 61%] Built target om_aiv_msg__rosidl_typesupport_fastrtps_cpp
[0.131s] [ 68%] Built target om_aiv_msg__rosidl_typesupport_introspection_c
[0.162s] [ 79%] Built target om_aiv_msg__rosidl_typesupport_fastrtps_c
[0.184s] [ 79%] Built target om_aiv_msg
[0.204s] [ 80%] Built target om_aiv_msg__py
[0.234s] [ 90%] Built target om_aiv_msg__python
[0.259s] [ 93%] Built target om_aiv_msg__rosidl_typesupport_fastrtps_c__pyext
[0.263s] [100%] Built target om_aiv_msg__rosidl_typesupport_introspection_c__pyext
[0.263s] [100%] Built target om_aiv_msg__rosidl_typesupport_c__pyext
[0.282s] Invoked command in '/home/omron/Omron_LD/build/om_aiv_msg' returned '0': CMAKE_PREFIX_PATH=${CMAKE_PREFIX_PATH}:/home/omron/Omron_LD/install/om_aiv_util:/home/omron/Omron_LD/install/om_aiv_navigation:/opt/ros/foxy /usr/bin/cmake --build /home/omron/Omron_LD/build/om_aiv_msg -- -j8 -l8
[0.399s] Invoking command in '/home/omron/Omron_LD/build/om_aiv_msg': CMAKE_PREFIX_PATH=${CMAKE_PREFIX_PATH}:/home/omron/Omron_LD/install/om_aiv_util:/home/omron/Omron_LD/install/om_aiv_navigation:/opt/ros/foxy /usr/bin/cmake --install /home/omron/Omron_LD/build/om_aiv_msg
[0.410s] -- Install configuration: ""
[0.411s] -- Installing: /home/omron/Omron_LD/install/om_aiv_msg/share/ament_index/resource_index/rosidl_interfaces/om_aiv_msg
[0.412s] -- Installing: /home/omron/Omron_LD/install/om_aiv_msg/include/om_aiv_msg
[0.412s] -- Installing: /home/omron/Omron_LD/install/om_aiv_msg/include/om_aiv_msg/action
[0.412s] -- Installing: /home/omron/Omron_LD/install/om_aiv_msg/include/om_aiv_msg/action/action.h
[0.412s] -- Installing: /home/omron/Omron_LD/install/om_aiv_msg/include/om_aiv_msg/action/detail
[0.412s] -- Installing: /home/omron/Omron_LD/install/om_aiv_msg/include/om_aiv_msg/action/detail/action__functions.c
[0.412s] -- Installing: /home/omron/Omron_LD/install/om_aiv_msg/include/om_aiv_msg/action/detail/action__struct.h
[0.413s] -- Installing: /home/omron/Omron_LD/install/om_aiv_msg/include/om_aiv_msg/action/detail/action__type_support.h
[0.413s] -- Installing: /home/omron/Omron_LD/install/om_aiv_msg/include/om_aiv_msg/action/detail/action__functions.h
[0.413s] -- Installing: /home/omron/Omron_LD/install/om_aiv_msg/include/om_aiv_msg/msg
[0.414s] -- Installing: /home/omron/Omron_LD/install/om_aiv_msg/include/om_aiv_msg/msg/location.h
[0.414s] -- Installing: /home/omron/Omron_LD/install/om_aiv_msg/include/om_aiv_msg/msg/detail
[0.414s] -- Installing: /home/omron/Omron_LD/install/om_aiv_msg/include/om_aiv_msg/msg/detail/location__functions.c
[0.415s] -- Installing: /home/omron/Omron_LD/install/om_aiv_msg/include/om_aiv_msg/msg/detail/status__struct.h
[0.415s] -- Installing: /home/omron/Omron_LD/install/om_aiv_msg/include/om_aiv_msg/msg/detail/status__functions.c
[0.415s] -- Installing: /home/omron/Omron_LD/install/om_aiv_msg/include/om_aiv_msg/msg/detail/status__functions.h
[0.415s] -- Installing: /home/omron/Omron_LD/install/om_aiv_msg/include/om_aiv_msg/msg/detail/status__type_support.h
[0.416s] -- Installing: /home/omron/Omron_LD/install/om_aiv_msg/include/om_aiv_msg/msg/detail/location__functions.h
[0.416s] -- Installing: /home/omron/Omron_LD/install/om_aiv_msg/include/om_aiv_msg/msg/detail/location__struct.h
[0.416s] -- Installing: /home/omron/Omron_LD/install/om_aiv_msg/include/om_aiv_msg/msg/detail/location__type_support.h
[0.416s] -- Installing: /home/omron/Omron_LD/install/om_aiv_msg/include/om_aiv_msg/msg/rosidl_generator_c__visibility_control.h
[0.417s] -- Installing: /home/omron/Omron_LD/install/om_aiv_msg/include/om_aiv_msg/msg/status.h
[0.417s] -- Installing: /home/omron/Omron_LD/install/om_aiv_msg/include/om_aiv_msg/srv
[0.417s] -- Installing: /home/omron/Omron_LD/install/om_aiv_msg/include/om_aiv_msg/srv/arcl_listen.h
[0.418s] -- Installing: /home/omron/Omron_LD/install/om_aiv_msg/include/om_aiv_msg/srv/detail
[0.418s] -- Installing: /home/omron/Omron_LD/install/om_aiv_msg/include/om_aiv_msg/srv/detail/arcl_api__type_support.h
[0.418s] -- Installing: /home/omron/Omron_LD/install/om_aiv_msg/include/om_aiv_msg/srv/detail/arcl_api__struct.h
[0.418s] -- Installing: /home/omron/Omron_LD/install/om_aiv_msg/include/om_aiv_msg/srv/detail/arcl_listen__type_support.h
[0.418s] -- Installing: /home/omron/Omron_LD/install/om_aiv_msg/include/om_aiv_msg/srv/detail/arcl_api__functions.c
[0.419s] -- Installing: /home/omron/Omron_LD/install/om_aiv_msg/include/om_aiv_msg/srv/detail/arcl_api__functions.h
[0.419s] -- Installing: /home/omron/Omron_LD/install/om_aiv_msg/include/om_aiv_msg/srv/detail/arcl_listen__functions.c
[0.419s] -- Installing: /home/omron/Omron_LD/install/om_aiv_msg/include/om_aiv_msg/srv/detail/arcl_listen__functions.h
[0.420s] -- Installing: /home/omron/Omron_LD/install/om_aiv_msg/include/om_aiv_msg/srv/detail/arcl_listen__struct.h
[0.420s] -- Installing: /home/omron/Omron_LD/install/om_aiv_msg/include/om_aiv_msg/srv/arcl_api.h
[0.420s] -- Installing: /home/omron/Omron_LD/install/om_aiv_msg/share/om_aiv_msg/environment/library_path.sh
[0.421s] -- Installing: /home/omron/Omron_LD/install/om_aiv_msg/share/om_aiv_msg/environment/library_path.dsv
[0.421s] -- Installing: /home/omron/Omron_LD/install/om_aiv_msg/lib/libom_aiv_msg__rosidl_generator_c.so
[0.423s] -- Set runtime path of "/home/omron/Omron_LD/install/om_aiv_msg/lib/libom_aiv_msg__rosidl_generator_c.so" to ""
[0.423s] -- Up-to-date: /home/omron/Omron_LD/install/om_aiv_msg/include/om_aiv_msg
[0.423s] -- Up-to-date: /home/omron/Omron_LD/install/om_aiv_msg/include/om_aiv_msg/action
[0.423s] -- Up-to-date: /home/omron/Omron_LD/install/om_aiv_msg/include/om_aiv_msg/action/detail
[0.423s] -- Installing: /home/omron/Omron_LD/install/om_aiv_msg/include/om_aiv_msg/action/detail/action__rosidl_typesupport_fastrtps_c.h
[0.423s] -- Up-to-date: /home/omron/Omron_LD/install/om_aiv_msg/include/om_aiv_msg/msg
[0.423s] -- Installing: /home/omron/Omron_LD/install/om_aiv_msg/include/om_aiv_msg/msg/rosidl_typesupport_fastrtps_c__visibility_control.h
[0.424s] -- Up-to-date: /home/omron/Omron_LD/install/om_aiv_msg/include/om_aiv_msg/msg/detail
[0.424s] -- Installing: /home/omron/Omron_LD/install/om_aiv_msg/include/om_aiv_msg/msg/detail/status__rosidl_typesupport_fastrtps_c.h
[0.424s] -- Installing: /home/omron/Omron_LD/install/om_aiv_msg/include/om_aiv_msg/msg/detail/location__rosidl_typesupport_fastrtps_c.h
[0.424s] -- Up-to-date: /home/omron/Omron_LD/install/om_aiv_msg/include/om_aiv_msg/srv
[0.425s] -- Up-to-date: /home/omron/Omron_LD/install/om_aiv_msg/include/om_aiv_msg/srv/detail
[0.425s] -- Installing: /home/omron/Omron_LD/install/om_aiv_msg/include/om_aiv_msg/srv/detail/arcl_listen__rosidl_typesupport_fastrtps_c.h
[0.425s] -- Installing: /home/omron/Omron_LD/install/om_aiv_msg/include/om_aiv_msg/srv/detail/arcl_api__rosidl_typesupport_fastrtps_c.h
[0.425s] -- Installing: /home/omron/Omron_LD/install/om_aiv_msg/lib/libom_aiv_msg__rosidl_typesupport_fastrtps_c.so
[0.427s] -- Set runtime path of "/home/omron/Omron_LD/install/om_aiv_msg/lib/libom_aiv_msg__rosidl_typesupport_fastrtps_c.so" to ""
[0.427s] -- Up-to-date: /home/omron/Omron_LD/install/om_aiv_msg/include/om_aiv_msg
[0.427s] -- Up-to-date: /home/omron/Omron_LD/install/om_aiv_msg/include/om_aiv_msg/action
[0.427s] -- Up-to-date: /home/omron/Omron_LD/install/om_aiv_msg/include/om_aiv_msg/action/detail
[0.427s] -- Installing: /home/omron/Omron_LD/install/om_aiv_msg/include/om_aiv_msg/action/detail/dds_fastrtps
[0.427s] -- Installing: /home/omron/Omron_LD/install/om_aiv_msg/include/om_aiv_msg/action/detail/action__rosidl_typesupport_fastrtps_cpp.hpp
[0.427s] -- Up-to-date: /home/omron/Omron_LD/install/om_aiv_msg/include/om_aiv_msg/msg
[0.428s] -- Installing: /home/omron/Omron_LD/install/om_aiv_msg/include/om_aiv_msg/msg/rosidl_typesupport_fastrtps_cpp__visibility_control.h
[0.428s] -- Up-to-date: /home/omron/Omron_LD/install/om_aiv_msg/include/om_aiv_msg/msg/detail
[0.428s] -- Installing: /home/omron/Omron_LD/install/om_aiv_msg/include/om_aiv_msg/msg/detail/dds_fastrtps
[0.428s] -- Installing: /home/omron/Omron_LD/install/om_aiv_msg/include/om_aiv_msg/msg/detail/location__rosidl_typesupport_fastrtps_cpp.hpp
[0.428s] -- Installing: /home/omron/Omron_LD/install/om_aiv_msg/include/om_aiv_msg/msg/detail/status__rosidl_typesupport_fastrtps_cpp.hpp
[0.428s] -- Up-to-date: /home/omron/Omron_LD/install/om_aiv_msg/include/om_aiv_msg/srv
[0.428s] -- Up-to-date: /home/omron/Omron_LD/install/om_aiv_msg/include/om_aiv_msg/srv/detail
[0.429s] -- Installing: /home/omron/Omron_LD/install/om_aiv_msg/include/om_aiv_msg/srv/detail/dds_fastrtps
[0.429s] -- Installing: /home/omron/Omron_LD/install/om_aiv_msg/include/om_aiv_msg/srv/detail/arcl_api__rosidl_typesupport_fastrtps_cpp.hpp
[0.429s] -- Installing: /home/omron/Omron_LD/install/om_aiv_msg/include/om_aiv_msg/srv/detail/arcl_listen__rosidl_typesupport_fastrtps_cpp.hpp
[0.429s] -- Installing: /home/omron/Omron_LD/install/om_aiv_msg/lib/libom_aiv_msg__rosidl_typesupport_fastrtps_cpp.so
[0.431s] -- Set runtime path of "/home/omron/Omron_LD/install/om_aiv_msg/lib/libom_aiv_msg__rosidl_typesupport_fastrtps_cpp.so" to ""
[0.431s] -- Up-to-date: /home/omron/Omron_LD/install/om_aiv_msg/include/om_aiv_msg
[0.431s] -- Up-to-date: /home/omron/Omron_LD/install/om_aiv_msg/include/om_aiv_msg/action
[0.431s] -- Up-to-date: /home/omron/Omron_LD/install/om_aiv_msg/include/om_aiv_msg/action/detail
[0.431s] -- Installing: /home/omron/Omron_LD/install/om_aiv_msg/include/om_aiv_msg/action/detail/action__rosidl_typesupport_introspection_c.h
[0.431s] -- Installing: /home/omron/Omron_LD/install/om_aiv_msg/include/om_aiv_msg/action/detail/action__type_support.c
[0.432s] -- Up-to-date: /home/omron/Omron_LD/install/om_aiv_msg/include/om_aiv_msg/msg
[0.432s] -- Installing: /home/omron/Omron_LD/install/om_aiv_msg/include/om_aiv_msg/msg/rosidl_typesupport_introspection_c__visibility_control.h
[0.432s] -- Up-to-date: /home/omron/Omron_LD/install/om_aiv_msg/include/om_aiv_msg/msg/detail
[0.432s] -- Installing: /home/omron/Omron_LD/install/om_aiv_msg/include/om_aiv_msg/msg/detail/location__type_support.c
[0.433s] -- Installing: /home/omron/Omron_LD/install/om_aiv_msg/include/om_aiv_msg/msg/detail/location__rosidl_typesupport_introspection_c.h
[0.433s] -- Installing: /home/omron/Omron_LD/install/om_aiv_msg/include/om_aiv_msg/msg/detail/status__type_support.c
[0.433s] -- Installing: /home/omron/Omron_LD/install/om_aiv_msg/include/om_aiv_msg/msg/detail/status__rosidl_typesupport_introspection_c.h
[0.434s] -- Up-to-date: /home/omron/Omron_LD/install/om_aiv_msg/include/om_aiv_msg/srv
[0.434s] -- Up-to-date: /home/omron/Omron_LD/install/om_aiv_msg/include/om_aiv_msg/srv/detail
[0.434s] -- Installing: /home/omron/Omron_LD/install/om_aiv_msg/include/om_aiv_msg/srv/detail/arcl_listen__type_support.c
[0.434s] -- Installing: /home/omron/Omron_LD/install/om_aiv_msg/include/om_aiv_msg/srv/detail/arcl_listen__rosidl_typesupport_introspection_c.h
[0.434s] -- Installing: /home/omron/Omron_LD/install/om_aiv_msg/include/om_aiv_msg/srv/detail/arcl_api__rosidl_typesupport_introspection_c.h
[0.435s] -- Installing: /home/omron/Omron_LD/install/om_aiv_msg/include/om_aiv_msg/srv/detail/arcl_api__type_support.c
[0.435s] -- Installing: /home/omron/Omron_LD/install/om_aiv_msg/lib/libom_aiv_msg__rosidl_typesupport_introspection_c.so
[0.436s] -- Set runtime path of "/home/omron/Omron_LD/install/om_aiv_msg/lib/libom_aiv_msg__rosidl_typesupport_introspection_c.so" to ""
[0.436s] -- Installing: /home/omron/Omron_LD/install/om_aiv_msg/lib/libom_aiv_msg__rosidl_typesupport_c.so
[0.437s] -- Set runtime path of "/home/omron/Omron_LD/install/om_aiv_msg/lib/libom_aiv_msg__rosidl_typesupport_c.so" to ""
[0.438s] -- Up-to-date: /home/omron/Omron_LD/install/om_aiv_msg/include/om_aiv_msg
[0.438s] -- Up-to-date: /home/omron/Omron_LD/install/om_aiv_msg/include/om_aiv_msg/action
[0.438s] -- Installing: /home/omron/Omron_LD/install/om_aiv_msg/include/om_aiv_msg/action/action.hpp
[0.438s] -- Up-to-date: /home/omron/Omron_LD/install/om_aiv_msg/include/om_aiv_msg/action/detail
[0.438s] -- Installing: /home/omron/Omron_LD/install/om_aiv_msg/include/om_aiv_msg/action/detail/action__builder.hpp
[0.438s] -- Installing: /home/omron/Omron_LD/install/om_aiv_msg/include/om_aiv_msg/action/detail/action__traits.hpp
[0.439s] -- Installing: /home/omron/Omron_LD/install/om_aiv_msg/include/om_aiv_msg/action/detail/action__struct.hpp
[0.439s] -- Up-to-date: /home/omron/Omron_LD/install/om_aiv_msg/include/om_aiv_msg/msg
[0.439s] -- Installing: /home/omron/Omron_LD/install/om_aiv_msg/include/om_aiv_msg/msg/status.hpp
[0.440s] -- Installing: /home/omron/Omron_LD/install/om_aiv_msg/include/om_aiv_msg/msg/location.hpp
[0.440s] -- Up-to-date: /home/omron/Omron_LD/install/om_aiv_msg/include/om_aiv_msg/msg/detail
[0.440s] -- Installing: /home/omron/Omron_LD/install/om_aiv_msg/include/om_aiv_msg/msg/detail/location__traits.hpp
[0.440s] -- Installing: /home/omron/Omron_LD/install/om_aiv_msg/include/om_aiv_msg/msg/detail/status__struct.hpp
[0.440s] -- Installing: /home/omron/Omron_LD/install/om_aiv_msg/include/om_aiv_msg/msg/detail/location__builder.hpp
[0.441s] -- Installing: /home/omron/Omron_LD/install/om_aiv_msg/include/om_aiv_msg/msg/detail/status__traits.hpp
[0.441s] -- Installing: /home/omron/Omron_LD/install/om_aiv_msg/include/om_aiv_msg/msg/detail/status__builder.hpp
[0.441s] -- Installing: /home/omron/Omron_LD/install/om_aiv_msg/include/om_aiv_msg/msg/detail/location__struct.hpp
[0.441s] -- Up-to-date: /home/omron/Omron_LD/install/om_aiv_msg/include/om_aiv_msg/srv
[0.442s] -- Installing: /home/omron/Omron_LD/install/om_aiv_msg/include/om_aiv_msg/srv/arcl_listen.hpp
[0.442s] -- Up-to-date: /home/omron/Omron_LD/install/om_aiv_msg/include/om_aiv_msg/srv/detail
[0.442s] -- Installing: /home/omron/Omron_LD/install/om_aiv_msg/include/om_aiv_msg/srv/detail/arcl_api__builder.hpp
[0.442s] -- Installing: /home/omron/Omron_LD/install/om_aiv_msg/include/om_aiv_msg/srv/detail/arcl_listen__builder.hpp
[0.442s] -- Installing: /home/omron/Omron_LD/install/om_aiv_msg/include/om_aiv_msg/srv/detail/arcl_listen__struct.hpp
[0.443s] -- Installing: /home/omron/Omron_LD/install/om_aiv_msg/include/om_aiv_msg/srv/detail/arcl_listen__traits.hpp
[0.443s] -- Installing: /home/omron/Omron_LD/install/om_aiv_msg/include/om_aiv_msg/srv/detail/arcl_api__traits.hpp
[0.443s] -- Installing: /home/omron/Omron_LD/install/om_aiv_msg/include/om_aiv_msg/srv/detail/arcl_api__struct.hpp
[0.444s] -- Installing: /home/omron/Omron_LD/install/om_aiv_msg/include/om_aiv_msg/srv/arcl_api.hpp
[0.444s] -- Up-to-date: /home/omron/Omron_LD/install/om_aiv_msg/include/om_aiv_msg
[0.444s] -- Up-to-date: /home/omron/Omron_LD/install/om_aiv_msg/include/om_aiv_msg/action
[0.444s] -- Up-to-date: /home/omron/Omron_LD/install/om_aiv_msg/include/om_aiv_msg/action/detail
[0.444s] -- Installing: /home/omron/Omron_LD/install/om_aiv_msg/include/om_aiv_msg/action/detail/action__rosidl_typesupport_introspection_cpp.hpp
[0.444s] -- Installing: /home/omron/Omron_LD/install/om_aiv_msg/include/om_aiv_msg/action/detail/action__type_support.cpp
[0.451s] -- Up-to-date: /home/omron/Omron_LD/install/om_aiv_msg/include/om_aiv_msg/msg
[0.451s] -- Up-to-date: /home/omron/Omron_LD/install/om_aiv_msg/include/om_aiv_msg/msg/detail
[0.451s] -- Installing: /home/omron/Omron_LD/install/om_aiv_msg/include/om_aiv_msg/msg/detail/status__rosidl_typesupport_introspection_cpp.hpp
[0.451s] -- Installing: /home/omron/Omron_LD/install/om_aiv_msg/include/om_aiv_msg/msg/detail/location__type_support.cpp
[0.452s] -- Installing: /home/omron/Omron_LD/install/om_aiv_msg/include/om_aiv_msg/msg/detail/status__type_support.cpp
[0.452s] -- Installing: /home/omron/Omron_LD/install/om_aiv_msg/include/om_aiv_msg/msg/detail/location__rosidl_typesupport_introspection_cpp.hpp
[0.452s] -- Up-to-date: /home/omron/Omron_LD/install/om_aiv_msg/include/om_aiv_msg/srv
[0.452s] -- Up-to-date: /home/omron/Omron_LD/install/om_aiv_msg/include/om_aiv_msg/srv/detail
[0.452s] -- Installing: /home/omron/Omron_LD/install/om_aiv_msg/include/om_aiv_msg/srv/detail/arcl_listen__type_support.cpp
[0.452s] -- Installing: /home/omron/Omron_LD/install/om_aiv_msg/include/om_aiv_msg/srv/detail/arcl_api__type_support.cpp
[0.452s] -- Installing: /home/omron/Omron_LD/install/om_aiv_msg/include/om_aiv_msg/srv/detail/arcl_api__rosidl_typesupport_introspection_cpp.hpp
[0.452s] -- Installing: /home/omron/Omron_LD/install/om_aiv_msg/include/om_aiv_msg/srv/detail/arcl_listen__rosidl_typesupport_introspection_cpp.hpp
[0.452s] -- Installing: /home/omron/Omron_LD/install/om_aiv_msg/lib/libom_aiv_msg__rosidl_typesupport_introspection_cpp.so
[0.452s] -- Set runtime path of "/home/omron/Omron_LD/install/om_aiv_msg/lib/libom_aiv_msg__rosidl_typesupport_introspection_cpp.so" to ""
[0.452s] -- Installing: /home/omron/Omron_LD/install/om_aiv_msg/lib/libom_aiv_msg__rosidl_typesupport_cpp.so
[0.452s] -- Set runtime path of "/home/omron/Omron_LD/install/om_aiv_msg/lib/libom_aiv_msg__rosidl_typesupport_cpp.so" to ""
[0.453s] -- Installing: /home/omron/Omron_LD/install/om_aiv_msg/share/om_aiv_msg/environment/pythonpath.sh
[0.453s] -- Installing: /home/omron/Omron_LD/install/om_aiv_msg/share/om_aiv_msg/environment/pythonpath.dsv
[0.453s] -- Installing: /home/omron/Omron_LD/install/om_aiv_msg/lib/python3.8/site-packages/om_aiv_msg/__init__.py
[0.481s] Compiling '/home/omron/Omron_LD/install/om_aiv_msg/lib/python3.8/site-packages/om_aiv_msg/__init__.py'...
[0.485s] -- Installing: /home/omron/Omron_LD/install/om_aiv_msg/lib/python3.8/site-packages/om_aiv_msg/msg
[0.485s] -- Installing: /home/omron/Omron_LD/install/om_aiv_msg/lib/python3.8/site-packages/om_aiv_msg/msg/_location.py
[0.485s] -- Installing: /home/omron/Omron_LD/install/om_aiv_msg/lib/python3.8/site-packages/om_aiv_msg/msg/_status_s.c
[0.485s] -- Installing: /home/omron/Omron_LD/install/om_aiv_msg/lib/python3.8/site-packages/om_aiv_msg/msg/_status.py
[0.486s] -- Installing: /home/omron/Omron_LD/install/om_aiv_msg/lib/python3.8/site-packages/om_aiv_msg/msg/__init__.py
[0.486s] -- Installing: /home/omron/Omron_LD/install/om_aiv_msg/lib/python3.8/site-packages/om_aiv_msg/msg/_location_s.c
[0.486s] -- Installing: /home/omron/Omron_LD/install/om_aiv_msg/lib/python3.8/site-packages/om_aiv_msg/srv
[0.486s] -- Installing: /home/omron/Omron_LD/install/om_aiv_msg/lib/python3.8/site-packages/om_aiv_msg/srv/_arcl_api_s.c
[0.487s] -- Installing: /home/omron/Omron_LD/install/om_aiv_msg/lib/python3.8/site-packages/om_aiv_msg/srv/_arcl_listen.py
[0.487s] -- Installing: /home/omron/Omron_LD/install/om_aiv_msg/lib/python3.8/site-packages/om_aiv_msg/srv/__init__.py
[0.487s] -- Installing: /home/omron/Omron_LD/install/om_aiv_msg/lib/python3.8/site-packages/om_aiv_msg/srv/_arcl_api.py
[0.487s] -- Installing: /home/omron/Omron_LD/install/om_aiv_msg/lib/python3.8/site-packages/om_aiv_msg/srv/_arcl_listen_s.c
[0.488s] -- Installing: /home/omron/Omron_LD/install/om_aiv_msg/lib/python3.8/site-packages/om_aiv_msg/action
[0.488s] -- Installing: /home/omron/Omron_LD/install/om_aiv_msg/lib/python3.8/site-packages/om_aiv_msg/action/_action.py
[0.488s] -- Installing: /home/omron/Omron_LD/install/om_aiv_msg/lib/python3.8/site-packages/om_aiv_msg/action/_action_s.c
[0.489s] -- Installing: /home/omron/Omron_LD/install/om_aiv_msg/lib/python3.8/site-packages/om_aiv_msg/action/__init__.py
[0.489s] -- Installing: /home/omron/Omron_LD/install/om_aiv_msg/lib/python3.8/site-packages/om_aiv_msg/om_aiv_msg_s__rosidl_typesupport_fastrtps_c.cpython-38-x86_64-linux-gnu.so
[0.490s] -- Set runtime path of "/home/omron/Omron_LD/install/om_aiv_msg/lib/python3.8/site-packages/om_aiv_msg/om_aiv_msg_s__rosidl_typesupport_fastrtps_c.cpython-38-x86_64-linux-gnu.so" to ""
[0.491s] -- Installing: /home/omron/Omron_LD/install/om_aiv_msg/lib/python3.8/site-packages/om_aiv_msg/om_aiv_msg_s__rosidl_typesupport_introspection_c.cpython-38-x86_64-linux-gnu.so
[0.492s] -- Set runtime path of "/home/omron/Omron_LD/install/om_aiv_msg/lib/python3.8/site-packages/om_aiv_msg/om_aiv_msg_s__rosidl_typesupport_introspection_c.cpython-38-x86_64-linux-gnu.so" to ""
[0.492s] -- Installing: /home/omron/Omron_LD/install/om_aiv_msg/lib/python3.8/site-packages/om_aiv_msg/om_aiv_msg_s__rosidl_typesupport_c.cpython-38-x86_64-linux-gnu.so
[0.494s] -- Set runtime path of "/home/omron/Omron_LD/install/om_aiv_msg/lib/python3.8/site-packages/om_aiv_msg/om_aiv_msg_s__rosidl_typesupport_c.cpython-38-x86_64-linux-gnu.so" to ""
[0.494s] -- Installing: /home/omron/Omron_LD/install/om_aiv_msg/lib/libom_aiv_msg__python.so
[0.495s] -- Set runtime path of "/home/omron/Omron_LD/install/om_aiv_msg/lib/libom_aiv_msg__python.so" to ""
[0.495s] -- Installing: /home/omron/Omron_LD/install/om_aiv_msg/share/om_aiv_msg/msg/Location.idl
[0.496s] -- Installing: /home/omron/Omron_LD/install/om_aiv_msg/share/om_aiv_msg/msg/Status.idl
[0.496s] -- Installing: /home/omron/Omron_LD/install/om_aiv_msg/share/om_aiv_msg/srv/ArclApi.idl
[0.497s] -- Installing: /home/omron/Omron_LD/install/om_aiv_msg/share/om_aiv_msg/srv/ArclListen.idl
[0.497s] -- Installing: /home/omron/Omron_LD/install/om_aiv_msg/share/om_aiv_msg/action/Action.idl
[0.497s] -- Installing: /home/omron/Omron_LD/install/om_aiv_msg/share/om_aiv_msg/msg/Location.msg
[0.498s] -- Installing: /home/omron/Omron_LD/install/om_aiv_msg/share/om_aiv_msg/msg/Status.msg
[0.499s] -- Installing: /home/omron/Omron_LD/install/om_aiv_msg/share/om_aiv_msg/srv/ArclApi.srv
[0.499s] -- Installing: /home/omron/Omron_LD/install/om_aiv_msg/share/om_aiv_msg/srv/ArclApi_Request.msg
[0.499s] -- Installing: /home/omron/Omron_LD/install/om_aiv_msg/share/om_aiv_msg/srv/ArclApi_Response.msg
[0.500s] -- Installing: /home/omron/Omron_LD/install/om_aiv_msg/share/om_aiv_msg/srv/ArclListen.srv
[0.501s] -- Installing: /home/omron/Omron_LD/install/om_aiv_msg/share/om_aiv_msg/srv/ArclListen_Request.msg
[0.502s] -- Installing: /home/omron/Omron_LD/install/om_aiv_msg/share/om_aiv_msg/srv/ArclListen_Response.msg
[0.502s] -- Installing: /home/omron/Omron_LD/install/om_aiv_msg/share/om_aiv_msg/action/Action.action
[0.502s] -- Installing: /home/omron/Omron_LD/install/om_aiv_msg/share/ament_index/resource_index/package_run_dependencies/om_aiv_msg
[0.502s] -- Installing: /home/omron/Omron_LD/install/om_aiv_msg/share/ament_index/resource_index/parent_prefix_path/om_aiv_msg
[0.502s] -- Installing: /home/omron/Omron_LD/install/om_aiv_msg/share/om_aiv_msg/environment/ament_prefix_path.sh
[0.503s] -- Installing: /home/omron/Omron_LD/install/om_aiv_msg/share/om_aiv_msg/environment/ament_prefix_path.dsv
[0.503s] -- Installing: /home/omron/Omron_LD/install/om_aiv_msg/share/om_aiv_msg/environment/path.sh
[0.503s] -- Installing: /home/omron/Omron_LD/install/om_aiv_msg/share/om_aiv_msg/environment/path.dsv
[0.504s] -- Installing: /home/omron/Omron_LD/install/om_aiv_msg/share/om_aiv_msg/local_setup.bash
[0.504s] -- Installing: /home/omron/Omron_LD/install/om_aiv_msg/share/om_aiv_msg/local_setup.sh
[0.505s] -- Installing: /home/omron/Omron_LD/install/om_aiv_msg/share/om_aiv_msg/local_setup.zsh
[0.505s] -- Installing: /home/omron/Omron_LD/install/om_aiv_msg/share/om_aiv_msg/local_setup.dsv
[0.505s] -- Installing: /home/omron/Omron_LD/install/om_aiv_msg/share/om_aiv_msg/package.dsv
[0.506s] -- Installing: /home/omron/Omron_LD/install/om_aiv_msg/share/ament_index/resource_index/packages/om_aiv_msg
[0.506s] -- Installing: /home/omron/Omron_LD/install/om_aiv_msg/share/om_aiv_msg/cmake/om_aiv_msg__rosidl_generator_cExport.cmake
[0.506s] -- Installing: /home/omron/Omron_LD/install/om_aiv_msg/share/om_aiv_msg/cmake/om_aiv_msg__rosidl_generator_cExport-noconfig.cmake
[0.507s] -- Installing: /home/omron/Omron_LD/install/om_aiv_msg/share/om_aiv_msg/cmake/om_aiv_msg__rosidl_typesupport_introspection_cExport.cmake
[0.507s] -- Installing: /home/omron/Omron_LD/install/om_aiv_msg/share/om_aiv_msg/cmake/om_aiv_msg__rosidl_typesupport_introspection_cExport-noconfig.cmake
[0.507s] -- Installing: /home/omron/Omron_LD/install/om_aiv_msg/share/om_aiv_msg/cmake/om_aiv_msg__rosidl_typesupport_cExport.cmake
[0.508s] -- Installing: /home/omron/Omron_LD/install/om_aiv_msg/share/om_aiv_msg/cmake/om_aiv_msg__rosidl_typesupport_cExport-noconfig.cmake
[0.508s] -- Installing: /home/omron/Omron_LD/install/om_aiv_msg/share/om_aiv_msg/cmake/om_aiv_msg__rosidl_generator_cppExport.cmake
[0.508s] -- Installing: /home/omron/Omron_LD/install/om_aiv_msg/share/om_aiv_msg/cmake/om_aiv_msg__rosidl_typesupport_introspection_cppExport.cmake
[0.509s] -- Installing: /home/omron/Omron_LD/install/om_aiv_msg/share/om_aiv_msg/cmake/om_aiv_msg__rosidl_typesupport_introspection_cppExport-noconfig.cmake
[0.509s] -- Installing: /home/omron/Omron_LD/install/om_aiv_msg/share/om_aiv_msg/cmake/om_aiv_msg__rosidl_typesupport_cppExport.cmake
[0.509s] -- Installing: /home/omron/Omron_LD/install/om_aiv_msg/share/om_aiv_msg/cmake/om_aiv_msg__rosidl_typesupport_cppExport-noconfig.cmake
[0.510s] -- Installing: /home/omron/Omron_LD/install/om_aiv_msg/share/om_aiv_msg/cmake/rosidl_cmake-extras.cmake
[0.510s] -- Installing: /home/omron/Omron_LD/install/om_aiv_msg/share/om_aiv_msg/cmake/ament_cmake_export_dependencies-extras.cmake
[0.511s] -- Installing: /home/omron/Omron_LD/install/om_aiv_msg/share/om_aiv_msg/cmake/ament_cmake_export_libraries-extras.cmake
[0.512s] -- Installing: /home/omron/Omron_LD/install/om_aiv_msg/share/om_aiv_msg/cmake/ament_cmake_export_targets-extras.cmake
[0.512s] -- Installing: /home/omron/Omron_LD/install/om_aiv_msg/share/om_aiv_msg/cmake/ament_cmake_export_include_directories-extras.cmake
[0.512s] -- Installing: /home/omron/Omron_LD/install/om_aiv_msg/share/om_aiv_msg/cmake/rosidl_cmake_export_typesupport_libraries-extras.cmake
[0.513s] -- Installing: /home/omron/Omron_LD/install/om_aiv_msg/share/om_aiv_msg/cmake/rosidl_cmake_export_typesupport_targets-extras.cmake
[0.513s] -- Installing: /home/omron/Omron_LD/install/om_aiv_msg/share/om_aiv_msg/cmake/om_aiv_msgConfig.cmake
[0.514s] -- Installing: /home/omron/Omron_LD/install/om_aiv_msg/share/om_aiv_msg/cmake/om_aiv_msgConfig-version.cmake
[0.514s] -- Installing: /home/omron/Omron_LD/install/om_aiv_msg/share/om_aiv_msg/package.xml
[0.518s] Invoked command in '/home/omron/Omron_LD/build/om_aiv_msg' returned '0': CMAKE_PREFIX_PATH=${CMAKE_PREFIX_PATH}:/home/omron/Omron_LD/install/om_aiv_util:/home/omron/Omron_LD/install/om_aiv_navigation:/opt/ros/foxy /usr/bin/cmake --install /home/omron/Omron_LD/build/om_aiv_msg
