[0.262s] DEBUG:colcon:Command line arguments: ['/usr/bin/colcon', 'build']
[0.263s] DEBUG:colcon:Parsed command line arguments: Namespace(ament_cmake_args=None, base_paths=['.'], build_base='build', catkin_cmake_args=None, catkin_skip_building_tests=False, cmake_args=None, cmake_clean_cache=False, cmake_clean_first=False, cmake_force_configure=False, cmake_target=None, cmake_target_skip_unavailable=False, continue_on_error=False, event_handlers=None, executor='parallel', ignore_user_meta=False, install_base='install', log_base=None, log_level=None, main=<bound method BuildVerb.main of <colcon_core.verb.build.BuildVerb object at 0x7f43ca30a4c0>>, merge_install=False, metas=['./colcon.meta'], packages_above=None, packages_above_and_dependencies=None, packages_above_depth=None, packages_end=None, packages_ignore=None, packages_ignore_regex=None, packages_select=None, packages_select_build_failed=False, packages_select_by_dep=None, packages_select_regex=None, packages_select_test_failures=False, packages_skip=None, packages_skip_build_finished=False, packages_skip_by_dep=None, packages_skip_regex=None, packages_skip_test_passed=False, packages_skip_up_to=None, packages_start=None, packages_up_to=None, packages_up_to_regex=None, parallel_workers=8, paths=None, symlink_install=False, test_result_base=None, verb_extension=<colcon_core.verb.build.BuildVerb object at 0x7f43ca30a4c0>, verb_name='build', verb_parser=<colcon_defaults.argument_parser.defaults.DefaultArgumentsDecorator object at 0x7f43ca30aa00>)
[0.268s] Level 1:colcon.colcon_core.package_discovery:discover_packages(colcon_meta) check parameters
[0.269s] Level 1:colcon.colcon_core.package_discovery:discover_packages(recursive) check parameters
[0.269s] Level 1:colcon.colcon_core.package_discovery:discover_packages(ignore) check parameters
[0.269s] Level 1:colcon.colcon_core.package_discovery:discover_packages(path) check parameters
[0.269s] Level 1:colcon.colcon_core.package_discovery:discover_packages(colcon_meta) discover
[0.269s] Level 1:colcon.colcon_core.package_discovery:discover_packages(recursive) discover
[0.269s] INFO:colcon.colcon_core.package_discovery:Crawling recursively for packages in '/home/omron/Omron_LD'
[0.269s] Level 1:colcon.colcon_core.package_identification:_identify(.) by extensions ['ignore', 'ignore_ament_install']
[0.269s] Level 1:colcon.colcon_core.package_identification:_identify(.) by extension 'ignore'
[0.269s] Level 1:colcon.colcon_core.package_identification:_identify(.) by extension 'ignore_ament_install'
[0.269s] Level 1:colcon.colcon_core.package_identification:_identify(.) by extensions ['colcon_pkg']
[0.269s] Level 1:colcon.colcon_core.package_identification:_identify(.) by extension 'colcon_pkg'
[0.269s] Level 1:colcon.colcon_core.package_identification:_identify(.) by extensions ['colcon_meta']
[0.270s] Level 1:colcon.colcon_core.package_identification:_identify(.) by extension 'colcon_meta'
[0.270s] Level 1:colcon.colcon_core.package_identification:_identify(.) by extensions ['ros']
[0.270s] Level 1:colcon.colcon_core.package_identification:_identify(.) by extension 'ros'
[0.281s] Level 1:colcon.colcon_core.package_identification:_identify(.) by extensions ['cmake', 'python']
[0.282s] Level 1:colcon.colcon_core.package_identification:_identify(.) by extension 'cmake'
[0.282s] Level 1:colcon.colcon_core.package_identification:_identify(.) by extension 'python'
[0.282s] Level 1:colcon.colcon_core.package_identification:_identify(.) by extensions ['python_setup_py']
[0.282s] Level 1:colcon.colcon_core.package_identification:_identify(.) by extension 'python_setup_py'
[0.282s] Level 1:colcon.colcon_core.package_identification:_identify(build) by extensions ['ignore', 'ignore_ament_install']
[0.282s] Level 1:colcon.colcon_core.package_identification:_identify(build) by extension 'ignore'
[0.282s] Level 1:colcon.colcon_core.package_identification:_identify(build) ignored
[0.282s] Level 1:colcon.colcon_core.package_identification:_identify(docs) by extensions ['ignore', 'ignore_ament_install']
[0.282s] Level 1:colcon.colcon_core.package_identification:_identify(docs) by extension 'ignore'
[0.282s] Level 1:colcon.colcon_core.package_identification:_identify(docs) by extension 'ignore_ament_install'
[0.282s] Level 1:colcon.colcon_core.package_identification:_identify(docs) by extensions ['colcon_pkg']
[0.282s] Level 1:colcon.colcon_core.package_identification:_identify(docs) by extension 'colcon_pkg'
[0.282s] Level 1:colcon.colcon_core.package_identification:_identify(docs) by extensions ['colcon_meta']
[0.282s] Level 1:colcon.colcon_core.package_identification:_identify(docs) by extension 'colcon_meta'
[0.282s] Level 1:colcon.colcon_core.package_identification:_identify(docs) by extensions ['ros']
[0.282s] Level 1:colcon.colcon_core.package_identification:_identify(docs) by extension 'ros'
[0.283s] Level 1:colcon.colcon_core.package_identification:_identify(docs) by extensions ['cmake', 'python']
[0.283s] Level 1:colcon.colcon_core.package_identification:_identify(docs) by extension 'cmake'
[0.283s] Level 1:colcon.colcon_core.package_identification:_identify(docs) by extension 'python'
[0.283s] Level 1:colcon.colcon_core.package_identification:_identify(docs) by extensions ['python_setup_py']
[0.283s] Level 1:colcon.colcon_core.package_identification:_identify(docs) by extension 'python_setup_py'
[0.283s] Level 1:colcon.colcon_core.package_identification:_identify(docs/dg-images) by extensions ['ignore', 'ignore_ament_install']
[0.283s] Level 1:colcon.colcon_core.package_identification:_identify(docs/dg-images) by extension 'ignore'
[0.283s] Level 1:colcon.colcon_core.package_identification:_identify(docs/dg-images) by extension 'ignore_ament_install'
[0.283s] Level 1:colcon.colcon_core.package_identification:_identify(docs/dg-images) by extensions ['colcon_pkg']
[0.283s] Level 1:colcon.colcon_core.package_identification:_identify(docs/dg-images) by extension 'colcon_pkg'
[0.283s] Level 1:colcon.colcon_core.package_identification:_identify(docs/dg-images) by extensions ['colcon_meta']
[0.283s] Level 1:colcon.colcon_core.package_identification:_identify(docs/dg-images) by extension 'colcon_meta'
[0.283s] Level 1:colcon.colcon_core.package_identification:_identify(docs/dg-images) by extensions ['ros']
[0.283s] Level 1:colcon.colcon_core.package_identification:_identify(docs/dg-images) by extension 'ros'
[0.283s] Level 1:colcon.colcon_core.package_identification:_identify(docs/dg-images) by extensions ['cmake', 'python']
[0.283s] Level 1:colcon.colcon_core.package_identification:_identify(docs/dg-images) by extension 'cmake'
[0.284s] Level 1:colcon.colcon_core.package_identification:_identify(docs/dg-images) by extension 'python'
[0.284s] Level 1:colcon.colcon_core.package_identification:_identify(docs/dg-images) by extensions ['python_setup_py']
[0.284s] Level 1:colcon.colcon_core.package_identification:_identify(docs/dg-images) by extension 'python_setup_py'
[0.284s] Level 1:colcon.colcon_core.package_identification:_identify(install) by extensions ['ignore', 'ignore_ament_install']
[0.284s] Level 1:colcon.colcon_core.package_identification:_identify(install) by extension 'ignore'
[0.284s] Level 1:colcon.colcon_core.package_identification:_identify(install) ignored
[0.284s] Level 1:colcon.colcon_core.package_identification:_identify(log) by extensions ['ignore', 'ignore_ament_install']
[0.285s] Level 1:colcon.colcon_core.package_identification:_identify(log) by extension 'ignore'
[0.285s] Level 1:colcon.colcon_core.package_identification:_identify(log) ignored
[0.285s] Level 1:colcon.colcon_core.package_identification:_identify(src) by extensions ['ignore', 'ignore_ament_install']
[0.285s] Level 1:colcon.colcon_core.package_identification:_identify(src) by extension 'ignore'
[0.285s] Level 1:colcon.colcon_core.package_identification:_identify(src) by extension 'ignore_ament_install'
[0.285s] Level 1:colcon.colcon_core.package_identification:_identify(src) by extensions ['colcon_pkg']
[0.285s] Level 1:colcon.colcon_core.package_identification:_identify(src) by extension 'colcon_pkg'
[0.285s] Level 1:colcon.colcon_core.package_identification:_identify(src) by extensions ['colcon_meta']
[0.285s] Level 1:colcon.colcon_core.package_identification:_identify(src) by extension 'colcon_meta'
[0.285s] Level 1:colcon.colcon_core.package_identification:_identify(src) by extensions ['ros']
[0.285s] Level 1:colcon.colcon_core.package_identification:_identify(src) by extension 'ros'
[0.285s] Level 1:colcon.colcon_core.package_identification:_identify(src) by extensions ['cmake', 'python']
[0.285s] Level 1:colcon.colcon_core.package_identification:_identify(src) by extension 'cmake'
[0.285s] Level 1:colcon.colcon_core.package_identification:_identify(src) by extension 'python'
[0.285s] Level 1:colcon.colcon_core.package_identification:_identify(src) by extensions ['python_setup_py']
[0.285s] Level 1:colcon.colcon_core.package_identification:_identify(src) by extension 'python_setup_py'
[0.285s] Level 1:colcon.colcon_core.package_identification:_identify(src/ld_visualisation) by extensions ['ignore', 'ignore_ament_install']
[0.286s] Level 1:colcon.colcon_core.package_identification:_identify(src/ld_visualisation) by extension 'ignore'
[0.286s] Level 1:colcon.colcon_core.package_identification:_identify(src/ld_visualisation) by extension 'ignore_ament_install'
[0.286s] Level 1:colcon.colcon_core.package_identification:_identify(src/ld_visualisation) by extensions ['colcon_pkg']
[0.286s] Level 1:colcon.colcon_core.package_identification:_identify(src/ld_visualisation) by extension 'colcon_pkg'
[0.286s] Level 1:colcon.colcon_core.package_identification:_identify(src/ld_visualisation) by extensions ['colcon_meta']
[0.286s] Level 1:colcon.colcon_core.package_identification:_identify(src/ld_visualisation) by extension 'colcon_meta'
[0.286s] Level 1:colcon.colcon_core.package_identification:_identify(src/ld_visualisation) by extensions ['ros']
[0.286s] Level 1:colcon.colcon_core.package_identification:_identify(src/ld_visualisation) by extension 'ros'
[0.289s] DEBUG:colcon.colcon_core.package_identification:Package 'src/ld_visualisation' with type 'ros.ament_cmake' and name 'ld_visualisation'
[0.290s] Level 1:colcon.colcon_core.package_identification:_identify(src/om_aiv_msg) by extensions ['ignore', 'ignore_ament_install']
[0.290s] Level 1:colcon.colcon_core.package_identification:_identify(src/om_aiv_msg) by extension 'ignore'
[0.290s] Level 1:colcon.colcon_core.package_identification:_identify(src/om_aiv_msg) by extension 'ignore_ament_install'
[0.290s] Level 1:colcon.colcon_core.package_identification:_identify(src/om_aiv_msg) by extensions ['colcon_pkg']
[0.290s] Level 1:colcon.colcon_core.package_identification:_identify(src/om_aiv_msg) by extension 'colcon_pkg'
[0.290s] Level 1:colcon.colcon_core.package_identification:_identify(src/om_aiv_msg) by extensions ['colcon_meta']
[0.290s] Level 1:colcon.colcon_core.package_identification:_identify(src/om_aiv_msg) by extension 'colcon_meta'
[0.290s] Level 1:colcon.colcon_core.package_identification:_identify(src/om_aiv_msg) by extensions ['ros']
[0.290s] Level 1:colcon.colcon_core.package_identification:_identify(src/om_aiv_msg) by extension 'ros'
[0.291s] DEBUG:colcon.colcon_core.package_identification:Package 'src/om_aiv_msg' with type 'ros.ament_cmake' and name 'om_aiv_msg'
[0.291s] Level 1:colcon.colcon_core.package_identification:_identify(src/om_aiv_navigation) by extensions ['ignore', 'ignore_ament_install']
[0.291s] Level 1:colcon.colcon_core.package_identification:_identify(src/om_aiv_navigation) by extension 'ignore'
[0.291s] Level 1:colcon.colcon_core.package_identification:_identify(src/om_aiv_navigation) by extension 'ignore_ament_install'
[0.291s] Level 1:colcon.colcon_core.package_identification:_identify(src/om_aiv_navigation) by extensions ['colcon_pkg']
[0.291s] Level 1:colcon.colcon_core.package_identification:_identify(src/om_aiv_navigation) by extension 'colcon_pkg'
[0.291s] Level 1:colcon.colcon_core.package_identification:_identify(src/om_aiv_navigation) by extensions ['colcon_meta']
[0.291s] Level 1:colcon.colcon_core.package_identification:_identify(src/om_aiv_navigation) by extension 'colcon_meta'
[0.291s] Level 1:colcon.colcon_core.package_identification:_identify(src/om_aiv_navigation) by extensions ['ros']
[0.291s] Level 1:colcon.colcon_core.package_identification:_identify(src/om_aiv_navigation) by extension 'ros'
[0.292s] DEBUG:colcon.colcon_core.package_identification:Package 'src/om_aiv_navigation' with type 'ros.ament_python' and name 'om_aiv_navigation'
[0.292s] Level 1:colcon.colcon_core.package_identification:_identify(src/om_aiv_util) by extensions ['ignore', 'ignore_ament_install']
[0.292s] Level 1:colcon.colcon_core.package_identification:_identify(src/om_aiv_util) by extension 'ignore'
[0.292s] Level 1:colcon.colcon_core.package_identification:_identify(src/om_aiv_util) by extension 'ignore_ament_install'
[0.292s] Level 1:colcon.colcon_core.package_identification:_identify(src/om_aiv_util) by extensions ['colcon_pkg']
[0.292s] Level 1:colcon.colcon_core.package_identification:_identify(src/om_aiv_util) by extension 'colcon_pkg'
[0.292s] Level 1:colcon.colcon_core.package_identification:_identify(src/om_aiv_util) by extensions ['colcon_meta']
[0.292s] Level 1:colcon.colcon_core.package_identification:_identify(src/om_aiv_util) by extension 'colcon_meta'
[0.293s] Level 1:colcon.colcon_core.package_identification:_identify(src/om_aiv_util) by extensions ['ros']
[0.293s] Level 1:colcon.colcon_core.package_identification:_identify(src/om_aiv_util) by extension 'ros'
[0.294s] DEBUG:colcon.colcon_core.package_identification:Package 'src/om_aiv_util' with type 'ros.ament_python' and name 'om_aiv_util'
[0.294s] Level 1:colcon.colcon_core.package_identification:_identify(src/temp) by extensions ['ignore', 'ignore_ament_install']
[0.294s] Level 1:colcon.colcon_core.package_identification:_identify(src/temp) by extension 'ignore'
[0.294s] Level 1:colcon.colcon_core.package_identification:_identify(src/temp) by extension 'ignore_ament_install'
[0.294s] Level 1:colcon.colcon_core.package_identification:_identify(src/temp) by extensions ['colcon_pkg']
[0.294s] Level 1:colcon.colcon_core.package_identification:_identify(src/temp) by extension 'colcon_pkg'
[0.294s] Level 1:colcon.colcon_core.package_identification:_identify(src/temp) by extensions ['colcon_meta']
[0.294s] Level 1:colcon.colcon_core.package_identification:_identify(src/temp) by extension 'colcon_meta'
[0.295s] Level 1:colcon.colcon_core.package_identification:_identify(src/temp) by extensions ['ros']
[0.295s] Level 1:colcon.colcon_core.package_identification:_identify(src/temp) by extension 'ros'
[0.295s] Level 1:colcon.colcon_core.package_identification:_identify(src/temp) by extensions ['cmake', 'python']
[0.295s] Level 1:colcon.colcon_core.package_identification:_identify(src/temp) by extension 'cmake'
[0.295s] Level 1:colcon.colcon_core.package_identification:_identify(src/temp) by extension 'python'
[0.295s] Level 1:colcon.colcon_core.package_identification:_identify(src/temp) by extensions ['python_setup_py']
[0.295s] Level 1:colcon.colcon_core.package_identification:_identify(src/temp) by extension 'python_setup_py'
[0.295s] Level 1:colcon.colcon_core.package_discovery:discover_packages(recursive) using defaults
[0.295s] Level 1:colcon.colcon_core.package_discovery:discover_packages(ignore) discover
[0.295s] Level 1:colcon.colcon_core.package_discovery:discover_packages(ignore) using defaults
[0.295s] Level 1:colcon.colcon_core.package_discovery:discover_packages(path) discover
[0.295s] Level 1:colcon.colcon_core.package_discovery:discover_packages(path) using defaults
[0.313s] Level 5:colcon.colcon_core.verb:set package 'om_aiv_msg' build argument 'cmake_args' from command line to 'None'
[0.313s] Level 5:colcon.colcon_core.verb:set package 'om_aiv_msg' build argument 'cmake_target' from command line to 'None'
[0.313s] Level 5:colcon.colcon_core.verb:set package 'om_aiv_msg' build argument 'cmake_target_skip_unavailable' from command line to 'False'
[0.313s] Level 5:colcon.colcon_core.verb:set package 'om_aiv_msg' build argument 'cmake_clean_cache' from command line to 'False'
[0.313s] Level 5:colcon.colcon_core.verb:set package 'om_aiv_msg' build argument 'cmake_clean_first' from command line to 'False'
[0.313s] Level 5:colcon.colcon_core.verb:set package 'om_aiv_msg' build argument 'cmake_force_configure' from command line to 'False'
[0.313s] Level 5:colcon.colcon_core.verb:set package 'om_aiv_msg' build argument 'ament_cmake_args' from command line to 'None'
[0.313s] Level 5:colcon.colcon_core.verb:set package 'om_aiv_msg' build argument 'catkin_cmake_args' from command line to 'None'
[0.313s] Level 5:colcon.colcon_core.verb:set package 'om_aiv_msg' build argument 'catkin_skip_building_tests' from command line to 'False'
[0.313s] DEBUG:colcon.colcon_core.verb:Building package 'om_aiv_msg' with the following arguments: {'ament_cmake_args': None, 'build_base': '/home/omron/Omron_LD/build/om_aiv_msg', 'catkin_cmake_args': None, 'catkin_skip_building_tests': False, 'cmake_args': None, 'cmake_clean_cache': False, 'cmake_clean_first': False, 'cmake_force_configure': False, 'cmake_target': None, 'cmake_target_skip_unavailable': False, 'install_base': '/home/omron/Omron_LD/install/om_aiv_msg', 'merge_install': False, 'path': '/home/omron/Omron_LD/src/om_aiv_msg', 'symlink_install': False, 'test_result_base': None}
[0.316s] Level 5:colcon.colcon_core.verb:set package 'om_aiv_navigation' build argument 'cmake_args' from command line to 'None'
[0.316s] Level 5:colcon.colcon_core.verb:set package 'om_aiv_navigation' build argument 'cmake_target' from command line to 'None'
[0.316s] Level 5:colcon.colcon_core.verb:set package 'om_aiv_navigation' build argument 'cmake_target_skip_unavailable' from command line to 'False'
[0.316s] Level 5:colcon.colcon_core.verb:set package 'om_aiv_navigation' build argument 'cmake_clean_cache' from command line to 'False'
[0.316s] Level 5:colcon.colcon_core.verb:set package 'om_aiv_navigation' build argument 'cmake_clean_first' from command line to 'False'
[0.316s] Level 5:colcon.colcon_core.verb:set package 'om_aiv_navigation' build argument 'cmake_force_configure' from command line to 'False'
[0.316s] Level 5:colcon.colcon_core.verb:set package 'om_aiv_navigation' build argument 'ament_cmake_args' from command line to 'None'
[0.316s] Level 5:colcon.colcon_core.verb:set package 'om_aiv_navigation' build argument 'catkin_cmake_args' from command line to 'None'
[0.316s] Level 5:colcon.colcon_core.verb:set package 'om_aiv_navigation' build argument 'catkin_skip_building_tests' from command line to 'False'
[0.316s] DEBUG:colcon.colcon_core.verb:Building package 'om_aiv_navigation' with the following arguments: {'ament_cmake_args': None, 'build_base': '/home/omron/Omron_LD/build/om_aiv_navigation', 'catkin_cmake_args': None, 'catkin_skip_building_tests': False, 'cmake_args': None, 'cmake_clean_cache': False, 'cmake_clean_first': False, 'cmake_force_configure': False, 'cmake_target': None, 'cmake_target_skip_unavailable': False, 'install_base': '/home/omron/Omron_LD/install/om_aiv_navigation', 'merge_install': False, 'path': '/home/omron/Omron_LD/src/om_aiv_navigation', 'symlink_install': False, 'test_result_base': None}
[0.318s] Level 5:colcon.colcon_core.verb:set package 'ld_visualisation' build argument 'cmake_args' from command line to 'None'
[0.318s] Level 5:colcon.colcon_core.verb:set package 'ld_visualisation' build argument 'cmake_target' from command line to 'None'
[0.318s] Level 5:colcon.colcon_core.verb:set package 'ld_visualisation' build argument 'cmake_target_skip_unavailable' from command line to 'False'
[0.318s] Level 5:colcon.colcon_core.verb:set package 'ld_visualisation' build argument 'cmake_clean_cache' from command line to 'False'
[0.318s] Level 5:colcon.colcon_core.verb:set package 'ld_visualisation' build argument 'cmake_clean_first' from command line to 'False'
[0.318s] Level 5:colcon.colcon_core.verb:set package 'ld_visualisation' build argument 'cmake_force_configure' from command line to 'False'
[0.318s] Level 5:colcon.colcon_core.verb:set package 'ld_visualisation' build argument 'ament_cmake_args' from command line to 'None'
[0.318s] Level 5:colcon.colcon_core.verb:set package 'ld_visualisation' build argument 'catkin_cmake_args' from command line to 'None'
[0.318s] Level 5:colcon.colcon_core.verb:set package 'ld_visualisation' build argument 'catkin_skip_building_tests' from command line to 'False'
[0.319s] DEBUG:colcon.colcon_core.verb:Building package 'ld_visualisation' with the following arguments: {'ament_cmake_args': None, 'build_base': '/home/omron/Omron_LD/build/ld_visualisation', 'catkin_cmake_args': None, 'catkin_skip_building_tests': False, 'cmake_args': None, 'cmake_clean_cache': False, 'cmake_clean_first': False, 'cmake_force_configure': False, 'cmake_target': None, 'cmake_target_skip_unavailable': False, 'install_base': '/home/omron/Omron_LD/install/ld_visualisation', 'merge_install': False, 'path': '/home/omron/Omron_LD/src/ld_visualisation', 'symlink_install': False, 'test_result_base': None}
[0.321s] Level 5:colcon.colcon_core.verb:set package 'om_aiv_util' build argument 'cmake_args' from command line to 'None'
[0.321s] Level 5:colcon.colcon_core.verb:set package 'om_aiv_util' build argument 'cmake_target' from command line to 'None'
[0.321s] Level 5:colcon.colcon_core.verb:set package 'om_aiv_util' build argument 'cmake_target_skip_unavailable' from command line to 'False'
[0.321s] Level 5:colcon.colcon_core.verb:set package 'om_aiv_util' build argument 'cmake_clean_cache' from command line to 'False'
[0.321s] Level 5:colcon.colcon_core.verb:set package 'om_aiv_util' build argument 'cmake_clean_first' from command line to 'False'
[0.321s] Level 5:colcon.colcon_core.verb:set package 'om_aiv_util' build argument 'cmake_force_configure' from command line to 'False'
[0.321s] Level 5:colcon.colcon_core.verb:set package 'om_aiv_util' build argument 'ament_cmake_args' from command line to 'None'
[0.321s] Level 5:colcon.colcon_core.verb:set package 'om_aiv_util' build argument 'catkin_cmake_args' from command line to 'None'
[0.321s] Level 5:colcon.colcon_core.verb:set package 'om_aiv_util' build argument 'catkin_skip_building_tests' from command line to 'False'
[0.321s] DEBUG:colcon.colcon_core.verb:Building package 'om_aiv_util' with the following arguments: {'ament_cmake_args': None, 'build_base': '/home/omron/Omron_LD/build/om_aiv_util', 'catkin_cmake_args': None, 'catkin_skip_building_tests': False, 'cmake_args': None, 'cmake_clean_cache': False, 'cmake_clean_first': False, 'cmake_force_configure': False, 'cmake_target': None, 'cmake_target_skip_unavailable': False, 'install_base': '/home/omron/Omron_LD/install/om_aiv_util', 'merge_install': False, 'path': '/home/omron/Omron_LD/src/om_aiv_util', 'symlink_install': False, 'test_result_base': None}
[0.322s] INFO:colcon.colcon_core.executor:Executing jobs using 'parallel' executor
[0.324s] DEBUG:colcon.colcon_parallel_executor.executor.parallel:run_until_complete
[0.325s] INFO:colcon.colcon_ros.task.ament_cmake.build:Building ROS package in '/home/omron/Omron_LD/src/om_aiv_msg' with build type 'ament_cmake'
[0.325s] INFO:colcon.colcon_cmake.task.cmake.build:Building CMake package in '/home/omron/Omron_LD/src/om_aiv_msg'
[0.330s] INFO:colcon.colcon_core.plugin_system:Skipping extension 'colcon_core.shell.bat': Not used on non-Windows systems
[0.330s] INFO:colcon.colcon_core.shell:Skip shell extension 'powershell' for command environment: Not usable outside of PowerShell
[0.330s] DEBUG:colcon.colcon_core.shell:Skip shell extension 'dsv' for command environment
[0.333s] DEBUG:colcon.colcon_core.shell:Ignoring prefix path '/opt/ros/foxy'
[0.336s] INFO:colcon.colcon_ros.task.ament_python.build:Building ROS package in '/home/omron/Omron_LD/src/om_aiv_navigation' with build type 'ament_python'
[0.337s] Level 1:colcon.colcon_core.shell:create_environment_hook('om_aiv_navigation', 'ament_prefix_path')
[0.338s] INFO:colcon.colcon_core.shell:Creating environment hook '/home/omron/Omron_LD/install/om_aiv_navigation/share/om_aiv_navigation/hook/ament_prefix_path.ps1'
[0.340s] INFO:colcon.colcon_core.shell:Creating environment descriptor '/home/omron/Omron_LD/install/om_aiv_navigation/share/om_aiv_navigation/hook/ament_prefix_path.dsv'
[0.341s] INFO:colcon.colcon_core.shell:Creating environment hook '/home/omron/Omron_LD/install/om_aiv_navigation/share/om_aiv_navigation/hook/ament_prefix_path.sh'
[0.342s] INFO:colcon.colcon_core.shell:Skip shell extension 'powershell' for command environment: Not usable outside of PowerShell
[0.343s] DEBUG:colcon.colcon_core.shell:Skip shell extension 'dsv' for command environment
[0.345s] DEBUG:colcon.colcon_core.shell:Ignoring prefix path '/opt/ros/foxy'
[0.354s] DEBUG:colcon.colcon_core.event_handler.log_command:Invoking command in '/home/omron/Omron_LD/build/om_aiv_msg': CMAKE_PREFIX_PATH=${CMAKE_PREFIX_PATH}:/home/omron/Omron_LD/install/om_aiv_util:/home/omron/Omron_LD/install/om_aiv_navigation:/opt/ros/foxy /usr/bin/cmake --build /home/omron/Omron_LD/build/om_aiv_msg -- -j8 -l8
[0.614s] INFO:colcon.colcon_core.task.python.build:Building Python package in '/home/omron/Omron_LD/src/om_aiv_navigation'
[0.615s] INFO:colcon.colcon_core.shell:Skip shell extension 'powershell' for command environment: Not usable outside of PowerShell
[0.615s] DEBUG:colcon.colcon_core.shell:Skip shell extension 'dsv' for command environment
[0.617s] DEBUG:colcon.colcon_core.shell:Ignoring prefix path '/opt/ros/foxy'
[0.622s] DEBUG:colcon.colcon_core.event_handler.log_command:Invoked command in '/home/omron/Omron_LD/build/om_aiv_msg' returned '0': CMAKE_PREFIX_PATH=${CMAKE_PREFIX_PATH}:/home/omron/Omron_LD/install/om_aiv_util:/home/omron/Omron_LD/install/om_aiv_navigation:/opt/ros/foxy /usr/bin/cmake --build /home/omron/Omron_LD/build/om_aiv_msg -- -j8 -l8
[0.629s] DEBUG:colcon.colcon_core.event_handler.log_command:Invoking command in '/home/omron/Omron_LD/src/om_aiv_navigation': PYTHONPATH=/home/omron/Omron_LD/install/om_aiv_navigation/lib/python3.8/site-packages:${PYTHONPATH} /usr/bin/python3 setup.py egg_info --egg-base ../../build/om_aiv_navigation build --build-base /home/omron/Omron_LD/build/om_aiv_navigation/build install --prefix /home/omron/Omron_LD/install/om_aiv_navigation --record /home/omron/Omron_LD/build/om_aiv_navigation/install.log --single-version-externally-managed
[0.731s] DEBUG:colcon.colcon_core.event_handler.log_command:Invoking command in '/home/omron/Omron_LD/build/om_aiv_msg': CMAKE_PREFIX_PATH=${CMAKE_PREFIX_PATH}:/home/omron/Omron_LD/install/om_aiv_util:/home/omron/Omron_LD/install/om_aiv_navigation:/opt/ros/foxy /usr/bin/cmake --install /home/omron/Omron_LD/build/om_aiv_msg
[0.793s] Level 1:colcon.colcon_core.environment:create_environment_scripts_only(om_aiv_msg)
[0.800s] Level 1:colcon.colcon_core.environment:checking '/home/omron/Omron_LD/install/om_aiv_msg' for CMake module files
[0.801s] Level 1:colcon.colcon_core.environment:checking '/home/omron/Omron_LD/install/om_aiv_msg' for CMake config files
[0.802s] Level 1:colcon.colcon_core.shell:create_environment_hook('om_aiv_msg', 'cmake_prefix_path')
[0.802s] INFO:colcon.colcon_core.shell:Creating environment hook '/home/omron/Omron_LD/install/om_aiv_msg/share/om_aiv_msg/hook/cmake_prefix_path.ps1'
[0.803s] INFO:colcon.colcon_core.shell:Creating environment descriptor '/home/omron/Omron_LD/install/om_aiv_msg/share/om_aiv_msg/hook/cmake_prefix_path.dsv'
[0.803s] INFO:colcon.colcon_core.shell:Creating environment hook '/home/omron/Omron_LD/install/om_aiv_msg/share/om_aiv_msg/hook/cmake_prefix_path.sh'
[0.804s] Level 1:colcon.colcon_core.environment:checking '/home/omron/Omron_LD/install/om_aiv_msg/lib'
[0.805s] Level 1:colcon.colcon_core.shell:create_environment_hook('om_aiv_msg', 'ld_library_path_lib')
[0.805s] INFO:colcon.colcon_core.shell:Creating environment hook '/home/omron/Omron_LD/install/om_aiv_msg/share/om_aiv_msg/hook/ld_library_path_lib.ps1'
[0.806s] INFO:colcon.colcon_core.shell:Creating environment descriptor '/home/omron/Omron_LD/install/om_aiv_msg/share/om_aiv_msg/hook/ld_library_path_lib.dsv'
[0.806s] INFO:colcon.colcon_core.shell:Creating environment hook '/home/omron/Omron_LD/install/om_aiv_msg/share/om_aiv_msg/hook/ld_library_path_lib.sh'
[0.807s] Level 1:colcon.colcon_core.environment:checking '/home/omron/Omron_LD/install/om_aiv_msg/bin'
[0.807s] Level 1:colcon.colcon_core.environment:checking '/home/omron/Omron_LD/install/om_aiv_msg/lib/pkgconfig/om_aiv_msg.pc'
[0.807s] Level 1:colcon.colcon_core.environment:checking '/home/omron/Omron_LD/install/om_aiv_msg/lib/python3.8/site-packages'
[0.807s] Level 1:colcon.colcon_core.shell:create_environment_hook('om_aiv_msg', 'pythonpath')
[0.808s] INFO:colcon.colcon_core.shell:Creating environment hook '/home/omron/Omron_LD/install/om_aiv_msg/share/om_aiv_msg/hook/pythonpath.ps1'
[0.808s] INFO:colcon.colcon_core.shell:Creating environment descriptor '/home/omron/Omron_LD/install/om_aiv_msg/share/om_aiv_msg/hook/pythonpath.dsv'
[0.809s] INFO:colcon.colcon_core.shell:Creating environment hook '/home/omron/Omron_LD/install/om_aiv_msg/share/om_aiv_msg/hook/pythonpath.sh'
[0.810s] INFO:colcon.colcon_core.shell:Creating package script '/home/omron/Omron_LD/install/om_aiv_msg/share/om_aiv_msg/package.ps1'
[0.810s] DEBUG:colcon.colcon_core.event_handler.log_command:Invoked command in '/home/omron/Omron_LD/build/om_aiv_msg' returned '0': CMAKE_PREFIX_PATH=${CMAKE_PREFIX_PATH}:/home/omron/Omron_LD/install/om_aiv_util:/home/omron/Omron_LD/install/om_aiv_navigation:/opt/ros/foxy /usr/bin/cmake --install /home/omron/Omron_LD/build/om_aiv_msg
[0.812s] INFO:colcon.colcon_core.shell:Creating package descriptor '/home/omron/Omron_LD/install/om_aiv_msg/share/om_aiv_msg/package.dsv'
[0.812s] INFO:colcon.colcon_core.shell:Creating package script '/home/omron/Omron_LD/install/om_aiv_msg/share/om_aiv_msg/package.sh'
[0.814s] INFO:colcon.colcon_core.shell:Creating package script '/home/omron/Omron_LD/install/om_aiv_msg/share/om_aiv_msg/package.bash'
[0.815s] INFO:colcon.colcon_core.shell:Creating package script '/home/omron/Omron_LD/install/om_aiv_msg/share/om_aiv_msg/package.zsh'
[0.816s] Level 1:colcon.colcon_core.environment:create_file_with_runtime_dependencies(/home/omron/Omron_LD/install/om_aiv_msg/share/colcon-core/packages/om_aiv_msg)
[0.919s] Level 1:colcon.colcon_core.environment:create_environment_scripts_only(om_aiv_msg)
[0.920s] Level 1:colcon.colcon_core.environment:checking '/home/omron/Omron_LD/install/om_aiv_msg' for CMake module files
[0.922s] Level 1:colcon.colcon_core.environment:checking '/home/omron/Omron_LD/install/om_aiv_msg' for CMake config files
[0.922s] Level 1:colcon.colcon_core.shell:create_environment_hook('om_aiv_msg', 'cmake_prefix_path')
[0.923s] INFO:colcon.colcon_core.shell:Creating environment hook '/home/omron/Omron_LD/install/om_aiv_msg/share/om_aiv_msg/hook/cmake_prefix_path.ps1'
[0.923s] INFO:colcon.colcon_core.shell:Creating environment descriptor '/home/omron/Omron_LD/install/om_aiv_msg/share/om_aiv_msg/hook/cmake_prefix_path.dsv'
[0.923s] INFO:colcon.colcon_core.shell:Creating environment hook '/home/omron/Omron_LD/install/om_aiv_msg/share/om_aiv_msg/hook/cmake_prefix_path.sh'
[0.925s] Level 1:colcon.colcon_core.environment:checking '/home/omron/Omron_LD/install/om_aiv_msg/lib'
[0.925s] Level 1:colcon.colcon_core.shell:create_environment_hook('om_aiv_msg', 'ld_library_path_lib')
[0.926s] INFO:colcon.colcon_core.shell:Creating environment hook '/home/omron/Omron_LD/install/om_aiv_msg/share/om_aiv_msg/hook/ld_library_path_lib.ps1'
[0.926s] INFO:colcon.colcon_core.shell:Creating environment descriptor '/home/omron/Omron_LD/install/om_aiv_msg/share/om_aiv_msg/hook/ld_library_path_lib.dsv'
[0.927s] INFO:colcon.colcon_core.shell:Creating environment hook '/home/omron/Omron_LD/install/om_aiv_msg/share/om_aiv_msg/hook/ld_library_path_lib.sh'
[0.928s] Level 1:colcon.colcon_core.environment:checking '/home/omron/Omron_LD/install/om_aiv_msg/bin'
[0.928s] Level 1:colcon.colcon_core.environment:checking '/home/omron/Omron_LD/install/om_aiv_msg/lib/pkgconfig/om_aiv_msg.pc'
[0.928s] Level 1:colcon.colcon_core.environment:checking '/home/omron/Omron_LD/install/om_aiv_msg/lib/python3.8/site-packages'
[0.928s] Level 1:colcon.colcon_core.shell:create_environment_hook('om_aiv_msg', 'pythonpath')
[0.929s] INFO:colcon.colcon_core.shell:Creating environment hook '/home/omron/Omron_LD/install/om_aiv_msg/share/om_aiv_msg/hook/pythonpath.ps1'
[0.930s] INFO:colcon.colcon_core.shell:Creating environment descriptor '/home/omron/Omron_LD/install/om_aiv_msg/share/om_aiv_msg/hook/pythonpath.dsv'
[0.930s] INFO:colcon.colcon_core.shell:Creating environment hook '/home/omron/Omron_LD/install/om_aiv_msg/share/om_aiv_msg/hook/pythonpath.sh'
[0.932s] INFO:colcon.colcon_core.shell:Creating package script '/home/omron/Omron_LD/install/om_aiv_msg/share/om_aiv_msg/package.ps1'
[0.933s] INFO:colcon.colcon_core.shell:Creating package descriptor '/home/omron/Omron_LD/install/om_aiv_msg/share/om_aiv_msg/package.dsv'
[0.934s] INFO:colcon.colcon_core.shell:Creating package script '/home/omron/Omron_LD/install/om_aiv_msg/share/om_aiv_msg/package.sh'
[0.934s] INFO:colcon.colcon_core.shell:Creating package script '/home/omron/Omron_LD/install/om_aiv_msg/share/om_aiv_msg/package.bash'
[0.935s] INFO:colcon.colcon_core.shell:Creating package script '/home/omron/Omron_LD/install/om_aiv_msg/share/om_aiv_msg/package.zsh'
[0.935s] Level 1:colcon.colcon_core.environment:create_file_with_runtime_dependencies(/home/omron/Omron_LD/install/om_aiv_msg/share/colcon-core/packages/om_aiv_msg)
[0.936s] INFO:colcon.colcon_ros.task.ament_cmake.build:Building ROS package in '/home/omron/Omron_LD/src/ld_visualisation' with build type 'ament_cmake'
[0.936s] INFO:colcon.colcon_cmake.task.cmake.build:Building CMake package in '/home/omron/Omron_LD/src/ld_visualisation'
[0.937s] INFO:colcon.colcon_core.shell:Skip shell extension 'powershell' for command environment: Not usable outside of PowerShell
[0.937s] DEBUG:colcon.colcon_core.shell:Skip shell extension 'dsv' for command environment
[0.940s] DEBUG:colcon.colcon_core.shell:Ignoring prefix path '/opt/ros/foxy'
[0.943s] INFO:colcon.colcon_ros.task.ament_python.build:Building ROS package in '/home/omron/Omron_LD/src/om_aiv_util' with build type 'ament_python'
[0.944s] Level 1:colcon.colcon_core.shell:create_environment_hook('om_aiv_util', 'ament_prefix_path')
[0.945s] INFO:colcon.colcon_core.shell:Creating environment hook '/home/omron/Omron_LD/install/om_aiv_util/share/om_aiv_util/hook/ament_prefix_path.ps1'
[0.946s] INFO:colcon.colcon_core.shell:Creating environment descriptor '/home/omron/Omron_LD/install/om_aiv_util/share/om_aiv_util/hook/ament_prefix_path.dsv'
[0.946s] INFO:colcon.colcon_core.shell:Creating environment hook '/home/omron/Omron_LD/install/om_aiv_util/share/om_aiv_util/hook/ament_prefix_path.sh'
[0.947s] INFO:colcon.colcon_core.shell:Skip shell extension 'powershell' for command environment: Not usable outside of PowerShell
[0.948s] DEBUG:colcon.colcon_core.shell:Skip shell extension 'dsv' for command environment
[0.950s] DEBUG:colcon.colcon_core.shell:Ignoring prefix path '/opt/ros/foxy'
[0.960s] DEBUG:colcon.colcon_core.event_handler.log_command:Invoking command in '/home/omron/Omron_LD/build/ld_visualisation': CMAKE_PREFIX_PATH=/home/omron/Omron_LD/install/om_aiv_msg:/home/omron/Omron_LD/install/ld_visualisation:/home/omron/Omron_LD/install/om_aiv_util:/home/omron/Omron_LD/install/om_aiv_navigation:/opt/ros/foxy PYTHONPATH=/home/omron/Omron_LD/install/om_aiv_msg/lib/python3.8/site-packages:/home/omron/Omron_LD/install/om_aiv_util/lib/python3.8/site-packages:/home/omron/Omron_LD/install/om_aiv_navigation/lib/python3.8/site-packages:/opt/ros/foxy/lib/python3.8/site-packages /usr/bin/cmake --build /home/omron/Omron_LD/build/ld_visualisation -- -j8 -l8
[1.184s] INFO:colcon.colcon_core.task.python.build:Building Python package in '/home/omron/Omron_LD/src/om_aiv_util'
[1.185s] INFO:colcon.colcon_core.shell:Skip shell extension 'powershell' for command environment: Not usable outside of PowerShell
[1.185s] DEBUG:colcon.colcon_core.shell:Skip shell extension 'dsv' for command environment
[1.188s] DEBUG:colcon.colcon_core.shell:Ignoring prefix path '/opt/ros/foxy'
[1.194s] Level 1:colcon.colcon_core.environment:checking '/home/omron/Omron_LD/install/om_aiv_navigation' for CMake module files
[1.195s] DEBUG:colcon.colcon_core.event_handler.log_command:Invoked command in '/home/omron/Omron_LD/src/om_aiv_navigation' returned '0': PYTHONPATH=/home/omron/Omron_LD/install/om_aiv_navigation/lib/python3.8/site-packages:${PYTHONPATH} /usr/bin/python3 setup.py egg_info --egg-base ../../build/om_aiv_navigation build --build-base /home/omron/Omron_LD/build/om_aiv_navigation/build install --prefix /home/omron/Omron_LD/install/om_aiv_navigation --record /home/omron/Omron_LD/build/om_aiv_navigation/install.log --single-version-externally-managed
[1.195s] Level 1:colcon.colcon_core.environment:checking '/home/omron/Omron_LD/install/om_aiv_navigation' for CMake config files
[1.196s] Level 1:colcon.colcon_core.environment:checking '/home/omron/Omron_LD/install/om_aiv_navigation/lib'
[1.196s] Level 1:colcon.colcon_core.environment:checking '/home/omron/Omron_LD/install/om_aiv_navigation/bin'
[1.196s] Level 1:colcon.colcon_core.environment:checking '/home/omron/Omron_LD/install/om_aiv_navigation/lib/pkgconfig/om_aiv_navigation.pc'
[1.196s] Level 1:colcon.colcon_core.environment:checking '/home/omron/Omron_LD/install/om_aiv_navigation/lib/python3.8/site-packages'
[1.196s] Level 1:colcon.colcon_core.shell:create_environment_hook('om_aiv_navigation', 'pythonpath')
[1.197s] INFO:colcon.colcon_core.shell:Creating environment hook '/home/omron/Omron_LD/install/om_aiv_navigation/share/om_aiv_navigation/hook/pythonpath.ps1'
[1.198s] INFO:colcon.colcon_core.shell:Creating environment descriptor '/home/omron/Omron_LD/install/om_aiv_navigation/share/om_aiv_navigation/hook/pythonpath.dsv'
[1.198s] INFO:colcon.colcon_core.shell:Creating environment hook '/home/omron/Omron_LD/install/om_aiv_navigation/share/om_aiv_navigation/hook/pythonpath.sh'
[1.198s] Level 1:colcon.colcon_core.environment:create_environment_scripts_only(om_aiv_navigation)
[1.199s] INFO:colcon.colcon_core.shell:Creating package script '/home/omron/Omron_LD/install/om_aiv_navigation/share/om_aiv_navigation/package.ps1'
[1.200s] INFO:colcon.colcon_core.shell:Creating package descriptor '/home/omron/Omron_LD/install/om_aiv_navigation/share/om_aiv_navigation/package.dsv'
[1.200s] INFO:colcon.colcon_core.shell:Creating package script '/home/omron/Omron_LD/install/om_aiv_navigation/share/om_aiv_navigation/package.sh'
[1.201s] INFO:colcon.colcon_core.shell:Creating package script '/home/omron/Omron_LD/install/om_aiv_navigation/share/om_aiv_navigation/package.bash'
[1.201s] INFO:colcon.colcon_core.shell:Creating package script '/home/omron/Omron_LD/install/om_aiv_navigation/share/om_aiv_navigation/package.zsh'
[1.201s] Level 1:colcon.colcon_core.environment:create_file_with_runtime_dependencies(/home/omron/Omron_LD/install/om_aiv_navigation/share/colcon-core/packages/om_aiv_navigation)
[1.208s] DEBUG:colcon.colcon_core.event_handler.log_command:Invoked command in '/home/omron/Omron_LD/build/ld_visualisation' returned '0': CMAKE_PREFIX_PATH=/home/omron/Omron_LD/install/om_aiv_msg:/home/omron/Omron_LD/install/ld_visualisation:/home/omron/Omron_LD/install/om_aiv_util:/home/omron/Omron_LD/install/om_aiv_navigation:/opt/ros/foxy PYTHONPATH=/home/omron/Omron_LD/install/om_aiv_msg/lib/python3.8/site-packages:/home/omron/Omron_LD/install/om_aiv_util/lib/python3.8/site-packages:/home/omron/Omron_LD/install/om_aiv_navigation/lib/python3.8/site-packages:/opt/ros/foxy/lib/python3.8/site-packages /usr/bin/cmake --build /home/omron/Omron_LD/build/ld_visualisation -- -j8 -l8
[1.213s] DEBUG:colcon.colcon_core.event_handler.log_command:Invoking command in '/home/omron/Omron_LD/src/om_aiv_util': CMAKE_PREFIX_PATH=/home/omron/Omron_LD/install/om_aiv_msg:/home/omron/Omron_LD/install/ld_visualisation PYTHONPATH=/home/omron/Omron_LD/install/om_aiv_util/lib/python3.8/site-packages:/home/omron/Omron_LD/install/om_aiv_msg/lib/python3.8/site-packages:/home/omron/Omron_LD/install/om_aiv_util/lib/python3.8/site-packages:/home/omron/Omron_LD/install/om_aiv_navigation/lib/python3.8/site-packages:/opt/ros/foxy/lib/python3.8/site-packages /usr/bin/python3 setup.py egg_info --egg-base ../../build/om_aiv_util build --build-base /home/omron/Omron_LD/build/om_aiv_util/build install --prefix /home/omron/Omron_LD/install/om_aiv_util --record /home/omron/Omron_LD/build/om_aiv_util/install.log --single-version-externally-managed
[1.236s] DEBUG:colcon.colcon_core.event_handler.log_command:Invoking command in '/home/omron/Omron_LD/build/ld_visualisation': CMAKE_PREFIX_PATH=/home/omron/Omron_LD/install/om_aiv_msg:/home/omron/Omron_LD/install/ld_visualisation:/home/omron/Omron_LD/install/om_aiv_util:/home/omron/Omron_LD/install/om_aiv_navigation:/opt/ros/foxy PYTHONPATH=/home/omron/Omron_LD/install/om_aiv_msg/lib/python3.8/site-packages:/home/omron/Omron_LD/install/om_aiv_util/lib/python3.8/site-packages:/home/omron/Omron_LD/install/om_aiv_navigation/lib/python3.8/site-packages:/opt/ros/foxy/lib/python3.8/site-packages /usr/bin/cmake --install /home/omron/Omron_LD/build/ld_visualisation
[1.256s] Level 1:colcon.colcon_core.environment:create_environment_scripts_only(ld_visualisation)
[1.257s] Level 1:colcon.colcon_core.environment:checking '/home/omron/Omron_LD/install/ld_visualisation' for CMake module files
[1.258s] DEBUG:colcon.colcon_core.event_handler.log_command:Invoked command in '/home/omron/Omron_LD/build/ld_visualisation' returned '0': CMAKE_PREFIX_PATH=/home/omron/Omron_LD/install/om_aiv_msg:/home/omron/Omron_LD/install/ld_visualisation:/home/omron/Omron_LD/install/om_aiv_util:/home/omron/Omron_LD/install/om_aiv_navigation:/opt/ros/foxy PYTHONPATH=/home/omron/Omron_LD/install/om_aiv_msg/lib/python3.8/site-packages:/home/omron/Omron_LD/install/om_aiv_util/lib/python3.8/site-packages:/home/omron/Omron_LD/install/om_aiv_navigation/lib/python3.8/site-packages:/opt/ros/foxy/lib/python3.8/site-packages /usr/bin/cmake --install /home/omron/Omron_LD/build/ld_visualisation
[1.259s] Level 1:colcon.colcon_core.environment:checking '/home/omron/Omron_LD/install/ld_visualisation' for CMake config files
[1.259s] Level 1:colcon.colcon_core.shell:create_environment_hook('ld_visualisation', 'cmake_prefix_path')
[1.260s] INFO:colcon.colcon_core.shell:Creating environment hook '/home/omron/Omron_LD/install/ld_visualisation/share/ld_visualisation/hook/cmake_prefix_path.ps1'
[1.260s] INFO:colcon.colcon_core.shell:Creating environment descriptor '/home/omron/Omron_LD/install/ld_visualisation/share/ld_visualisation/hook/cmake_prefix_path.dsv'
[1.260s] INFO:colcon.colcon_core.shell:Creating environment hook '/home/omron/Omron_LD/install/ld_visualisation/share/ld_visualisation/hook/cmake_prefix_path.sh'
[1.261s] Level 1:colcon.colcon_core.environment:checking '/home/omron/Omron_LD/install/ld_visualisation/lib'
[1.261s] Level 1:colcon.colcon_core.environment:checking '/home/omron/Omron_LD/install/ld_visualisation/bin'
[1.261s] Level 1:colcon.colcon_core.environment:checking '/home/omron/Omron_LD/install/ld_visualisation/lib/pkgconfig/ld_visualisation.pc'
[1.261s] Level 1:colcon.colcon_core.environment:checking '/home/omron/Omron_LD/install/ld_visualisation/lib/python3.8/site-packages'
[1.262s] INFO:colcon.colcon_core.shell:Creating package script '/home/omron/Omron_LD/install/ld_visualisation/share/ld_visualisation/package.ps1'
[1.263s] INFO:colcon.colcon_core.shell:Creating package descriptor '/home/omron/Omron_LD/install/ld_visualisation/share/ld_visualisation/package.dsv'
[1.263s] INFO:colcon.colcon_core.shell:Creating package script '/home/omron/Omron_LD/install/ld_visualisation/share/ld_visualisation/package.sh'
[1.264s] INFO:colcon.colcon_core.shell:Creating package script '/home/omron/Omron_LD/install/ld_visualisation/share/ld_visualisation/package.bash'
[1.264s] INFO:colcon.colcon_core.shell:Creating package script '/home/omron/Omron_LD/install/ld_visualisation/share/ld_visualisation/package.zsh'
[1.264s] Level 1:colcon.colcon_core.environment:create_file_with_runtime_dependencies(/home/omron/Omron_LD/install/ld_visualisation/share/colcon-core/packages/ld_visualisation)
[1.294s] Level 1:colcon.colcon_core.environment:create_environment_scripts_only(ld_visualisation)
[1.295s] Level 1:colcon.colcon_core.environment:checking '/home/omron/Omron_LD/install/ld_visualisation' for CMake module files
[1.295s] Level 1:colcon.colcon_core.environment:checking '/home/omron/Omron_LD/install/ld_visualisation' for CMake config files
[1.296s] Level 1:colcon.colcon_core.shell:create_environment_hook('ld_visualisation', 'cmake_prefix_path')
[1.296s] INFO:colcon.colcon_core.shell:Creating environment hook '/home/omron/Omron_LD/install/ld_visualisation/share/ld_visualisation/hook/cmake_prefix_path.ps1'
[1.297s] INFO:colcon.colcon_core.shell:Creating environment descriptor '/home/omron/Omron_LD/install/ld_visualisation/share/ld_visualisation/hook/cmake_prefix_path.dsv'
[1.297s] INFO:colcon.colcon_core.shell:Creating environment hook '/home/omron/Omron_LD/install/ld_visualisation/share/ld_visualisation/hook/cmake_prefix_path.sh'
[1.298s] Level 1:colcon.colcon_core.environment:checking '/home/omron/Omron_LD/install/ld_visualisation/lib'
[1.298s] Level 1:colcon.colcon_core.environment:checking '/home/omron/Omron_LD/install/ld_visualisation/bin'
[1.298s] Level 1:colcon.colcon_core.environment:checking '/home/omron/Omron_LD/install/ld_visualisation/lib/pkgconfig/ld_visualisation.pc'
[1.298s] Level 1:colcon.colcon_core.environment:checking '/home/omron/Omron_LD/install/ld_visualisation/lib/python3.8/site-packages'
[1.299s] INFO:colcon.colcon_core.shell:Creating package script '/home/omron/Omron_LD/install/ld_visualisation/share/ld_visualisation/package.ps1'
[1.299s] INFO:colcon.colcon_core.shell:Creating package descriptor '/home/omron/Omron_LD/install/ld_visualisation/share/ld_visualisation/package.dsv'
[1.300s] INFO:colcon.colcon_core.shell:Creating package script '/home/omron/Omron_LD/install/ld_visualisation/share/ld_visualisation/package.sh'
[1.300s] INFO:colcon.colcon_core.shell:Creating package script '/home/omron/Omron_LD/install/ld_visualisation/share/ld_visualisation/package.bash'
[1.301s] INFO:colcon.colcon_core.shell:Creating package script '/home/omron/Omron_LD/install/ld_visualisation/share/ld_visualisation/package.zsh'
[1.301s] Level 1:colcon.colcon_core.environment:create_file_with_runtime_dependencies(/home/omron/Omron_LD/install/ld_visualisation/share/colcon-core/packages/ld_visualisation)
[1.520s] Level 1:colcon.colcon_core.environment:checking '/home/omron/Omron_LD/install/om_aiv_util' for CMake module files
[1.521s] DEBUG:colcon.colcon_core.event_handler.log_command:Invoked command in '/home/omron/Omron_LD/src/om_aiv_util' returned '0': CMAKE_PREFIX_PATH=/home/omron/Omron_LD/install/om_aiv_msg:/home/omron/Omron_LD/install/ld_visualisation PYTHONPATH=/home/omron/Omron_LD/install/om_aiv_util/lib/python3.8/site-packages:/home/omron/Omron_LD/install/om_aiv_msg/lib/python3.8/site-packages:/home/omron/Omron_LD/install/om_aiv_util/lib/python3.8/site-packages:/home/omron/Omron_LD/install/om_aiv_navigation/lib/python3.8/site-packages:/opt/ros/foxy/lib/python3.8/site-packages /usr/bin/python3 setup.py egg_info --egg-base ../../build/om_aiv_util build --build-base /home/omron/Omron_LD/build/om_aiv_util/build install --prefix /home/omron/Omron_LD/install/om_aiv_util --record /home/omron/Omron_LD/build/om_aiv_util/install.log --single-version-externally-managed
[1.521s] Level 1:colcon.colcon_core.environment:checking '/home/omron/Omron_LD/install/om_aiv_util' for CMake config files
[1.522s] Level 1:colcon.colcon_core.environment:checking '/home/omron/Omron_LD/install/om_aiv_util/lib'
[1.522s] Level 1:colcon.colcon_core.environment:checking '/home/omron/Omron_LD/install/om_aiv_util/bin'
[1.522s] Level 1:colcon.colcon_core.environment:checking '/home/omron/Omron_LD/install/om_aiv_util/lib/pkgconfig/om_aiv_util.pc'
[1.522s] Level 1:colcon.colcon_core.environment:checking '/home/omron/Omron_LD/install/om_aiv_util/lib/python3.8/site-packages'
[1.522s] Level 1:colcon.colcon_core.shell:create_environment_hook('om_aiv_util', 'pythonpath')
[1.522s] INFO:colcon.colcon_core.shell:Creating environment hook '/home/omron/Omron_LD/install/om_aiv_util/share/om_aiv_util/hook/pythonpath.ps1'
[1.523s] INFO:colcon.colcon_core.shell:Creating environment descriptor '/home/omron/Omron_LD/install/om_aiv_util/share/om_aiv_util/hook/pythonpath.dsv'
[1.523s] INFO:colcon.colcon_core.shell:Creating environment hook '/home/omron/Omron_LD/install/om_aiv_util/share/om_aiv_util/hook/pythonpath.sh'
[1.524s] Level 1:colcon.colcon_core.environment:create_environment_scripts_only(om_aiv_util)
[1.524s] INFO:colcon.colcon_core.shell:Creating package script '/home/omron/Omron_LD/install/om_aiv_util/share/om_aiv_util/package.ps1'
[1.525s] INFO:colcon.colcon_core.shell:Creating package descriptor '/home/omron/Omron_LD/install/om_aiv_util/share/om_aiv_util/package.dsv'
[1.526s] INFO:colcon.colcon_core.shell:Creating package script '/home/omron/Omron_LD/install/om_aiv_util/share/om_aiv_util/package.sh'
[1.526s] INFO:colcon.colcon_core.shell:Creating package script '/home/omron/Omron_LD/install/om_aiv_util/share/om_aiv_util/package.bash'
[1.527s] INFO:colcon.colcon_core.shell:Creating package script '/home/omron/Omron_LD/install/om_aiv_util/share/om_aiv_util/package.zsh'
[1.527s] Level 1:colcon.colcon_core.environment:create_file_with_runtime_dependencies(/home/omron/Omron_LD/install/om_aiv_util/share/colcon-core/packages/om_aiv_util)
[1.527s] DEBUG:colcon.colcon_parallel_executor.executor.parallel:closing loop
[1.528s] DEBUG:colcon.colcon_parallel_executor.executor.parallel:loop closed
[1.528s] DEBUG:colcon.colcon_parallel_executor.executor.parallel:run_until_complete finished with '0'
[1.528s] DEBUG:colcon.colcon_core.event_reactor:joining thread
[1.536s] INFO:colcon.colcon_core.plugin_system:Skipping extension 'colcon_notification.desktop_notification.terminal_notifier': Not used on non-Darwin systems
[1.537s] INFO:colcon.colcon_core.plugin_system:Skipping extension 'colcon_notification.desktop_notification.win32': Not used on non-Windows systems
[1.537s] INFO:colcon.colcon_notification.desktop_notification:Sending desktop notification using 'notify2'
[1.550s] DEBUG:colcon.colcon_core.event_reactor:joined thread
[1.551s] INFO:colcon.colcon_core.shell:Creating prefix script '/home/omron/Omron_LD/install/local_setup.ps1'
[1.552s] INFO:colcon.colcon_core.shell:Creating prefix util module '/home/omron/Omron_LD/install/_local_setup_util_ps1.py'
[1.555s] INFO:colcon.colcon_core.shell:Creating prefix chain script '/home/omron/Omron_LD/install/setup.ps1'
[1.558s] INFO:colcon.colcon_core.shell:Creating prefix script '/home/omron/Omron_LD/install/local_setup.sh'
[1.559s] INFO:colcon.colcon_core.shell:Creating prefix util module '/home/omron/Omron_LD/install/_local_setup_util_sh.py'
[1.559s] INFO:colcon.colcon_core.shell:Creating prefix chain script '/home/omron/Omron_LD/install/setup.sh'
[1.562s] INFO:colcon.colcon_core.shell:Creating prefix script '/home/omron/Omron_LD/install/local_setup.bash'
[1.562s] INFO:colcon.colcon_core.shell:Creating prefix chain script '/home/omron/Omron_LD/install/setup.bash'
[1.565s] INFO:colcon.colcon_core.shell:Creating prefix script '/home/omron/Omron_LD/install/local_setup.zsh'
[1.566s] INFO:colcon.colcon_core.shell:Creating prefix chain script '/home/omron/Omron_LD/install/setup.zsh'
